################################################################################################################################################
Detected SHAFT Engine Version: [SHAFT Engine v5.1]
################################################################################################################################################
[ReportManager] Successfully loaded the following test data file [src/test/resources/TestDataFiles/testSuite01/TestData.xlsx]. @16-02-2021 01:40:29.0422 AM
[ReportManager] Successfully created attachment [Test Data - Excel] @16-02-2021 01:40:29.0424 AM
[ReportManager] File Action [getAbsolutePath] successfully performed. With the following test data [Relative Folder Path: "target/downloadedFiles/"]. @16-02-2021 01:40:29.0429 AM
[ReportManager] Attempting to run remotely on: [Linux-64], [GoogleChrome], [http://localhost:4444/wd/hub], Headless Execution. @16-02-2021 01:40:29.0455 AM
[ReportManager] Successfully Opened [GoogleChrome]. @16-02-2021 01:40:30.0905 A

################################################################################################################################################
Starting Execution:	[1 out of 134] test cases in the current suite
Test Method:		[testPackage01.Test_google.navigateToURLandVerifyGoogleLogoIsDisplayed]
Test Description:	[TC001 - Navigate to URL and Verify Google Logo is Displayed]
################################################################################################################################################
[ReportManager] Target URL: [https://www.google.com/ncr], and after redirection: [https://www.google.com] @16-02-2021 01:40:31.0077 AM
[ReportManager] Initial URL: [data:,] @16-02-2021 01:40:31.0165 AM
[ReportManager] Browser Action [navigateToURL] successfully performed. With the following test data [https://www.google.com/ncr]. @16-02-2021 01:40:32.0440 AM
[ReportManager] Loaded Shared OpenCV @16-02-2021 01:40:33.0152 AM
[ReportManager] AssertElementExists PASSED; Expected [Element Should Exist, locator 'By.xpath: //img[@id='hplogo' or @alt='Google']'] and Actual [Element Exists]. Comparison Type [EQUALS]. Validation Type [POSITIVE]. @16-02-2021 01:40:33.0438 AM
[ReportManager] Successfully created attachment [Screenshot - 1613439632691_navigateToURLandVerifyGoogleLogoIsDisplayed_AssertElementExists_passed] @16-02-2021 01:40:33.0453 A

################################################################################################################################################
Starting Execution:	[2 out of 134] test cases in the current suite
Test Method:		[testPackage01.Test_google.searchForQueryandAssertResultsNumDisplayed]
Test Description:	[TC002 - Search for Query and Assert that the number of results is displayed]
################################################################################################################################################
[ReportManager] Element Action [type] successfully performed. With the following test data [SHAFT_Engine]. @16-02-2021 01:40:34.0317 AM
[ReportManager] Element Action [keyPress] successfully performed. With the following test data [Enter]. @16-02-2021 01:40:35.0620 AM
[ReportManager] Element Action [getText] successfully performed. With the following test data [About 735,000 results (0.68 seconds) ]. @16-02-2021 01:40:35.0749 AM
[ReportManager] Loaded Shared OpenCV @16-02-2021 01:40:35.0930 AM
[ReportManager] AssertElementAttribute PASSED; Expected [Value Should not be '' for the 'Text' attribute, element locator 'By.id: appbar'] and Actual [About 735,000 results (0.68 seconds) ]. Comparison Type [EQUALS]. Validation Type [NEGATIVE]. @16-02-2021 01:40:36.0075 AM
[ReportManager] Successfully created attachment [Screenshot - 1613439635930_searchForQueryandAssertResultsNumDisplayed_AssertElementAttribute_passed] @16-02-2021 01:40:36.0082 A

################################################################################################################################################
Starting Execution:	[3 out of 134] test cases in the current suite
Test Method:		[testPackage01.Test_google.clickNextThrice]
Test Description:	[TC003 - Clicks the next button to make sure that the framework can scroll element into view before clicking it]
################################################################################################################################################
[ReportManager] Element Action [click] successfully performed. With the following test data [Next]. @16-02-2021 01:40:37.0626 A
[ReportManager] Successfully created attachment [Selenium WebDriver Logs - server] @16-02-2021 01:40:37.0877 AM
[ReportManager] Successfully created attachment [Selenium WebDriver Logs - performance] @16-02-2021 01:40:38.0216 AM
[ReportManager] Successfully created attachment [Selenium WebDriver Logs - driver] @16-02-2021 01:40:38.0654 AM
[ReportManager] Browser Action [closeCurrentWindow] successfully performed. @16-02-2021 01:40:38.0742 AM
[ReportManager] Successfully created attachment [Browser Action Test Data - closeCurrentWindow - Actual Value] @16-02-2021 01:40:38.0758 A
[ReportManager] File Action [getAbsolutePath] successfully performed. With the following test data [Relative Folder Path: "target/downloadedFiles/"]. @16-02-2021 01:40:38.0767 AM
[ReportManager] Attempting to run remotely on: [Linux-64], [GoogleChrome], [http://localhost:4444/wd/hub], Headless Execution. @16-02-2021 01:40:38.0768 AM
[ReportManager] Successfully Opened [GoogleChrome]. @16-02-2021 01:40:39.0474 A

################################################################################################################################################
Starting Execution:	[4 out of 134] test cases in the current suite
Test Method:		[testPackage01.Test_verifyEquals.test_assertElementAttribute]
################################################################################################################################################
[ReportManager] Target URL: [https://www.google.com/ncr], and after redirection: [https://www.google.com] @16-02-2021 01:40:39.0511 AM
[ReportManager] Initial URL: [data:,] @16-02-2021 01:40:39.0594 AM
[ReportManager] Browser Action [navigateToURL] successfully performed. With the following test data [https://www.google.com/ncr]. @16-02-2021 01:40:40.0470 AM
[ReportManager] Element Action [type] successfully performed. With the following test data [INC_004010050:Another SCHEDULER with the same name [Duplicate Job Name] already exists.]. @16-02-2021 01:40:42.0737 AM
[ReportManager] Element Action [getText] successfully performed. With the following test data [INC_004010050:Another SCHEDULER with the same name [Duplicate Job Name] already exists.]. @16-02-2021 01:40:42.0903 AM
[ReportManager] Loaded Shared OpenCV @16-02-2021 01:40:43.0049 AM
[ReportManager] VerifyElementAttribute PASSED; Expected [Value Should be 'INC_004010050:Another SCHEDULER with the same name \[Duplicate Job Name\] already exists.' for the 'text' attribute, element locator 'By.name: q'] and Actual [INC_004010050:Another SCHEDULER with the same name [Duplicate Job Name] already exists.]. Comparison Type [MATCHES]. Validation Type [POSITIVE]. @16-02-2021 01:40:43.0136 AM
[ReportManager] Successfully created attachment [Screenshot - 1613439643049_test_assertElementAttribute_VerifyElementAttribute_passed] @16-02-2021 01:40:43.0139 A
[ReportManager] Successfully created attachment [Selenium WebDriver Logs - server] @16-02-2021 01:40:43.0260 AM
[ReportManager] Successfully created attachment [Selenium WebDriver Logs - performance] @16-02-2021 01:40:43.0639 AM
[ReportManager] Successfully created attachment [Selenium WebDriver Logs - driver] @16-02-2021 01:40:43.0975 AM
[ReportManager] Browser Action [closeCurrentWindow] successfully performed. @16-02-2021 01:40:44.0037 AM
[ReportManager] Successfully created attachment [Browser Action Test Data - closeCurrentWindow - Actual Value] @16-02-2021 01:40:44.0039 A
[ReportManager] File Action [getAbsolutePath] successfully performed. With the following test data [Relative Folder Path: "target/downloadedFiles/"]. @16-02-2021 01:40:44.0040 AM
[ReportManager] Attempting to run remotely on: [Linux-64], [GoogleChrome], [http://localhost:4444/wd/hub], Headless Execution. @16-02-2021 01:40:44.0041 AM
[ReportManager] Successfully Opened [GoogleChrome]. @16-02-2021 01:40:44.0642 A

################################################################################################################################################
Starting Execution:	[5 out of 134] test cases in the current suite
Test Method:		[testPackage01.Test_assertEquals.test_assertElementAttribute]
################################################################################################################################################
[ReportManager] Target URL: [https://www.google.com/ncr], and after redirection: [https://www.google.com] @16-02-2021 01:40:44.0698 AM
[ReportManager] Initial URL: [data:,] @16-02-2021 01:40:44.0757 AM
[ReportManager] Browser Action [navigateToURL] successfully performed. With the following test data [https://www.google.com/ncr]. @16-02-2021 01:40:45.0597 AM
[ReportManager] Element Action [type] successfully performed. With the following test data [INC_004010050:Another SCHEDULER with the same name [Duplicate Job Name] already exists.]. @16-02-2021 01:40:47.0844 AM
[ReportManager] Element Action [getText] successfully performed. With the following test data [INC_004010050:Another SCHEDULER with the same name [Duplicate Job Name] already exists.]. @16-02-2021 01:40:47.0994 AM
[ReportManager] Loaded Shared OpenCV @16-02-2021 01:40:48.0162 AM
[ReportManager] AssertElementAttribute PASSED; Expected [Value Should be 'INC_004010050:Another SCHEDULER with the same name \[Duplicate Job Name\] already exists.' for the 'text' attribute, element locator 'By.name: q'] and Actual [INC_004010050:Another SCHEDULER with the same name [Duplicate Job Name] already exists.]. Comparison Type [MATCHES]. Validation Type [POSITIVE]. @16-02-2021 01:40:48.0249 AM
[ReportManager] Successfully created attachment [Screenshot - 1613439648162_test_assertElementAttribute_AssertElementAttribute_passed] @16-02-2021 01:40:48.0250 A
[ReportManager] Successfully created attachment [Selenium WebDriver Logs - server] @16-02-2021 01:40:48.0354 AM
[ReportManager] Successfully created attachment [Selenium WebDriver Logs - performance] @16-02-2021 01:40:48.0700 AM
[ReportManager] Successfully created attachment [Selenium WebDriver Logs - driver] @16-02-2021 01:40:49.0018 AM
[ReportManager] Browser Action [closeCurrentWindow] successfully performed. @16-02-2021 01:40:49.0076 AM
[ReportManager] Successfully created attachment [Browser Action Test Data - closeCurrentWindow - Actual Value] @16-02-2021 01:40:49.0078 A

################################################################################################################################################
Starting Execution:	[6 out of 134] test cases in the current suite
Test Method:		[testPackage01.Test_SkipDueToIssue.doNotSkip]
################################################################################################################################################
[ReportManager] This should not be skipped. @16-02-2021 01:40:49.0085 A

################################################################################################################################################
Starting Execution:	[7 out of 134] test cases in the current suite
Test Method:		[testPackage01.Test_SkipDueToIssue.skip]
################################################################################################################################################
[ReportManager] This should be skipped. @16-02-2021 01:40:49.0101 A

################################################################################################################################################
Starting Execution:	[8 out of 134] test cases in the current suite
Test Method:		[testPackage01.Test_SkipDueToIssue.skip2]
################################################################################################################################################
[ReportManager] This should be skipped. @16-02-2021 01:40:49.0111 A
[ReportManager] File Action [getAbsolutePath] successfully performed. With the following test data [Relative Folder Path: "target/downloadedFiles/"]. @16-02-2021 01:40:49.0118 AM
[ReportManager] Attempting to run remotely on: [Linux-64], [GoogleChrome], [http://localhost:4444/wd/hub], Headless Execution. @16-02-2021 01:40:49.0118 AM
[ReportManager] Successfully Opened [GoogleChrome]. @16-02-2021 01:40:49.0726 A

################################################################################################################################################
Starting Execution:	[9 out of 134] test cases in the current suite
Test Method:		[testPackage01.Test_ShadowDOM.shadowdom]
################################################################################################################################################
[ReportManager] Target URL: [https://mdn.github.io/web-components-examples/popup-info-box-web-component/] @16-02-2021 01:40:49.0806 AM
[ReportManager] Initial URL: [data:,] @16-02-2021 01:40:49.0864 AM
[ReportManager] Browser Action [navigateToURL] successfully performed. With the following test data [https://mdn.github.io/web-components-examples/popup-info-box-web-component/]. @16-02-2021 01:40:50.0122 AM
[ReportManager] Element Action [type] successfully performed. With the following test data [Typing into SHADOW DOM...]. @16-02-2021 01:40:50.0921 AM
[ReportManager] Element Action [getText] successfully performed. With the following test data [Typing into SHADOW DOM...]. @16-02-2021 01:40:51.0066 AM
[ReportManager] Loaded Shared OpenCV @16-02-2021 01:40:51.0224 AM
[ReportManager] AssertElementAttribute PASSED; Expected [Value Should be 'Typing into SHADOW DOM...' for the 'Text' attribute, element locator 'By.id: cvc'] and Actual [Typing into SHADOW DOM...]. Comparison Type [EQUALS]. Validation Type [POSITIVE]. @16-02-2021 01:40:51.0292 AM
[ReportManager] Successfully created attachment [Screenshot - 1613439651224_shadowdom_AssertElementAttribute_passed] @16-02-2021 01:40:51.0292 A
[ReportManager] Successfully created attachment [Selenium WebDriver Logs - server] @16-02-2021 01:40:51.0350 AM
[ReportManager] Successfully created attachment [Selenium WebDriver Logs - performance] @16-02-2021 01:40:51.0361 AM
[ReportManager] Successfully created attachment [Selenium WebDriver Logs - browser] @16-02-2021 01:40:51.0368 AM
[ReportManager] Successfully created attachment [Selenium WebDriver Logs - driver] @16-02-2021 01:40:51.0442 AM
[ReportManager] Browser Action [closeCurrentWindow] successfully performed. @16-02-2021 01:40:51.0503 AM
[ReportManager] Successfully created attachment [Browser Action Test Data - closeCurrentWindow - Actual Value] @16-02-2021 01:40:51.0504 A

################################################################################################################################################
Starting Execution:	[10 out of 134] test cases in the current suite
Test Method:		[testPackage01.Test_NewValidationActions.f1]
################################################################################################################################################
[ReportManager] Checking valid user data... @16-02-2021 01:40:51.0511 AM
[ReportManager] AssertEquals PASSED; Expected and Actual values are attached. Comparison Type [EQUALS]. Validation Type [POSITIVE]. @16-02-2021 01:40:51.0512 AM
[ReportManager] Successfully created attachment [Validation Test Data - Expected Value] @16-02-2021 01:40:51.0512 AM
[ReportManager] Successfully created attachment [Validation Test Data - Actual Value] @16-02-2021 01:40:51.0514 A
[ReportManager] File Action [getAbsolutePath] successfully performed. With the following test data [Relative Folder Path: "target/downloadedFiles/"]. @16-02-2021 01:40:51.0519 AM
[ReportManager] Attempting to run remotely on: [Linux-64], [GoogleChrome], [http://localhost:4444/wd/hub], Headless Execution. @16-02-2021 01:40:51.0520 AM
[ReportManager] Successfully Opened [GoogleChrome]. @16-02-2021 01:40:51.0797 AM
[ReportManager] Target URL: [https://the-internet.herokuapp.com/] @16-02-2021 01:40:51.0819 AM
[ReportManager] Initial URL: [data:,] @16-02-2021 01:40:51.0869 AM
[ReportManager] Browser Action [navigateToURL] successfully performed. With the following test data [https://the-internet.herokuapp.com/]. @16-02-2021 01:40:52.0327 A

################################################################################################################################################
Starting Execution:	[11 out of 134] test cases in the current suite
Test Method:		[testPackage01.Test_NewValidationActions.f10]
################################################################################################################################################
[ReportManager] AssertElementExists FAILED; Expected [Element Should Exist, locator 'By.tagName: div'] and Actual [Element Exists but is not unique]. Comparison Type [EQUALS]. Validation Type [POSITIVE]. @16-02-2021 01:40:52.0646 AM
[ReportManager] Successfully created attachment [Screenshot - 1613439652518_f10_AssertElementExists_failed] @16-02-2021 01:40:52.0647 A
[ReportManager] Successfully created attachment [Selenium WebDriver Logs - server] @16-02-2021 01:40:52.0664 AM
[ReportManager] Successfully created attachment [Selenium WebDriver Logs - performance] @16-02-2021 01:40:52.0694 AM
[ReportManager] Successfully created attachment [Selenium WebDriver Logs - browser] @16-02-2021 01:40:52.0703 AM
[ReportManager] Successfully created attachment [Selenium WebDriver Logs - driver] @16-02-2021 01:40:52.0785 AM
[ReportManager] Successfully Closed All Browsers. @16-02-2021 01:40:52.0873 A
[ReportManager] File Action [getAbsolutePath] successfully performed. With the following test data [Relative Folder Path: "target/downloadedFiles/"]. @16-02-2021 01:40:52.0878 AM
[ReportManager] Attempting to run remotely on: [Linux-64], [GoogleChrome], [http://localhost:4444/wd/hub], Headless Execution. @16-02-2021 01:40:52.0878 AM
[ReportManager] Successfully Opened [GoogleChrome]. @16-02-2021 01:40:53.0135 AM
[ReportManager] Target URL: [https://the-internet.herokuapp.com/] @16-02-2021 01:40:53.0167 AM
[ReportManager] Initial URL: [data:,] @16-02-2021 01:40:53.0236 AM
[ReportManager] Browser Action [navigateToURL] successfully performed. With the following test data [https://the-internet.herokuapp.com/]. @16-02-2021 01:40:53.0647 A

################################################################################################################################################
Starting Execution:	[12 out of 134] test cases in the current suite
Test Method:		[testPackage01.Test_NewValidationActions.f11]
################################################################################################################################################
[ReportManager] Checking that false tag doesn't exist... @16-02-2021 01:40:53.0655 AM
[ReportManager] AssertElementExists PASSED; Expected [Element Should not Exist, locator 'By.tagName: h3'] and Actual [Element Doesn't Exists]. Comparison Type [EQUALS]. Validation Type [NEGATIVE]. @16-02-2021 01:40:53.0910 AM
[ReportManager] Successfully created attachment [Screenshot - 1613439653837_f11_AssertElementExists_passed] @16-02-2021 01:40:53.0911 A
[ReportManager] Successfully created attachment [Selenium WebDriver Logs - server] @16-02-2021 01:40:53.0929 AM
[ReportManager] Successfully created attachment [Selenium WebDriver Logs - performance] @16-02-2021 01:40:53.0948 AM
[ReportManager] Successfully created attachment [Selenium WebDriver Logs - browser] @16-02-2021 01:40:53.0959 AM
[ReportManager] Successfully created attachment [Selenium WebDriver Logs - driver] @16-02-2021 01:40:54.0006 AM
[ReportManager] Successfully Closed All Browsers. @16-02-2021 01:40:54.0085 A
[ReportManager] File Action [getAbsolutePath] successfully performed. With the following test data [Relative Folder Path: "target/downloadedFiles/"]. @16-02-2021 01:40:54.0087 AM
[ReportManager] Attempting to run remotely on: [Linux-64], [GoogleChrome], [http://localhost:4444/wd/hub], Headless Execution. @16-02-2021 01:40:54.0087 AM
[ReportManager] Successfully Opened [GoogleChrome]. @16-02-2021 01:40:54.0351 AM
[ReportManager] Target URL: [https://the-internet.herokuapp.com/] @16-02-2021 01:40:54.0386 AM
[ReportManager] Initial URL: [data:,] @16-02-2021 01:40:54.0436 AM
[ReportManager] Browser Action [navigateToURL] successfully performed. With the following test data [https://the-internet.herokuapp.com/]. @16-02-2021 01:40:54.0832 A

################################################################################################################################################
Starting Execution:	[13 out of 134] test cases in the current suite
Test Method:		[testPackage01.Test_NewValidationActions.f12]
################################################################################################################################################
[ReportManager] Loaded Shared OpenCV @16-02-2021 01:40:55.0089 AM
[ReportManager] AssertElementExists FAILED; Expected [Element Should not Exist, locator 'By.tagName: h1'] and Actual [Element Exists]. Comparison Type [EQUALS]. Validation Type [NEGATIVE]. @16-02-2021 01:40:55.0178 AM
[ReportManager] Successfully created attachment [Screenshot - 1613439655089_f12_AssertElementExists_failed] @16-02-2021 01:40:55.0179 A
[ReportManager] Successfully created attachment [Selenium WebDriver Logs - server] @16-02-2021 01:40:55.0199 AM
[ReportManager] Successfully created attachment [Selenium WebDriver Logs - performance] @16-02-2021 01:40:55.0222 AM
[ReportManager] Successfully created attachment [Selenium WebDriver Logs - browser] @16-02-2021 01:40:55.0234 AM
[ReportManager] Successfully created attachment [Selenium WebDriver Logs - driver] @16-02-2021 01:40:55.0286 AM
[ReportManager] Successfully Closed All Browsers. @16-02-2021 01:40:55.0362 A
[ReportManager] File Action [getAbsolutePath] successfully performed. With the following test data [Relative Folder Path: "target/downloadedFiles/"]. @16-02-2021 01:40:55.0365 AM
[ReportManager] Attempting to run remotely on: [Linux-64], [GoogleChrome], [http://localhost:4444/wd/hub], Headless Execution. @16-02-2021 01:40:55.0365 AM
[ReportManager] Successfully Opened [GoogleChrome]. @16-02-2021 01:40:55.0667 AM
[ReportManager] Target URL: [https://the-internet.herokuapp.com/] @16-02-2021 01:40:55.0680 AM
[ReportManager] Initial URL: [data:,] @16-02-2021 01:40:55.0726 AM
[ReportManager] Browser Action [navigateToURL] successfully performed. With the following test data [https://the-internet.herokuapp.com/]. @16-02-2021 01:40:56.0136 A

################################################################################################################################################
Starting Execution:	[14 out of 134] test cases in the current suite
Test Method:		[testPackage01.Test_NewValidationActions.f13]
################################################################################################################################################
[ReportManager] AssertElementExists FAILED; Expected [Element Should not Exist, locator 'By.tagName: div'] and Actual [Element Exists but is not unique]. Comparison Type [EQUALS]. Validation Type [NEGATIVE]. @16-02-2021 01:40:56.0423 AM
[ReportManager] Successfully created attachment [Screenshot - 1613439656356_f13_AssertElementExists_failed] @16-02-2021 01:40:56.0423 A
[ReportManager] Successfully created attachment [Selenium WebDriver Logs - server] @16-02-2021 01:40:56.0437 AM
[ReportManager] Successfully created attachment [Selenium WebDriver Logs - performance] @16-02-2021 01:40:56.0455 AM
[ReportManager] Successfully created attachment [Selenium WebDriver Logs - browser] @16-02-2021 01:40:56.0462 AM
[ReportManager] Successfully created attachment [Selenium WebDriver Logs - driver] @16-02-2021 01:40:56.0519 AM
[ReportManager] Successfully Closed All Browsers. @16-02-2021 01:40:56.0600 A
[ReportManager] File Action [getAbsolutePath] successfully performed. With the following test data [Relative Folder Path: "target/downloadedFiles/"]. @16-02-2021 01:40:56.0602 AM
[ReportManager] Attempting to run remotely on: [Linux-64], [GoogleChrome], [http://localhost:4444/wd/hub], Headless Execution. @16-02-2021 01:40:56.0603 AM
[ReportManager] Successfully Opened [GoogleChrome]. @16-02-2021 01:40:56.0851 AM
[ReportManager] Target URL: [https://the-internet.herokuapp.com/] @16-02-2021 01:40:56.0864 AM
[ReportManager] Initial URL: [data:,] @16-02-2021 01:40:56.0913 AM
[ReportManager] Browser Action [navigateToURL] successfully performed. With the following test data [https://the-internet.herokuapp.com/]. @16-02-2021 01:40:57.0333 A

################################################################################################################################################
Starting Execution:	[15 out of 134] test cases in the current suite
Test Method:		[testPackage01.Test_NewValidationActions.f14]
################################################################################################################################################
[ReportManager] Asserting that the header text is correct... @16-02-2021 01:40:57.0341 AM
[ReportManager] Element Action [getText] successfully performed. With the following test data [Welcome to the-internet]. @16-02-2021 01:40:57.0448 AM
[ReportManager] Loaded Shared OpenCV @16-02-2021 01:40:57.0602 AM
[ReportManager] AssertElementAttribute PASSED; Expected [Value Should be 'Welcome to the-internet' for the 'text' attribute, element locator 'By.tagName: h1'] and Actual [Welcome to the-internet]. Comparison Type [EQUALS]. Validation Type [POSITIVE]. @16-02-2021 01:40:57.0679 AM
[ReportManager] Successfully created attachment [Screenshot - 1613439657602_f14_AssertElementAttribute_passed] @16-02-2021 01:40:57.0680 A
[ReportManager] Successfully created attachment [Selenium WebDriver Logs - server] @16-02-2021 01:40:57.0697 AM
[ReportManager] Successfully created attachment [Selenium WebDriver Logs - performance] @16-02-2021 01:40:57.0721 AM
[ReportManager] Successfully created attachment [Selenium WebDriver Logs - browser] @16-02-2021 01:40:57.0729 AM
[ReportManager] Successfully created attachment [Selenium WebDriver Logs - driver] @16-02-2021 01:40:57.0777 AM
[ReportManager] Successfully Closed All Browsers. @16-02-2021 01:40:57.0857 A
[ReportManager] File Action [getAbsolutePath] successfully performed. With the following test data [Relative Folder Path: "target/downloadedFiles/"]. @16-02-2021 01:40:57.0859 AM
[ReportManager] Attempting to run remotely on: [Linux-64], [GoogleChrome], [http://localhost:4444/wd/hub], Headless Execution. @16-02-2021 01:40:57.0859 AM
[ReportManager] Successfully Opened [GoogleChrome]. @16-02-2021 01:40:58.0096 AM
[ReportManager] Target URL: [https://the-internet.herokuapp.com/] @16-02-2021 01:40:58.0109 AM
[ReportManager] Initial URL: [data:,] @16-02-2021 01:40:58.0163 AM
[ReportManager] Browser Action [navigateToURL] successfully performed. With the following test data [https://the-internet.herokuapp.com/]. @16-02-2021 01:40:58.0565 A

################################################################################################################################################
Starting Execution:	[16 out of 134] test cases in the current suite
Test Method:		[testPackage01.Test_NewValidationActions.f15]
################################################################################################################################################
[ReportManager] Element Action [getText] successfully performed. With the following test data [Welcome to the-internet]. @16-02-2021 01:40:58.0679 AM
[ReportManager] Loaded Shared OpenCV @16-02-2021 01:40:58.0819 AM
[ReportManager] AssertElementAttribute FAILED; Expected [Value Should not be 'Welcome' for the 'text' attribute, element locator 'By.tagName: h1'] and Actual [Welcome to the-internet]. Comparison Type [CONTAINS]. Validation Type [NEGATIVE]. @16-02-2021 01:40:58.0898 AM
[ReportManager] Successfully created attachment [Screenshot - 1613439658819_f15_AssertElementAttribute_failed] @16-02-2021 01:40:58.0899 A
[ReportManager] Successfully created attachment [Selenium WebDriver Logs - server] @16-02-2021 01:40:58.0920 AM
[ReportManager] Successfully created attachment [Selenium WebDriver Logs - performance] @16-02-2021 01:40:58.0939 AM
[ReportManager] Successfully created attachment [Selenium WebDriver Logs - browser] @16-02-2021 01:40:58.0946 AM
[ReportManager] Successfully created attachment [Selenium WebDriver Logs - driver] @16-02-2021 01:40:59.0003 AM
[ReportManager] Successfully Closed All Browsers. @16-02-2021 01:40:59.0083 A
[ReportManager] File Action [getAbsolutePath] successfully performed. With the following test data [Relative Folder Path: "target/downloadedFiles/"]. @16-02-2021 01:40:59.0085 AM
[ReportManager] Attempting to run remotely on: [Linux-64], [GoogleChrome], [http://localhost:4444/wd/hub], Headless Execution. @16-02-2021 01:40:59.0085 AM
[ReportManager] Successfully Opened [GoogleChrome]. @16-02-2021 01:40:59.0324 AM
[ReportManager] Target URL: [https://the-internet.herokuapp.com/] @16-02-2021 01:40:59.0349 AM
[ReportManager] Initial URL: [data:,] @16-02-2021 01:40:59.0398 AM
[ReportManager] Browser Action [navigateToURL] successfully performed. With the following test data [https://the-internet.herokuapp.com/]. @16-02-2021 01:40:59.0782 A

################################################################################################################################################
Starting Execution:	[17 out of 134] test cases in the current suite
Test Method:		[testPackage01.Test_NewValidationActions.f16]
################################################################################################################################################
[ReportManager] Element Action [identifyUniqueElement] failed. With the following test data [zero elements found matching this locator "By.tagName: h3".]. @16-02-2021 01:41:00.0009 AM
[ReportManager] Successfully created attachment [Screenshot - 1613439659937_f16_identifyUniqueElement_failed] @16-02-2021 01:41:00.0010 AM
[ReportManager] AssertElementAttribute FAILED; Expected [Value Should not be 'Welcome' for the 'text' attribute, element locator 'By.tagName: h3'] and Actual [Failed to read the desired element attribute]. Comparison Type [CONTAINS]. Validation Type [NEGATIVE]. @16-02-2021 01:41:00.0010 A
[ReportManager] Successfully created attachment [Selenium WebDriver Logs - server] @16-02-2021 01:41:00.0029 AM
[ReportManager] Successfully created attachment [Selenium WebDriver Logs - performance] @16-02-2021 01:41:00.0048 AM
[ReportManager] Successfully created attachment [Selenium WebDriver Logs - browser] @16-02-2021 01:41:00.0057 AM
[ReportManager] Successfully created attachment [Selenium WebDriver Logs - driver] @16-02-2021 01:41:00.0103 AM
[ReportManager] Successfully Closed All Browsers. @16-02-2021 01:41:00.0183 A
[ReportManager] File Action [getAbsolutePath] successfully performed. With the following test data [Relative Folder Path: "target/downloadedFiles/"]. @16-02-2021 01:41:00.0189 AM
[ReportManager] Attempting to run remotely on: [Linux-64], [GoogleChrome], [http://localhost:4444/wd/hub], Headless Execution. @16-02-2021 01:41:00.0189 AM
[ReportManager] Successfully Opened [GoogleChrome]. @16-02-2021 01:41:00.0423 AM
[ReportManager] Target URL: [https://the-internet.herokuapp.com/] @16-02-2021 01:41:00.0435 AM
[ReportManager] Initial URL: [data:,] @16-02-2021 01:41:00.0478 AM
[ReportManager] Browser Action [navigateToURL] successfully performed. With the following test data [https://the-internet.herokuapp.com/]. @16-02-2021 01:41:00.0866 A

################################################################################################################################################
Starting Execution:	[18 out of 134] test cases in the current suite
Test Method:		[testPackage01.Test_NewValidationActions.f17]
################################################################################################################################################
[ReportManager] Attempting to getAttribute [text2] from elementLocator [By.tagName: h1]. @16-02-2021 01:41:00.0877 AM
[ReportManager] Element Action [getAttribute] successfully performed. @16-02-2021 01:41:00.0994 AM
[ReportManager] Loaded Shared OpenCV @16-02-2021 01:41:01.0159 AM
[ReportManager] AssertElementAttribute PASSED; Expected [Value Should not be 'Welcome' for the 'text2' attribute, element locator 'By.tagName: h1'] and Actual [null]. Comparison Type [CONTAINS]. Validation Type [NEGATIVE]. @16-02-2021 01:41:01.0247 AM
[ReportManager] Successfully created attachment [Screenshot - 1613439661158_f17_AssertElementAttribute_passed] @16-02-2021 01:41:01.0248 A
[ReportManager] Successfully created attachment [Selenium WebDriver Logs - server] @16-02-2021 01:41:01.0261 AM
[ReportManager] Successfully created attachment [Selenium WebDriver Logs - performance] @16-02-2021 01:41:01.0279 AM
[ReportManager] Successfully created attachment [Selenium WebDriver Logs - browser] @16-02-2021 01:41:01.0286 AM
[ReportManager] Successfully created attachment [Selenium WebDriver Logs - driver] @16-02-2021 01:41:01.0332 AM
[ReportManager] Successfully Closed All Browsers. @16-02-2021 01:41:01.0408 A
[ReportManager] File Action [getAbsolutePath] successfully performed. With the following test data [Relative Folder Path: "target/downloadedFiles/"]. @16-02-2021 01:41:01.0410 AM
[ReportManager] Attempting to run remotely on: [Linux-64], [GoogleChrome], [http://localhost:4444/wd/hub], Headless Execution. @16-02-2021 01:41:01.0410 AM
[ReportManager] Successfully Opened [GoogleChrome]. @16-02-2021 01:41:01.0666 AM
[ReportManager] Target URL: [https://the-internet.herokuapp.com/] @16-02-2021 01:41:01.0680 AM
[ReportManager] Initial URL: [data:,] @16-02-2021 01:41:01.0721 AM
[ReportManager] Browser Action [navigateToURL] successfully performed. With the following test data [https://the-internet.herokuapp.com/]. @16-02-2021 01:41:02.0093 A

################################################################################################################################################
Starting Execution:	[19 out of 134] test cases in the current suite
Test Method:		[testPackage01.Test_NewValidationActions.f18]
################################################################################################################################################
[ReportManager] Element Action [getText] successfully performed. With the following test data [Welcome to the-internet]. @16-02-2021 01:41:02.0262 AM
[ReportManager] Loaded Shared OpenCV @16-02-2021 01:41:02.0473 AM
[ReportManager] AssertElementAttribute PASSED; Expected [Value Should not be 'no' for the 'text' attribute, element locator 'By.tagName: h1'] and Actual [Welcome to the-internet]. Comparison Type [CONTAINS]. Validation Type [NEGATIVE]. @16-02-2021 01:41:02.0549 AM
[ReportManager] Successfully created attachment [Screenshot - 1613439662472_f18_AssertElementAttribute_passed] @16-02-2021 01:41:02.0550 A
[ReportManager] Successfully created attachment [Selenium WebDriver Logs - server] @16-02-2021 01:41:02.0565 AM
[ReportManager] Successfully created attachment [Selenium WebDriver Logs - performance] @16-02-2021 01:41:02.0583 AM
[ReportManager] Successfully created attachment [Selenium WebDriver Logs - browser] @16-02-2021 01:41:02.0590 AM
[ReportManager] Successfully created attachment [Selenium WebDriver Logs - driver] @16-02-2021 01:41:02.0635 AM
[ReportManager] Successfully Closed All Browsers. @16-02-2021 01:41:02.0707 A
[ReportManager] File Action [getAbsolutePath] successfully performed. With the following test data [Relative Folder Path: "target/downloadedFiles/"]. @16-02-2021 01:41:02.0710 AM
[ReportManager] Attempting to run remotely on: [Linux-64], [GoogleChrome], [http://localhost:4444/wd/hub], Headless Execution. @16-02-2021 01:41:02.0710 AM
[ReportManager] Successfully Opened [GoogleChrome]. @16-02-2021 01:41:02.0960 AM
[ReportManager] Target URL: [https://the-internet.herokuapp.com/] @16-02-2021 01:41:02.0979 AM
[ReportManager] Initial URL: [data:,] @16-02-2021 01:41:03.0032 AM
[ReportManager] Browser Action [navigateToURL] successfully performed. With the following test data [https://the-internet.herokuapp.com/]. @16-02-2021 01:41:03.0451 A

################################################################################################################################################
Starting Execution:	[20 out of 134] test cases in the current suite
Test Method:		[testPackage01.Test_NewValidationActions.f19]
################################################################################################################################################
[ReportManager] Element Action [getTagName] successfully performed. With the following test data [h1]. @16-02-2021 01:41:03.0562 AM
[ReportManager] Loaded Shared OpenCV @16-02-2021 01:41:03.0723 AM
[ReportManager] AssertElementAttribute PASSED; Expected [Value Should be 'h' for the 'tagname' attribute, element locator 'By.tagName: h1'] and Actual [h1]. Comparison Type [CONTAINS]. Validation Type [POSITIVE]. @16-02-2021 01:41:03.0808 AM
[ReportManager] Successfully created attachment [Screenshot - 1613439663723_f19_AssertElementAttribute_passed] @16-02-2021 01:41:03.0809 A
[ReportManager] Successfully created attachment [Selenium WebDriver Logs - server] @16-02-2021 01:41:03.0833 AM
[ReportManager] Successfully created attachment [Selenium WebDriver Logs - performance] @16-02-2021 01:41:03.0852 AM
[ReportManager] Successfully created attachment [Selenium WebDriver Logs - browser] @16-02-2021 01:41:03.0860 AM
[ReportManager] Successfully created attachment [Selenium WebDriver Logs - driver] @16-02-2021 01:41:03.0907 AM
[ReportManager] Successfully Closed All Browsers. @16-02-2021 01:41:03.0987 A

################################################################################################################################################
Starting Execution:	[21 out of 134] test cases in the current suite
Test Method:		[testPackage01.Test_NewValidationActions.f2]
################################################################################################################################################
[ReportManager] Checking valid user data... @16-02-2021 01:41:03.0991 AM
[ReportManager] AssertEquals FAILED; Expected [1] and Actual [2]. Comparison Type [EQUALS]. Validation Type [POSITIVE]. @16-02-2021 01:41:03.0992 A
[ReportManager] File Action [getAbsolutePath] successfully performed. With the following test data [Relative Folder Path: "target/downloadedFiles/"]. @16-02-2021 01:41:03.0995 AM
[ReportManager] Attempting to run remotely on: [Linux-64], [GoogleChrome], [http://localhost:4444/wd/hub], Headless Execution. @16-02-2021 01:41:03.0996 AM
[ReportManager] Successfully Opened [GoogleChrome]. @16-02-2021 01:41:04.0237 AM
[ReportManager] Target URL: [https://the-internet.herokuapp.com/] @16-02-2021 01:41:04.0251 AM
[ReportManager] Initial URL: [data:,] @16-02-2021 01:41:04.0312 AM
[ReportManager] Browser Action [navigateToURL] successfully performed. With the following test data [https://the-internet.herokuapp.com/]. @16-02-2021 01:41:04.0695 A

################################################################################################################################################
Starting Execution:	[22 out of 134] test cases in the current suite
Test Method:		[testPackage01.Test_NewValidationActions.f20]
################################################################################################################################################
[ReportManager] Element Action [getSize] successfully performed. With the following test data [(755, 61)]. @16-02-2021 01:41:04.0799 AM
[ReportManager] Loaded Shared OpenCV @16-02-2021 01:41:04.0963 AM
[ReportManager] AssertElementAttribute PASSED; Expected [Value Should not be 'a' for the 'size' attribute, element locator 'By.tagName: h1'] and Actual [(755, 61)]. Comparison Type [CONTAINS]. Validation Type [NEGATIVE]. @16-02-2021 01:41:05.0043 AM
[ReportManager] Successfully created attachment [Screenshot - 1613439664963_f20_AssertElementAttribute_passed] @16-02-2021 01:41:05.0044 A
[ReportManager] Successfully created attachment [Selenium WebDriver Logs - server] @16-02-2021 01:41:05.0058 AM
[ReportManager] Successfully created attachment [Selenium WebDriver Logs - performance] @16-02-2021 01:41:05.0088 AM
[ReportManager] Successfully created attachment [Selenium WebDriver Logs - browser] @16-02-2021 01:41:05.0096 AM
[ReportManager] Successfully created attachment [Selenium WebDriver Logs - driver] @16-02-2021 01:41:05.0149 AM
[ReportManager] Successfully Closed All Browsers. @16-02-2021 01:41:05.0223 A
[ReportManager] File Action [getAbsolutePath] successfully performed. With the following test data [Relative Folder Path: "target/downloadedFiles/"]. @16-02-2021 01:41:05.0225 AM
[ReportManager] Attempting to run remotely on: [Linux-64], [GoogleChrome], [http://localhost:4444/wd/hub], Headless Execution. @16-02-2021 01:41:05.0226 AM
[ReportManager] Successfully Opened [GoogleChrome]. @16-02-2021 01:41:05.0485 AM
[ReportManager] Target URL: [https://the-internet.herokuapp.com/] @16-02-2021 01:41:05.0497 AM
[ReportManager] Initial URL: [data:,] @16-02-2021 01:41:05.0541 AM
[ReportManager] Browser Action [navigateToURL] successfully performed. With the following test data [https://the-internet.herokuapp.com/]. @16-02-2021 01:41:05.0933 A

################################################################################################################################################
Starting Execution:	[23 out of 134] test cases in the current suite
Test Method:		[testPackage01.Test_NewValidationActions.f21]
################################################################################################################################################
[ReportManager] Element Action [identifyUniqueElement] failed. With the following test data [zero elements found matching this locator "By.tagName: h3".]. @16-02-2021 01:41:06.0180 AM
[ReportManager] Successfully created attachment [Screenshot - 1613439666116_f21_identifyUniqueElement_failed] @16-02-2021 01:41:06.0181 AM
[ReportManager] AssertElementAttribute FAILED; Expected [Value Should be 'Welcome' for the 'text' attribute, element locator 'By.tagName: h3'] and Actual [Failed to read the desired element attribute]. Comparison Type [CONTAINS]. Validation Type [POSITIVE]. @16-02-2021 01:41:06.0181 A
[ReportManager] Successfully created attachment [Selenium WebDriver Logs - server] @16-02-2021 01:41:06.0193 AM
[ReportManager] Successfully created attachment [Selenium WebDriver Logs - performance] @16-02-2021 01:41:06.0210 AM
[ReportManager] Successfully created attachment [Selenium WebDriver Logs - browser] @16-02-2021 01:41:06.0217 AM
[ReportManager] Successfully created attachment [Selenium WebDriver Logs - driver] @16-02-2021 01:41:06.0259 AM
[ReportManager] Successfully Closed All Browsers. @16-02-2021 01:41:06.0335 A
[ReportManager] File Action [getAbsolutePath] successfully performed. With the following test data [Relative Folder Path: "target/downloadedFiles/"]. @16-02-2021 01:41:06.0337 AM
[ReportManager] Attempting to run remotely on: [Linux-64], [GoogleChrome], [http://localhost:4444/wd/hub], Headless Execution. @16-02-2021 01:41:06.0337 AM
[ReportManager] Successfully Opened [GoogleChrome]. @16-02-2021 01:41:06.0551 AM
[ReportManager] Target URL: [https://the-internet.herokuapp.com/] @16-02-2021 01:41:06.0563 AM
[ReportManager] Initial URL: [data:,] @16-02-2021 01:41:06.0604 AM
[ReportManager] Browser Action [navigateToURL] successfully performed. With the following test data [https://the-internet.herokuapp.com/]. @16-02-2021 01:41:06.0991 A

################################################################################################################################################
Starting Execution:	[24 out of 134] test cases in the current suite
Test Method:		[testPackage01.Test_NewValidationActions.f22]
################################################################################################################################################
[ReportManager] Element Action [getText] successfully performed. With the following test data [Welcome to the-internet]. @16-02-2021 01:41:07.0109 AM
[ReportManager] Loaded Shared OpenCV @16-02-2021 01:41:07.0251 AM
[ReportManager] AssertElementAttribute FAILED; Expected [Value Should be 'yyy' for the 'text' attribute, element locator 'By.tagName: h1'] and Actual [Welcome to the-internet]. Comparison Type [CONTAINS]. Validation Type [POSITIVE]. @16-02-2021 01:41:07.0331 AM
[ReportManager] Successfully created attachment [Screenshot - 1613439667251_f22_AssertElementAttribute_failed] @16-02-2021 01:41:07.0332 A
[ReportManager] Successfully created attachment [Selenium WebDriver Logs - server] @16-02-2021 01:41:07.0344 AM
[ReportManager] Successfully created attachment [Selenium WebDriver Logs - performance] @16-02-2021 01:41:07.0365 AM
[ReportManager] Successfully created attachment [Selenium WebDriver Logs - browser] @16-02-2021 01:41:07.0374 AM
[ReportManager] Successfully created attachment [Selenium WebDriver Logs - driver] @16-02-2021 01:41:07.0421 AM
[ReportManager] Successfully Closed All Browsers. @16-02-2021 01:41:07.0494 A

################################################################################################################################################
Starting Execution:	[25 out of 134] test cases in the current suite
Test Method:		[testPackage01.Test_NewValidationActions.f23]
################################################################################################################################################
[ReportManager] confirming that the actual is greater than or equal to the expected... @16-02-2021 01:41:07.0505 AM
[ReportManager] AssertComparativeRelation PASSED; Expected [1] and Actual [1]. Comparison Type [GREATER_THAN_OR_EQUALS]. Validation Type [POSITIVE]. @16-02-2021 01:41:07.0505 A

################################################################################################################################################
Starting Execution:	[26 out of 134] test cases in the current suite
Test Method:		[testPackage01.Test_NewValidationActions.f24]
################################################################################################################################################
[ReportManager] AssertComparativeRelation PASSED; Expected [1] and Actual [10]. Comparison Type [GREATER_THAN_OR_EQUALS]. Validation Type [POSITIVE]. @16-02-2021 01:41:07.0518 A

################################################################################################################################################
Starting Execution:	[27 out of 134] test cases in the current suite
Test Method:		[testPackage01.Test_NewValidationActions.f25]
################################################################################################################################################
[ReportManager] AssertComparativeRelation PASSED; Expected [1] and Actual [1]. Comparison Type [EQUALS]. Validation Type [POSITIVE]. @16-02-2021 01:41:07.0523 A

################################################################################################################################################
Starting Execution:	[28 out of 134] test cases in the current suite
Test Method:		[testPackage01.Test_NewValidationActions.f26]
################################################################################################################################################
[ReportManager] AssertComparativeRelation PASSED; Expected [1] and Actual [5]. Comparison Type [GREATER_THAN]. Validation Type [POSITIVE]. @16-02-2021 01:41:07.0527 A

################################################################################################################################################
Starting Execution:	[29 out of 134] test cases in the current suite
Test Method:		[testPackage01.Test_NewValidationActions.f27]
################################################################################################################################################
[ReportManager] AssertComparativeRelation PASSED; Expected [11] and Actual [5]. Comparison Type [LESS_THAN]. Validation Type [POSITIVE]. @16-02-2021 01:41:07.0531 A

################################################################################################################################################
Starting Execution:	[30 out of 134] test cases in the current suite
Test Method:		[testPackage01.Test_NewValidationActions.f28]
################################################################################################################################################
[ReportManager] AssertComparativeRelation PASSED; Expected [11] and Actual [5]. Comparison Type [LESS_THAN_OR_EQUALS]. Validation Type [POSITIVE]. @16-02-2021 01:41:07.0536 A

################################################################################################################################################
Starting Execution:	[31 out of 134] test cases in the current suite
Test Method:		[testPackage01.Test_NewValidationActions.f29]
################################################################################################################################################
[ReportManager] AssertComparativeRelation PASSED; Expected [11] and Actual [11]. Comparison Type [LESS_THAN_OR_EQUALS]. Validation Type [POSITIVE]. @16-02-2021 01:41:07.0539 A

################################################################################################################################################
Starting Execution:	[32 out of 134] test cases in the current suite
Test Method:		[testPackage01.Test_NewValidationActions.f3]
################################################################################################################################################
[ReportManager] AssertEquals PASSED; Expected [1] and Actual [2]. Comparison Type [EQUALS]. Validation Type [NEGATIVE]. @16-02-2021 01:41:07.0544 A

################################################################################################################################################
Starting Execution:	[33 out of 134] test cases in the current suite
Test Method:		[testPackage01.Test_NewValidationActions.f30]
################################################################################################################################################
[ReportManager] AssertComparativeRelation FAILED; Expected [-9] and Actual [11]. Comparison Type [LESS_THAN_OR_EQUALS]. Validation Type [POSITIVE]. @16-02-2021 01:41:07.0551 A

################################################################################################################################################
Starting Execution:	[34 out of 134] test cases in the current suite
Test Method:		[testPackage01.Test_NewValidationActions.f31]
################################################################################################################################################
[ReportManager] AssertTrue PASSED; Expected [TRUE] and Actual [TRUE]. Validation Type [POSITIVE]. @16-02-2021 01:41:07.0554 A

################################################################################################################################################
Starting Execution:	[35 out of 134] test cases in the current suite
Test Method:		[testPackage01.Test_NewValidationActions.f32]
################################################################################################################################################
[ReportManager] AssertTrue PASSED; Expected [FALSE] and Actual [FALSE]. Validation Type [NEGATIVE]. @16-02-2021 01:41:07.0557 A

################################################################################################################################################
Starting Execution:	[36 out of 134] test cases in the current suite
Test Method:		[testPackage01.Test_NewValidationActions.f33]
################################################################################################################################################
[ReportManager] AssertTrue FAILED; Expected [FALSE] and Actual [TRUE]. Validation Type [NEGATIVE]. @16-02-2021 01:41:07.0564 A

################################################################################################################################################
Starting Execution:	[37 out of 134] test cases in the current suite
Test Method:		[testPackage01.Test_NewValidationActions.f34]
################################################################################################################################################
[ReportManager] AssertTrue FAILED; Expected [TRUE] and Actual [FALSE]. Validation Type [POSITIVE]. @16-02-2021 01:41:07.0570 A

################################################################################################################################################
Starting Execution:	[38 out of 134] test cases in the current suite
Test Method:		[testPackage01.Test_NewValidationActions.f35]
################################################################################################################################################
[ReportManager] File Action [doesFileExist] successfully performed. With the following test data [File Path: "pom.xml"]. @16-02-2021 01:41:07.0574 AM
[ReportManager] AssertFileExists PASSED; Expected [File 'pom.xml' should exist, after up to '1' retries] and Actual [File exists]. Validation Type [POSITIVE]. @16-02-2021 01:41:07.0579 A

################################################################################################################################################
Starting Execution:	[39 out of 134] test cases in the current suite
Test Method:		[testPackage01.Test_NewValidationActions.f36]
################################################################################################################################################
[ReportManager] File Action [doesFileExist] successfully performed. With the following test data [File Path: "src/test/java/testPackage01/Test_NewValidationActions.java"]. @16-02-2021 01:41:07.0583 AM
[ReportManager] AssertFileExists PASSED; Expected [File 'src/test/java/testPackage01/Test_NewValidationActions.java' should exist, after up to '1' retries] and Actual [File exists]. Validation Type [POSITIVE]. @16-02-2021 01:41:07.0583 A

################################################################################################################################################
Starting Execution:	[40 out of 134] test cases in the current suite
Test Method:		[testPackage01.Test_NewValidationActions.f37]
################################################################################################################################################
[ReportManager] confirming that the file does't exist after 5 retries... @16-02-2021 01:41:07.0586 AM
[ReportManager] File Action [doesFileExist] successfully performed. With the following test data [File Path: "pom.xml"]. @16-02-2021 01:41:07.0586 AM
[ReportManager] AssertFileExists FAILED; Expected [File 'pom.xml' should not exist, after up to '5' retries] and Actual [File exists]. Validation Type [NEGATIVE]. @16-02-2021 01:41:07.0587 A

################################################################################################################################################
Starting Execution:	[41 out of 134] test cases in the current suite
Test Method:		[testPackage01.Test_NewValidationActions.f3_1]
################################################################################################################################################
[ReportManager] Checking valid user data... @16-02-2021 01:41:07.0590 AM
[ReportManager] AssertEquals PASSED; Expected [null] and Actual [null]. Comparison Type [EQUALS]. Validation Type [POSITIVE]. @16-02-2021 01:41:07.0590 A

################################################################################################################################################
Starting Execution:	[42 out of 134] test cases in the current suite
Test Method:		[testPackage01.Test_NewValidationActions.f4]
################################################################################################################################################
[ReportManager] AssertEquals PASSED; Expected [1] and Actual [123]. Comparison Type [CONTAINS]. Validation Type [POSITIVE]. @16-02-2021 01:41:07.0593 A

################################################################################################################################################
Starting Execution:	[43 out of 134] test cases in the current suite
Test Method:		[testPackage01.Test_NewValidationActions.f5]
################################################################################################################################################
[ReportManager] AssertNull PASSED; Expected [NULL] and Actual [1]. Comparison Type [EQUALS]. Validation Type [NEGATIVE]. @16-02-2021 01:41:07.0597 A

################################################################################################################################################
Starting Execution:	[44 out of 134] test cases in the current suite
Test Method:		[testPackage01.Test_NewValidationActions.f6]
################################################################################################################################################
[ReportManager] Making sure that null string is not equal to null object... @16-02-2021 01:41:07.0600 AM
[ReportManager] AssertNull FAILED; Expected [NULL] and Actual [NULL]. Comparison Type [EQUALS]. Validation Type [POSITIVE]. @16-02-2021 01:41:07.0600 A

################################################################################################################################################
Starting Execution:	[45 out of 134] test cases in the current suite
Test Method:		[testPackage01.Test_NewValidationActions.f6_1]
################################################################################################################################################
[ReportManager] AssertNull FAILED; Expected [NULL] and Actual [NULL]. Comparison Type [EQUALS]. Validation Type [NEGATIVE]. @16-02-2021 01:41:07.0603 A

################################################################################################################################################
Starting Execution:	[46 out of 134] test cases in the current suite
Test Method:		[testPackage01.Test_NewValidationActions.f6_2]
################################################################################################################################################
[ReportManager] Making sure that null string is not equal to null object... @16-02-2021 01:41:07.0606 AM
[ReportManager] AssertNull FAILED; Expected [NULL] and Actual [not null]. Comparison Type [EQUALS]. Validation Type [POSITIVE]. @16-02-2021 01:41:07.0606 A

################################################################################################################################################
Starting Execution:	[47 out of 134] test cases in the current suite
Test Method:		[testPackage01.Test_NewValidationActions.f7]
################################################################################################################################################
[ReportManager] AssertNull PASSED; Expected [NULL] and Actual [NULL]. Comparison Type [EQUALS]. Validation Type [POSITIVE]. @16-02-2021 01:41:07.0610 A
[ReportManager] File Action [getAbsolutePath] successfully performed. With the following test data [Relative Folder Path: "target/downloadedFiles/"]. @16-02-2021 01:41:07.0612 AM
[ReportManager] Attempting to run remotely on: [Linux-64], [GoogleChrome], [http://localhost:4444/wd/hub], Headless Execution. @16-02-2021 01:41:07.0612 AM
[ReportManager] Successfully Opened [GoogleChrome]. @16-02-2021 01:41:07.0853 AM
[ReportManager] Target URL: [https://the-internet.herokuapp.com/] @16-02-2021 01:41:07.0863 AM
[ReportManager] Initial URL: [data:,] @16-02-2021 01:41:07.0904 AM
[ReportManager] Browser Action [navigateToURL] successfully performed. With the following test data [https://the-internet.herokuapp.com/]. @16-02-2021 01:41:08.0283 A

################################################################################################################################################
Starting Execution:	[48 out of 134] test cases in the current suite
Test Method:		[testPackage01.Test_NewValidationActions.f8]
################################################################################################################################################
[ReportManager] Loaded Shared OpenCV @16-02-2021 01:41:08.0468 AM
[ReportManager] AssertElementExists PASSED; Expected [Element Should Exist, locator 'By.tagName: h1'] and Actual [Element Exists]. Comparison Type [EQUALS]. Validation Type [POSITIVE]. @16-02-2021 01:41:08.0549 AM
[ReportManager] Successfully created attachment [Screenshot - 1613439668468_f8_AssertElementExists_passed] @16-02-2021 01:41:08.0550 A
[ReportManager] Successfully created attachment [Selenium WebDriver Logs - server] @16-02-2021 01:41:08.0571 AM
[ReportManager] Successfully created attachment [Selenium WebDriver Logs - performance] @16-02-2021 01:41:08.0592 AM
[ReportManager] Successfully created attachment [Selenium WebDriver Logs - browser] @16-02-2021 01:41:08.0605 AM
[ReportManager] Successfully created attachment [Selenium WebDriver Logs - driver] @16-02-2021 01:41:08.0668 AM
[ReportManager] Successfully Closed All Browsers. @16-02-2021 01:41:08.0749 A
[ReportManager] File Action [getAbsolutePath] successfully performed. With the following test data [Relative Folder Path: "target/downloadedFiles/"]. @16-02-2021 01:41:08.0751 AM
[ReportManager] Attempting to run remotely on: [Linux-64], [GoogleChrome], [http://localhost:4444/wd/hub], Headless Execution. @16-02-2021 01:41:08.0751 AM
[ReportManager] Successfully Opened [GoogleChrome]. @16-02-2021 01:41:08.0980 AM
[ReportManager] Target URL: [https://the-internet.herokuapp.com/] @16-02-2021 01:41:08.0991 AM
[ReportManager] Initial URL: [data:,] @16-02-2021 01:41:09.0032 AM
[ReportManager] Browser Action [navigateToURL] successfully performed. With the following test data [https://the-internet.herokuapp.com/]. @16-02-2021 01:41:09.0448 A

################################################################################################################################################
Starting Execution:	[49 out of 134] test cases in the current suite
Test Method:		[testPackage01.Test_NewValidationActions.f9]
################################################################################################################################################
[ReportManager] AssertElementExists FAILED; Expected [Element Should Exist, locator 'By.tagName: h3'] and Actual [Element Doesn't Exists]. Comparison Type [EQUALS]. Validation Type [POSITIVE]. @16-02-2021 01:41:09.0688 AM
[ReportManager] Successfully created attachment [Screenshot - 1613439669620_f9_AssertElementExists_failed] @16-02-2021 01:41:09.0689 A
[ReportManager] Successfully created attachment [Selenium WebDriver Logs - server] @16-02-2021 01:41:09.0703 AM
[ReportManager] Successfully created attachment [Selenium WebDriver Logs - performance] @16-02-2021 01:41:09.0725 AM
[ReportManager] Successfully created attachment [Selenium WebDriver Logs - browser] @16-02-2021 01:41:09.0735 AM
[ReportManager] Successfully created attachment [Selenium WebDriver Logs - driver] @16-02-2021 01:41:09.0784 AM
[ReportManager] Successfully Closed All Browsers. @16-02-2021 01:41:09.0866 A

################################################################################################################################################
Starting Execution:	[50 out of 134] test cases in the current suite
Test Method:		[testPackage01.Test_NewValidationActions.forceFail]
################################################################################################################################################
[ReportManager] AssertFail FAILED; Expected [null] and Actual [null]. @16-02-2021 01:41:09.0874 A

################################################################################################################################################
Starting Execution:	[51 out of 134] test cases in the current suite
Test Method:		[testPackage01.Test_NewValidationActions.forceFail2]
################################################################################################################################################
[ReportManager] Custom Message... @16-02-2021 01:41:09.0878 AM
[ReportManager] AssertFail FAILED; Expected [null] and Actual [null]. @16-02-2021 01:41:09.0878 A
[ReportManager] File Action [getAbsolutePath] successfully performed. With the following test data [Relative Folder Path: "target/downloadedFiles/"]. @16-02-2021 01:41:09.0882 AM
[ReportManager] Attempting to run remotely on: [Linux-64], [GoogleChrome], [http://localhost:4444/wd/hub], Headless Execution. @16-02-2021 01:41:09.0882 AM
[ReportManager] Successfully Opened [GoogleChrome]. @16-02-2021 01:41:10.0113 A

################################################################################################################################################
Starting Execution:	[52 out of 134] test cases in the current suite
Test Method:		[testPackage01.Test_dragAndDrop.dragAndDropJquery]
################################################################################################################################################
[ReportManager] Target URL: [https://jqueryui.com/resources/demos/droppable/default.html] @16-02-2021 01:41:10.0132 AM
[ReportManager] Initial URL: [data:,] @16-02-2021 01:41:10.0192 AM
[ReportManager] Browser Action [navigateToURL] successfully performed. With the following test data [https://jqueryui.com/resources/demos/droppable/default.html]. @16-02-2021 01:41:10.0564 AM
[ReportManager] Element Action [getText] successfully performed. With the following test data [Drop here]. @16-02-2021 01:41:10.0680 AM
[ReportManager] Element Action [dragAndDrop] successfully performed. With the following test data [Start point: (8, 18), End point: (8, 18)]. @16-02-2021 01:41:12.0031 AM
[ReportManager] Element Action [getText] successfully performed. With the following test data [Dropped!]. @16-02-2021 01:41:12.0121 AM
[ReportManager] Checking to see if the text has changed after performing drag and drop... @16-02-2021 01:41:12.0122 AM
[ReportManager] AssertEquals PASSED; Expected [Drop here] and Actual [Dropped!]. Comparison Type [EQUALS]. Validation Type [NEGATIVE]. @16-02-2021 01:41:12.0122 A
[ReportManager] Successfully created attachment [Selenium WebDriver Logs - server] @16-02-2021 01:41:12.0189 AM
[ReportManager] Successfully created attachment [Selenium WebDriver Logs - performance] @16-02-2021 01:41:12.0205 AM
[ReportManager] Successfully created attachment [Selenium WebDriver Logs - driver] @16-02-2021 01:41:12.0281 AM
[ReportManager] Browser Action [closeCurrentWindow] successfully performed. @16-02-2021 01:41:12.0304 AM
[ReportManager] Successfully created attachment [Browser Action Test Data - closeCurrentWindow - Actual Value] @16-02-2021 01:41:12.0305 A
[ReportManager] File Action [getAbsolutePath] successfully performed. With the following test data [Relative Folder Path: "target/downloadedFiles/"]. @16-02-2021 01:41:12.0307 AM
[ReportManager] Attempting to run remotely on: [Linux-64], [GoogleChrome], [http://localhost:4444/wd/hub], Headless Execution. @16-02-2021 01:41:12.0308 AM
[ReportManager] Successfully Opened [GoogleChrome]. @16-02-2021 01:41:12.0530 A

################################################################################################################################################
Starting Execution:	[53 out of 134] test cases in the current suite
Test Method:		[testPackage01.Test_dragAndDrop.dragAndDrop]
Test Description:	[TC001 - Test Drag and Drop function.]
################################################################################################################################################
[ReportManager] Target URL: [http://the-internet.herokuapp.com/drag_and_drop] @16-02-2021 01:41:12.0581 AM
[ReportManager] Initial URL: [data:,] @16-02-2021 01:41:12.0624 AM
[ReportManager] Browser Action [navigateToURL] successfully performed. With the following test data [http://the-internet.herokuapp.com/drag_and_drop]. @16-02-2021 01:41:12.0971 AM
[ReportManager] Attempting Drag and Drop @16-02-2021 01:41:12.0971 AM
[ReportManager] Element Action [dragAndDrop] successfully performed. With the following test data [Start point: (32, 89), End point: (247, 89)]. @16-02-2021 01:41:14.0226 A
[ReportManager] Successfully created attachment [Selenium WebDriver Logs - server] @16-02-2021 01:41:14.0280 AM
[ReportManager] Successfully created attachment [Selenium WebDriver Logs - performance] @16-02-2021 01:41:14.0307 AM
[ReportManager] Successfully created attachment [Selenium WebDriver Logs - browser] @16-02-2021 01:41:14.0314 AM
[ReportManager] Successfully created attachment [Selenium WebDriver Logs - driver] @16-02-2021 01:41:14.0378 AM
[ReportManager] Browser Action [closeCurrentWindow] successfully performed. @16-02-2021 01:41:14.0433 AM
[ReportManager] Successfully created attachment [Browser Action Test Data - closeCurrentWindow - Actual Value] @16-02-2021 01:41:14.0434 A
[ReportManager] File Action [getAbsolutePath] successfully performed. With the following test data [Relative Folder Path: "target/downloadedFiles/"]. @16-02-2021 01:41:14.0436 AM
[ReportManager] Attempting to run remotely on: [Linux-64], [GoogleChrome], [http://localhost:4444/wd/hub], Headless Execution. @16-02-2021 01:41:14.0436 AM
[ReportManager] Successfully Opened [GoogleChrome]. @16-02-2021 01:41:14.0665 A

################################################################################################################################################
Starting Execution:	[54 out of 134] test cases in the current suite
Test Method:		[testPackage01.Test_dragAndDrop.dragAndDropByOffset]
Test Description:	[TC002 - Test Drag and Drop by offset function.]
################################################################################################################################################
[ReportManager] Target URL: [https://jqueryui.com/resources/demos/draggable/default.html] @16-02-2021 01:41:14.0678 AM
[ReportManager] Initial URL: [data:,] @16-02-2021 01:41:14.0725 AM
[ReportManager] Browser Action [navigateToURL] successfully performed. With the following test data [https://jqueryui.com/resources/demos/draggable/default.html]. @16-02-2021 01:41:15.0070 AM
[ReportManager] Element Action [dragAndDropByOffset] successfully performed. With the following test data [Start point: (8, 8), End point: (1008, 108)]. @16-02-2021 01:41:15.0258 A
[ReportManager] Successfully created attachment [Selenium WebDriver Logs - server] @16-02-2021 01:41:15.0321 AM
[ReportManager] Successfully created attachment [Selenium WebDriver Logs - performance] @16-02-2021 01:41:15.0334 AM
[ReportManager] Successfully created attachment [Selenium WebDriver Logs - driver] @16-02-2021 01:41:15.0385 AM
[ReportManager] Browser Action [closeCurrentWindow] successfully performed. @16-02-2021 01:41:15.0441 AM
[ReportManager] Successfully created attachment [Browser Action Test Data - closeCurrentWindow - Actual Value] @16-02-2021 01:41:15.0442 A

################################################################################################################################################
Starting Execution:	[55 out of 134] test cases in the current suite
Test Method:		[testPackage01.Test_SelectedValue.multipleSelect]
################################################################################################################################################
[ReportManager] File Action [getAbsolutePath] successfully performed. With the following test data [Relative Folder Path: "target/downloadedFiles/"]. @16-02-2021 01:41:15.0449 AM
[ReportManager] Attempting to run remotely on: [Linux-64], [GoogleChrome], [http://localhost:4444/wd/hub], Headless Execution. @16-02-2021 01:41:15.0449 AM
[ReportManager] Successfully Opened [GoogleChrome]. @16-02-2021 01:41:15.0665 AM
[ReportManager] Target URL: [https://mdn.mozillademos.org/en-US/docs/Web/HTML/Element/select$samples/Advanced_select_with_multiple_features?revision=1612304] @16-02-2021 01:41:15.0685 AM
[ReportManager] Initial URL: [data:,] @16-02-2021 01:41:15.0737 AM
[ReportManager] Browser Action [navigateToURL] successfully performed. With the following test data [https://mdn.mozillademos.org/en-US/docs/Web/HTML/Element/select$samples/Advanced_select_with_multiple_features?revision=1612304]. @16-02-2021 01:41:16.0230 AM
[ReportManager] Element Action [select] successfully performed. With the following test data [Dog]. @16-02-2021 01:41:16.0497 AM
[ReportManager] Element Action [select] successfully performed. With the following test data [Cat]. @16-02-2021 01:41:16.0755 AM
[ReportManager] Element Action [getSelectedText] successfully performed. With the following test data [DogCat]. @16-02-2021 01:41:16.0934 AM
[ReportManager] DogCat @16-02-2021 01:41:16.0934 AM
[ReportManager] Element Action [getSelectedText] successfully performed. With the following test data [DogCat]. @16-02-2021 01:41:17.0094 AM
[ReportManager] Loaded Shared OpenCV @16-02-2021 01:41:17.0232 AM
[ReportManager] AssertElementAttribute PASSED; Expected [Value Should be 'DogCat' for the 'selectedText' attribute, element locator 'By.tagName: select'] and Actual [DogCat]. Comparison Type [EQUALS]. Validation Type [POSITIVE]. @16-02-2021 01:41:17.0308 AM
[ReportManager] Successfully created attachment [Screenshot - 1613439677232_multipleSelect_AssertElementAttribute_passed] @16-02-2021 01:41:17.0309 AM
[ReportManager] Successfully created attachment [Selenium WebDriver Logs - server] @16-02-2021 01:41:17.0354 AM
[ReportManager] Successfully created attachment [Selenium WebDriver Logs - performance] @16-02-2021 01:41:17.0362 AM
[ReportManager] Successfully created attachment [Selenium WebDriver Logs - driver] @16-02-2021 01:41:17.0442 AM
[ReportManager] Browser Action [closeCurrentWindow] successfully performed. @16-02-2021 01:41:17.0498 AM
[ReportManager] Successfully created attachment [Browser Action Test Data - closeCurrentWindow - Actual Value] @16-02-2021 01:41:17.0498 A

################################################################################################################################################
Starting Execution:	[56 out of 134] test cases in the current suite
Test Method:		[testPackage01.Test_SelectedValue.simpleSelect]
################################################################################################################################################
[ReportManager] File Action [getAbsolutePath] successfully performed. With the following test data [Relative Folder Path: "target/downloadedFiles/"]. @16-02-2021 01:41:17.0509 AM
[ReportManager] Attempting to run remotely on: [Linux-64], [GoogleChrome], [http://localhost:4444/wd/hub], Headless Execution. @16-02-2021 01:41:17.0509 AM
[ReportManager] Successfully Opened [GoogleChrome]. @16-02-2021 01:41:17.0732 AM
[ReportManager] Target URL: [https://mdn.mozillademos.org/en-US/docs/Web/HTML/Element/select$samples/Basic_select?revision=1612304] @16-02-2021 01:41:17.0744 AM
[ReportManager] Initial URL: [data:,] @16-02-2021 01:41:17.0787 AM
[ReportManager] Browser Action [navigateToURL] successfully performed. With the following test data [https://mdn.mozillademos.org/en-US/docs/Web/HTML/Element/select$samples/Basic_select?revision=1612304]. @16-02-2021 01:41:18.0316 AM
[ReportManager] Element Action [select] successfully performed. With the following test data [Third Value]. @16-02-2021 01:41:18.0602 AM
[ReportManager] Element Action [getSelectedText] successfully performed. With the following test data [Third Value]. @16-02-2021 01:41:18.0743 AM
[ReportManager] Third Value @16-02-2021 01:41:18.0743 AM
[ReportManager] Element Action [getSelectedText] successfully performed. With the following test data [Third Value]. @16-02-2021 01:41:18.0872 AM
[ReportManager] Loaded Shared OpenCV @16-02-2021 01:41:18.0981 AM
[ReportManager] AssertElementAttribute PASSED; Expected [Value Should be 'Third Value' for the 'selectedText' attribute, element locator 'By.tagName: select'] and Actual [Third Value]. Comparison Type [EQUALS]. Validation Type [POSITIVE]. @16-02-2021 01:41:19.0048 AM
[ReportManager] Successfully created attachment [Screenshot - 1613439678981_simpleSelect_AssertElementAttribute_passed] @16-02-2021 01:41:19.0048 AM
[ReportManager] Successfully created attachment [Selenium WebDriver Logs - server] @16-02-2021 01:41:19.0088 AM
[ReportManager] Successfully created attachment [Selenium WebDriver Logs - performance] @16-02-2021 01:41:19.0096 AM
[ReportManager] Successfully created attachment [Selenium WebDriver Logs - driver] @16-02-2021 01:41:19.0160 AM
[ReportManager] Browser Action [closeCurrentWindow] successfully performed. @16-02-2021 01:41:19.0216 AM
[ReportManager] Successfully created attachment [Browser Action Test Data - closeCurrentWindow - Actual Value] @16-02-2021 01:41:19.0216 A

################################################################################################################################################
Starting Execution:	[57 out of 134] test cases in the current suite
Test Method:		[testPackage01.Test_JsonCompareWithSpecialCharacters.specialCharacters]
################################################################################################################################################
[ReportManager] File Action [getAbsolutePath] successfully performed. With the following test data [Relative Folder Path: "src/test/resources/TestJsonFiles/specialCharacters.json"]. @16-02-2021 01:41:19.0703 AM
[ReportManager] File Action [readFromFile] successfully performed. With the following test data [File Path: "/home/runner/work/SHAFT_ENGINE/SHAFT_ENGINE/src/test/resources/TestJsonFiles/specialCharacters.json"]. @16-02-2021 01:41:19.0705 AM
[ReportManager] Successfully created attachment [File Action Actual Result - Command Log] @16-02-2021 01:41:19.0705 AM
[ReportManager] Comparing the provided API response with the file at this path "src/test/resources/TestJsonFiles/specialCharacters.json", comparison type "EQUALS" @16-02-2021 01:41:20.0209 AM
[ReportManager] API Action [compareJSON] successfully performed. With the following test data [src/test/resources/TestJsonFiles/specialCharacters.json]. @16-02-2021 01:41:20.0343 AM
[ReportManager] File Action [getAbsolutePath] successfully performed. With the following test data [Relative Folder Path: "src/test/resources/TestJsonFiles/specialCharacters.json"]. @16-02-2021 01:41:20.0343 AM
[ReportManager] File Action [readFromFile] successfully performed. With the following test data [File Path: "/home/runner/work/SHAFT_ENGINE/SHAFT_ENGINE/src/test/resources/TestJsonFiles/specialCharacters.json"]. @16-02-2021 01:41:20.0344 AM
[ReportManager] VerifyJSONFileContent PASSED; Expected [Response data should match the JSON File in this path 'src/test/resources/TestJsonFiles/specialCharacters.json'] and Actual [TRUE]. Comparison Type [EQUALS]. Validation Type [POSITIVE]. @16-02-2021 01:41:20.0351 AM
[ReportManager] Successfully created attachment [Validation Test Data - Expected JSON Value] @16-02-2021 01:41:20.0608 AM
[ReportManager] Successfully created attachment [Validation Test Data - Actual JSON Value] @16-02-2021 01:41:20.0609 A

################################################################################################################################################
Starting Execution:	[58 out of 134] test cases in the current suite
Test Method:		[testPackage01.Test_JsonCompareWithSpecialCharacters.specialCharacters_assertion]
################################################################################################################################################
[ReportManager] File Action [getAbsolutePath] successfully performed. With the following test data [Relative Folder Path: "src/test/resources/TestJsonFiles/specialCharacters.json"]. @16-02-2021 01:41:20.0617 AM
[ReportManager] File Action [readFromFile] successfully performed. With the following test data [File Path: "/home/runner/work/SHAFT_ENGINE/SHAFT_ENGINE/src/test/resources/TestJsonFiles/specialCharacters.json"]. @16-02-2021 01:41:20.0617 AM
[ReportManager] Successfully created attachment [File Action Actual Result - Command Log] @16-02-2021 01:41:20.0618 AM
[ReportManager] trying out the log message... @16-02-2021 01:41:20.0618 AM
[ReportManager] Comparing the provided API response with the file at this path "src/test/resources/TestJsonFiles/specialCharacters.json", comparison type "CONTAINS" @16-02-2021 01:41:20.0618 AM
[ReportManager] API Action [compareJSON] successfully performed. With the following test data [src/test/resources/TestJsonFiles/specialCharacters.json]. @16-02-2021 01:41:20.0656 AM
[ReportManager] File Action [getAbsolutePath] successfully performed. With the following test data [Relative Folder Path: "src/test/resources/TestJsonFiles/specialCharacters.json"]. @16-02-2021 01:41:20.0656 AM
[ReportManager] File Action [readFromFile] successfully performed. With the following test data [File Path: "/home/runner/work/SHAFT_ENGINE/SHAFT_ENGINE/src/test/resources/TestJsonFiles/specialCharacters.json"]. @16-02-2021 01:41:20.0657 AM
[ReportManager] AssertJSONFileContent PASSED; Expected [Response data should match the JSON File in this path 'src/test/resources/TestJsonFiles/specialCharacters.json'] and Actual [TRUE]. Comparison Type [CONTAINS]. Validation Type [POSITIVE]. @16-02-2021 01:41:20.0664 AM
[ReportManager] Successfully created attachment [Validation Test Data - Expected JSON Value] @16-02-2021 01:41:20.0665 AM
[ReportManager] Successfully created attachment [Validation Test Data - Actual JSON Value] @16-02-2021 01:41:20.0666 A

################################################################################################################################################
Starting Execution:	[59 out of 134] test cases in the current suite
Test Method:		[testPackage01.Test_JSONFileManager.readStringFromJson]
################################################################################################################################################
[ReportManager] Successfully loaded the following test data file [src/test/resources/TestDataFiles/simpleJSON.json]. @16-02-2021 01:41:20.0675 AM
[ReportManager] Successfully created attachment [Test Data - JSON] @16-02-2021 01:41:20.0675 AM
[ReportManager] AssertEquals PASSED; Expected [Mohab Mohie] and Actual [Mohab Mohie]. Comparison Type [EQUALS]. Validation Type [POSITIVE]. @16-02-2021 01:41:21.0418 A

################################################################################################################################################
Starting Execution:	[60 out of 134] test cases in the current suite
Test Method:		[testPackage01.Test_testData.f]
################################################################################################################################################
[ReportManager] Successfully loaded the following test data file [src/test/resources/TestDataFiles/testSuite01/TestData.xlsx]. @16-02-2021 01:41:21.0450 AM
[ReportManager] Successfully created attachment [Test Data - Excel] @16-02-2021 01:41:21.0450 AM
[ReportManager] Last Column Number is: [3]. Zero-based. @16-02-2021 01:41:21.0451 A
[ReportManager] File Action [getAbsolutePath] successfully performed. With the following test data [Relative Folder Path: "target/downloadedFiles/"]. @16-02-2021 01:41:21.0454 AM
[ReportManager] Attempting to run remotely on: [Linux-64], [GoogleChrome], [http://localhost:4444/wd/hub], Headless Execution. @16-02-2021 01:41:21.0454 AM
[ReportManager] Successfully Opened [GoogleChrome]. @16-02-2021 01:41:21.0767 A

################################################################################################################################################
Starting Execution:	[61 out of 134] test cases in the current suite
Test Method:		[testPackage01.Test_uploadFile.uploadFile_invisibleUploadInput]
################################################################################################################################################
[ReportManager] Target URL: [https://fineuploader.com/demos.html#gallery-view] @16-02-2021 01:41:21.0791 AM
[ReportManager] Initial URL: [data:,] @16-02-2021 01:41:21.0848 AM
[ReportManager] Browser Action [navigateToURL] successfully performed. With the following test data [https://fineuploader.com/demos.html#gallery-view]. @16-02-2021 01:41:23.0796 AM
[ReportManager] File Action [getAbsolutePath] successfully performed. With the following test data [Relative File Path: "src/main/resources/images/shaft.png"]. @16-02-2021 01:41:23.0796 AM
[ReportManager] Successfully created attachment [File Action Actual Result - Command Log] @16-02-2021 01:41:23.0796 AM
[ReportManager] Element Action [typeFileLocationForUpload] successfully performed. With the following test data [/home/runner/work/SHAFT_ENGINE/SHAFT_ENGINE/src/main/resources/images/shaft.png]. @16-02-2021 01:41:24.0018 AM
[ReportManager] Attempting to getAttribute [src] from elementLocator [By.xpath: //div[@id='fine-uploader-gallery']//div[@class='qq-thumbnail-wrapper']/img]. @16-02-2021 01:41:24.0018 AM
[ReportManager] Element Action [getAttribute] successfully performed. @16-02-2021 01:41:24.0160 AM
[ReportManager] Successfully created attachment [Element Action Test Data - getAttribute - Actual Value] @16-02-2021 01:41:24.0161 AM
[ReportManager] Loaded Shared OpenCV @16-02-2021 01:41:24.0297 AM
[ReportManager] AssertElementAttribute PASSED; Expected and Actual values are attached. Comparison Type [CONTAINS]. Validation Type [POSITIVE]. @16-02-2021 01:41:24.0414 AM
[ReportManager] Successfully created attachment [Validation Test Data - Expected Value] @16-02-2021 01:41:24.0414 AM
[ReportManager] Successfully created attachment [Validation Test Data - Actual Value] @16-02-2021 01:41:24.0414 AM
[ReportManager] Successfully created attachment [Screenshot - 1613439684297_uploadFile_invisibleUploadInput_AssertElementAttribute_passed] @16-02-2021 01:41:24.0415 A
[ReportManager] Successfully created attachment [Selenium WebDriver Logs - server] @16-02-2021 01:41:24.0511 AM
[ReportManager] Successfully created attachment [Selenium WebDriver Logs - performance] @16-02-2021 01:41:24.0586 AM
[ReportManager] Successfully created attachment [Selenium WebDriver Logs - browser] @16-02-2021 01:41:24.0594 AM
[ReportManager] Successfully created attachment [Selenium WebDriver Logs - driver] @16-02-2021 01:41:24.0714 AM
[ReportManager] Browser Action [closeCurrentWindow] successfully performed. @16-02-2021 01:41:24.0771 AM
[ReportManager] Successfully created attachment [Browser Action Test Data - closeCurrentWindow - Actual Value] @16-02-2021 01:41:24.0772 A
[ReportManager] File Action [getAbsolutePath] successfully performed. With the following test data [Relative Folder Path: "target/downloadedFiles/"]. @16-02-2021 01:41:24.0786 AM
[ReportManager] Attempting to run remotely on: [Linux-64], [GoogleChrome], [http://localhost:4444/wd/hub], Headless Execution. @16-02-2021 01:41:24.0786 AM
[ReportManager] Successfully Opened [GoogleChrome]. @16-02-2021 01:41:24.0995 A

################################################################################################################################################
Starting Execution:	[62 out of 134] test cases in the current suite
Test Method:		[testPackage01.Test_uploadFile.uploadFile_visibleUploadInput]
################################################################################################################################################
[ReportManager] Target URL: [http://demo.guru99.com/test/upload/] @16-02-2021 01:41:25.0046 AM
[ReportManager] Initial URL: [data:,] @16-02-2021 01:41:25.0091 AM
[ReportManager] Browser Action [navigateToURL] successfully performed. With the following test data [http://demo.guru99.com/test/upload/]. @16-02-2021 01:41:26.0376 AM
[ReportManager] File Action [getAbsolutePath] successfully performed. With the following test data [Relative File Path: "src/main/resources/images/shaft.png"]. @16-02-2021 01:41:26.0377 AM
[ReportManager] Successfully created attachment [File Action Actual Result - Command Log] @16-02-2021 01:41:26.0377 AM
[ReportManager] Element Action [typeFileLocationForUpload] successfully performed. With the following test data [/home/runner/work/SHAFT_ENGINE/SHAFT_ENGINE/src/main/resources/images/shaft.png]. @16-02-2021 01:41:26.0526 AM
[ReportManager] Element Action [click] successfully performed. With the following test data [on]. @16-02-2021 01:41:26.0919 AM
[ReportManager] Element Action [click] successfully performed. With the following test data [Submit File]. @16-02-2021 01:41:27.0287 AM
[ReportManager] Element Action [getText] successfully performed. With the following test data [1 file
has been successfully uploaded.]. @16-02-2021 01:41:27.0937 AM
[ReportManager] Loaded Shared OpenCV @16-02-2021 01:41:28.0090 AM
[ReportManager] AssertElementAttribute PASSED; Expected [Value Should be '1 file' for the 'Text' attribute, element locator 'By.id: res'] and Actual [1 file
has been successfully uploaded.]. Comparison Type [CONTAINS]. Validation Type [POSITIVE]. @16-02-2021 01:41:28.0179 AM
[ReportManager] Successfully created attachment [Screenshot - 1613439688090_uploadFile_visibleUploadInput_AssertElementAttribute_passed] @16-02-2021 01:41:28.0180 A
[ReportManager] Successfully created attachment [Selenium WebDriver Logs - server] @16-02-2021 01:41:28.0263 AM
[ReportManager] Successfully created attachment [Selenium WebDriver Logs - performance] @16-02-2021 01:41:28.0338 AM
[ReportManager] Successfully created attachment [Selenium WebDriver Logs - browser] @16-02-2021 01:41:28.0345 AM
[ReportManager] Successfully created attachment [Selenium WebDriver Logs - driver] @16-02-2021 01:41:28.0509 AM
[ReportManager] Browser Action [closeCurrentWindow] successfully performed. @16-02-2021 01:41:28.0565 AM
[ReportManager] Successfully created attachment [Browser Action Test Data - closeCurrentWindow - Actual Value] @16-02-2021 01:41:28.0565 A

################################################################################################################################################
Starting Execution:	[63 out of 134] test cases in the current suite
Test Method:		[testPackage01.Test_chainableElementActions.chainElementActions]
################################################################################################################################################
[ReportManager] File Action [getAbsolutePath] successfully performed. With the following test data [Relative Folder Path: "target/downloadedFiles/"]. @16-02-2021 01:41:28.0576 AM
[ReportManager] Attempting to run remotely on: [Linux-64], [GoogleChrome], [http://localhost:4444/wd/hub], Headless Execution. @16-02-2021 01:41:28.0577 AM
[ReportManager] Successfully Opened [GoogleChrome]. @16-02-2021 01:41:28.0796 AM
[ReportManager] Target URL: [https://www.google.com/ncr], and after redirection: [https://www.google.com] @16-02-2021 01:41:28.0807 AM
[ReportManager] Initial URL: [data:,] @16-02-2021 01:41:28.0860 AM
[ReportManager] Browser Action [navigateToURL] successfully performed. With the following test data [https://www.google.com/ncr]. @16-02-2021 01:41:29.0626 AM
[ReportManager] Element Action [type] successfully performed. With the following test data [chained type 1]. @16-02-2021 01:41:30.0254 AM
[ReportManager] Element Action [type] successfully performed. With the following test data [chained type 2]. @16-02-2021 01:41:30.0851 AM
[ReportManager] Element Action [typeAppend] successfully performed. With the following test data [345]. @16-02-2021 01:41:30.0989 AM
[ReportManager] Element Action [getText] successfully performed. With the following test data [chained type 2345]. @16-02-2021 01:41:31.0115 AM
[ReportManager] Loaded Shared OpenCV @16-02-2021 01:41:31.0241 AM
[ReportManager] AssertElementAttribute PASSED; Expected [Value Should be 'chained type 2345' for the 'text' attribute, element locator 'By.name: q'] and Actual [chained type 2345]. Comparison Type [EQUALS]. Validation Type [POSITIVE]. @16-02-2021 01:41:31.0312 AM
[ReportManager] Successfully created attachment [Screenshot - 1613439691241_chainElementActions_AssertElementAttribute_passed] @16-02-2021 01:41:31.0313 AM
[ReportManager] Successfully created attachment [Selenium WebDriver Logs - server] @16-02-2021 01:41:31.0379 AM
[ReportManager] Successfully created attachment [Selenium WebDriver Logs - performance] @16-02-2021 01:41:31.0498 AM
[ReportManager] Successfully created attachment [Selenium WebDriver Logs - driver] @16-02-2021 01:41:31.0677 AM
[ReportManager] Browser Action [closeCurrentWindow] successfully performed. @16-02-2021 01:41:31.0739 AM
[ReportManager] Successfully created attachment [Browser Action Test Data - closeCurrentWindow - Actual Value] @16-02-2021 01:41:31.0741 A

################################################################################################################################################
Starting Execution:	[64 out of 134] test cases in the current suite
Test Method:		[testPackage01.Test_JsonActions.f]
###############################################################################################################################################

################################################################################################################################################
Starting Execution:	[65 out of 134] test cases in the current suite
Test Method:		[testPackage01.Test_JsonActions.f2]
###############################################################################################################################################
[ReportManager] File Action [getAbsolutePath] successfully performed. With the following test data [Relative Folder Path: "target/downloadedFiles/"]. @16-02-2021 01:41:31.0822 AM
[ReportManager] Attempting to run remotely on: [Linux-64], [GoogleChrome], [http://localhost:4444/wd/hub], Headless Execution. @16-02-2021 01:41:31.0823 AM
[ReportManager] Successfully Opened [GoogleChrome]. @16-02-2021 01:41:32.0099 A

################################################################################################################################################
Starting Execution:	[66 out of 134] test cases in the current suite
Test Method:		[testPackage01.Test_clipboardActions.typeTextAndCopyPaste]
################################################################################################################################################
[ReportManager] Target URL: [https://www.google.com/ncr], and after redirection: [https://www.google.com] @16-02-2021 01:41:32.0113 AM
[ReportManager] Initial URL: [data:,] @16-02-2021 01:41:32.0165 AM
[ReportManager] Browser Action [navigateToURL] successfully performed. With the following test data [https://www.google.com/ncr]. @16-02-2021 01:41:32.0901 AM
[ReportManager] Element Action [type] successfully performed. With the following test data [FIRST]. @16-02-2021 01:41:33.0363 AM
[ReportManager] Element Action [clipboardActions] successfully performed. With the following test data [select all]. @16-02-2021 01:41:33.0474 AM
[ReportManager] Element Action [clipboardActions] successfully performed. With the following test data [copy]. @16-02-2021 01:41:33.0562 AM
[ReportManager] Element Action [clipboardActions] successfully performed. With the following test data [unselect]. @16-02-2021 01:41:33.0627 AM
[ReportManager] Element Action [clipboardActions] successfully performed. With the following test data [paste]. @16-02-2021 01:41:33.0728 AM
[ReportManager] Element Action [clipboardActions] successfully performed. With the following test data [select all]. @16-02-2021 01:41:33.0869 AM
[ReportManager] Element Action [clipboardActions] successfully performed. With the following test data [cut]. @16-02-2021 01:41:33.0978 AM
[ReportManager] Element Action [clipboardActions] successfully performed. With the following test data [paste]. @16-02-2021 01:41:34.0079 AM
[ReportManager] Element Action [clipboardActions] successfully performed. With the following test data [paste]. @16-02-2021 01:41:34.0168 A
[ReportManager] Successfully created attachment [Selenium WebDriver Logs - server] @16-02-2021 01:41:34.0274 AM
[ReportManager] Successfully created attachment [Selenium WebDriver Logs - performance] @16-02-2021 01:41:34.0336 AM
[ReportManager] Successfully created attachment [Selenium WebDriver Logs - driver] @16-02-2021 01:41:34.0485 AM
[ReportManager] Browser Action [closeCurrentWindow] successfully performed. @16-02-2021 01:41:34.0541 AM
[ReportManager] Successfully created attachment [Browser Action Test Data - closeCurrentWindow - Actual Value] @16-02-2021 01:41:34.0547 A
[ReportManager] File Action [getAbsolutePath] successfully performed. With the following test data [Relative Folder Path: "target/downloadedFiles/"]. @16-02-2021 01:41:34.0548 AM
[ReportManager] Attempting to run remotely on: [Linux-64], [GoogleChrome], [http://localhost:4444/wd/hub], Headless Execution. @16-02-2021 01:41:34.0548 AM
[ReportManager] Successfully Opened [GoogleChrome]. @16-02-2021 01:41:34.0767 A

################################################################################################################################################
Starting Execution:	[67 out of 134] test cases in the current suite
Test Method:		[testPackage01.Test_IsElementClickable.testIsElementClickable]
################################################################################################################################################
[ReportManager] Target URL: [https://the-internet.herokuapp.com/] @16-02-2021 01:41:34.0783 AM
[ReportManager] Initial URL: [data:,] @16-02-2021 01:41:34.0822 AM
[ReportManager] Browser Action [navigateToURL] successfully performed. With the following test data [https://the-internet.herokuapp.com/]. @16-02-2021 01:41:35.0186 AM
[ReportManager] Element Action [isElementClickable] successfully performed. @16-02-2021 01:41:35.0332 AM
[ReportManager] AssertTrue PASSED; Expected [TRUE] and Actual [TRUE]. Validation Type [POSITIVE]. @16-02-2021 01:41:35.0332 A
[ReportManager] Successfully created attachment [Selenium WebDriver Logs - server] @16-02-2021 01:41:35.0393 AM
[ReportManager] Successfully created attachment [Selenium WebDriver Logs - performance] @16-02-2021 01:41:35.0414 AM
[ReportManager] Successfully created attachment [Selenium WebDriver Logs - browser] @16-02-2021 01:41:35.0421 AM
[ReportManager] Successfully created attachment [Selenium WebDriver Logs - driver] @16-02-2021 01:41:35.0477 AM
[ReportManager] Browser Action [closeCurrentWindow] successfully performed. @16-02-2021 01:41:35.0534 AM
[ReportManager] Successfully created attachment [Browser Action Test Data - closeCurrentWindow - Actual Value] @16-02-2021 01:41:35.0534 A
[ReportManager] File Action [getAbsolutePath] successfully performed. With the following test data [Relative Folder Path: "target/downloadedFiles/"]. @16-02-2021 01:41:35.0535 AM
[ReportManager] Attempting to run remotely on: [Linux-64], [GoogleChrome], [http://localhost:4444/wd/hub], Headless Execution. @16-02-2021 01:41:35.0536 AM
[ReportManager] Successfully Opened [GoogleChrome]. @16-02-2021 01:41:35.0831 AM
[ReportManager] Target URL: [https://duckduckgo.com] @16-02-2021 01:41:35.0841 AM
[ReportManager] Initial URL: [data:,] @16-02-2021 01:41:35.0881 AM
[ReportManager] Browser Action [navigateToURL] successfully performed. With the following test data [https://duckduckgo.com]. @16-02-2021 01:41:36.0630 A

################################################################################################################################################
Starting Execution:	[68 out of 134] test cases in the current suite
Test Method:		[unitTests.tests_browserActions.fullScreenWindow]
################################################################################################################################################
[ReportManager] Initial Windows Size: 800x600 @16-02-2021 01:41:36.0644 AM
[ReportManager] Initial window size: (800, 600) @16-02-2021 01:41:36.0647 AM
[ReportManager] Window size after Toolkit: (1920, 1080) @16-02-2021 01:41:36.0869 AM
[ReportManager] Browser Action [maximizeWindow] successfully performed. With the following test data [New screen size is now: (1920, 1080)]. @16-02-2021 01:41:36.0873 AM
[ReportManager] Current Windows Size after fullScreen: 1920x1080 @16-02-2021 01:41:36.0883 AM
[ReportManager] Browser Action [fullScreenWindow] successfully performed. @16-02-2021 01:41:36.0906 AM
[ReportManager] Successfully created attachment [Browser Action Test Data - fullScreenWindow - Actual Value] @16-02-2021 01:41:36.0906 A
[ReportManager] Target URL: [https://duckduckgo.com] @16-02-2021 01:41:36.0909 AM
[ReportManager] Initial URL: [https://duckduckgo.com] @16-02-2021 01:41:36.0961 AM
[ReportManager] Browser Action [navigateToURL] successfully performed. With the following test data [https://duckduckgo.com]. @16-02-2021 01:41:37.0313 AM
[ReportManager] Successfully created attachment [Selenium WebDriver Logs - server] @16-02-2021 01:41:37.0361 AM
[ReportManager] Successfully created attachment [Selenium WebDriver Logs - performance] @16-02-2021 01:41:37.0454 AM
[ReportManager] Successfully created attachment [Selenium WebDriver Logs - driver] @16-02-2021 01:41:37.0587 AM
[ReportManager] Browser Action [closeCurrentWindow] successfully performed. @16-02-2021 01:41:37.0643 AM
[ReportManager] Successfully created attachment [Browser Action Test Data - closeCurrentWindow - Actual Value] @16-02-2021 01:41:37.0643 A
[ReportManager] File Action [getAbsolutePath] successfully performed. With the following test data [Relative Folder Path: "target/downloadedFiles/"]. @16-02-2021 01:41:37.0645 AM
[ReportManager] Attempting to run remotely on: [Linux-64], [GoogleChrome], [http://localhost:4444/wd/hub], Headless Execution. @16-02-2021 01:41:37.0645 AM
[ReportManager] Successfully Opened [GoogleChrome]. @16-02-2021 01:41:37.0869 AM
[ReportManager] Target URL: [https://duckduckgo.com] @16-02-2021 01:41:37.0880 AM
[ReportManager] Initial URL: [data:,] @16-02-2021 01:41:37.0929 AM
[ReportManager] Browser Action [navigateToURL] successfully performed. With the following test data [https://duckduckgo.com]. @16-02-2021 01:41:38.0466 A

################################################################################################################################################
Starting Execution:	[69 out of 134] test cases in the current suite
Test Method:		[unitTests.tests_browserActions.getCurrentURL]
################################################################################################################################################
[ReportManager] Browser Action [getCurrentURL] successfully performed. With the following test data [https://duckduckgo.com/]. @16-02-2021 01:41:38.0545 A
[ReportManager] Target URL: [https://duckduckgo.com] @16-02-2021 01:41:38.0547 AM
[ReportManager] Initial URL: [https://duckduckgo.com] @16-02-2021 01:41:38.0624 AM
[ReportManager] Browser Action [navigateToURL] successfully performed. With the following test data [https://duckduckgo.com]. @16-02-2021 01:41:39.0029 AM
[ReportManager] Successfully created attachment [Selenium WebDriver Logs - server] @16-02-2021 01:41:39.0082 AM
[ReportManager] Successfully created attachment [Selenium WebDriver Logs - performance] @16-02-2021 01:41:39.0179 AM
[ReportManager] Successfully created attachment [Selenium WebDriver Logs - driver] @16-02-2021 01:41:39.0304 AM
[ReportManager] Browser Action [closeCurrentWindow] successfully performed. @16-02-2021 01:41:39.0362 AM
[ReportManager] Successfully created attachment [Browser Action Test Data - closeCurrentWindow - Actual Value] @16-02-2021 01:41:39.0362 A
[ReportManager] File Action [getAbsolutePath] successfully performed. With the following test data [Relative Folder Path: "target/downloadedFiles/"]. @16-02-2021 01:41:39.0364 AM
[ReportManager] Attempting to run remotely on: [Linux-64], [GoogleChrome], [http://localhost:4444/wd/hub], Headless Execution. @16-02-2021 01:41:39.0364 AM
[ReportManager] Successfully Opened [GoogleChrome]. @16-02-2021 01:41:39.0566 AM
[ReportManager] Target URL: [https://duckduckgo.com] @16-02-2021 01:41:39.0578 AM
[ReportManager] Initial URL: [data:,] @16-02-2021 01:41:39.0619 AM
[ReportManager] Browser Action [navigateToURL] successfully performed. With the following test data [https://duckduckgo.com]. @16-02-2021 01:41:40.0138 A

################################################################################################################################################
Starting Execution:	[70 out of 134] test cases in the current suite
Test Method:		[unitTests.tests_browserActions.getCurrentWindowTitle]
################################################################################################################################################
[ReportManager] Browser Action [getCurrentWindowTitle] successfully performed. With the following test data [DuckDuckGo  Privacy, simplified.]. @16-02-2021 01:41:40.0183 A
[ReportManager] Target URL: [https://duckduckgo.com] @16-02-2021 01:41:40.0200 AM
[ReportManager] Initial URL: [https://duckduckgo.com] @16-02-2021 01:41:40.0260 AM
[ReportManager] Browser Action [navigateToURL] successfully performed. With the following test data [https://duckduckgo.com]. @16-02-2021 01:41:40.0599 AM
[ReportManager] Successfully created attachment [Selenium WebDriver Logs - server] @16-02-2021 01:41:40.0653 AM
[ReportManager] Successfully created attachment [Selenium WebDriver Logs - performance] @16-02-2021 01:41:40.0746 AM
[ReportManager] Successfully created attachment [Selenium WebDriver Logs - driver] @16-02-2021 01:41:40.0873 AM
[ReportManager] Browser Action [closeCurrentWindow] successfully performed. @16-02-2021 01:41:40.0929 AM
[ReportManager] Successfully created attachment [Browser Action Test Data - closeCurrentWindow - Actual Value] @16-02-2021 01:41:40.0930 A
[ReportManager] File Action [getAbsolutePath] successfully performed. With the following test data [Relative Folder Path: "target/downloadedFiles/"]. @16-02-2021 01:41:40.0937 AM
[ReportManager] Attempting to run remotely on: [Linux-64], [GoogleChrome], [http://localhost:4444/wd/hub], Headless Execution. @16-02-2021 01:41:40.0938 AM
[ReportManager] Successfully Opened [GoogleChrome]. @16-02-2021 01:41:41.0138 AM
[ReportManager] Target URL: [https://duckduckgo.com] @16-02-2021 01:41:41.0159 AM
[ReportManager] Initial URL: [data:,] @16-02-2021 01:41:41.0196 AM
[ReportManager] Browser Action [navigateToURL] successfully performed. With the following test data [https://duckduckgo.com]. @16-02-2021 01:41:41.0726 A

################################################################################################################################################
Starting Execution:	[71 out of 134] test cases in the current suite
Test Method:		[unitTests.tests_browserActions.getPageSource]
################################################################################################################################################
[ReportManager] Browser Action [getPageSource] successfully performed. @16-02-2021 01:41:41.0786 AM
[ReportManager] Successfully created attachment [Browser Action Test Data - getPageSource - Actual Value] @16-02-2021 01:41:41.0786 A
[ReportManager] Target URL: [https://duckduckgo.com] @16-02-2021 01:41:41.0788 AM
[ReportManager] Initial URL: [https://duckduckgo.com] @16-02-2021 01:41:41.0848 AM
[ReportManager] Browser Action [navigateToURL] successfully performed. With the following test data [https://duckduckgo.com]. @16-02-2021 01:41:42.0185 AM
[ReportManager] Successfully created attachment [Selenium WebDriver Logs - server] @16-02-2021 01:41:42.0255 AM
[ReportManager] Successfully created attachment [Selenium WebDriver Logs - performance] @16-02-2021 01:41:42.0345 AM
[ReportManager] Successfully created attachment [Selenium WebDriver Logs - driver] @16-02-2021 01:41:42.0469 AM
[ReportManager] Browser Action [closeCurrentWindow] successfully performed. @16-02-2021 01:41:42.0526 AM
[ReportManager] Successfully created attachment [Browser Action Test Data - closeCurrentWindow - Actual Value] @16-02-2021 01:41:42.0527 A
[ReportManager] File Action [getAbsolutePath] successfully performed. With the following test data [Relative Folder Path: "target/downloadedFiles/"]. @16-02-2021 01:41:42.0529 AM
[ReportManager] Attempting to run remotely on: [Linux-64], [GoogleChrome], [http://localhost:4444/wd/hub], Headless Execution. @16-02-2021 01:41:42.0529 AM
[ReportManager] Successfully Opened [GoogleChrome]. @16-02-2021 01:41:42.0738 AM
[ReportManager] Target URL: [https://duckduckgo.com] @16-02-2021 01:41:42.0748 AM
[ReportManager] Initial URL: [data:,] @16-02-2021 01:41:42.0784 AM
[ReportManager] Browser Action [navigateToURL] successfully performed. With the following test data [https://duckduckgo.com]. @16-02-2021 01:41:43.0299 A

################################################################################################################################################
Starting Execution:	[72 out of 134] test cases in the current suite
Test Method:		[unitTests.tests_browserActions.getWindowHandle]
################################################################################################################################################
[ReportManager] Browser Action [getWindowHandle] successfully performed. With the following test data [CDwindow-49300901EA43C891E447F91002B6C4BA]. @16-02-2021 01:41:43.0339 A
[ReportManager] Target URL: [https://duckduckgo.com] @16-02-2021 01:41:43.0342 AM
[ReportManager] Initial URL: [https://duckduckgo.com] @16-02-2021 01:41:43.0398 AM
[ReportManager] Browser Action [navigateToURL] successfully performed. With the following test data [https://duckduckgo.com]. @16-02-2021 01:41:43.0840 AM
[ReportManager] Successfully created attachment [Selenium WebDriver Logs - server] @16-02-2021 01:41:43.0899 AM
[ReportManager] Successfully created attachment [Selenium WebDriver Logs - performance] @16-02-2021 01:41:43.0996 AM
[ReportManager] Successfully created attachment [Selenium WebDriver Logs - driver] @16-02-2021 01:41:44.0114 AM
[ReportManager] Browser Action [closeCurrentWindow] successfully performed. @16-02-2021 01:41:44.0172 AM
[ReportManager] Successfully created attachment [Browser Action Test Data - closeCurrentWindow - Actual Value] @16-02-2021 01:41:44.0172 A
[ReportManager] File Action [getAbsolutePath] successfully performed. With the following test data [Relative Folder Path: "target/downloadedFiles/"]. @16-02-2021 01:41:44.0174 AM
[ReportManager] Attempting to run remotely on: [Linux-64], [GoogleChrome], [http://localhost:4444/wd/hub], Headless Execution. @16-02-2021 01:41:44.0174 AM
[ReportManager] Successfully Opened [GoogleChrome]. @16-02-2021 01:41:44.0389 AM
[ReportManager] Target URL: [https://duckduckgo.com] @16-02-2021 01:41:44.0409 AM
[ReportManager] Initial URL: [data:,] @16-02-2021 01:41:44.0451 AM
[ReportManager] Browser Action [navigateToURL] successfully performed. With the following test data [https://duckduckgo.com]. @16-02-2021 01:41:44.0927 A

################################################################################################################################################
Starting Execution:	[73 out of 134] test cases in the current suite
Test Method:		[unitTests.tests_browserActions.getWindowPosition]
################################################################################################################################################
[ReportManager] Browser Action [getWindowPosition] successfully performed. With the following test data [(0, 0)]. @16-02-2021 01:41:44.0991 A
[ReportManager] Target URL: [https://duckduckgo.com] @16-02-2021 01:41:44.0992 AM
[ReportManager] Initial URL: [https://duckduckgo.com] @16-02-2021 01:41:45.0047 AM
[ReportManager] Browser Action [navigateToURL] successfully performed. With the following test data [https://duckduckgo.com]. @16-02-2021 01:41:45.0365 AM
[ReportManager] Successfully created attachment [Selenium WebDriver Logs - server] @16-02-2021 01:41:45.0414 AM
[ReportManager] Successfully created attachment [Selenium WebDriver Logs - performance] @16-02-2021 01:41:45.0515 AM
[ReportManager] Successfully created attachment [Selenium WebDriver Logs - driver] @16-02-2021 01:41:45.0649 AM
[ReportManager] Browser Action [closeCurrentWindow] successfully performed. @16-02-2021 01:41:45.0705 AM
[ReportManager] Successfully created attachment [Browser Action Test Data - closeCurrentWindow - Actual Value] @16-02-2021 01:41:45.0705 A
[ReportManager] File Action [getAbsolutePath] successfully performed. With the following test data [Relative Folder Path: "target/downloadedFiles/"]. @16-02-2021 01:41:45.0707 AM
[ReportManager] Attempting to run remotely on: [Linux-64], [GoogleChrome], [http://localhost:4444/wd/hub], Headless Execution. @16-02-2021 01:41:45.0707 AM
[ReportManager] Successfully Opened [GoogleChrome]. @16-02-2021 01:41:45.0956 AM
[ReportManager] Target URL: [https://duckduckgo.com] @16-02-2021 01:41:45.0966 AM
[ReportManager] Initial URL: [data:,] @16-02-2021 01:41:46.0004 AM
[ReportManager] Browser Action [navigateToURL] successfully performed. With the following test data [https://duckduckgo.com]. @16-02-2021 01:41:46.0490 A

################################################################################################################################################
Starting Execution:	[74 out of 134] test cases in the current suite
Test Method:		[unitTests.tests_browserActions.getWindowSize]
################################################################################################################################################
[ReportManager] Browser Action [getWindowSize] successfully performed. With the following test data [(800, 600)]. @16-02-2021 01:41:46.0544 A
[ReportManager] Target URL: [https://duckduckgo.com] @16-02-2021 01:41:46.0547 AM
[ReportManager] Initial URL: [https://duckduckgo.com] @16-02-2021 01:41:46.0597 AM
[ReportManager] Browser Action [navigateToURL] successfully performed. With the following test data [https://duckduckgo.com]. @16-02-2021 01:41:46.0953 AM
[ReportManager] Successfully created attachment [Selenium WebDriver Logs - server] @16-02-2021 01:41:47.0003 AM
[ReportManager] Successfully created attachment [Selenium WebDriver Logs - performance] @16-02-2021 01:41:47.0092 AM
[ReportManager] Successfully created attachment [Selenium WebDriver Logs - driver] @16-02-2021 01:41:47.0211 AM
[ReportManager] Browser Action [closeCurrentWindow] successfully performed. @16-02-2021 01:41:47.0266 AM
[ReportManager] Successfully created attachment [Browser Action Test Data - closeCurrentWindow - Actual Value] @16-02-2021 01:41:47.0267 A
[ReportManager] File Action [getAbsolutePath] successfully performed. With the following test data [Relative Folder Path: "target/downloadedFiles/"]. @16-02-2021 01:41:47.0269 AM
[ReportManager] Attempting to run remotely on: [Linux-64], [GoogleChrome], [http://localhost:4444/wd/hub], Headless Execution. @16-02-2021 01:41:47.0269 AM
[ReportManager] Successfully Opened [GoogleChrome]. @16-02-2021 01:41:47.0513 AM
[ReportManager] Target URL: [https://duckduckgo.com] @16-02-2021 01:41:47.0524 AM
[ReportManager] Initial URL: [data:,] @16-02-2021 01:41:47.0560 AM
[ReportManager] Browser Action [navigateToURL] successfully performed. With the following test data [https://duckduckgo.com]. @16-02-2021 01:41:48.0057 A

################################################################################################################################################
Starting Execution:	[75 out of 134] test cases in the current suite
Test Method:		[unitTests.tests_browserActions.maximizeWindow]
################################################################################################################################################
[ReportManager] Initial window size: (800, 600) @16-02-2021 01:41:48.0069 AM
[ReportManager] Window size after Toolkit: (1920, 1080) @16-02-2021 01:41:48.0291 AM
[ReportManager] Browser Action [maximizeWindow] successfully performed. With the following test data [New screen size is now: (1920, 1080)]. @16-02-2021 01:41:48.0293 A
[ReportManager] Target URL: [https://duckduckgo.com] @16-02-2021 01:41:48.0296 AM
[ReportManager] Initial URL: [https://duckduckgo.com] @16-02-2021 01:41:48.0364 AM
[ReportManager] Browser Action [navigateToURL] successfully performed. With the following test data [https://duckduckgo.com]. @16-02-2021 01:41:48.0717 AM
[ReportManager] Successfully created attachment [Selenium WebDriver Logs - server] @16-02-2021 01:41:48.0767 AM
[ReportManager] Successfully created attachment [Selenium WebDriver Logs - performance] @16-02-2021 01:41:48.0855 AM
[ReportManager] Successfully created attachment [Selenium WebDriver Logs - driver] @16-02-2021 01:41:48.0985 AM
[ReportManager] Browser Action [closeCurrentWindow] successfully performed. @16-02-2021 01:41:49.0041 AM
[ReportManager] Successfully created attachment [Browser Action Test Data - closeCurrentWindow - Actual Value] @16-02-2021 01:41:49.0042 A
[ReportManager] File Action [getAbsolutePath] successfully performed. With the following test data [Relative Folder Path: "target/downloadedFiles/"]. @16-02-2021 01:41:49.0043 AM
[ReportManager] Attempting to run remotely on: [Linux-64], [GoogleChrome], [http://localhost:4444/wd/hub], Headless Execution. @16-02-2021 01:41:49.0043 AM
[ReportManager] Successfully Opened [GoogleChrome]. @16-02-2021 01:41:49.0260 AM
[ReportManager] Target URL: [https://duckduckgo.com] @16-02-2021 01:41:49.0270 AM
[ReportManager] Initial URL: [data:,] @16-02-2021 01:41:49.0308 AM
[ReportManager] Browser Action [navigateToURL] successfully performed. With the following test data [https://duckduckgo.com]. @16-02-2021 01:41:49.0833 A

################################################################################################################################################
Starting Execution:	[76 out of 134] test cases in the current suite
Test Method:		[unitTests.tests_browserActions.navigateBack]
################################################################################################################################################
[ReportManager] Target URL: [https://www.google.com/ncr], and after redirection: [https://www.google.com] @16-02-2021 01:41:49.0839 AM
[ReportManager] Initial URL: [https://duckduckgo.com] @16-02-2021 01:41:49.0899 AM
[ReportManager] Browser Action [navigateToURL] successfully performed. With the following test data [https://www.google.com/ncr]. @16-02-2021 01:41:50.0644 AM
[ReportManager] Browser Action [navigateBack] successfully performed. With the following test data [https://duckduckgo.com/]. @16-02-2021 01:41:51.0033 AM
[ReportManager] Confirming that navigating back was successful... @16-02-2021 01:41:51.0034 AM
[ReportManager] Browser Action [getCurrentURL] successfully performed. With the following test data [https://duckduckgo.com/]. @16-02-2021 01:41:51.0061 AM
[ReportManager] AssertBrowserAttribute PASSED; Expected [Value Should be 'https://duckduckgo.com' for the 'CurrentUrl' attribute] and Actual [https://duckduckgo.com/]. Comparison Type [CONTAINS]. Validation Type [POSITIVE]. @16-02-2021 01:41:51.0061 A
[ReportManager] Target URL: [https://duckduckgo.com] @16-02-2021 01:41:51.0071 AM
[ReportManager] Initial URL: [https://duckduckgo.com] @16-02-2021 01:41:51.0124 AM
[ReportManager] Browser Action [navigateToURL] successfully performed. With the following test data [https://duckduckgo.com]. @16-02-2021 01:41:51.0443 AM
[ReportManager] Successfully created attachment [Selenium WebDriver Logs - server] @16-02-2021 01:41:51.0490 AM
[ReportManager] Successfully created attachment [Selenium WebDriver Logs - performance] @16-02-2021 01:41:51.0627 AM
[ReportManager] Successfully created attachment [Selenium WebDriver Logs - driver] @16-02-2021 01:41:51.0848 AM
[ReportManager] Browser Action [closeCurrentWindow] successfully performed. @16-02-2021 01:41:51.0903 AM
[ReportManager] Successfully created attachment [Browser Action Test Data - closeCurrentWindow - Actual Value] @16-02-2021 01:41:51.0904 A
[ReportManager] File Action [getAbsolutePath] successfully performed. With the following test data [Relative Folder Path: "target/downloadedFiles/"]. @16-02-2021 01:41:51.0906 AM
[ReportManager] Attempting to run remotely on: [Linux-64], [GoogleChrome], [http://localhost:4444/wd/hub], Headless Execution. @16-02-2021 01:41:51.0907 AM
[ReportManager] Successfully Opened [GoogleChrome]. @16-02-2021 01:41:52.0111 AM
[ReportManager] Target URL: [https://duckduckgo.com] @16-02-2021 01:41:52.0121 AM
[ReportManager] Initial URL: [data:,] @16-02-2021 01:41:52.0171 AM
[ReportManager] Browser Action [navigateToURL] successfully performed. With the following test data [https://duckduckgo.com]. @16-02-2021 01:41:52.0756 A

################################################################################################################################################
Starting Execution:	[77 out of 134] test cases in the current suite
Test Method:		[unitTests.tests_browserActions.navigateForward]
################################################################################################################################################
[ReportManager] Target URL: [https://www.google.com/ncr], and after redirection: [https://www.google.com] @16-02-2021 01:41:52.0798 AM
[ReportManager] Initial URL: [https://duckduckgo.com] @16-02-2021 01:41:52.0854 AM
[ReportManager] Browser Action [navigateToURL] successfully performed. With the following test data [https://www.google.com/ncr]. @16-02-2021 01:41:53.0601 AM
[ReportManager] Browser Action [navigateBack] successfully performed. With the following test data [https://duckduckgo.com/]. @16-02-2021 01:41:53.0941 AM
[ReportManager] Browser Action [navigateForward] successfully performed. With the following test data [https://www.google.com/]. @16-02-2021 01:41:54.0337 A
[ReportManager] Target URL: [https://duckduckgo.com] @16-02-2021 01:41:54.0338 AM
[ReportManager] Initial URL: [https://www.google.com] @16-02-2021 01:41:54.0412 AM
[ReportManager] Browser Action [navigateToURL] successfully performed. With the following test data [https://duckduckgo.com]. @16-02-2021 01:41:54.0855 AM
[ReportManager] Successfully created attachment [Selenium WebDriver Logs - server] @16-02-2021 01:41:54.0902 AM
[ReportManager] Successfully created attachment [Selenium WebDriver Logs - performance] @16-02-2021 01:41:55.0043 AM
[ReportManager] Successfully created attachment [Selenium WebDriver Logs - driver] @16-02-2021 01:41:55.0282 AM
[ReportManager] Browser Action [closeCurrentWindow] successfully performed. @16-02-2021 01:41:55.0338 AM
[ReportManager] Successfully created attachment [Browser Action Test Data - closeCurrentWindow - Actual Value] @16-02-2021 01:41:55.0339 A
[ReportManager] File Action [getAbsolutePath] successfully performed. With the following test data [Relative Folder Path: "target/downloadedFiles/"]. @16-02-2021 01:41:55.0358 AM
[ReportManager] Attempting to run remotely on: [Linux-64], [GoogleChrome], [http://localhost:4444/wd/hub], Headless Execution. @16-02-2021 01:41:55.0358 AM
[ReportManager] Successfully Opened [GoogleChrome]. @16-02-2021 01:41:55.0611 AM
[ReportManager] Target URL: [https://duckduckgo.com] @16-02-2021 01:41:55.0620 AM
[ReportManager] Initial URL: [data:,] @16-02-2021 01:41:55.0660 AM
[ReportManager] Browser Action [navigateToURL] successfully performed. With the following test data [https://duckduckgo.com]. @16-02-2021 01:41:56.0198 A

################################################################################################################################################
Starting Execution:	[78 out of 134] test cases in the current suite
Test Method:		[unitTests.tests_browserActions.navigateToURL]
################################################################################################################################################
[ReportManager] Target URL: [https://duckduckgo.com] @16-02-2021 01:41:56.0201 AM
[ReportManager] Initial URL: [https://duckduckgo.com] @16-02-2021 01:41:56.0259 AM
[ReportManager] Browser Action [navigateToURL] successfully performed. With the following test data [https://duckduckgo.com]. @16-02-2021 01:41:56.0576 A
[ReportManager] Target URL: [https://duckduckgo.com] @16-02-2021 01:41:56.0578 AM
[ReportManager] Initial URL: [https://duckduckgo.com] @16-02-2021 01:41:56.0626 AM
[ReportManager] Browser Action [navigateToURL] successfully performed. With the following test data [https://duckduckgo.com]. @16-02-2021 01:41:56.0911 AM
[ReportManager] Successfully created attachment [Selenium WebDriver Logs - server] @16-02-2021 01:41:56.0957 AM
[ReportManager] Successfully created attachment [Selenium WebDriver Logs - performance] @16-02-2021 01:41:57.0114 AM
[ReportManager] Successfully created attachment [Selenium WebDriver Logs - driver] @16-02-2021 01:41:57.0299 AM
[ReportManager] Browser Action [closeCurrentWindow] successfully performed. @16-02-2021 01:41:57.0355 AM
[ReportManager] Successfully created attachment [Browser Action Test Data - closeCurrentWindow - Actual Value] @16-02-2021 01:41:57.0355 A
[ReportManager] File Action [getAbsolutePath] successfully performed. With the following test data [Relative Folder Path: "target/downloadedFiles/"]. @16-02-2021 01:41:57.0357 AM
[ReportManager] Attempting to run remotely on: [Linux-64], [GoogleChrome], [http://localhost:4444/wd/hub], Headless Execution. @16-02-2021 01:41:57.0357 AM
[ReportManager] Successfully Opened [GoogleChrome]. @16-02-2021 01:41:57.0567 AM
[ReportManager] Target URL: [https://duckduckgo.com] @16-02-2021 01:41:57.0576 AM
[ReportManager] Initial URL: [data:,] @16-02-2021 01:41:57.0614 AM
[ReportManager] Browser Action [navigateToURL] successfully performed. With the following test data [https://duckduckgo.com]. @16-02-2021 01:41:58.0147 A

################################################################################################################################################
Starting Execution:	[79 out of 134] test cases in the current suite
Test Method:		[unitTests.tests_browserActions.navigateToURLWithRedirection]
################################################################################################################################################
[ReportManager] Target URL: [https://www.google.com/ncr], and after redirection: [https://www.google.com] @16-02-2021 01:41:58.0153 AM
[ReportManager] Initial URL: [https://duckduckgo.com] @16-02-2021 01:41:58.0204 AM
[ReportManager] Browser Action [navigateToURL] successfully performed. With the following test data [https://www.google.com/ncr]. @16-02-2021 01:41:58.0955 A
[ReportManager] Target URL: [https://duckduckgo.com] @16-02-2021 01:41:58.0957 AM
[ReportManager] Initial URL: [https://www.google.com] @16-02-2021 01:41:59.0025 AM
[ReportManager] Browser Action [navigateToURL] successfully performed. With the following test data [https://duckduckgo.com]. @16-02-2021 01:41:59.0498 AM
[ReportManager] Successfully created attachment [Selenium WebDriver Logs - server] @16-02-2021 01:41:59.0549 AM
[ReportManager] Successfully created attachment [Selenium WebDriver Logs - performance] @16-02-2021 01:41:59.0639 AM
[ReportManager] Successfully created attachment [Selenium WebDriver Logs - driver] @16-02-2021 01:41:59.0778 AM
[ReportManager] Browser Action [closeCurrentWindow] successfully performed. @16-02-2021 01:41:59.0833 AM
[ReportManager] Successfully created attachment [Browser Action Test Data - closeCurrentWindow - Actual Value] @16-02-2021 01:41:59.0834 A
[ReportManager] File Action [getAbsolutePath] successfully performed. With the following test data [Relative Folder Path: "target/downloadedFiles/"]. @16-02-2021 01:41:59.0835 AM
[ReportManager] Attempting to run remotely on: [Linux-64], [GoogleChrome], [http://localhost:4444/wd/hub], Headless Execution. @16-02-2021 01:41:59.0836 AM
[ReportManager] Successfully Opened [GoogleChrome]. @16-02-2021 01:42:00.0031 AM
[ReportManager] Target URL: [https://duckduckgo.com] @16-02-2021 01:42:00.0044 AM
[ReportManager] Initial URL: [data:,] @16-02-2021 01:42:00.0081 AM
[ReportManager] Browser Action [navigateToURL] successfully performed. With the following test data [https://duckduckgo.com]. @16-02-2021 01:42:00.0566 A

################################################################################################################################################
Starting Execution:	[80 out of 134] test cases in the current suite
Test Method:		[unitTests.tests_browserActions.refreshCurrentPage]
################################################################################################################################################
[ReportManager] Browser Action [refreshCurrentPage] successfully performed. @16-02-2021 01:42:00.0784 AM
[ReportManager] Successfully created attachment [Browser Action Test Data - refreshCurrentPage - Actual Value] @16-02-2021 01:42:00.0784 A
[ReportManager] Target URL: [https://duckduckgo.com] @16-02-2021 01:42:00.0789 AM
[ReportManager] Initial URL: [https://duckduckgo.com] @16-02-2021 01:42:00.0839 AM
[ReportManager] Browser Action [navigateToURL] successfully performed. With the following test data [https://duckduckgo.com]. @16-02-2021 01:42:01.0142 AM
[ReportManager] Successfully created attachment [Selenium WebDriver Logs - server] @16-02-2021 01:42:01.0194 AM
[ReportManager] Successfully created attachment [Selenium WebDriver Logs - performance] @16-02-2021 01:42:01.0335 AM
[ReportManager] Successfully created attachment [Selenium WebDriver Logs - driver] @16-02-2021 01:42:01.0498 AM
[ReportManager] Browser Action [closeCurrentWindow] successfully performed. @16-02-2021 01:42:01.0554 AM
[ReportManager] Successfully created attachment [Browser Action Test Data - closeCurrentWindow - Actual Value] @16-02-2021 01:42:01.0555 A
[ReportManager] File Action [getAbsolutePath] successfully performed. With the following test data [Relative Folder Path: "target/downloadedFiles/"]. @16-02-2021 01:42:01.0556 AM
[ReportManager] Attempting to run remotely on: [Linux-64], [GoogleChrome], [http://localhost:4444/wd/hub], Headless Execution. @16-02-2021 01:42:01.0556 AM
[ReportManager] Successfully Opened [GoogleChrome]. @16-02-2021 01:42:01.0756 AM
[ReportManager] Target URL: [https://duckduckgo.com] @16-02-2021 01:42:01.0764 AM
[ReportManager] Initial URL: [data:,] @16-02-2021 01:42:01.0809 AM
[ReportManager] Browser Action [navigateToURL] successfully performed. With the following test data [https://duckduckgo.com]. @16-02-2021 01:42:02.0336 A

################################################################################################################################################
Starting Execution:	[81 out of 134] test cases in the current suite
Test Method:		[unitTests.tests_browserActions.setWindowSize]
################################################################################################################################################
[ReportManager] Initial window size: (800, 600) @16-02-2021 01:42:02.0353 AM
[ReportManager] Window size after SWD: (1280, 720) @16-02-2021 01:42:02.0575 AM
[ReportManager] Browser Action [setWindowSize] successfully performed. With the following test data [New screen size is now: (1280, 720)]. @16-02-2021 01:42:02.0576 A
[ReportManager] Target URL: [https://duckduckgo.com] @16-02-2021 01:42:02.0577 AM
[ReportManager] Initial URL: [https://duckduckgo.com] @16-02-2021 01:42:02.0648 AM
[ReportManager] Browser Action [navigateToURL] successfully performed. With the following test data [https://duckduckgo.com]. @16-02-2021 01:42:02.0990 AM
[ReportManager] Successfully created attachment [Selenium WebDriver Logs - server] @16-02-2021 01:42:03.0040 AM
[ReportManager] Successfully created attachment [Selenium WebDriver Logs - performance] @16-02-2021 01:42:03.0139 AM
[ReportManager] Successfully created attachment [Selenium WebDriver Logs - driver] @16-02-2021 01:42:03.0266 AM
[ReportManager] Browser Action [closeCurrentWindow] successfully performed. @16-02-2021 01:42:03.0323 AM
[ReportManager] Successfully created attachment [Browser Action Test Data - closeCurrentWindow - Actual Value] @16-02-2021 01:42:03.0323 A
[ReportManager] Successfully loaded the following test data file [src/test/resources/TestDataFiles/testSuite01/TestData.xlsx]. @16-02-2021 01:42:03.0371 AM
[ReportManager] Successfully created attachment [Test Data - Excel] @16-02-2021 01:42:03.0371 A

################################################################################################################################################
Starting Execution:	[82 out of 134] test cases in the current suite
Test Method:		[unitTests.tests_io_excelFileManager.getCellData_rowName_expectedToPass]
################################################################################################################################################
[ReportManager] testRowData. @16-02-2021 01:42:03.0417 A
[ReportManager] File Action [getAbsolutePath] successfully performed. With the following test data [Relative Folder Path: "target/downloadedFiles/"]. @16-02-2021 01:42:03.0419 AM
[ReportManager] Attempting to run remotely on: [Linux-64], [GoogleChrome], [http://localhost:4444/wd/hub], Headless Execution. @16-02-2021 01:42:03.0419 AM
[ReportManager] Successfully Opened [GoogleChrome]. @16-02-2021 01:42:03.0651 A

################################################################################################################################################
Starting Execution:	[83 out of 134] test cases in the current suite
Test Method:		[unitTests.tests_element_elementActions.waitForElementToBePresent_false_expectedToFail]
################################################################################################################################################
[ReportManager] Target URL: [https://www.google.com/ncr], and after redirection: [www.google.com] @16-02-2021 01:42:03.0685 AM
[ReportManager] Initial URL: [data:,] @16-02-2021 01:42:03.0729 AM
[ReportManager] Browser Action [navigateToURL] successfully performed. With the following test data [https://www.google.com/ncr]. @16-02-2021 01:42:04.0518 AM
[ReportManager] Waiting for element to be present; elementLocator [By.id: hplogo], numberOfTries[1], stateOfPresence[false]... @16-02-2021 01:42:04.0522 AM
[ReportManager] Element Action [waitForElementToBePresent] successfully performed. With the following test data [waited up to (5) seconds, for the element's state of presence to be (false). Element locator (By.id: hplogo)]. @16-02-2021 01:42:04.0567 A
[ReportManager] Successfully created attachment [Selenium WebDriver Logs - server] @16-02-2021 01:42:04.0649 AM
[ReportManager] Successfully created attachment [Selenium WebDriver Logs - performance] @16-02-2021 01:42:04.0684 AM
[ReportManager] Successfully created attachment [Selenium WebDriver Logs - driver] @16-02-2021 01:42:04.0762 AM
[ReportManager] Browser Action [closeCurrentWindow] successfully performed. @16-02-2021 01:42:04.0822 AM
[ReportManager] Successfully created attachment [Browser Action Test Data - closeCurrentWindow - Actual Value] @16-02-2021 01:42:04.0823 A
[ReportManager] File Action [getAbsolutePath] successfully performed. With the following test data [Relative Folder Path: "target/downloadedFiles/"]. @16-02-2021 01:42:04.0825 AM
[ReportManager] Attempting to run remotely on: [Linux-64], [GoogleChrome], [http://localhost:4444/wd/hub], Headless Execution. @16-02-2021 01:42:04.0825 AM
[ReportManager] Successfully Opened [GoogleChrome]. @16-02-2021 01:42:05.0091 A

################################################################################################################################################
Starting Execution:	[84 out of 134] test cases in the current suite
Test Method:		[unitTests.tests_element_elementActions.waitForElementToBePresent_false_expectedToPass]
################################################################################################################################################
[ReportManager] Target URL: [https://www.google.com/ncr], and after redirection: [www.google.com] @16-02-2021 01:42:05.0102 AM
[ReportManager] Initial URL: [data:,] @16-02-2021 01:42:05.0150 AM
[ReportManager] Browser Action [navigateToURL] successfully performed. With the following test data [https://www.google.com/ncr]. @16-02-2021 01:42:05.0913 AM
[ReportManager] Waiting for element to be present; elementLocator [By.id: bla], numberOfTries[1], stateOfPresence[false]... @16-02-2021 01:42:05.0913 AM
[ReportManager] Element Action [waitForElementToBePresent] successfully performed. With the following test data [waited up to (5) seconds, for the element's state of presence to be (false). Element locator (By.id: bla)]. @16-02-2021 01:42:05.0944 A
[ReportManager] Successfully created attachment [Selenium WebDriver Logs - server] @16-02-2021 01:42:06.0008 AM
[ReportManager] Successfully created attachment [Selenium WebDriver Logs - performance] @16-02-2021 01:42:06.0035 AM
[ReportManager] Successfully created attachment [Selenium WebDriver Logs - driver] @16-02-2021 01:42:06.0093 AM
[ReportManager] Browser Action [closeCurrentWindow] successfully performed. @16-02-2021 01:42:06.0150 AM
[ReportManager] Successfully created attachment [Browser Action Test Data - closeCurrentWindow - Actual Value] @16-02-2021 01:42:06.0151 A
[ReportManager] File Action [getAbsolutePath] successfully performed. With the following test data [Relative Folder Path: "target/downloadedFiles/"]. @16-02-2021 01:42:06.0155 AM
[ReportManager] Attempting to run remotely on: [Linux-64], [GoogleChrome], [http://localhost:4444/wd/hub], Headless Execution. @16-02-2021 01:42:06.0155 AM
[ReportManager] Successfully Opened [GoogleChrome]. @16-02-2021 01:42:06.0377 A

################################################################################################################################################
Starting Execution:	[85 out of 134] test cases in the current suite
Test Method:		[unitTests.tests_element_elementActions.waitForElementToBePresent_moreThanOneElement_expectedToFail]
################################################################################################################################################
[ReportManager] Target URL: [https://www.google.com/ncr], and after redirection: [www.google.com] @16-02-2021 01:42:06.0393 AM
[ReportManager] Initial URL: [data:,] @16-02-2021 01:42:06.0430 AM
[ReportManager] Browser Action [navigateToURL] successfully performed. With the following test data [https://www.google.com/ncr]. @16-02-2021 01:42:07.0207 AM
[ReportManager] Waiting for element to be present; elementLocator [By.xpath: //*], numberOfTries[1], stateOfPresence[false]... @16-02-2021 01:42:07.0207 AM
[ReportManager] Element Action [waitForElementToBePresent] failed. With the following test data [waited up to (5) seconds, for the element's state of presence to be (false). Element locator (By.xpath: //*)]. @16-02-2021 01:42:07.0377 AM
[ReportManager] Successfully created attachment [Screenshot - 1613439727320_waitForElementToBePresent_moreThanOneElement_expectedToFail_waitForElementToBePresent_failed] @16-02-2021 01:42:07.0378 A
[ReportManager] Successfully created attachment [Selenium WebDriver Logs - server] @16-02-2021 01:42:07.0447 AM
[ReportManager] Successfully created attachment [Selenium WebDriver Logs - performance] @16-02-2021 01:42:07.0476 AM
[ReportManager] Successfully created attachment [Selenium WebDriver Logs - driver] @16-02-2021 01:42:07.0538 AM
[ReportManager] Browser Action [closeCurrentWindow] successfully performed. @16-02-2021 01:42:07.0599 AM
[ReportManager] Successfully created attachment [Browser Action Test Data - closeCurrentWindow - Actual Value] @16-02-2021 01:42:07.0600 A
[ReportManager] File Action [getAbsolutePath] successfully performed. With the following test data [Relative Folder Path: "target/downloadedFiles/"]. @16-02-2021 01:42:07.0604 AM
[ReportManager] Attempting to run remotely on: [Linux-64], [GoogleChrome], [http://localhost:4444/wd/hub], Headless Execution. @16-02-2021 01:42:07.0604 AM
[ReportManager] Successfully Opened [GoogleChrome]. @16-02-2021 01:42:07.0800 A

################################################################################################################################################
Starting Execution:	[86 out of 134] test cases in the current suite
Test Method:		[unitTests.tests_element_elementActions.waitForElementToBePresent_true_expectedToFail]
################################################################################################################################################
[ReportManager] Target URL: [https://www.google.com/ncr], and after redirection: [www.google.com] @16-02-2021 01:42:07.0833 AM
[ReportManager] Initial URL: [data:,] @16-02-2021 01:42:07.0885 AM
[ReportManager] Browser Action [navigateToURL] successfully performed. With the following test data [https://www.google.com/ncr]. @16-02-2021 01:42:08.0627 AM
[ReportManager] Waiting for element to be present; elementLocator [By.id: bla], numberOfTries[1], stateOfPresence[true]... @16-02-2021 01:42:08.0627 AM
[ReportManager] Element Action [waitForElementToBePresent] failed. With the following test data [waited up to (5) seconds, for the element's state of presence to be (true). Element locator (By.id: bla)]. @16-02-2021 01:42:08.0818 AM
[ReportManager] Successfully created attachment [Screenshot - 1613439728756_waitForElementToBePresent_true_expectedToFail_waitForElementToBePresent_failed] @16-02-2021 01:42:08.0819 A
[ReportManager] Successfully created attachment [Selenium WebDriver Logs - server] @16-02-2021 01:42:08.0908 AM
[ReportManager] Successfully created attachment [Selenium WebDriver Logs - performance] @16-02-2021 01:42:08.0936 AM
[ReportManager] Successfully created attachment [Selenium WebDriver Logs - driver] @16-02-2021 01:42:08.0993 AM
[ReportManager] Browser Action [closeCurrentWindow] successfully performed. @16-02-2021 01:42:09.0049 AM
[ReportManager] Successfully created attachment [Browser Action Test Data - closeCurrentWindow - Actual Value] @16-02-2021 01:42:09.0049 A
[ReportManager] File Action [getAbsolutePath] successfully performed. With the following test data [Relative Folder Path: "target/downloadedFiles/"]. @16-02-2021 01:42:09.0051 AM
[ReportManager] Attempting to run remotely on: [Linux-64], [GoogleChrome], [http://localhost:4444/wd/hub], Headless Execution. @16-02-2021 01:42:09.0051 AM
[ReportManager] Successfully Opened [GoogleChrome]. @16-02-2021 01:42:09.0279 A

################################################################################################################################################
Starting Execution:	[87 out of 134] test cases in the current suite
Test Method:		[unitTests.tests_element_elementActions.waitForElementToBePresent_true_expectedToPass]
################################################################################################################################################
[ReportManager] Target URL: [https://www.google.com/ncr], and after redirection: [www.google.com] @16-02-2021 01:42:09.0350 AM
[ReportManager] Initial URL: [data:,] @16-02-2021 01:42:09.0399 AM
[ReportManager] Browser Action [navigateToURL] successfully performed. With the following test data [https://www.google.com/ncr]. @16-02-2021 01:42:10.0224 AM
[ReportManager] Waiting for element to be present; elementLocator [By.id: hplogo], numberOfTries[1], stateOfPresence[true]... @16-02-2021 01:42:10.0224 AM
[ReportManager] Element Action [waitForElementToBePresent] failed. With the following test data [waited up to (5) seconds, for the element's state of presence to be (true). Element locator (By.id: hplogo)]. @16-02-2021 01:42:10.0413 AM
[ReportManager] Successfully created attachment [Screenshot - 1613439730354_waitForElementToBePresent_true_expectedToPass_waitForElementToBePresent_failed] @16-02-2021 01:42:10.0414 A
[ReportManager] Successfully created attachment [Selenium WebDriver Logs - server] @16-02-2021 01:42:10.0494 AM
[ReportManager] Successfully created attachment [Selenium WebDriver Logs - performance] @16-02-2021 01:42:10.0529 AM
[ReportManager] Successfully created attachment [Selenium WebDriver Logs - driver] @16-02-2021 01:42:10.0586 AM
[ReportManager] Browser Action [closeCurrentWindow] successfully performed. @16-02-2021 01:42:10.0645 AM
[ReportManager] Successfully created attachment [Browser Action Test Data - closeCurrentWindow - Actual Value] @16-02-2021 01:42:10.0653 A

################################################################################################################################################
Starting Execution:	[88 out of 134] test cases in the current suite
Test Method:		[unitTests.tests_validations_assertions.assertComparativeRelation_greaterThanOrEquals_false_equals_expectedToFail]
################################################################################################################################################
[ReportManager] AssertComparativeRelation FAILED; Expected [1] and Actual [1]. Comparison Type [GREATER_THAN_OR_EQUALS]. Validation Type [NEGATIVE]. @16-02-2021 01:42:10.0658 A

################################################################################################################################################
Starting Execution:	[89 out of 134] test cases in the current suite
Test Method:		[unitTests.tests_validations_assertions.assertComparativeRelation_greaterThanOrEquals_false_equals_expectedToPass]
################################################################################################################################################
[ReportManager] AssertComparativeRelation PASSED; Expected [2] and Actual [1]. Comparison Type [GREATER_THAN_OR_EQUALS]. Validation Type [NEGATIVE]. @16-02-2021 01:42:10.0663 A

################################################################################################################################################
Starting Execution:	[90 out of 134] test cases in the current suite
Test Method:		[unitTests.tests_validations_assertions.assertComparativeRelation_greaterThanOrEquals_false_greaterThan_expectedToFail]
################################################################################################################################################
[ReportManager] AssertComparativeRelation FAILED; Expected [1] and Actual [2]. Comparison Type [GREATER_THAN_OR_EQUALS]. Validation Type [NEGATIVE]. @16-02-2021 01:42:10.0666 A

################################################################################################################################################
Starting Execution:	[91 out of 134] test cases in the current suite
Test Method:		[unitTests.tests_validations_assertions.assertComparativeRelation_greaterThanOrEquals_false_greaterThan_expectedToPass]
################################################################################################################################################
[ReportManager] AssertComparativeRelation PASSED; Expected [2] and Actual [1]. Comparison Type [GREATER_THAN_OR_EQUALS]. Validation Type [NEGATIVE]. @16-02-2021 01:42:10.0670 A

################################################################################################################################################
Starting Execution:	[92 out of 134] test cases in the current suite
Test Method:		[unitTests.tests_validations_assertions.assertComparativeRelation_greaterThanOrEquals_true_equals_expectedToFail]
################################################################################################################################################
[ReportManager] AssertComparativeRelation FAILED; Expected [1] and Actual [0]. Comparison Type [GREATER_THAN_OR_EQUALS]. Validation Type [POSITIVE]. @16-02-2021 01:42:10.0674 A

################################################################################################################################################
Starting Execution:	[93 out of 134] test cases in the current suite
Test Method:		[unitTests.tests_validations_assertions.assertComparativeRelation_greaterThanOrEquals_true_equals_expectedToPass]
################################################################################################################################################
[ReportManager] AssertComparativeRelation PASSED; Expected [1] and Actual [1]. Comparison Type [GREATER_THAN_OR_EQUALS]. Validation Type [POSITIVE]. @16-02-2021 01:42:10.0677 A

################################################################################################################################################
Starting Execution:	[94 out of 134] test cases in the current suite
Test Method:		[unitTests.tests_validations_assertions.assertComparativeRelation_greaterThanOrEquals_true_greaterThan_expectedToFail]
################################################################################################################################################
[ReportManager] AssertComparativeRelation FAILED; Expected [2] and Actual [1]. Comparison Type [GREATER_THAN_OR_EQUALS]. Validation Type [POSITIVE]. @16-02-2021 01:42:10.0680 A

################################################################################################################################################
Starting Execution:	[95 out of 134] test cases in the current suite
Test Method:		[unitTests.tests_validations_assertions.assertComparativeRelation_greaterThanOrEquals_true_greaterThan_expectedToPass]
################################################################################################################################################
[ReportManager] AssertComparativeRelation PASSED; Expected [1] and Actual [2]. Comparison Type [GREATER_THAN_OR_EQUALS]. Validation Type [POSITIVE]. @16-02-2021 01:42:10.0684 A
[ReportManager] File Action [getAbsolutePath] successfully performed. With the following test data [Relative Folder Path: "target/downloadedFiles/"]. @16-02-2021 01:42:10.0687 AM
[ReportManager] Attempting to run remotely on: [Linux-64], [GoogleChrome], [http://localhost:4444/wd/hub], Headless Execution. @16-02-2021 01:42:10.0687 AM
[ReportManager] Successfully Opened [GoogleChrome]. @16-02-2021 01:42:10.0881 AM
[ReportManager] Target URL: [https://www.google.com/ncr], and after redirection: [www.google.com] @16-02-2021 01:42:10.0904 AM
[ReportManager] Initial URL: [data:,] @16-02-2021 01:42:10.0952 AM
[ReportManager] Browser Action [navigateToURL] successfully performed. With the following test data [https://www.google.com/ncr]. @16-02-2021 01:42:11.0704 A

################################################################################################################################################
Starting Execution:	[96 out of 134] test cases in the current suite
Test Method:		[unitTests.tests_validations_assertions.assertElementAttribute_false_caseInsensitiveComparison_expectedToFail]
################################################################################################################################################
[ReportManager] Element Action [type] successfully performed. With the following test data [AUTOMATION]. @16-02-2021 01:42:12.0273 AM
[ReportManager] Element Action [getText] successfully performed. With the following test data [AUTOMATION]. @16-02-2021 01:42:12.0378 AM
[ReportManager] Loaded Shared OpenCV @16-02-2021 01:42:12.0510 AM
[ReportManager] AssertElementAttribute FAILED; Expected [Value Should not be 'AutomaTion' for the 'text' attribute, element locator 'By.name: q'] and Actual [AUTOMATION]. Comparison Type [CASE_INSENSITIVE]. Validation Type [NEGATIVE]. @16-02-2021 01:42:12.0581 AM
[ReportManager] Successfully created attachment [Screenshot - 1613439732510_assertElementAttribute_false_caseInsensitiveComparison_expectedToFail_AssertElementAttribute_failed] @16-02-2021 01:42:12.0582 A
[ReportManager] Successfully created attachment [Selenium WebDriver Logs - server] @16-02-2021 01:42:12.0656 AM
[ReportManager] Successfully created attachment [Selenium WebDriver Logs - performance] @16-02-2021 01:42:12.0731 AM
[ReportManager] Successfully created attachment [Selenium WebDriver Logs - driver] @16-02-2021 01:42:12.0832 AM
[ReportManager] Browser Action [closeCurrentWindow] successfully performed. @16-02-2021 01:42:12.0863 AM
[ReportManager] Successfully created attachment [Browser Action Test Data - closeCurrentWindow - Actual Value] @16-02-2021 01:42:12.0864 A
[ReportManager] File Action [getAbsolutePath] successfully performed. With the following test data [Relative Folder Path: "target/downloadedFiles/"]. @16-02-2021 01:42:12.0866 AM
[ReportManager] Attempting to run remotely on: [Linux-64], [GoogleChrome], [http://localhost:4444/wd/hub], Headless Execution. @16-02-2021 01:42:12.0866 AM
[ReportManager] Successfully Opened [GoogleChrome]. @16-02-2021 01:42:13.0060 AM
[ReportManager] Target URL: [https://www.google.com/ncr], and after redirection: [www.google.com] @16-02-2021 01:42:13.0077 AM
[ReportManager] Initial URL: [data:,] @16-02-2021 01:42:13.0119 AM
[ReportManager] Browser Action [navigateToURL] successfully performed. With the following test data [https://www.google.com/ncr]. @16-02-2021 01:42:13.0908 A

################################################################################################################################################
Starting Execution:	[97 out of 134] test cases in the current suite
Test Method:		[unitTests.tests_validations_assertions.assertElementAttribute_false_caseInsensitiveComparison_expectedToPass]
################################################################################################################################################
[ReportManager] Element Action [type] successfully performed. With the following test data [AUTOMATION]. @16-02-2021 01:42:14.0473 AM
[ReportManager] Element Action [getText] successfully performed. With the following test data [AUTOMATION]. @16-02-2021 01:42:14.0575 AM
[ReportManager] Loaded Shared OpenCV @16-02-2021 01:42:14.0714 AM
[ReportManager] AssertElementAttribute PASSED; Expected [Value Should not be 'AutomaTion123' for the 'text' attribute, element locator 'By.name: q'] and Actual [AUTOMATION]. Comparison Type [CASE_INSENSITIVE]. Validation Type [NEGATIVE]. @16-02-2021 01:42:14.0796 AM
[ReportManager] Successfully created attachment [Screenshot - 1613439734714_assertElementAttribute_false_caseInsensitiveComparison_expectedToPass_AssertElementAttribute_passed] @16-02-2021 01:42:14.0797 A
[ReportManager] Successfully created attachment [Selenium WebDriver Logs - server] @16-02-2021 01:42:14.0885 AM
[ReportManager] Successfully created attachment [Selenium WebDriver Logs - performance] @16-02-2021 01:42:14.0957 AM
[ReportManager] Successfully created attachment [Selenium WebDriver Logs - driver] @16-02-2021 01:42:15.0060 AM
[ReportManager] Browser Action [closeCurrentWindow] successfully performed. @16-02-2021 01:42:15.0116 AM
[ReportManager] Successfully created attachment [Browser Action Test Data - closeCurrentWindow - Actual Value] @16-02-2021 01:42:15.0117 A
[ReportManager] File Action [getAbsolutePath] successfully performed. With the following test data [Relative Folder Path: "target/downloadedFiles/"]. @16-02-2021 01:42:15.0120 AM
[ReportManager] Attempting to run remotely on: [Linux-64], [GoogleChrome], [http://localhost:4444/wd/hub], Headless Execution. @16-02-2021 01:42:15.0121 AM
[ReportManager] Successfully Opened [GoogleChrome]. @16-02-2021 01:42:15.0316 AM
[ReportManager] Target URL: [https://www.google.com/ncr], and after redirection: [www.google.com] @16-02-2021 01:42:15.0325 AM
[ReportManager] Initial URL: [data:,] @16-02-2021 01:42:15.0366 AM
[ReportManager] Browser Action [navigateToURL] successfully performed. With the following test data [https://www.google.com/ncr]. @16-02-2021 01:42:16.0153 A

################################################################################################################################################
Starting Execution:	[98 out of 134] test cases in the current suite
Test Method:		[unitTests.tests_validations_assertions.assertElementAttribute_false_containsComparison_expectedToFail]
################################################################################################################################################
[ReportManager] Element Action [type] successfully performed. With the following test data [Automation123]. @16-02-2021 01:42:16.0729 AM
[ReportManager] Element Action [getText] successfully performed. With the following test data [Automation123]. @16-02-2021 01:42:16.0843 AM
[ReportManager] Loaded Shared OpenCV @16-02-2021 01:42:16.0976 AM
[ReportManager] AssertElementAttribute FAILED; Expected [Value Should not be 'Automation' for the 'text' attribute, element locator 'By.name: q'] and Actual [Automation123]. Comparison Type [CONTAINS]. Validation Type [NEGATIVE]. @16-02-2021 01:42:17.0050 AM
[ReportManager] Successfully created attachment [Screenshot - 1613439736976_assertElementAttribute_false_containsComparison_expectedToFail_AssertElementAttribute_failed] @16-02-2021 01:42:17.0050 A
[ReportManager] Successfully created attachment [Selenium WebDriver Logs - server] @16-02-2021 01:42:17.0152 AM
[ReportManager] Successfully created attachment [Selenium WebDriver Logs - performance] @16-02-2021 01:42:17.0311 AM
[ReportManager] Successfully created attachment [Selenium WebDriver Logs - driver] @16-02-2021 01:42:17.0434 AM
[ReportManager] Browser Action [closeCurrentWindow] successfully performed. @16-02-2021 01:42:17.0491 AM
[ReportManager] Successfully created attachment [Browser Action Test Data - closeCurrentWindow - Actual Value] @16-02-2021 01:42:17.0491 A
[ReportManager] File Action [getAbsolutePath] successfully performed. With the following test data [Relative Folder Path: "target/downloadedFiles/"]. @16-02-2021 01:42:17.0497 AM
[ReportManager] Attempting to run remotely on: [Linux-64], [GoogleChrome], [http://localhost:4444/wd/hub], Headless Execution. @16-02-2021 01:42:17.0497 AM
[ReportManager] Successfully Opened [GoogleChrome]. @16-02-2021 01:42:17.0685 AM
[ReportManager] Target URL: [https://www.google.com/ncr], and after redirection: [www.google.com] @16-02-2021 01:42:17.0694 AM
[ReportManager] Initial URL: [data:,] @16-02-2021 01:42:17.0742 AM
[ReportManager] Browser Action [navigateToURL] successfully performed. With the following test data [https://www.google.com/ncr]. @16-02-2021 01:42:18.0519 A

################################################################################################################################################
Starting Execution:	[99 out of 134] test cases in the current suite
Test Method:		[unitTests.tests_validations_assertions.assertElementAttribute_false_containsComparison_expectedToPass]
################################################################################################################################################
[ReportManager] Element Action [type] successfully performed. With the following test data [Automation123]. @16-02-2021 01:42:19.0052 AM
[ReportManager] Element Action [getText] successfully performed. With the following test data [Automation123]. @16-02-2021 01:42:19.0151 AM
[ReportManager] Loaded Shared OpenCV @16-02-2021 01:42:19.0276 AM
[ReportManager] AssertElementAttribute PASSED; Expected [Value Should not be 'Automation1234' for the 'text' attribute, element locator 'By.name: q'] and Actual [Automation123]. Comparison Type [CONTAINS]. Validation Type [NEGATIVE]. @16-02-2021 01:42:19.0354 AM
[ReportManager] Successfully created attachment [Screenshot - 1613439739276_assertElementAttribute_false_containsComparison_expectedToPass_AssertElementAttribute_passed] @16-02-2021 01:42:19.0356 A
[ReportManager] Successfully created attachment [Selenium WebDriver Logs - server] @16-02-2021 01:42:19.0431 AM
[ReportManager] Successfully created attachment [Selenium WebDriver Logs - performance] @16-02-2021 01:42:19.0513 AM
[ReportManager] Successfully created attachment [Selenium WebDriver Logs - driver] @16-02-2021 01:42:19.0637 AM
[ReportManager] Browser Action [closeCurrentWindow] successfully performed. @16-02-2021 01:42:19.0696 AM
[ReportManager] Successfully created attachment [Browser Action Test Data - closeCurrentWindow - Actual Value] @16-02-2021 01:42:19.0697 A
[ReportManager] File Action [getAbsolutePath] successfully performed. With the following test data [Relative Folder Path: "target/downloadedFiles/"]. @16-02-2021 01:42:19.0699 AM
[ReportManager] Attempting to run remotely on: [Linux-64], [GoogleChrome], [http://localhost:4444/wd/hub], Headless Execution. @16-02-2021 01:42:19.0699 AM
[ReportManager] Successfully Opened [GoogleChrome]. @16-02-2021 01:42:19.0890 AM
[ReportManager] Target URL: [https://www.google.com/ncr], and after redirection: [www.google.com] @16-02-2021 01:42:19.0899 AM
[ReportManager] Initial URL: [data:,] @16-02-2021 01:42:19.0938 AM
[ReportManager] Browser Action [navigateToURL] successfully performed. With the following test data [https://www.google.com/ncr]. @16-02-2021 01:42:20.0699 A

################################################################################################################################################
Starting Execution:	[100 out of 134] test cases in the current suite
Test Method:		[unitTests.tests_validations_assertions.assertElementAttribute_false_literalComparison_expectedToFail]
################################################################################################################################################
[ReportManager] Element Action [type] successfully performed. With the following test data [Automation!@#$%^&*()_+{}[]\';/.,]. @16-02-2021 01:42:21.0952 AM
[ReportManager] Element Action [getText] successfully performed. With the following test data [Automation!@#$%^&*()_+{}[]\';/.,]. @16-02-2021 01:42:22.0055 AM
[ReportManager] Loaded Shared OpenCV @16-02-2021 01:42:22.0199 AM
[ReportManager] AssertElementAttribute PASSED; Expected [Value Should not be 'Automation!@#$%^&*()_+{}[]\\';/.,' for the 'text' attribute, element locator 'By.name: q'] and Actual [Automation!@#$%^&*()_+{}[]\';/.,]. Comparison Type [EQUALS]. Validation Type [NEGATIVE]. @16-02-2021 01:42:22.0276 AM
[ReportManager] Successfully created attachment [Screenshot - 1613439742199_assertElementAttribute_false_literalComparison_expectedToFail_AssertElementAttribute_passed] @16-02-2021 01:42:22.0277 A
[ReportManager] Successfully created attachment [Selenium WebDriver Logs - server] @16-02-2021 01:42:22.0362 AM
[ReportManager] Successfully created attachment [Selenium WebDriver Logs - performance] @16-02-2021 01:42:22.0493 AM
[ReportManager] Successfully created attachment [Selenium WebDriver Logs - driver] @16-02-2021 01:42:22.0646 AM
[ReportManager] Browser Action [closeCurrentWindow] successfully performed. @16-02-2021 01:42:22.0706 AM
[ReportManager] Successfully created attachment [Browser Action Test Data - closeCurrentWindow - Actual Value] @16-02-2021 01:42:22.0707 A
[ReportManager] File Action [getAbsolutePath] successfully performed. With the following test data [Relative Folder Path: "target/downloadedFiles/"]. @16-02-2021 01:42:22.0710 AM
[ReportManager] Attempting to run remotely on: [Linux-64], [GoogleChrome], [http://localhost:4444/wd/hub], Headless Execution. @16-02-2021 01:42:22.0710 AM
[ReportManager] Successfully Opened [GoogleChrome]. @16-02-2021 01:42:22.0926 AM
[ReportManager] Target URL: [https://www.google.com/ncr], and after redirection: [www.google.com] @16-02-2021 01:42:22.0935 AM
[ReportManager] Initial URL: [data:,] @16-02-2021 01:42:22.0972 AM
[ReportManager] Browser Action [navigateToURL] successfully performed. With the following test data [https://www.google.com/ncr]. @16-02-2021 01:42:23.0796 A

################################################################################################################################################
Starting Execution:	[101 out of 134] test cases in the current suite
Test Method:		[unitTests.tests_validations_assertions.assertElementAttribute_false_literalComparison_expectedToPass]
################################################################################################################################################
[ReportManager] Element Action [type] successfully performed. With the following test data [Automation!@#$%^&*()_+{}[]\';/.,]. @16-02-2021 01:42:25.0003 AM
[ReportManager] Element Action [getText] successfully performed. With the following test data [Automation!@#$%^&*()_+{}[]\';/.,]. @16-02-2021 01:42:25.0113 AM
[ReportManager] Loaded Shared OpenCV @16-02-2021 01:42:25.0270 AM
[ReportManager] AssertElementAttribute PASSED; Expected [Value Should not be 'Automation' for the 'text' attribute, element locator 'By.name: q'] and Actual [Automation!@#$%^&*()_+{}[]\';/.,]. Comparison Type [EQUALS]. Validation Type [NEGATIVE]. @16-02-2021 01:42:25.0348 AM
[ReportManager] Successfully created attachment [Screenshot - 1613439745270_assertElementAttribute_false_literalComparison_expectedToPass_AssertElementAttribute_passed] @16-02-2021 01:42:25.0349 A
[ReportManager] Successfully created attachment [Selenium WebDriver Logs - server] @16-02-2021 01:42:25.0420 AM
[ReportManager] Successfully created attachment [Selenium WebDriver Logs - performance] @16-02-2021 01:42:25.0570 AM
[ReportManager] Successfully created attachment [Selenium WebDriver Logs - driver] @16-02-2021 01:42:25.0732 AM
[ReportManager] Browser Action [closeCurrentWindow] successfully performed. @16-02-2021 01:42:25.0789 AM
[ReportManager] Successfully created attachment [Browser Action Test Data - closeCurrentWindow - Actual Value] @16-02-2021 01:42:25.0790 A
[ReportManager] File Action [getAbsolutePath] successfully performed. With the following test data [Relative Folder Path: "target/downloadedFiles/"]. @16-02-2021 01:42:25.0792 AM
[ReportManager] Attempting to run remotely on: [Linux-64], [GoogleChrome], [http://localhost:4444/wd/hub], Headless Execution. @16-02-2021 01:42:25.0792 AM
[ReportManager] Successfully Opened [GoogleChrome]. @16-02-2021 01:42:25.0976 AM
[ReportManager] Target URL: [https://www.google.com/ncr], and after redirection: [www.google.com] @16-02-2021 01:42:25.0985 AM
[ReportManager] Initial URL: [data:,] @16-02-2021 01:42:26.0035 AM
[ReportManager] Browser Action [navigateToURL] successfully performed. With the following test data [https://www.google.com/ncr]. @16-02-2021 01:42:26.0818 A

################################################################################################################################################
Starting Execution:	[102 out of 134] test cases in the current suite
Test Method:		[unitTests.tests_validations_assertions.assertElementAttribute_false_regexComparison_expectedToFail]
################################################################################################################################################
[ReportManager] Element Action [type] successfully performed. With the following test data [Automation123]. @16-02-2021 01:42:27.0394 AM
[ReportManager] Element Action [getText] successfully performed. With the following test data [Automation123]. @16-02-2021 01:42:27.0487 AM
[ReportManager] Loaded Shared OpenCV @16-02-2021 01:42:27.0605 AM
[ReportManager] AssertElementAttribute FAILED; Expected [Value Should not be 'Automation.*' for the 'text' attribute, element locator 'By.name: q'] and Actual [Automation123]. Comparison Type [MATCHES]. Validation Type [NEGATIVE]. @16-02-2021 01:42:27.0693 AM
[ReportManager] Successfully created attachment [Screenshot - 1613439747605_assertElementAttribute_false_regexComparison_expectedToFail_AssertElementAttribute_failed] @16-02-2021 01:42:27.0694 A
[ReportManager] Successfully created attachment [Selenium WebDriver Logs - server] @16-02-2021 01:42:27.0776 AM
[ReportManager] Successfully created attachment [Selenium WebDriver Logs - performance] @16-02-2021 01:42:27.0850 AM
[ReportManager] Successfully created attachment [Selenium WebDriver Logs - driver] @16-02-2021 01:42:27.0967 AM
[ReportManager] Browser Action [closeCurrentWindow] successfully performed. @16-02-2021 01:42:28.0023 AM
[ReportManager] Successfully created attachment [Browser Action Test Data - closeCurrentWindow - Actual Value] @16-02-2021 01:42:28.0024 A
[ReportManager] File Action [getAbsolutePath] successfully performed. With the following test data [Relative Folder Path: "target/downloadedFiles/"]. @16-02-2021 01:42:28.0026 AM
[ReportManager] Attempting to run remotely on: [Linux-64], [GoogleChrome], [http://localhost:4444/wd/hub], Headless Execution. @16-02-2021 01:42:28.0026 AM
[ReportManager] Successfully Opened [GoogleChrome]. @16-02-2021 01:42:28.0225 AM
[ReportManager] Target URL: [https://www.google.com/ncr], and after redirection: [www.google.com] @16-02-2021 01:42:28.0234 AM
[ReportManager] Initial URL: [data:,] @16-02-2021 01:42:28.0272 AM
[ReportManager] Browser Action [navigateToURL] successfully performed. With the following test data [https://www.google.com/ncr]. @16-02-2021 01:42:29.0032 A

################################################################################################################################################
Starting Execution:	[103 out of 134] test cases in the current suite
Test Method:		[unitTests.tests_validations_assertions.assertElementAttribute_false_regexComparison_expectedToPass]
################################################################################################################################################
[ReportManager] Element Action [type] successfully performed. With the following test data [Automation123]. @16-02-2021 01:42:29.0645 AM
[ReportManager] Element Action [getText] successfully performed. With the following test data [Automation123]. @16-02-2021 01:42:29.0759 AM
[ReportManager] Loaded Shared OpenCV @16-02-2021 01:42:29.0872 AM
[ReportManager] AssertElementAttribute PASSED; Expected [Value Should not be 'Automation' for the 'text' attribute, element locator 'By.name: q'] and Actual [Automation123]. Comparison Type [MATCHES]. Validation Type [NEGATIVE]. @16-02-2021 01:42:29.0944 AM
[ReportManager] Successfully created attachment [Screenshot - 1613439749872_assertElementAttribute_false_regexComparison_expectedToPass_AssertElementAttribute_passed] @16-02-2021 01:42:29.0945 A
[ReportManager] Successfully created attachment [Selenium WebDriver Logs - server] @16-02-2021 01:42:30.0011 AM
[ReportManager] Successfully created attachment [Selenium WebDriver Logs - performance] @16-02-2021 01:42:30.0093 AM
[ReportManager] Successfully created attachment [Selenium WebDriver Logs - driver] @16-02-2021 01:42:30.0204 AM
[ReportManager] Browser Action [closeCurrentWindow] successfully performed. @16-02-2021 01:42:30.0260 AM
[ReportManager] Successfully created attachment [Browser Action Test Data - closeCurrentWindow - Actual Value] @16-02-2021 01:42:30.0260 A
[ReportManager] File Action [getAbsolutePath] successfully performed. With the following test data [Relative Folder Path: "target/downloadedFiles/"]. @16-02-2021 01:42:30.0263 AM
[ReportManager] Attempting to run remotely on: [Linux-64], [GoogleChrome], [http://localhost:4444/wd/hub], Headless Execution. @16-02-2021 01:42:30.0263 AM
[ReportManager] Successfully Opened [GoogleChrome]. @16-02-2021 01:42:30.0503 AM
[ReportManager] Target URL: [https://www.google.com/ncr], and after redirection: [www.google.com] @16-02-2021 01:42:30.0511 AM
[ReportManager] Initial URL: [data:,] @16-02-2021 01:42:30.0548 AM
[ReportManager] Browser Action [navigateToURL] successfully performed. With the following test data [https://www.google.com/ncr]. @16-02-2021 01:42:31.0363 A

################################################################################################################################################
Starting Execution:	[104 out of 134] test cases in the current suite
Test Method:		[unitTests.tests_validations_assertions.assertElementAttribute_true_caseInsensitiveComparison_expectedToFail]
################################################################################################################################################
[ReportManager] Element Action [type] successfully performed. With the following test data [AUTOMATION]. @16-02-2021 01:42:31.0981 AM
[ReportManager] Element Action [getText] successfully performed. With the following test data [AUTOMATION]. @16-02-2021 01:42:32.0090 AM
[ReportManager] Loaded Shared OpenCV @16-02-2021 01:42:32.0230 AM
[ReportManager] AssertElementAttribute FAILED; Expected [Value Should be 'AutomaTion123' for the 'text' attribute, element locator 'By.name: q'] and Actual [AUTOMATION]. Comparison Type [CASE_INSENSITIVE]. Validation Type [POSITIVE]. @16-02-2021 01:42:32.0308 AM
[ReportManager] Successfully created attachment [Screenshot - 1613439752230_assertElementAttribute_true_caseInsensitiveComparison_expectedToFail_AssertElementAttribute_failed] @16-02-2021 01:42:32.0309 A
[ReportManager] Successfully created attachment [Selenium WebDriver Logs - server] @16-02-2021 01:42:32.0384 AM
[ReportManager] Successfully created attachment [Selenium WebDriver Logs - performance] @16-02-2021 01:42:32.0464 AM
[ReportManager] Successfully created attachment [Selenium WebDriver Logs - driver] @16-02-2021 01:42:32.0588 AM
[ReportManager] Browser Action [closeCurrentWindow] successfully performed. @16-02-2021 01:42:32.0651 AM
[ReportManager] Successfully created attachment [Browser Action Test Data - closeCurrentWindow - Actual Value] @16-02-2021 01:42:32.0652 A
[ReportManager] File Action [getAbsolutePath] successfully performed. With the following test data [Relative Folder Path: "target/downloadedFiles/"]. @16-02-2021 01:42:32.0654 AM
[ReportManager] Attempting to run remotely on: [Linux-64], [GoogleChrome], [http://localhost:4444/wd/hub], Headless Execution. @16-02-2021 01:42:32.0654 AM
[ReportManager] Successfully Opened [GoogleChrome]. @16-02-2021 01:42:32.0870 AM
[ReportManager] Target URL: [https://www.google.com/ncr], and after redirection: [www.google.com] @16-02-2021 01:42:32.0880 AM
[ReportManager] Initial URL: [data:,] @16-02-2021 01:42:32.0920 AM
[ReportManager] Browser Action [navigateToURL] successfully performed. With the following test data [https://www.google.com/ncr]. @16-02-2021 01:42:33.0703 A

################################################################################################################################################
Starting Execution:	[105 out of 134] test cases in the current suite
Test Method:		[unitTests.tests_validations_assertions.assertElementAttribute_true_caseInsensitiveComparison_expectedToPass]
################################################################################################################################################
[ReportManager] Element Action [type] successfully performed. With the following test data [AUTOMATION]. @16-02-2021 01:42:34.0249 AM
[ReportManager] Element Action [getText] successfully performed. With the following test data [AUTOMATION]. @16-02-2021 01:42:34.0349 AM
[ReportManager] Loaded Shared OpenCV @16-02-2021 01:42:34.0461 AM
[ReportManager] AssertElementAttribute PASSED; Expected [Value Should be 'AutomaTion' for the 'text' attribute, element locator 'By.name: q'] and Actual [AUTOMATION]. Comparison Type [CASE_INSENSITIVE]. Validation Type [POSITIVE]. @16-02-2021 01:42:34.0540 AM
[ReportManager] Successfully created attachment [Screenshot - 1613439754461_assertElementAttribute_true_caseInsensitiveComparison_expectedToPass_AssertElementAttribute_passed] @16-02-2021 01:42:34.0540 A
[ReportManager] Successfully created attachment [Selenium WebDriver Logs - server] @16-02-2021 01:42:34.0607 AM
[ReportManager] Successfully created attachment [Selenium WebDriver Logs - performance] @16-02-2021 01:42:34.0670 AM
[ReportManager] Successfully created attachment [Selenium WebDriver Logs - driver] @16-02-2021 01:42:34.0771 AM
[ReportManager] Browser Action [closeCurrentWindow] successfully performed. @16-02-2021 01:42:34.0827 AM
[ReportManager] Successfully created attachment [Browser Action Test Data - closeCurrentWindow - Actual Value] @16-02-2021 01:42:34.0827 A
[ReportManager] File Action [getAbsolutePath] successfully performed. With the following test data [Relative Folder Path: "target/downloadedFiles/"]. @16-02-2021 01:42:34.0831 AM
[ReportManager] Attempting to run remotely on: [Linux-64], [GoogleChrome], [http://localhost:4444/wd/hub], Headless Execution. @16-02-2021 01:42:34.0831 AM
[ReportManager] Successfully Opened [GoogleChrome]. @16-02-2021 01:42:35.0026 AM
[ReportManager] Target URL: [https://www.google.com/ncr], and after redirection: [www.google.com] @16-02-2021 01:42:35.0035 AM
[ReportManager] Initial URL: [data:,] @16-02-2021 01:42:35.0074 AM
[ReportManager] Browser Action [navigateToURL] successfully performed. With the following test data [https://www.google.com/ncr]. @16-02-2021 01:42:35.0989 A

################################################################################################################################################
Starting Execution:	[106 out of 134] test cases in the current suite
Test Method:		[unitTests.tests_validations_assertions.assertElementAttribute_true_containsComparison_expectedToFail]
################################################################################################################################################
[ReportManager] Element Action [type] successfully performed. With the following test data [Automation123]. @16-02-2021 01:42:36.0554 AM
[ReportManager] Element Action [getText] successfully performed. With the following test data [Automation123]. @16-02-2021 01:42:36.0652 AM
[ReportManager] Loaded Shared OpenCV @16-02-2021 01:42:36.0772 AM
[ReportManager] AssertElementAttribute FAILED; Expected [Value Should be 'Automation1234' for the 'text' attribute, element locator 'By.name: q'] and Actual [Automation123]. Comparison Type [CONTAINS]. Validation Type [POSITIVE]. @16-02-2021 01:42:36.0842 AM
[ReportManager] Successfully created attachment [Screenshot - 1613439756772_assertElementAttribute_true_containsComparison_expectedToFail_AssertElementAttribute_failed] @16-02-2021 01:42:36.0843 A
[ReportManager] Successfully created attachment [Selenium WebDriver Logs - server] @16-02-2021 01:42:36.0921 AM
[ReportManager] Successfully created attachment [Selenium WebDriver Logs - performance] @16-02-2021 01:42:36.0998 AM
[ReportManager] Successfully created attachment [Selenium WebDriver Logs - driver] @16-02-2021 01:42:37.0106 AM
[ReportManager] Browser Action [closeCurrentWindow] successfully performed. @16-02-2021 01:42:37.0162 AM
[ReportManager] Successfully created attachment [Browser Action Test Data - closeCurrentWindow - Actual Value] @16-02-2021 01:42:37.0163 A
[ReportManager] File Action [getAbsolutePath] successfully performed. With the following test data [Relative Folder Path: "target/downloadedFiles/"]. @16-02-2021 01:42:37.0165 AM
[ReportManager] Attempting to run remotely on: [Linux-64], [GoogleChrome], [http://localhost:4444/wd/hub], Headless Execution. @16-02-2021 01:42:37.0165 AM
[ReportManager] Successfully Opened [GoogleChrome]. @16-02-2021 01:42:37.0399 AM
[ReportManager] Target URL: [https://www.google.com/ncr], and after redirection: [www.google.com] @16-02-2021 01:42:37.0410 AM
[ReportManager] Initial URL: [data:,] @16-02-2021 01:42:37.0445 AM
[ReportManager] Browser Action [navigateToURL] successfully performed. With the following test data [https://www.google.com/ncr]. @16-02-2021 01:42:38.0243 A

################################################################################################################################################
Starting Execution:	[107 out of 134] test cases in the current suite
Test Method:		[unitTests.tests_validations_assertions.assertElementAttribute_true_containsComparison_expectedToPass]
################################################################################################################################################
[ReportManager] Element Action [type] successfully performed. With the following test data [Automation123]. @16-02-2021 01:42:38.0802 AM
[ReportManager] Element Action [getText] successfully performed. With the following test data [Automation123]. @16-02-2021 01:42:38.0897 AM
[ReportManager] Loaded Shared OpenCV @16-02-2021 01:42:39.0007 AM
[ReportManager] AssertElementAttribute PASSED; Expected [Value Should be 'Automation' for the 'text' attribute, element locator 'By.name: q'] and Actual [Automation123]. Comparison Type [CONTAINS]. Validation Type [POSITIVE]. @16-02-2021 01:42:39.0084 AM
[ReportManager] Successfully created attachment [Screenshot - 1613439759007_assertElementAttribute_true_containsComparison_expectedToPass_AssertElementAttribute_passed] @16-02-2021 01:42:39.0086 A
[ReportManager] Successfully created attachment [Selenium WebDriver Logs - server] @16-02-2021 01:42:39.0155 AM
[ReportManager] Successfully created attachment [Selenium WebDriver Logs - performance] @16-02-2021 01:42:39.0229 AM
[ReportManager] Successfully created attachment [Selenium WebDriver Logs - driver] @16-02-2021 01:42:39.0346 AM
[ReportManager] Browser Action [closeCurrentWindow] successfully performed. @16-02-2021 01:42:39.0359 AM
[ReportManager] Successfully created attachment [Browser Action Test Data - closeCurrentWindow - Actual Value] @16-02-2021 01:42:39.0359 A
[ReportManager] File Action [getAbsolutePath] successfully performed. With the following test data [Relative Folder Path: "target/downloadedFiles/"]. @16-02-2021 01:42:39.0362 AM
[ReportManager] Attempting to run remotely on: [Linux-64], [GoogleChrome], [http://localhost:4444/wd/hub], Headless Execution. @16-02-2021 01:42:39.0362 AM
[ReportManager] Successfully Opened [GoogleChrome]. @16-02-2021 01:42:39.0553 AM
[ReportManager] Target URL: [https://www.google.com/ncr], and after redirection: [www.google.com] @16-02-2021 01:42:39.0569 AM
[ReportManager] Initial URL: [data:,] @16-02-2021 01:42:39.0605 AM
[ReportManager] Browser Action [navigateToURL] successfully performed. With the following test data [https://www.google.com/ncr]. @16-02-2021 01:42:40.0346 A

################################################################################################################################################
Starting Execution:	[108 out of 134] test cases in the current suite
Test Method:		[unitTests.tests_validations_assertions.assertElementAttribute_true_literalComparison_expectedToFail]
################################################################################################################################################
[ReportManager] Element Action [type] successfully performed. With the following test data [Automation!@#$%^&*()_+{}[]\';/.,]. @16-02-2021 01:42:41.0576 AM
[ReportManager] Element Action [getText] successfully performed. With the following test data [Automation!@#$%^&*()_+{}[]\';/.,]. @16-02-2021 01:42:41.0672 AM
[ReportManager] Loaded Shared OpenCV @16-02-2021 01:42:41.0796 AM
[ReportManager] AssertElementAttribute FAILED; Expected [Value Should be 'Automation' for the 'text' attribute, element locator 'By.name: q'] and Actual [Automation!@#$%^&*()_+{}[]\';/.,]. Comparison Type [EQUALS]. Validation Type [POSITIVE]. @16-02-2021 01:42:41.0869 AM
[ReportManager] Successfully created attachment [Screenshot - 1613439761796_assertElementAttribute_true_literalComparison_expectedToFail_AssertElementAttribute_failed] @16-02-2021 01:42:41.0870 A
[ReportManager] Successfully created attachment [Selenium WebDriver Logs - server] @16-02-2021 01:42:41.0944 AM
[ReportManager] Successfully created attachment [Selenium WebDriver Logs - performance] @16-02-2021 01:42:42.0077 AM
[ReportManager] Successfully created attachment [Selenium WebDriver Logs - driver] @16-02-2021 01:42:42.0230 AM
[ReportManager] Browser Action [closeCurrentWindow] successfully performed. @16-02-2021 01:42:42.0285 AM
[ReportManager] Successfully created attachment [Browser Action Test Data - closeCurrentWindow - Actual Value] @16-02-2021 01:42:42.0286 A
[ReportManager] File Action [getAbsolutePath] successfully performed. With the following test data [Relative Folder Path: "target/downloadedFiles/"]. @16-02-2021 01:42:42.0291 AM
[ReportManager] Attempting to run remotely on: [Linux-64], [GoogleChrome], [http://localhost:4444/wd/hub], Headless Execution. @16-02-2021 01:42:42.0291 AM
[ReportManager] Successfully Opened [GoogleChrome]. @16-02-2021 01:42:42.0523 AM
[ReportManager] Target URL: [https://www.google.com/ncr], and after redirection: [www.google.com] @16-02-2021 01:42:42.0532 AM
[ReportManager] Initial URL: [data:,] @16-02-2021 01:42:42.0568 AM
[ReportManager] Browser Action [navigateToURL] successfully performed. With the following test data [https://www.google.com/ncr]. @16-02-2021 01:42:43.0327 A

################################################################################################################################################
Starting Execution:	[109 out of 134] test cases in the current suite
Test Method:		[unitTests.tests_validations_assertions.assertElementAttribute_true_literalComparison_expectedToPass]
################################################################################################################################################
[ReportManager] Element Action [type] successfully performed. With the following test data [Automation!@#$%^&*()_+{}[]\';/.,]. @16-02-2021 01:42:44.0641 AM
[ReportManager] Element Action [getText] successfully performed. With the following test data [Automation!@#$%^&*()_+{}[]\';/.,]. @16-02-2021 01:42:44.0736 AM
[ReportManager] Loaded Shared OpenCV @16-02-2021 01:42:44.0862 AM
[ReportManager] AssertElementAttribute PASSED; Expected [Value Should be 'Automation!@#$%^&*()_+{}[]\';/.,' for the 'text' attribute, element locator 'By.name: q'] and Actual [Automation!@#$%^&*()_+{}[]\';/.,]. Comparison Type [EQUALS]. Validation Type [POSITIVE]. @16-02-2021 01:42:44.0934 AM
[ReportManager] Successfully created attachment [Screenshot - 1613439764862_assertElementAttribute_true_literalComparison_expectedToPass_AssertElementAttribute_passed] @16-02-2021 01:42:44.0935 A
[ReportManager] Successfully created attachment [Selenium WebDriver Logs - server] @16-02-2021 01:42:45.0001 AM
[ReportManager] Successfully created attachment [Selenium WebDriver Logs - performance] @16-02-2021 01:42:45.0136 AM
[ReportManager] Successfully created attachment [Selenium WebDriver Logs - driver] @16-02-2021 01:42:45.0292 AM
[ReportManager] Browser Action [closeCurrentWindow] successfully performed. @16-02-2021 01:42:45.0349 AM
[ReportManager] Successfully created attachment [Browser Action Test Data - closeCurrentWindow - Actual Value] @16-02-2021 01:42:45.0350 A
[ReportManager] File Action [getAbsolutePath] successfully performed. With the following test data [Relative Folder Path: "target/downloadedFiles/"]. @16-02-2021 01:42:45.0353 AM
[ReportManager] Attempting to run remotely on: [Linux-64], [GoogleChrome], [http://localhost:4444/wd/hub], Headless Execution. @16-02-2021 01:42:45.0353 AM
[ReportManager] Successfully Opened [GoogleChrome]. @16-02-2021 01:42:45.0565 AM
[ReportManager] Target URL: [https://www.google.com/ncr], and after redirection: [www.google.com] @16-02-2021 01:42:45.0574 AM
[ReportManager] Initial URL: [data:,] @16-02-2021 01:42:45.0617 AM
[ReportManager] Browser Action [navigateToURL] successfully performed. With the following test data [https://www.google.com/ncr]. @16-02-2021 01:42:46.0456 A

################################################################################################################################################
Starting Execution:	[110 out of 134] test cases in the current suite
Test Method:		[unitTests.tests_validations_assertions.assertElementAttribute_true_regexComparison_expectedToFail]
################################################################################################################################################
[ReportManager] Element Action [type] successfully performed. With the following test data [Automation123]. @16-02-2021 01:42:47.0024 AM
[ReportManager] Element Action [getText] successfully performed. With the following test data [Automation123]. @16-02-2021 01:42:47.0131 AM
[ReportManager] Loaded Shared OpenCV @16-02-2021 01:42:47.0258 AM
[ReportManager] AssertElementAttribute FAILED; Expected [Value Should be 'Automation' for the 'text' attribute, element locator 'By.name: q'] and Actual [Automation123]. Comparison Type [MATCHES]. Validation Type [POSITIVE]. @16-02-2021 01:42:47.0332 AM
[ReportManager] Successfully created attachment [Screenshot - 1613439767258_assertElementAttribute_true_regexComparison_expectedToFail_AssertElementAttribute_failed] @16-02-2021 01:42:47.0333 A
[ReportManager] Successfully created attachment [Selenium WebDriver Logs - server] @16-02-2021 01:42:47.0423 AM
[ReportManager] Successfully created attachment [Selenium WebDriver Logs - performance] @16-02-2021 01:42:47.0498 AM
[ReportManager] Successfully created attachment [Selenium WebDriver Logs - driver] @16-02-2021 01:42:47.0615 AM
[ReportManager] Browser Action [closeCurrentWindow] successfully performed. @16-02-2021 01:42:47.0673 AM
[ReportManager] Successfully created attachment [Browser Action Test Data - closeCurrentWindow - Actual Value] @16-02-2021 01:42:47.0673 A
[ReportManager] File Action [getAbsolutePath] successfully performed. With the following test data [Relative Folder Path: "target/downloadedFiles/"]. @16-02-2021 01:42:47.0682 AM
[ReportManager] Attempting to run remotely on: [Linux-64], [GoogleChrome], [http://localhost:4444/wd/hub], Headless Execution. @16-02-2021 01:42:47.0682 AM
[ReportManager] Successfully Opened [GoogleChrome]. @16-02-2021 01:42:47.0905 AM
[ReportManager] Target URL: [https://www.google.com/ncr], and after redirection: [www.google.com] @16-02-2021 01:42:47.0922 AM
[ReportManager] Initial URL: [data:,] @16-02-2021 01:42:47.0958 AM
[ReportManager] Browser Action [navigateToURL] successfully performed. With the following test data [https://www.google.com/ncr]. @16-02-2021 01:42:48.0753 A

################################################################################################################################################
Starting Execution:	[111 out of 134] test cases in the current suite
Test Method:		[unitTests.tests_validations_assertions.assertElementAttribute_true_regexComparison_expectedToPass]
################################################################################################################################################
[ReportManager] Element Action [type] successfully performed. With the following test data [Automation123]. @16-02-2021 01:42:49.0319 AM
[ReportManager] Element Action [getText] successfully performed. With the following test data [Automation123]. @16-02-2021 01:42:49.0419 AM
[ReportManager] Loaded Shared OpenCV @16-02-2021 01:42:49.0540 AM
[ReportManager] AssertElementAttribute PASSED; Expected [Value Should be 'Automation.*' for the 'text' attribute, element locator 'By.name: q'] and Actual [Automation123]. Comparison Type [MATCHES]. Validation Type [POSITIVE]. @16-02-2021 01:42:49.0611 AM
[ReportManager] Successfully created attachment [Screenshot - 1613439769540_assertElementAttribute_true_regexComparison_expectedToPass_AssertElementAttribute_passed] @16-02-2021 01:42:49.0612 A
[ReportManager] Successfully created attachment [Selenium WebDriver Logs - server] @16-02-2021 01:42:49.0679 AM
[ReportManager] Successfully created attachment [Selenium WebDriver Logs - performance] @16-02-2021 01:42:49.0762 AM
[ReportManager] Successfully created attachment [Selenium WebDriver Logs - driver] @16-02-2021 01:42:49.0873 AM
[ReportManager] Browser Action [closeCurrentWindow] successfully performed. @16-02-2021 01:42:49.0929 AM
[ReportManager] Successfully created attachment [Browser Action Test Data - closeCurrentWindow - Actual Value] @16-02-2021 01:42:49.0930 A
[ReportManager] File Action [getAbsolutePath] successfully performed. With the following test data [Relative Folder Path: "target/downloadedFiles/"]. @16-02-2021 01:42:49.0933 AM
[ReportManager] Attempting to run remotely on: [Linux-64], [GoogleChrome], [http://localhost:4444/wd/hub], Headless Execution. @16-02-2021 01:42:49.0933 AM
[ReportManager] Successfully Opened [GoogleChrome]. @16-02-2021 01:42:50.0137 AM
[ReportManager] Target URL: [https://www.google.com/ncr], and after redirection: [www.google.com] @16-02-2021 01:42:50.0162 AM
[ReportManager] Initial URL: [data:,] @16-02-2021 01:42:50.0203 AM
[ReportManager] Browser Action [navigateToURL] successfully performed. With the following test data [https://www.google.com/ncr]. @16-02-2021 01:42:50.0996 A

################################################################################################################################################
Starting Execution:	[112 out of 134] test cases in the current suite
Test Method:		[unitTests.tests_validations_assertions.assertElementExists_false_expectedToFail]
################################################################################################################################################
[ReportManager] AssertElementExists PASSED; Expected [Element Should not Exist, locator 'By.id: hplogo'] and Actual [Element Doesn't Exists]. Comparison Type [EQUALS]. Validation Type [NEGATIVE]. @16-02-2021 01:42:51.0241 AM
[ReportManager] Successfully created attachment [Screenshot - 1613439771176_assertElementExists_false_expectedToFail_AssertElementExists_passed] @16-02-2021 01:42:51.0242 A
[ReportManager] Successfully created attachment [Selenium WebDriver Logs - server] @16-02-2021 01:42:51.0307 AM
[ReportManager] Successfully created attachment [Selenium WebDriver Logs - performance] @16-02-2021 01:42:51.0334 AM
[ReportManager] Successfully created attachment [Selenium WebDriver Logs - driver] @16-02-2021 01:42:51.0398 AM
[ReportManager] Browser Action [closeCurrentWindow] successfully performed. @16-02-2021 01:42:51.0413 AM
[ReportManager] Successfully created attachment [Browser Action Test Data - closeCurrentWindow - Actual Value] @16-02-2021 01:42:51.0414 A
[ReportManager] File Action [getAbsolutePath] successfully performed. With the following test data [Relative Folder Path: "target/downloadedFiles/"]. @16-02-2021 01:42:51.0416 AM
[ReportManager] Attempting to run remotely on: [Linux-64], [GoogleChrome], [http://localhost:4444/wd/hub], Headless Execution. @16-02-2021 01:42:51.0416 AM
[ReportManager] Successfully Opened [GoogleChrome]. @16-02-2021 01:42:51.0609 AM
[ReportManager] Target URL: [https://www.google.com/ncr], and after redirection: [www.google.com] @16-02-2021 01:42:51.0618 AM
[ReportManager] Initial URL: [data:,] @16-02-2021 01:42:51.0659 AM
[ReportManager] Browser Action [navigateToURL] successfully performed. With the following test data [https://www.google.com/ncr]. @16-02-2021 01:42:52.0411 A

################################################################################################################################################
Starting Execution:	[113 out of 134] test cases in the current suite
Test Method:		[unitTests.tests_validations_assertions.assertElementExists_false_expectedToPass]
################################################################################################################################################
[ReportManager] AssertElementExists PASSED; Expected [Element Should not Exist, locator 'By.id: fakeElement'] and Actual [Element Doesn't Exists]. Comparison Type [EQUALS]. Validation Type [NEGATIVE]. @16-02-2021 01:42:52.0590 AM
[ReportManager] Successfully created attachment [Screenshot - 1613439772535_assertElementExists_false_expectedToPass_AssertElementExists_passed] @16-02-2021 01:42:52.0590 A
[ReportManager] Successfully created attachment [Selenium WebDriver Logs - server] @16-02-2021 01:42:52.0666 AM
[ReportManager] Successfully created attachment [Selenium WebDriver Logs - performance] @16-02-2021 01:42:52.0697 AM
[ReportManager] Successfully created attachment [Selenium WebDriver Logs - driver] @16-02-2021 01:42:52.0767 AM
[ReportManager] Browser Action [closeCurrentWindow] successfully performed. @16-02-2021 01:42:52.0823 AM
[ReportManager] Successfully created attachment [Browser Action Test Data - closeCurrentWindow - Actual Value] @16-02-2021 01:42:52.0824 A
[ReportManager] File Action [getAbsolutePath] successfully performed. With the following test data [Relative Folder Path: "target/downloadedFiles/"]. @16-02-2021 01:42:52.0827 AM
[ReportManager] Attempting to run remotely on: [Linux-64], [GoogleChrome], [http://localhost:4444/wd/hub], Headless Execution. @16-02-2021 01:42:52.0827 AM
[ReportManager] Successfully Opened [GoogleChrome]. @16-02-2021 01:42:53.0029 AM
[ReportManager] Target URL: [https://www.google.com/ncr], and after redirection: [www.google.com] @16-02-2021 01:42:53.0038 AM
[ReportManager] Initial URL: [data:,] @16-02-2021 01:42:53.0074 AM
[ReportManager] Browser Action [navigateToURL] successfully performed. With the following test data [https://www.google.com/ncr]. @16-02-2021 01:42:53.0813 A

################################################################################################################################################
Starting Execution:	[114 out of 134] test cases in the current suite
Test Method:		[unitTests.tests_validations_assertions.assertElementExists_false_multipleElementsFound_expectedToFail]
################################################################################################################################################
[ReportManager] AssertElementExists FAILED; Expected [Element Should not Exist, locator 'By.xpath: //div'] and Actual [Element Exists but is not unique]. Comparison Type [EQUALS]. Validation Type [NEGATIVE]. @16-02-2021 01:42:54.0010 AM
[ReportManager] Successfully created attachment [Screenshot - 1613439773952_assertElementExists_false_multipleElementsFound_expectedToFail_AssertElementExists_failed] @16-02-2021 01:42:54.0010 A
[ReportManager] Successfully created attachment [Selenium WebDriver Logs - server] @16-02-2021 01:42:54.0077 AM
[ReportManager] Successfully created attachment [Selenium WebDriver Logs - performance] @16-02-2021 01:42:54.0113 AM
[ReportManager] Successfully created attachment [Selenium WebDriver Logs - driver] @16-02-2021 01:42:54.0177 AM
[ReportManager] Browser Action [closeCurrentWindow] successfully performed. @16-02-2021 01:42:54.0232 AM
[ReportManager] Successfully created attachment [Browser Action Test Data - closeCurrentWindow - Actual Value] @16-02-2021 01:42:54.0233 A
[ReportManager] File Action [getAbsolutePath] successfully performed. With the following test data [Relative Folder Path: "target/downloadedFiles/"]. @16-02-2021 01:42:54.0235 AM
[ReportManager] Attempting to run remotely on: [Linux-64], [GoogleChrome], [http://localhost:4444/wd/hub], Headless Execution. @16-02-2021 01:42:54.0235 AM
[ReportManager] Successfully Opened [GoogleChrome]. @16-02-2021 01:42:54.0441 AM
[ReportManager] Target URL: [https://www.google.com/ncr], and after redirection: [www.google.com] @16-02-2021 01:42:54.0450 AM
[ReportManager] Initial URL: [data:,] @16-02-2021 01:42:54.0488 AM
[ReportManager] Browser Action [navigateToURL] successfully performed. With the following test data [https://www.google.com/ncr]. @16-02-2021 01:42:55.0309 A

################################################################################################################################################
Starting Execution:	[115 out of 134] test cases in the current suite
Test Method:		[unitTests.tests_validations_assertions.assertElementExists_true_expectedToFail]
################################################################################################################################################
[ReportManager] AssertElementExists FAILED; Expected [Element Should Exist, locator 'By.id: fakeElement'] and Actual [Element Doesn't Exists]. Comparison Type [EQUALS]. Validation Type [POSITIVE]. @16-02-2021 01:42:55.0494 AM
[ReportManager] Successfully created attachment [Screenshot - 1613439775436_assertElementExists_true_expectedToFail_AssertElementExists_failed] @16-02-2021 01:42:55.0495 A
[ReportManager] Successfully created attachment [Selenium WebDriver Logs - server] @16-02-2021 01:42:55.0557 AM
[ReportManager] Successfully created attachment [Selenium WebDriver Logs - performance] @16-02-2021 01:42:55.0587 AM
[ReportManager] Successfully created attachment [Selenium WebDriver Logs - driver] @16-02-2021 01:42:55.0645 AM
[ReportManager] Browser Action [closeCurrentWindow] successfully performed. @16-02-2021 01:42:55.0703 AM
[ReportManager] Successfully created attachment [Browser Action Test Data - closeCurrentWindow - Actual Value] @16-02-2021 01:42:55.0704 A
[ReportManager] File Action [getAbsolutePath] successfully performed. With the following test data [Relative Folder Path: "target/downloadedFiles/"]. @16-02-2021 01:42:55.0709 AM
[ReportManager] Attempting to run remotely on: [Linux-64], [GoogleChrome], [http://localhost:4444/wd/hub], Headless Execution. @16-02-2021 01:42:55.0709 AM
[ReportManager] Successfully Opened [GoogleChrome]. @16-02-2021 01:42:55.0920 AM
[ReportManager] Target URL: [https://www.google.com/ncr], and after redirection: [www.google.com] @16-02-2021 01:42:55.0931 AM
[ReportManager] Initial URL: [data:,] @16-02-2021 01:42:55.0968 AM
[ReportManager] Browser Action [navigateToURL] successfully performed. With the following test data [https://www.google.com/ncr]. @16-02-2021 01:42:56.0724 A

################################################################################################################################################
Starting Execution:	[116 out of 134] test cases in the current suite
Test Method:		[unitTests.tests_validations_assertions.assertElementExists_true_expectedToPass]
################################################################################################################################################
[ReportManager] AssertElementExists FAILED; Expected [Element Should Exist, locator 'By.id: hplogo'] and Actual [Element Doesn't Exists]. Comparison Type [EQUALS]. Validation Type [POSITIVE]. @16-02-2021 01:42:56.0936 AM
[ReportManager] Successfully created attachment [Screenshot - 1613439776874_assertElementExists_true_expectedToPass_AssertElementExists_failed] @16-02-2021 01:42:56.0936 A
[ReportManager] Successfully created attachment [Selenium WebDriver Logs - server] @16-02-2021 01:42:57.0020 AM
[ReportManager] Successfully created attachment [Selenium WebDriver Logs - performance] @16-02-2021 01:42:57.0047 AM
[ReportManager] Successfully created attachment [Selenium WebDriver Logs - driver] @16-02-2021 01:42:57.0109 AM
[ReportManager] Browser Action [closeCurrentWindow] successfully performed. @16-02-2021 01:42:57.0171 AM
[ReportManager] Successfully created attachment [Browser Action Test Data - closeCurrentWindow - Actual Value] @16-02-2021 01:42:57.0171 A
[ReportManager] File Action [getAbsolutePath] successfully performed. With the following test data [Relative Folder Path: "target/downloadedFiles/"]. @16-02-2021 01:42:57.0173 AM
[ReportManager] Attempting to run remotely on: [Linux-64], [GoogleChrome], [http://localhost:4444/wd/hub], Headless Execution. @16-02-2021 01:42:57.0173 AM
[ReportManager] Successfully Opened [GoogleChrome]. @16-02-2021 01:42:57.0386 AM
[ReportManager] Target URL: [https://www.google.com/ncr], and after redirection: [www.google.com] @16-02-2021 01:42:57.0396 AM
[ReportManager] Initial URL: [data:,] @16-02-2021 01:42:57.0435 AM
[ReportManager] Browser Action [navigateToURL] successfully performed. With the following test data [https://www.google.com/ncr]. @16-02-2021 01:42:58.0213 A

################################################################################################################################################
Starting Execution:	[117 out of 134] test cases in the current suite
Test Method:		[unitTests.tests_validations_assertions.assertElementExists_true_multipleElementsFound_expectedToFail]
################################################################################################################################################
[ReportManager] AssertElementExists FAILED; Expected [Element Should Exist, locator 'By.xpath: //div'] and Actual [Element Exists but is not unique]. Comparison Type [EQUALS]. Validation Type [POSITIVE]. @16-02-2021 01:42:58.0425 AM
[ReportManager] Successfully created attachment [Screenshot - 1613439778361_assertElementExists_true_multipleElementsFound_expectedToFail_AssertElementExists_failed] @16-02-2021 01:42:58.0425 A
[ReportManager] Successfully created attachment [Selenium WebDriver Logs - server] @16-02-2021 01:42:58.0508 AM
[ReportManager] Successfully created attachment [Selenium WebDriver Logs - performance] @16-02-2021 01:42:58.0547 AM
[ReportManager] Successfully created attachment [Selenium WebDriver Logs - driver] @16-02-2021 01:42:58.0615 AM
[ReportManager] Browser Action [closeCurrentWindow] successfully performed. @16-02-2021 01:42:58.0671 AM
[ReportManager] Successfully created attachment [Browser Action Test Data - closeCurrentWindow - Actual Value] @16-02-2021 01:42:58.0672 A

################################################################################################################################################
Starting Execution:	[118 out of 134] test cases in the current suite
Test Method:		[unitTests.tests_validations_assertions.assertEquals_false_expectedToFail]
################################################################################################################################################
[ReportManager] AssertEquals FAILED; Expected [1] and Actual [1]. Comparison Type [EQUALS]. Validation Type [NEGATIVE]. @16-02-2021 01:42:58.0677 A

################################################################################################################################################
Starting Execution:	[119 out of 134] test cases in the current suite
Test Method:		[unitTests.tests_validations_assertions.assertEquals_false_expectedToPass]
################################################################################################################################################
[ReportManager] AssertEquals PASSED; Expected [1] and Actual [2]. Comparison Type [EQUALS]. Validation Type [NEGATIVE]. @16-02-2021 01:42:58.0685 A

################################################################################################################################################
Starting Execution:	[120 out of 134] test cases in the current suite
Test Method:		[unitTests.tests_validations_assertions.assertEquals_longCharacters]
################################################################################################################################################
[ReportManager] VerifyEquals PASSED; Expected and Actual values are attached. Comparison Type [EQUALS]. Validation Type [POSITIVE]. @16-02-2021 01:42:58.0689 AM
[ReportManager] Successfully created attachment [Validation Test Data - Expected Value] @16-02-2021 01:42:58.0689 AM
[ReportManager] Successfully created attachment [Validation Test Data - Actual Value] @16-02-2021 01:42:58.0689 AM
[ReportManager] AssertEquals PASSED; Expected and Actual values are attached. Comparison Type [EQUALS]. Validation Type [POSITIVE]. @16-02-2021 01:42:58.0689 AM
[ReportManager] Successfully created attachment [Validation Test Data - Expected Value] @16-02-2021 01:42:58.0689 AM
[ReportManager] Successfully created attachment [Validation Test Data - Actual Value] @16-02-2021 01:42:58.0689 A

################################################################################################################################################
Starting Execution:	[121 out of 134] test cases in the current suite
Test Method:		[unitTests.tests_validations_assertions.assertEquals_longCharacters_Discreet]
################################################################################################################################################
[ReportManager] AssertEquals PASSED; Expected [1LH5pROcDBjjQk0t0mCr0lXuzQu9lcGj28kY8R1H81X67eVAQJgWQhILiRWVPUgZ6uCtK5cnBkF55Jr9vYngjGO1Iyf0Mktv6lruDlL9T8MAUPcUZJGHZtji6nIeadujDSNmWMj5d6C8zlFqw0CRqBU0hO5adIasHgBSNoLotAjce3NGXoDwAlp3rYreeV16VIyZXROQY] and Actual [1LH5pROcDBjjQk0t0mCr0lXuzQu9lcGj28kY8R1H81X67eVAQJgWQhILiRWVPUgZ6uCtK5cnBkF55Jr9vYngjGO1Iyf0Mktv6lruDlL9T8MAUPcUZJGHZtji6nIeadujDSNmWMj5d6C8zlFqw0CRqBU0hO5adIasHgBSNoLotAjce3NGXoDwAlp3rYreeV16VIyZXROQY]. Comparison Type [EQUALS]. Validation Type [POSITIVE]. @16-02-2021 01:42:58.0695 A

################################################################################################################################################
Starting Execution:	[122 out of 134] test cases in the current suite
Test Method:		[unitTests.tests_validations_assertions.assertEquals_true_expectedToFail]
################################################################################################################################################
[ReportManager] AssertEquals FAILED; Expected [1] and Actual [2]. Comparison Type [EQUALS]. Validation Type [POSITIVE]. @16-02-2021 01:42:58.0697 A

################################################################################################################################################
Starting Execution:	[123 out of 134] test cases in the current suite
Test Method:		[unitTests.tests_validations_assertions.assertEquals_true_expectedToPass]
Test Description:	[Assert that assertEquals works as expected when the two values are equal.]
################################################################################################################################################
[ReportManager] VerifyEquals PASSED; Expected [1] and Actual [1]. Comparison Type [EQUALS]. Validation Type [POSITIVE]. @16-02-2021 01:42:58.0705 AM
[ReportManager] AssertEquals PASSED; Expected [1] and Actual [1]. Comparison Type [EQUALS]. Validation Type [POSITIVE]. @16-02-2021 01:42:58.0705 A

################################################################################################################################################
Starting Execution:	[124 out of 134] test cases in the current suite
Test Method:		[unitTests.tests_validations_assertions.assertEquals_true_expectedToPass__]
################################################################################################################################################
[ReportManager] AssertEquals PASSED; Expected [1] and Actual [1]. Comparison Type [EQUALS]. Validation Type [POSITIVE]. @16-02-2021 01:42:58.0707 A

################################################################################################################################################
Starting Execution:	[125 out of 134] test cases in the current suite
Test Method:		[unitTests.tests_validations_assertions.assertFileExists_false_expectedToFail]
################################################################################################################################################
[ReportManager] File Action [doesFileExist] successfully performed. With the following test data [File Path: "src/main/java/com/shaft/gui/element/ElementActions.java"]. @16-02-2021 01:42:58.0711 AM
[ReportManager] AssertFileExists FAILED; Expected [File 'src/main/java/com/shaft/gui/element/ElementActions.java' should not exist, after up to '1' retries] and Actual [File exists]. Validation Type [NEGATIVE]. @16-02-2021 01:42:58.0711 A

################################################################################################################################################
Starting Execution:	[126 out of 134] test cases in the current suite
Test Method:		[unitTests.tests_validations_assertions.assertFileExists_false_expectedToPass]
################################################################################################################################################
[ReportManager] File Action [doesFileExist] successfully performed. With the following test data [File Path: "src/main/java/com/shaft/gui/element/ElementActions.java_fail"]. @16-02-2021 01:42:59.0217 AM
[ReportManager] AssertFileExists PASSED; Expected [File 'src/main/java/com/shaft/gui/element/ElementActions.java_fail' should not exist, after up to '1' retries] and Actual [File does not exist]. Validation Type [NEGATIVE]. @16-02-2021 01:42:59.0217 A

################################################################################################################################################
Starting Execution:	[127 out of 134] test cases in the current suite
Test Method:		[unitTests.tests_validations_assertions.assertFileExists_true_expectedToFail]
################################################################################################################################################
[ReportManager] File Action [doesFileExist] successfully performed. With the following test data [File Path: "src/main/java/com/shaft/gui/element/ElementActions.java_fail"]. @16-02-2021 01:42:59.0761 AM
[ReportManager] AssertFileExists FAILED; Expected [File 'src/main/java/com/shaft/gui/element/ElementActions.java_fail' should exist, after up to '1' retries] and Actual [File does not exist]. Validation Type [POSITIVE]. @16-02-2021 01:42:59.0761 A

################################################################################################################################################
Starting Execution:	[128 out of 134] test cases in the current suite
Test Method:		[unitTests.tests_validations_assertions.assertFileExists_true_expectedToPass]
################################################################################################################################################
[ReportManager] File Action [doesFileExist] successfully performed. With the following test data [File Path: "src/main/java/com/shaft/gui/element/ElementActions.java"]. @16-02-2021 01:42:59.0769 AM
[ReportManager] AssertFileExists PASSED; Expected [File 'src/main/java/com/shaft/gui/element/ElementActions.java' should exist, after up to '1' retries] and Actual [File exists]. Validation Type [POSITIVE]. @16-02-2021 01:42:59.0769 A

################################################################################################################################################
Starting Execution:	[129 out of 134] test cases in the current suite
Test Method:		[unitTests.tests_validations_assertions.assertNull_false_expectedToFail]
################################################################################################################################################
[ReportManager] AssertNull FAILED; Expected [NULL] and Actual [NULL]. Comparison Type [EQUALS]. Validation Type [NEGATIVE]. @16-02-2021 01:42:59.0775 A

################################################################################################################################################
Starting Execution:	[130 out of 134] test cases in the current suite
Test Method:		[unitTests.tests_validations_assertions.assertNull_false_expectedToPass]
################################################################################################################################################
[ReportManager] AssertNull PASSED; Expected [NULL] and Actual [1]. Comparison Type [EQUALS]. Validation Type [NEGATIVE]. @16-02-2021 01:42:59.0780 A

################################################################################################################################################
Starting Execution:	[131 out of 134] test cases in the current suite
Test Method:		[unitTests.tests_validations_assertions.assertNull_true_expectedToFail]
################################################################################################################################################
[ReportManager] AssertNull FAILED; Expected [NULL] and Actual [1]. Comparison Type [EQUALS]. Validation Type [POSITIVE]. @16-02-2021 01:42:59.0784 A

################################################################################################################################################
Starting Execution:	[132 out of 134] test cases in the current suite
Test Method:		[unitTests.tests_validations_assertions.assertNull_true_expectedToPass]
################################################################################################################################################
[ReportManager] AssertNull PASSED; Expected [NULL] and Actual [NULL]. Comparison Type [EQUALS]. Validation Type [POSITIVE]. @16-02-2021 01:42:59.0789 A

################################################################################################################################################
Starting Execution:	[133 out of 134] test cases in the current suite
Test Method:		[unitTests.tests_restActions.getPostsAndAssertBodyForSpecificTitle]
################################################################################################################################################
[ReportManager] Response status code: [200], status line: [HTTP/1.1 200 OK] @16-02-2021 01:43:00.0960 AM
[ReportManager] Evaluating the actual response status code against the expected one...... @16-02-2021 01:43:00.0961 AM
[ReportManager] AssertEquals PASSED; Expected [200] and Actual [200]. Comparison Type [EQUALS]. Validation Type [POSITIVE]. @16-02-2021 01:43:00.0961 AM
[ReportManager] API Action [performRequest] successfully performed. With the following test data [Request Type: "GET" | Target Status Code: "200" | Service URL: "https://jsonplaceholder.typicode.com/posts" | Content Type: "*/*" | Response Time: "697ms"]. @16-02-2021 01:43:01.0139 AM
[ReportManager] Successfully created attachment [API Response - JSON Body] @16-02-2021 01:43:01.0140 AM
[ReportManager] API Action [getResponseJSONValueAsList] successfully performed. @16-02-2021 01:43:01.0165 AM
[ReportManager] API Action [getResponseJSONValue] successfully performed. With the following test data [title]. @16-02-2021 01:43:01.0184 AM
[ReportManager] API Action [getResponseJSONValue] successfully performed. With the following test data [title]. @16-02-2021 01:43:01.0201 AM
[ReportManager] API Action [getResponseJSONValue] successfully performed. With the following test data [body]. @16-02-2021 01:43:01.0215 AM
[ReportManager] AssertEquals PASSED; Expected [qui neque nisi nulla] and Actual [est rerum tempore vitae
sequi sint nihil reprehenderit dolor beatae ea dolores neque
fugiat blanditiis voluptate porro vel nihil molestiae ut reiciendis
qui aperiam non debitis possimus qui neque nisi nulla]. Comparison Type [CONTAINS]. Validation Type [POSITIVE]. @16-02-2021 01:43:01.0216 AM
[ReportManager] API Action [getResponseJSONValue] successfully performed. With the following test data [title]. @16-02-2021 01:43:01.0228 AM
[ReportManager] API Action [getResponseJSONValue] successfully performed. With the following test data [title]. @16-02-2021 01:43:01.0243 AM
[ReportManager] API Action [getResponseJSONValue] successfully performed. With the following test data [title]. @16-02-2021 01:43:01.0257 AM
[ReportManager] API Action [getResponseJSONValue] successfully performed. With the following test data [title]. @16-02-2021 01:43:01.0273 AM
[ReportManager] API Action [getResponseJSONValue] successfully performed. With the following test data [title]. @16-02-2021 01:43:01.0286 AM
[ReportManager] API Action [getResponseJSONValue] successfully performed. With the following test data [title]. @16-02-2021 01:43:01.0299 AM
[ReportManager] API Action [getResponseJSONValue] successfully performed. With the following test data [title]. @16-02-2021 01:43:01.0311 AM
[ReportManager] API Action [getResponseJSONValue] successfully performed. With the following test data [title]. @16-02-2021 01:43:01.0323 AM
[ReportManager] API Action [getResponseJSONValue] successfully performed. With the following test data [title]. @16-02-2021 01:43:01.0336 AM
[ReportManager] API Action [getResponseJSONValue] successfully performed. With the following test data [title]. @16-02-2021 01:43:01.0351 AM
[ReportManager] API Action [getResponseJSONValue] successfully performed. With the following test data [title]. @16-02-2021 01:43:01.0374 AM
[ReportManager] API Action [getResponseJSONValue] successfully performed. With the following test data [title]. @16-02-2021 01:43:01.0385 AM
[ReportManager] API Action [getResponseJSONValue] successfully performed. With the following test data [title]. @16-02-2021 01:43:01.0403 AM
[ReportManager] API Action [getResponseJSONValue] successfully performed. With the following test data [title]. @16-02-2021 01:43:01.0416 AM
[ReportManager] API Action [getResponseJSONValue] successfully performed. With the following test data [title]. @16-02-2021 01:43:01.0428 AM
[ReportManager] API Action [getResponseJSONValue] successfully performed. With the following test data [title]. @16-02-2021 01:43:01.0445 AM
[ReportManager] API Action [getResponseJSONValue] successfully performed. With the following test data [title]. @16-02-2021 01:43:01.0463 AM
[ReportManager] API Action [getResponseJSONValue] successfully performed. With the following test data [title]. @16-02-2021 01:43:01.0476 AM
[ReportManager] API Action [getResponseJSONValue] successfully performed. With the following test data [title]. @16-02-2021 01:43:01.0490 AM
[ReportManager] API Action [getResponseJSONValue] successfully performed. With the following test data [title]. @16-02-2021 01:43:01.0505 AM
[ReportManager] API Action [getResponseJSONValue] successfully performed. With the following test data [title]. @16-02-2021 01:43:01.0521 AM
[ReportManager] API Action [getResponseJSONValue] successfully performed. With the following test data [title]. @16-02-2021 01:43:01.0536 AM
[ReportManager] API Action [getResponseJSONValue] successfully performed. With the following test data [title]. @16-02-2021 01:43:01.0553 AM
[ReportManager] API Action [getResponseJSONValue] successfully performed. With the following test data [title]. @16-02-2021 01:43:01.0565 AM
[ReportManager] API Action [getResponseJSONValue] successfully performed. With the following test data [title]. @16-02-2021 01:43:01.0576 AM
[ReportManager] API Action [getResponseJSONValue] successfully performed. With the following test data [title]. @16-02-2021 01:43:01.0586 AM
[ReportManager] API Action [getResponseJSONValue] successfully performed. With the following test data [title]. @16-02-2021 01:43:01.0605 AM
[ReportManager] API Action [getResponseJSONValue] successfully performed. With the following test data [title]. @16-02-2021 01:43:01.0611 AM
[ReportManager] API Action [getResponseJSONValue] successfully performed. With the following test data [title]. @16-02-2021 01:43:01.0621 AM
[ReportManager] API Action [getResponseJSONValue] successfully performed. With the following test data [title]. @16-02-2021 01:43:01.0630 AM
[ReportManager] API Action [getResponseJSONValue] successfully performed. With the following test data [title]. @16-02-2021 01:43:01.0638 AM
[ReportManager] API Action [getResponseJSONValue] successfully performed. With the following test data [title]. @16-02-2021 01:43:01.0653 AM
[ReportManager] API Action [getResponseJSONValue] successfully performed. With the following test data [title]. @16-02-2021 01:43:01.0661 AM
[ReportManager] API Action [getResponseJSONValue] successfully performed. With the following test data [title]. @16-02-2021 01:43:01.0672 AM
[ReportManager] API Action [getResponseJSONValue] successfully performed. With the following test data [title]. @16-02-2021 01:43:01.0680 AM
[ReportManager] API Action [getResponseJSONValue] successfully performed. With the following test data [title]. @16-02-2021 01:43:01.0687 AM
[ReportManager] API Action [getResponseJSONValue] successfully performed. With the following test data [title]. @16-02-2021 01:43:01.0699 AM
[ReportManager] API Action [getResponseJSONValue] successfully performed. With the following test data [title]. @16-02-2021 01:43:01.0716 AM
[ReportManager] API Action [getResponseJSONValue] successfully performed. With the following test data [title]. @16-02-2021 01:43:01.0724 AM
[ReportManager] API Action [getResponseJSONValue] successfully performed. With the following test data [title]. @16-02-2021 01:43:01.0732 AM
[ReportManager] API Action [getResponseJSONValue] successfully performed. With the following test data [title]. @16-02-2021 01:43:01.0742 AM
[ReportManager] API Action [getResponseJSONValue] successfully performed. With the following test data [title]. @16-02-2021 01:43:01.0750 AM
[ReportManager] API Action [getResponseJSONValue] successfully performed. With the following test data [title]. @16-02-2021 01:43:01.0764 AM
[ReportManager] API Action [getResponseJSONValue] successfully performed. With the following test data [title]. @16-02-2021 01:43:01.0772 AM
[ReportManager] API Action [getResponseJSONValue] successfully performed. With the following test data [title]. @16-02-2021 01:43:01.0783 AM
[ReportManager] API Action [getResponseJSONValue] successfully performed. With the following test data [title]. @16-02-2021 01:43:01.0793 AM
[ReportManager] API Action [getResponseJSONValue] successfully performed. With the following test data [title]. @16-02-2021 01:43:01.0807 AM
[ReportManager] API Action [getResponseJSONValue] successfully performed. With the following test data [title]. @16-02-2021 01:43:01.0815 AM
[ReportManager] API Action [getResponseJSONValue] successfully performed. With the following test data [title]. @16-02-2021 01:43:01.0826 AM
[ReportManager] API Action [getResponseJSONValue] successfully performed. With the following test data [title]. @16-02-2021 01:43:01.0835 AM
[ReportManager] API Action [getResponseJSONValue] successfully performed. With the following test data [title]. @16-02-2021 01:43:01.0843 AM
[ReportManager] API Action [getResponseJSONValue] successfully performed. With the following test data [title]. @16-02-2021 01:43:01.0858 AM
[ReportManager] API Action [getResponseJSONValue] successfully performed. With the following test data [title]. @16-02-2021 01:43:01.0866 AM
[ReportManager] API Action [getResponseJSONValue] successfully performed. With the following test data [title]. @16-02-2021 01:43:01.0874 AM
[ReportManager] API Action [getResponseJSONValue] successfully performed. With the following test data [title]. @16-02-2021 01:43:01.0884 AM
[ReportManager] API Action [getResponseJSONValue] successfully performed. With the following test data [title]. @16-02-2021 01:43:01.0891 AM
[ReportManager] API Action [getResponseJSONValue] successfully performed. With the following test data [title]. @16-02-2021 01:43:01.0900 AM
[ReportManager] API Action [getResponseJSONValue] successfully performed. With the following test data [title]. @16-02-2021 01:43:01.0907 AM
[ReportManager] API Action [getResponseJSONValue] successfully performed. With the following test data [title]. @16-02-2021 01:43:01.0933 AM
[ReportManager] API Action [getResponseJSONValue] successfully performed. With the following test data [title]. @16-02-2021 01:43:01.0940 AM
[ReportManager] API Action [getResponseJSONValue] successfully performed. With the following test data [title]. @16-02-2021 01:43:01.0947 AM
[ReportManager] API Action [getResponseJSONValue] successfully performed. With the following test data [title]. @16-02-2021 01:43:01.0954 AM
[ReportManager] API Action [getResponseJSONValue] successfully performed. With the following test data [title]. @16-02-2021 01:43:01.0960 AM
[ReportManager] API Action [getResponseJSONValue] successfully performed. With the following test data [title]. @16-02-2021 01:43:02.0016 AM
[ReportManager] API Action [getResponseJSONValue] successfully performed. With the following test data [title]. @16-02-2021 01:43:02.0025 AM
[ReportManager] API Action [getResponseJSONValue] successfully performed. With the following test data [title]. @16-02-2021 01:43:02.0032 AM
[ReportManager] API Action [getResponseJSONValue] successfully performed. With the following test data [title]. @16-02-2021 01:43:02.0039 AM
[ReportManager] API Action [getResponseJSONValue] successfully performed. With the following test data [title]. @16-02-2021 01:43:02.0045 AM
[ReportManager] API Action [getResponseJSONValue] successfully performed. With the following test data [title]. @16-02-2021 01:43:02.0052 AM
[ReportManager] API Action [getResponseJSONValue] successfully performed. With the following test data [title]. @16-02-2021 01:43:02.0059 AM
[ReportManager] API Action [getResponseJSONValue] successfully performed. With the following test data [title]. @16-02-2021 01:43:02.0066 AM
[ReportManager] API Action [getResponseJSONValue] successfully performed. With the following test data [title]. @16-02-2021 01:43:02.0073 AM
[ReportManager] API Action [getResponseJSONValue] successfully performed. With the following test data [title]. @16-02-2021 01:43:02.0079 AM
[ReportManager] API Action [getResponseJSONValue] successfully performed. With the following test data [title]. @16-02-2021 01:43:02.0088 AM
[ReportManager] API Action [getResponseJSONValue] successfully performed. With the following test data [title]. @16-02-2021 01:43:02.0097 AM
[ReportManager] API Action [getResponseJSONValue] successfully performed. With the following test data [title]. @16-02-2021 01:43:02.0107 AM
[ReportManager] API Action [getResponseJSONValue] successfully performed. With the following test data [title]. @16-02-2021 01:43:02.0117 AM
[ReportManager] API Action [getResponseJSONValue] successfully performed. With the following test data [title]. @16-02-2021 01:43:02.0128 AM
[ReportManager] API Action [getResponseJSONValue] successfully performed. With the following test data [title]. @16-02-2021 01:43:02.0136 AM
[ReportManager] API Action [getResponseJSONValue] successfully performed. With the following test data [title]. @16-02-2021 01:43:02.0145 AM
[ReportManager] API Action [getResponseJSONValue] successfully performed. With the following test data [title]. @16-02-2021 01:43:02.0159 AM
[ReportManager] API Action [getResponseJSONValue] successfully performed. With the following test data [title]. @16-02-2021 01:43:02.0175 AM
[ReportManager] API Action [getResponseJSONValue] successfully performed. With the following test data [title]. @16-02-2021 01:43:02.0182 AM
[ReportManager] API Action [getResponseJSONValue] successfully performed. With the following test data [title]. @16-02-2021 01:43:02.0190 AM
[ReportManager] API Action [getResponseJSONValue] successfully performed. With the following test data [title]. @16-02-2021 01:43:02.0197 AM
[ReportManager] API Action [getResponseJSONValue] successfully performed. With the following test data [title]. @16-02-2021 01:43:02.0204 AM
[ReportManager] API Action [getResponseJSONValue] successfully performed. With the following test data [title]. @16-02-2021 01:43:02.0212 AM
[ReportManager] API Action [getResponseJSONValue] successfully performed. With the following test data [title]. @16-02-2021 01:43:02.0226 AM
[ReportManager] API Action [getResponseJSONValue] successfully performed. With the following test data [title]. @16-02-2021 01:43:02.0236 AM
[ReportManager] API Action [getResponseJSONValue] successfully performed. With the following test data [title]. @16-02-2021 01:43:02.0244 AM
[ReportManager] API Action [getResponseJSONValue] successfully performed. With the following test data [title]. @16-02-2021 01:43:02.0257 AM
[ReportManager] API Action [getResponseJSONValue] successfully performed. With the following test data [title]. @16-02-2021 01:43:02.0269 AM
[ReportManager] API Action [getResponseJSONValue] successfully performed. With the following test data [title]. @16-02-2021 01:43:02.0275 AM
[ReportManager] API Action [getResponseJSONValue] successfully performed. With the following test data [title]. @16-02-2021 01:43:02.0282 AM
[ReportManager] API Action [getResponseJSONValue] successfully performed. With the following test data [title]. @16-02-2021 01:43:02.0289 AM
[ReportManager] API Action [getResponseJSONValue] successfully performed. With the following test data [title]. @16-02-2021 01:43:02.0302 AM
[ReportManager] API Action [getResponseJSONValue] successfully performed. With the following test data [title]. @16-02-2021 01:43:02.0311 AM
[ReportManager] API Action [getResponseJSONValue] successfully performed. With the following test data [title]. @16-02-2021 01:43:02.0326 A

################################################################################################################################################
Starting Execution:	[134 out of 134] test cases in the current suite
Test Method:		[unitTests.tests_restActions.validateUserEmail]
################################################################################################################################################
[ReportManager] Response status code: [200], status line: [HTTP/1.1 200 OK] @16-02-2021 01:43:02.0438 AM
[ReportManager] Evaluating the actual response status code against the expected one...... @16-02-2021 01:43:02.0438 AM
[ReportManager] AssertEquals PASSED; Expected [200] and Actual [200]. Comparison Type [EQUALS]. Validation Type [POSITIVE]. @16-02-2021 01:43:02.0438 AM
[ReportManager] API Action [performRequest] successfully performed. With the following test data [Request Type: "GET" | Target Status Code: "200" | Service URL: "https://jsonplaceholder.typicode.com/users" | Content Type: "*/*" | Response Time: "97ms"]. @16-02-2021 01:43:02.0454 AM
[ReportManager] Successfully created attachment [API Response - JSON Body] @16-02-2021 01:43:02.0454 AM
[ReportManager] AssertEquals PASSED; Expected and Actual values are attached. Comparison Type [CONTAINS]. Validation Type [POSITIVE]. @16-02-2021 01:43:02.0454 AM
[ReportManager] Successfully created attachment [Validation Test Data - Expected Value] @16-02-2021 01:43:02.0454 AM
[ReportManager] Successfully created attachment [Validation Test Data - Actual Value] @16-02-2021 01:43:02.0455 AM
[ReportManager] API Action [getResponseJSONValueAsList] successfully performed. With the following test data [$]. @16-02-2021 01:43:02.0460 AM
[ReportManager] API Action [getResponseJSONValue] successfully performed. With the following test data [name]. @16-02-2021 01:43:02.0467 AM
[ReportManager] API Action [getResponseJSONValue] successfully performed. With the following test data [email]. @16-02-2021 01:43:02.0474 AM
[ReportManager] AssertEquals PASSED; Expected [Sincere@april.biz] and Actual [Sincere@april.biz]. Comparison Type [EQUALS]. Validation Type [POSITIVE]. @16-02-2021 01:43:02.0474 AM
[ReportManager] API Action [getResponseJSONValue] successfully performed. With the following test data [name]. @16-02-2021 01:43:02.0480 AM
[ReportManager] API Action [getResponseJSONValue] successfully performed. With the following test data [name]. @16-02-2021 01:43:02.0486 AM
[ReportManager] API Action [getResponseJSONValue] successfully performed. With the following test data [name]. @16-02-2021 01:43:02.0492 AM
[ReportManager] API Action [getResponseJSONValue] successfully performed. With the following test data [name]. @16-02-2021 01:43:02.0499 AM
[ReportManager] API Action [getResponseJSONValue] successfully performed. With the following test data [name]. @16-02-2021 01:43:02.0505 AM
[ReportManager] API Action [getResponseJSONValue] successfully performed. With the following test data [name]. @16-02-2021 01:43:02.0511 AM
[ReportManager] API Action [getResponseJSONValue] successfully performed. With the following test data [name]. @16-02-2021 01:43:02.0517 AM
[ReportManager] API Action [getResponseJSONValue] successfully performed. With the following test data [name]. @16-02-2021 01:43:02.0524 AM
[ReportManager] API Action [getResponseJSONValue] successfully performed. With the following test data [name]. @16-02-2021 01:43:02.0530 A

################################################################################################################################################
Test Closure Activities
################################################################################################################################################
[ReportManager] Successfully created attachment [SHAFT Engine Logs - Execution log] @16-02-2021 01:43:02.0569 AM

################################################################################################################################################
This test run was powered by SHAFT Engine Version: [SHAFT Engine v5.1]
SHAFT Engine is licensed under the MIT License: [https://github.com/MohabMohie/SHAFT_ENGINE/blob/master/LICENSE].
################################################################################################################################################