################################################################################################################################################
Detected SHAFT Engine Version: [SHAFT Engine v5.1]
################################################################################################################################################
[ReportManager] Successfully loaded the following test data file [src/test/resources/TestDataFiles/testSuite01/TestData.xlsx]. @15-02-2021 06:01:01.0157 AM
[ReportManager] Successfully created attachment [Test Data - Excel] @15-02-2021 06:01:01.0160 AM
[ReportManager] File Action [getAbsolutePath] successfully performed. With the following test data [Relative Folder Path: "target/downloadedFiles/"]. @15-02-2021 06:01:01.0165 AM
[ReportManager] Attempting to run remotely on: [Linux-64], [GoogleChrome], [http://localhost:4444/wd/hub], Headless Execution. @15-02-2021 06:01:01.0191 AM
[ReportManager] Successfully Opened [GoogleChrome]. @15-02-2021 06:01:02.0835 A

################################################################################################################################################
Starting Execution:	[1 out of 134] test cases in the current suite
Test Method:		[testPackage01.Test_google.navigateToURLandVerifyGoogleLogoIsDisplayed]
Test Description:	[TC001 - Navigate to URL and Verify Google Logo is Displayed]
################################################################################################################################################
[ReportManager] Target URL: [https://www.google.com/ncr], and after redirection: [https://www.google.com] @15-02-2021 06:01:03.0009 AM
[ReportManager] Initial URL: [data:,] @15-02-2021 06:01:03.0136 AM
[ReportManager] Browser Action [navigateToURL] successfully performed. With the following test data [https://www.google.com/ncr]. @15-02-2021 06:01:04.0621 AM
[ReportManager] Loaded Shared OpenCV @15-02-2021 06:01:05.0440 AM
[ReportManager] AssertElementExists PASSED; Expected [Element Should Exist, locator 'By.xpath: //img[@id='hplogo' or @alt='Google']'] and Actual [Element Exists]. Comparison Type [EQUALS]. Validation Type [POSITIVE]. @15-02-2021 06:01:05.0851 AM
[ReportManager] Successfully created attachment [Screenshot - 1613368864941_navigateToURLandVerifyGoogleLogoIsDisplayed_AssertElementExists_passed] @15-02-2021 06:01:05.0899 A

################################################################################################################################################
Starting Execution:	[2 out of 134] test cases in the current suite
Test Method:		[testPackage01.Test_google.searchForQueryandAssertResultsNumDisplayed]
Test Description:	[TC002 - Search for Query and Assert that the number of results is displayed]
################################################################################################################################################
[ReportManager] Element Action [type] successfully performed. With the following test data [SHAFT_Engine]. @15-02-2021 06:01:07.0103 AM
[ReportManager] Element Action [keyPress] successfully performed. With the following test data [Enter]. @15-02-2021 06:01:08.0718 AM
[ReportManager] Element Action [getText] successfully performed. With the following test data [About 6,230,000 results (0.88 seconds) ]. @15-02-2021 06:01:08.0858 AM
[ReportManager] Loaded Shared OpenCV @15-02-2021 06:01:09.0118 AM
[ReportManager] AssertElementAttribute PASSED; Expected [Value Should not be '' for the 'Text' attribute, element locator 'By.id: appbar'] and Actual [About 6,230,000 results (0.88 seconds) ]. Comparison Type [EQUALS]. Validation Type [NEGATIVE]. @15-02-2021 06:01:09.0253 AM
[ReportManager] Successfully created attachment [Screenshot - 1613368869118_searchForQueryandAssertResultsNumDisplayed_AssertElementAttribute_passed] @15-02-2021 06:01:09.0260 A

################################################################################################################################################
Starting Execution:	[3 out of 134] test cases in the current suite
Test Method:		[testPackage01.Test_google.clickNextThrice]
Test Description:	[TC003 - Clicks the next button to make sure that the framework can scroll element into view before clicking it]
################################################################################################################################################
[ReportManager] Element Action [click] successfully performed. With the following test data [Next]. @15-02-2021 06:01:10.0940 A
[ReportManager] Successfully created attachment [Selenium WebDriver Logs - server] @15-02-2021 06:01:11.0252 AM
[ReportManager] Successfully created attachment [Selenium WebDriver Logs - performance] @15-02-2021 06:01:11.0829 AM
[ReportManager] Successfully created attachment [Selenium WebDriver Logs - driver] @15-02-2021 06:01:12.0438 AM
[ReportManager] Browser Action [closeCurrentWindow] successfully performed. @15-02-2021 06:01:12.0504 AM
[ReportManager] Successfully created attachment [Browser Action Test Data - closeCurrentWindow - Actual Value] @15-02-2021 06:01:12.0531 A
[ReportManager] File Action [getAbsolutePath] successfully performed. With the following test data [Relative Folder Path: "target/downloadedFiles/"]. @15-02-2021 06:01:12.0533 AM
[ReportManager] Attempting to run remotely on: [Linux-64], [GoogleChrome], [http://localhost:4444/wd/hub], Headless Execution. @15-02-2021 06:01:12.0533 AM
[ReportManager] Successfully Opened [GoogleChrome]. @15-02-2021 06:01:13.0273 A

################################################################################################################################################
Starting Execution:	[4 out of 134] test cases in the current suite
Test Method:		[testPackage01.Test_verifyEquals.test_assertElementAttribute]
################################################################################################################################################
[ReportManager] Target URL: [https://www.google.com/ncr], and after redirection: [https://www.google.com] @15-02-2021 06:01:13.0325 AM
[ReportManager] Initial URL: [data:,] @15-02-2021 06:01:13.0397 AM
[ReportManager] Browser Action [navigateToURL] successfully performed. With the following test data [https://www.google.com/ncr]. @15-02-2021 06:01:14.0424 AM
[ReportManager] Element Action [type] successfully performed. With the following test data [INC_004010050:Another SCHEDULER with the same name [Duplicate Job Name] already exists.]. @15-02-2021 06:01:16.0906 AM
[ReportManager] Element Action [getText] successfully performed. With the following test data [INC_004010050:Another SCHEDULER with the same name [Duplicate Job Name] already exists.]. @15-02-2021 06:01:17.0140 AM
[ReportManager] Loaded Shared OpenCV @15-02-2021 06:01:17.0317 AM
[ReportManager] VerifyElementAttribute PASSED; Expected [Value Should be 'INC_004010050:Another SCHEDULER with the same name \[Duplicate Job Name\] already exists.' for the 'text' attribute, element locator 'By.name: q'] and Actual [INC_004010050:Another SCHEDULER with the same name [Duplicate Job Name] already exists.]. Comparison Type [MATCHES]. Validation Type [POSITIVE]. @15-02-2021 06:01:17.0447 AM
[ReportManager] Successfully created attachment [Screenshot - 1613368877316_test_assertElementAttribute_VerifyElementAttribute_passed] @15-02-2021 06:01:17.0457 A
[ReportManager] Successfully created attachment [Selenium WebDriver Logs - server] @15-02-2021 06:01:17.0611 AM
[ReportManager] Successfully created attachment [Selenium WebDriver Logs - performance] @15-02-2021 06:01:18.0050 AM
[ReportManager] Successfully created attachment [Selenium WebDriver Logs - driver] @15-02-2021 06:01:18.0424 AM
[ReportManager] Browser Action [closeCurrentWindow] successfully performed. @15-02-2021 06:01:18.0494 AM
[ReportManager] Successfully created attachment [Browser Action Test Data - closeCurrentWindow - Actual Value] @15-02-2021 06:01:18.0496 A
[ReportManager] File Action [getAbsolutePath] successfully performed. With the following test data [Relative Folder Path: "target/downloadedFiles/"]. @15-02-2021 06:01:18.0497 AM
[ReportManager] Attempting to run remotely on: [Linux-64], [GoogleChrome], [http://localhost:4444/wd/hub], Headless Execution. @15-02-2021 06:01:18.0498 AM
[ReportManager] Successfully Opened [GoogleChrome]. @15-02-2021 06:01:19.0145 A

################################################################################################################################################
Starting Execution:	[5 out of 134] test cases in the current suite
Test Method:		[testPackage01.Test_assertEquals.test_assertElementAttribute]
################################################################################################################################################
[ReportManager] Target URL: [https://www.google.com/ncr], and after redirection: [https://www.google.com] @15-02-2021 06:01:19.0175 AM
[ReportManager] Initial URL: [data:,] @15-02-2021 06:01:19.0256 AM
[ReportManager] Browser Action [navigateToURL] successfully performed. With the following test data [https://www.google.com/ncr]. @15-02-2021 06:01:20.0177 AM
[ReportManager] Element Action [type] successfully performed. With the following test data [INC_004010050:Another SCHEDULER with the same name [Duplicate Job Name] already exists.]. @15-02-2021 06:01:22.0880 AM
[ReportManager] Element Action [getText] successfully performed. With the following test data [INC_004010050:Another SCHEDULER with the same name [Duplicate Job Name] already exists.]. @15-02-2021 06:01:23.0052 AM
[ReportManager] Loaded Shared OpenCV @15-02-2021 06:01:23.0213 AM
[ReportManager] AssertElementAttribute PASSED; Expected [Value Should be 'INC_004010050:Another SCHEDULER with the same name \[Duplicate Job Name\] already exists.' for the 'text' attribute, element locator 'By.name: q'] and Actual [INC_004010050:Another SCHEDULER with the same name [Duplicate Job Name] already exists.]. Comparison Type [MATCHES]. Validation Type [POSITIVE]. @15-02-2021 06:01:23.0291 AM
[ReportManager] Successfully created attachment [Screenshot - 1613368883213_test_assertElementAttribute_AssertElementAttribute_passed] @15-02-2021 06:01:23.0292 A
[ReportManager] Successfully created attachment [Selenium WebDriver Logs - server] @15-02-2021 06:01:23.0415 AM
[ReportManager] Successfully created attachment [Selenium WebDriver Logs - performance] @15-02-2021 06:01:23.0873 AM
[ReportManager] Successfully created attachment [Selenium WebDriver Logs - driver] @15-02-2021 06:01:24.0261 AM
[ReportManager] Browser Action [closeCurrentWindow] successfully performed. @15-02-2021 06:01:24.0323 AM
[ReportManager] Successfully created attachment [Browser Action Test Data - closeCurrentWindow - Actual Value] @15-02-2021 06:01:24.0325 A

################################################################################################################################################
Starting Execution:	[6 out of 134] test cases in the current suite
Test Method:		[testPackage01.Test_SkipDueToIssue.doNotSkip]
################################################################################################################################################
[ReportManager] This should not be skipped. @15-02-2021 06:01:24.0340 A

################################################################################################################################################
Starting Execution:	[7 out of 134] test cases in the current suite
Test Method:		[testPackage01.Test_SkipDueToIssue.skip]
################################################################################################################################################
[ReportManager] This should be skipped. @15-02-2021 06:01:24.0349 A

################################################################################################################################################
Starting Execution:	[8 out of 134] test cases in the current suite
Test Method:		[testPackage01.Test_SkipDueToIssue.skip2]
################################################################################################################################################
[ReportManager] This should be skipped. @15-02-2021 06:01:24.0355 A
[ReportManager] File Action [getAbsolutePath] successfully performed. With the following test data [Relative Folder Path: "target/downloadedFiles/"]. @15-02-2021 06:01:24.0361 AM
[ReportManager] Attempting to run remotely on: [Linux-64], [GoogleChrome], [http://localhost:4444/wd/hub], Headless Execution. @15-02-2021 06:01:24.0362 AM
[ReportManager] Successfully Opened [GoogleChrome]. @15-02-2021 06:01:25.0088 A

################################################################################################################################################
Starting Execution:	[9 out of 134] test cases in the current suite
Test Method:		[testPackage01.Test_ShadowDOM.shadowdom]
################################################################################################################################################
[ReportManager] Target URL: [https://mdn.github.io/web-components-examples/popup-info-box-web-component/] @15-02-2021 06:01:25.0124 AM
[ReportManager] Initial URL: [data:,] @15-02-2021 06:01:25.0193 AM
[ReportManager] Browser Action [navigateToURL] successfully performed. With the following test data [https://mdn.github.io/web-components-examples/popup-info-box-web-component/]. @15-02-2021 06:01:25.0483 AM
[ReportManager] Element Action [type] successfully performed. With the following test data [Typing into SHADOW DOM...]. @15-02-2021 06:01:26.0406 AM
[ReportManager] Element Action [getText] successfully performed. With the following test data [Typing into SHADOW DOM...]. @15-02-2021 06:01:26.0581 AM
[ReportManager] Loaded Shared OpenCV @15-02-2021 06:01:26.0721 AM
[ReportManager] AssertElementAttribute PASSED; Expected [Value Should be 'Typing into SHADOW DOM...' for the 'Text' attribute, element locator 'By.id: cvc'] and Actual [Typing into SHADOW DOM...]. Comparison Type [EQUALS]. Validation Type [POSITIVE]. @15-02-2021 06:01:26.0802 AM
[ReportManager] Successfully created attachment [Screenshot - 1613368886720_shadowdom_AssertElementAttribute_passed] @15-02-2021 06:01:26.0803 A
[ReportManager] Successfully created attachment [Selenium WebDriver Logs - server] @15-02-2021 06:01:26.0865 AM
[ReportManager] Successfully created attachment [Selenium WebDriver Logs - performance] @15-02-2021 06:01:26.0881 AM
[ReportManager] Successfully created attachment [Selenium WebDriver Logs - browser] @15-02-2021 06:01:26.0894 AM
[ReportManager] Successfully created attachment [Selenium WebDriver Logs - driver] @15-02-2021 06:01:27.0042 AM
[ReportManager] Browser Action [closeCurrentWindow] successfully performed. @15-02-2021 06:01:27.0101 AM
[ReportManager] Successfully created attachment [Browser Action Test Data - closeCurrentWindow - Actual Value] @15-02-2021 06:01:27.0102 A

################################################################################################################################################
Starting Execution:	[10 out of 134] test cases in the current suite
Test Method:		[testPackage01.Test_NewValidationActions.f1]
################################################################################################################################################
[ReportManager] Checking valid user data... @15-02-2021 06:01:27.0115 AM
[ReportManager] AssertEquals PASSED; Expected and Actual values are attached. Comparison Type [EQUALS]. Validation Type [POSITIVE]. @15-02-2021 06:01:27.0115 AM
[ReportManager] Successfully created attachment [Validation Test Data - Expected Value] @15-02-2021 06:01:27.0116 AM
[ReportManager] Successfully created attachment [Validation Test Data - Actual Value] @15-02-2021 06:01:27.0116 A
[ReportManager] File Action [getAbsolutePath] successfully performed. With the following test data [Relative Folder Path: "target/downloadedFiles/"]. @15-02-2021 06:01:27.0119 AM
[ReportManager] Attempting to run remotely on: [Linux-64], [GoogleChrome], [http://localhost:4444/wd/hub], Headless Execution. @15-02-2021 06:01:27.0119 AM
[ReportManager] Successfully Opened [GoogleChrome]. @15-02-2021 06:01:27.0451 AM
[ReportManager] Target URL: [https://the-internet.herokuapp.com/] @15-02-2021 06:01:27.0466 AM
[ReportManager] Initial URL: [data:,] @15-02-2021 06:01:27.0541 AM
[ReportManager] Browser Action [navigateToURL] successfully performed. With the following test data [https://the-internet.herokuapp.com/]. @15-02-2021 06:01:28.0058 A

################################################################################################################################################
Starting Execution:	[11 out of 134] test cases in the current suite
Test Method:		[testPackage01.Test_NewValidationActions.f10]
################################################################################################################################################
[ReportManager] AssertElementExists FAILED; Expected [Element Should Exist, locator 'By.tagName: div'] and Actual [Element Exists but is not unique]. Comparison Type [EQUALS]. Validation Type [POSITIVE]. @15-02-2021 06:01:28.0401 AM
[ReportManager] Successfully created attachment [Screenshot - 1613368888308_f10_AssertElementExists_failed] @15-02-2021 06:01:28.0402 A
[ReportManager] Successfully created attachment [Selenium WebDriver Logs - server] @15-02-2021 06:01:28.0423 AM
[ReportManager] Successfully created attachment [Selenium WebDriver Logs - performance] @15-02-2021 06:01:28.0443 AM
[ReportManager] Successfully created attachment [Selenium WebDriver Logs - browser] @15-02-2021 06:01:28.0451 AM
[ReportManager] Successfully created attachment [Selenium WebDriver Logs - driver] @15-02-2021 06:01:28.0510 AM
[ReportManager] Successfully Closed All Browsers. @15-02-2021 06:01:28.0601 A
[ReportManager] File Action [getAbsolutePath] successfully performed. With the following test data [Relative Folder Path: "target/downloadedFiles/"]. @15-02-2021 06:01:28.0606 AM
[ReportManager] Attempting to run remotely on: [Linux-64], [GoogleChrome], [http://localhost:4444/wd/hub], Headless Execution. @15-02-2021 06:01:28.0606 AM
[ReportManager] Successfully Opened [GoogleChrome]. @15-02-2021 06:01:28.0914 AM
[ReportManager] Target URL: [https://the-internet.herokuapp.com/] @15-02-2021 06:01:28.0937 AM
[ReportManager] Initial URL: [data:,] @15-02-2021 06:01:29.0001 AM
[ReportManager] Browser Action [navigateToURL] successfully performed. With the following test data [https://the-internet.herokuapp.com/]. @15-02-2021 06:01:29.0439 A

################################################################################################################################################
Starting Execution:	[12 out of 134] test cases in the current suite
Test Method:		[testPackage01.Test_NewValidationActions.f11]
################################################################################################################################################
[ReportManager] Checking that false tag doesn't exist... @15-02-2021 06:01:29.0481 AM
[ReportManager] AssertElementExists PASSED; Expected [Element Should not Exist, locator 'By.tagName: h3'] and Actual [Element Doesn't Exists]. Comparison Type [EQUALS]. Validation Type [NEGATIVE]. @15-02-2021 06:01:29.0765 AM
[ReportManager] Successfully created attachment [Screenshot - 1613368889688_f11_AssertElementExists_passed] @15-02-2021 06:01:29.0766 A
[ReportManager] Successfully created attachment [Selenium WebDriver Logs - server] @15-02-2021 06:01:29.0784 AM
[ReportManager] Successfully created attachment [Selenium WebDriver Logs - performance] @15-02-2021 06:01:29.0808 AM
[ReportManager] Successfully created attachment [Selenium WebDriver Logs - browser] @15-02-2021 06:01:29.0828 AM
[ReportManager] Successfully created attachment [Selenium WebDriver Logs - driver] @15-02-2021 06:01:29.0885 AM
[ReportManager] Successfully Closed All Browsers. @15-02-2021 06:01:29.0963 A
[ReportManager] File Action [getAbsolutePath] successfully performed. With the following test data [Relative Folder Path: "target/downloadedFiles/"]. @15-02-2021 06:01:29.0965 AM
[ReportManager] Attempting to run remotely on: [Linux-64], [GoogleChrome], [http://localhost:4444/wd/hub], Headless Execution. @15-02-2021 06:01:29.0966 AM
[ReportManager] Successfully Opened [GoogleChrome]. @15-02-2021 06:01:30.0267 AM
[ReportManager] Target URL: [https://the-internet.herokuapp.com/] @15-02-2021 06:01:30.0288 AM
[ReportManager] Initial URL: [data:,] @15-02-2021 06:01:30.0343 AM
[ReportManager] Browser Action [navigateToURL] successfully performed. With the following test data [https://the-internet.herokuapp.com/]. @15-02-2021 06:01:30.0988 A

################################################################################################################################################
Starting Execution:	[13 out of 134] test cases in the current suite
Test Method:		[testPackage01.Test_NewValidationActions.f12]
################################################################################################################################################
[ReportManager] Loaded Shared OpenCV @15-02-2021 06:01:31.0226 AM
[ReportManager] AssertElementExists FAILED; Expected [Element Should not Exist, locator 'By.tagName: h1'] and Actual [Element Exists]. Comparison Type [EQUALS]. Validation Type [NEGATIVE]. @15-02-2021 06:01:31.0314 AM
[ReportManager] Successfully created attachment [Screenshot - 1613368891226_f12_AssertElementExists_failed] @15-02-2021 06:01:31.0315 A
[ReportManager] Successfully created attachment [Selenium WebDriver Logs - server] @15-02-2021 06:01:31.0340 AM
[ReportManager] Successfully created attachment [Selenium WebDriver Logs - performance] @15-02-2021 06:01:31.0362 AM
[ReportManager] Successfully created attachment [Selenium WebDriver Logs - browser] @15-02-2021 06:01:31.0371 AM
[ReportManager] Successfully created attachment [Selenium WebDriver Logs - driver] @15-02-2021 06:01:31.0425 AM
[ReportManager] Successfully Closed All Browsers. @15-02-2021 06:01:31.0509 A
[ReportManager] File Action [getAbsolutePath] successfully performed. With the following test data [Relative Folder Path: "target/downloadedFiles/"]. @15-02-2021 06:01:31.0512 AM
[ReportManager] Attempting to run remotely on: [Linux-64], [GoogleChrome], [http://localhost:4444/wd/hub], Headless Execution. @15-02-2021 06:01:31.0512 AM
[ReportManager] Successfully Opened [GoogleChrome]. @15-02-2021 06:01:31.0801 AM
[ReportManager] Target URL: [https://the-internet.herokuapp.com/] @15-02-2021 06:01:31.0829 AM
[ReportManager] Initial URL: [data:,] @15-02-2021 06:01:31.0880 AM
[ReportManager] Browser Action [navigateToURL] successfully performed. With the following test data [https://the-internet.herokuapp.com/]. @15-02-2021 06:01:32.0370 A

################################################################################################################################################
Starting Execution:	[14 out of 134] test cases in the current suite
Test Method:		[testPackage01.Test_NewValidationActions.f13]
################################################################################################################################################
[ReportManager] AssertElementExists FAILED; Expected [Element Should not Exist, locator 'By.tagName: div'] and Actual [Element Exists but is not unique]. Comparison Type [EQUALS]. Validation Type [NEGATIVE]. @15-02-2021 06:01:32.0684 AM
[ReportManager] Successfully created attachment [Screenshot - 1613368892608_f13_AssertElementExists_failed] @15-02-2021 06:01:32.0684 A
[ReportManager] Successfully created attachment [Selenium WebDriver Logs - server] @15-02-2021 06:01:32.0707 AM
[ReportManager] Successfully created attachment [Selenium WebDriver Logs - performance] @15-02-2021 06:01:32.0731 AM
[ReportManager] Successfully created attachment [Selenium WebDriver Logs - browser] @15-02-2021 06:01:32.0739 AM
[ReportManager] Successfully created attachment [Selenium WebDriver Logs - driver] @15-02-2021 06:01:32.0789 AM
[ReportManager] Successfully Closed All Browsers. @15-02-2021 06:01:32.0868 A
[ReportManager] File Action [getAbsolutePath] successfully performed. With the following test data [Relative Folder Path: "target/downloadedFiles/"]. @15-02-2021 06:01:32.0870 AM
[ReportManager] Attempting to run remotely on: [Linux-64], [GoogleChrome], [http://localhost:4444/wd/hub], Headless Execution. @15-02-2021 06:01:32.0871 AM
[ReportManager] Successfully Opened [GoogleChrome]. @15-02-2021 06:01:33.0120 AM
[ReportManager] Target URL: [https://the-internet.herokuapp.com/] @15-02-2021 06:01:33.0133 AM
[ReportManager] Initial URL: [data:,] @15-02-2021 06:01:33.0179 AM
[ReportManager] Browser Action [navigateToURL] successfully performed. With the following test data [https://the-internet.herokuapp.com/]. @15-02-2021 06:01:33.0657 A

################################################################################################################################################
Starting Execution:	[15 out of 134] test cases in the current suite
Test Method:		[testPackage01.Test_NewValidationActions.f14]
################################################################################################################################################
[ReportManager] Asserting that the header text is correct... @15-02-2021 06:01:33.0670 AM
[ReportManager] Element Action [getText] successfully performed. With the following test data [Welcome to the-internet]. @15-02-2021 06:01:33.0776 AM
[ReportManager] Loaded Shared OpenCV @15-02-2021 06:01:33.0956 AM
[ReportManager] AssertElementAttribute PASSED; Expected [Value Should be 'Welcome to the-internet' for the 'text' attribute, element locator 'By.tagName: h1'] and Actual [Welcome to the-internet]. Comparison Type [EQUALS]. Validation Type [POSITIVE]. @15-02-2021 06:01:34.0037 AM
[ReportManager] Successfully created attachment [Screenshot - 1613368893956_f14_AssertElementAttribute_passed] @15-02-2021 06:01:34.0039 A
[ReportManager] Successfully created attachment [Selenium WebDriver Logs - server] @15-02-2021 06:01:34.0062 AM
[ReportManager] Successfully created attachment [Selenium WebDriver Logs - performance] @15-02-2021 06:01:34.0084 AM
[ReportManager] Successfully created attachment [Selenium WebDriver Logs - browser] @15-02-2021 06:01:34.0092 AM
[ReportManager] Successfully created attachment [Selenium WebDriver Logs - driver] @15-02-2021 06:01:34.0151 AM
[ReportManager] Successfully Closed All Browsers. @15-02-2021 06:01:34.0230 A
[ReportManager] File Action [getAbsolutePath] successfully performed. With the following test data [Relative Folder Path: "target/downloadedFiles/"]. @15-02-2021 06:01:34.0232 AM
[ReportManager] Attempting to run remotely on: [Linux-64], [GoogleChrome], [http://localhost:4444/wd/hub], Headless Execution. @15-02-2021 06:01:34.0232 AM
[ReportManager] Successfully Opened [GoogleChrome]. @15-02-2021 06:01:34.0491 AM
[ReportManager] Target URL: [https://the-internet.herokuapp.com/] @15-02-2021 06:01:34.0507 AM
[ReportManager] Initial URL: [data:,] @15-02-2021 06:01:34.0557 AM
[ReportManager] Browser Action [navigateToURL] successfully performed. With the following test data [https://the-internet.herokuapp.com/]. @15-02-2021 06:01:35.0017 A

################################################################################################################################################
Starting Execution:	[16 out of 134] test cases in the current suite
Test Method:		[testPackage01.Test_NewValidationActions.f15]
################################################################################################################################################
[ReportManager] Element Action [getText] successfully performed. With the following test data [Welcome to the-internet]. @15-02-2021 06:01:35.0164 AM
[ReportManager] Loaded Shared OpenCV @15-02-2021 06:01:35.0328 AM
[ReportManager] AssertElementAttribute FAILED; Expected [Value Should not be 'Welcome' for the 'text' attribute, element locator 'By.tagName: h1'] and Actual [Welcome to the-internet]. Comparison Type [CONTAINS]. Validation Type [NEGATIVE]. @15-02-2021 06:01:35.0420 AM
[ReportManager] Successfully created attachment [Screenshot - 1613368895328_f15_AssertElementAttribute_failed] @15-02-2021 06:01:35.0421 A
[ReportManager] Successfully created attachment [Selenium WebDriver Logs - server] @15-02-2021 06:01:35.0449 AM
[ReportManager] Successfully created attachment [Selenium WebDriver Logs - performance] @15-02-2021 06:01:35.0471 AM
[ReportManager] Successfully created attachment [Selenium WebDriver Logs - browser] @15-02-2021 06:01:35.0478 AM
[ReportManager] Successfully created attachment [Selenium WebDriver Logs - driver] @15-02-2021 06:01:35.0533 AM
[ReportManager] Successfully Closed All Browsers. @15-02-2021 06:01:35.0610 A
[ReportManager] File Action [getAbsolutePath] successfully performed. With the following test data [Relative Folder Path: "target/downloadedFiles/"]. @15-02-2021 06:01:35.0617 AM
[ReportManager] Attempting to run remotely on: [Linux-64], [GoogleChrome], [http://localhost:4444/wd/hub], Headless Execution. @15-02-2021 06:01:35.0617 AM
[ReportManager] Successfully Opened [GoogleChrome]. @15-02-2021 06:01:35.0865 AM
[ReportManager] Target URL: [https://the-internet.herokuapp.com/] @15-02-2021 06:01:35.0890 AM
[ReportManager] Initial URL: [data:,] @15-02-2021 06:01:35.0942 AM
[ReportManager] Browser Action [navigateToURL] successfully performed. With the following test data [https://the-internet.herokuapp.com/]. @15-02-2021 06:01:36.0453 A

################################################################################################################################################
Starting Execution:	[17 out of 134] test cases in the current suite
Test Method:		[testPackage01.Test_NewValidationActions.f16]
################################################################################################################################################
[ReportManager] Element Action [identifyUniqueElement] failed. With the following test data [zero elements found matching this locator "By.tagName: h3".]. @15-02-2021 06:01:36.0675 AM
[ReportManager] Successfully created attachment [Screenshot - 1613368896606_f16_identifyUniqueElement_failed] @15-02-2021 06:01:36.0676 AM
[ReportManager] AssertElementAttribute FAILED; Expected [Value Should not be 'Welcome' for the 'text' attribute, element locator 'By.tagName: h3'] and Actual [Failed to read the desired element attribute]. Comparison Type [CONTAINS]. Validation Type [NEGATIVE]. @15-02-2021 06:01:36.0676 A
[ReportManager] Successfully created attachment [Selenium WebDriver Logs - server] @15-02-2021 06:01:36.0691 AM
[ReportManager] Successfully created attachment [Selenium WebDriver Logs - performance] @15-02-2021 06:01:36.0714 AM
[ReportManager] Successfully created attachment [Selenium WebDriver Logs - browser] @15-02-2021 06:01:36.0722 AM
[ReportManager] Successfully created attachment [Selenium WebDriver Logs - driver] @15-02-2021 06:01:36.0776 AM
[ReportManager] Successfully Closed All Browsers. @15-02-2021 06:01:36.0853 A
[ReportManager] File Action [getAbsolutePath] successfully performed. With the following test data [Relative Folder Path: "target/downloadedFiles/"]. @15-02-2021 06:01:36.0857 AM
[ReportManager] Attempting to run remotely on: [Linux-64], [GoogleChrome], [http://localhost:4444/wd/hub], Headless Execution. @15-02-2021 06:01:36.0857 AM
[ReportManager] Successfully Opened [GoogleChrome]. @15-02-2021 06:01:37.0123 AM
[ReportManager] Target URL: [https://the-internet.herokuapp.com/] @15-02-2021 06:01:37.0135 AM
[ReportManager] Initial URL: [data:,] @15-02-2021 06:01:37.0180 AM
[ReportManager] Browser Action [navigateToURL] successfully performed. With the following test data [https://the-internet.herokuapp.com/]. @15-02-2021 06:01:37.0650 A

################################################################################################################################################
Starting Execution:	[18 out of 134] test cases in the current suite
Test Method:		[testPackage01.Test_NewValidationActions.f17]
################################################################################################################################################
[ReportManager] Attempting to getAttribute [text2] from elementLocator [By.tagName: h1]. @15-02-2021 06:01:37.0653 AM
[ReportManager] Element Action [getAttribute] successfully performed. @15-02-2021 06:01:37.0771 AM
[ReportManager] Loaded Shared OpenCV @15-02-2021 06:01:37.0928 AM
[ReportManager] AssertElementAttribute PASSED; Expected [Value Should not be 'Welcome' for the 'text2' attribute, element locator 'By.tagName: h1'] and Actual [null]. Comparison Type [CONTAINS]. Validation Type [NEGATIVE]. @15-02-2021 06:01:38.0013 AM
[ReportManager] Successfully created attachment [Screenshot - 1613368897928_f17_AssertElementAttribute_passed] @15-02-2021 06:01:38.0014 A
[ReportManager] Successfully created attachment [Selenium WebDriver Logs - server] @15-02-2021 06:01:38.0042 AM
[ReportManager] Successfully created attachment [Selenium WebDriver Logs - performance] @15-02-2021 06:01:38.0063 AM
[ReportManager] Successfully created attachment [Selenium WebDriver Logs - browser] @15-02-2021 06:01:38.0073 AM
[ReportManager] Successfully created attachment [Selenium WebDriver Logs - driver] @15-02-2021 06:01:38.0132 AM
[ReportManager] Successfully Closed All Browsers. @15-02-2021 06:01:38.0213 A
[ReportManager] File Action [getAbsolutePath] successfully performed. With the following test data [Relative Folder Path: "target/downloadedFiles/"]. @15-02-2021 06:01:38.0215 AM
[ReportManager] Attempting to run remotely on: [Linux-64], [GoogleChrome], [http://localhost:4444/wd/hub], Headless Execution. @15-02-2021 06:01:38.0215 AM
[ReportManager] Successfully Opened [GoogleChrome]. @15-02-2021 06:01:38.0540 AM
[ReportManager] Target URL: [https://the-internet.herokuapp.com/] @15-02-2021 06:01:38.0557 AM
[ReportManager] Initial URL: [data:,] @15-02-2021 06:01:38.0605 AM
[ReportManager] Browser Action [navigateToURL] successfully performed. With the following test data [https://the-internet.herokuapp.com/]. @15-02-2021 06:01:39.0469 A

################################################################################################################################################
Starting Execution:	[19 out of 134] test cases in the current suite
Test Method:		[testPackage01.Test_NewValidationActions.f18]
################################################################################################################################################
[ReportManager] Element Action [getText] successfully performed. With the following test data [Welcome to the-internet]. @15-02-2021 06:01:39.0621 AM
[ReportManager] Loaded Shared OpenCV @15-02-2021 06:01:39.0814 AM
[ReportManager] AssertElementAttribute PASSED; Expected [Value Should not be 'no' for the 'text' attribute, element locator 'By.tagName: h1'] and Actual [Welcome to the-internet]. Comparison Type [CONTAINS]. Validation Type [NEGATIVE]. @15-02-2021 06:01:39.0897 AM
[ReportManager] Successfully created attachment [Screenshot - 1613368899814_f18_AssertElementAttribute_passed] @15-02-2021 06:01:39.0898 A
[ReportManager] Successfully created attachment [Selenium WebDriver Logs - server] @15-02-2021 06:01:39.0916 AM
[ReportManager] Successfully created attachment [Selenium WebDriver Logs - performance] @15-02-2021 06:01:39.0936 AM
[ReportManager] Successfully created attachment [Selenium WebDriver Logs - browser] @15-02-2021 06:01:39.0952 AM
[ReportManager] Successfully created attachment [Selenium WebDriver Logs - driver] @15-02-2021 06:01:40.0005 AM
[ReportManager] Successfully Closed All Browsers. @15-02-2021 06:01:40.0080 A
[ReportManager] File Action [getAbsolutePath] successfully performed. With the following test data [Relative Folder Path: "target/downloadedFiles/"]. @15-02-2021 06:01:40.0082 AM
[ReportManager] Attempting to run remotely on: [Linux-64], [GoogleChrome], [http://localhost:4444/wd/hub], Headless Execution. @15-02-2021 06:01:40.0083 AM
[ReportManager] Successfully Opened [GoogleChrome]. @15-02-2021 06:01:40.0335 AM
[ReportManager] Target URL: [https://the-internet.herokuapp.com/] @15-02-2021 06:01:40.0347 AM
[ReportManager] Initial URL: [data:,] @15-02-2021 06:01:40.0391 AM
[ReportManager] Browser Action [navigateToURL] successfully performed. With the following test data [https://the-internet.herokuapp.com/]. @15-02-2021 06:01:40.0875 A

################################################################################################################################################
Starting Execution:	[20 out of 134] test cases in the current suite
Test Method:		[testPackage01.Test_NewValidationActions.f19]
################################################################################################################################################
[ReportManager] Element Action [getTagName] successfully performed. With the following test data [h1]. @15-02-2021 06:01:41.0004 AM
[ReportManager] Loaded Shared OpenCV @15-02-2021 06:01:41.0177 AM
[ReportManager] AssertElementAttribute PASSED; Expected [Value Should be 'h' for the 'tagname' attribute, element locator 'By.tagName: h1'] and Actual [h1]. Comparison Type [CONTAINS]. Validation Type [POSITIVE]. @15-02-2021 06:01:41.0266 AM
[ReportManager] Successfully created attachment [Screenshot - 1613368901177_f19_AssertElementAttribute_passed] @15-02-2021 06:01:41.0267 A
[ReportManager] Successfully created attachment [Selenium WebDriver Logs - server] @15-02-2021 06:01:41.0287 AM
[ReportManager] Successfully created attachment [Selenium WebDriver Logs - performance] @15-02-2021 06:01:41.0311 AM
[ReportManager] Successfully created attachment [Selenium WebDriver Logs - browser] @15-02-2021 06:01:41.0319 AM
[ReportManager] Successfully created attachment [Selenium WebDriver Logs - driver] @15-02-2021 06:01:41.0384 AM
[ReportManager] Successfully Closed All Browsers. @15-02-2021 06:01:41.0465 A

################################################################################################################################################
Starting Execution:	[21 out of 134] test cases in the current suite
Test Method:		[testPackage01.Test_NewValidationActions.f2]
################################################################################################################################################
[ReportManager] Checking valid user data... @15-02-2021 06:01:41.0470 AM
[ReportManager] AssertEquals FAILED; Expected [1] and Actual [2]. Comparison Type [EQUALS]. Validation Type [POSITIVE]. @15-02-2021 06:01:41.0470 A
[ReportManager] File Action [getAbsolutePath] successfully performed. With the following test data [Relative Folder Path: "target/downloadedFiles/"]. @15-02-2021 06:01:41.0474 AM
[ReportManager] Attempting to run remotely on: [Linux-64], [GoogleChrome], [http://localhost:4444/wd/hub], Headless Execution. @15-02-2021 06:01:41.0474 AM
[ReportManager] Successfully Opened [GoogleChrome]. @15-02-2021 06:01:41.0763 AM
[ReportManager] Target URL: [https://the-internet.herokuapp.com/] @15-02-2021 06:01:41.0784 AM
[ReportManager] Initial URL: [data:,] @15-02-2021 06:01:41.0837 AM
[ReportManager] Browser Action [navigateToURL] successfully performed. With the following test data [https://the-internet.herokuapp.com/]. @15-02-2021 06:01:42.0299 A

################################################################################################################################################
Starting Execution:	[22 out of 134] test cases in the current suite
Test Method:		[testPackage01.Test_NewValidationActions.f20]
################################################################################################################################################
[ReportManager] Element Action [getSize] successfully performed. With the following test data [(755, 61)]. @15-02-2021 06:01:42.0407 AM
[ReportManager] Loaded Shared OpenCV @15-02-2021 06:01:42.0575 AM
[ReportManager] AssertElementAttribute PASSED; Expected [Value Should not be 'a' for the 'size' attribute, element locator 'By.tagName: h1'] and Actual [(755, 61)]. Comparison Type [CONTAINS]. Validation Type [NEGATIVE]. @15-02-2021 06:01:42.0657 AM
[ReportManager] Successfully created attachment [Screenshot - 1613368902575_f20_AssertElementAttribute_passed] @15-02-2021 06:01:42.0659 A
[ReportManager] Successfully created attachment [Selenium WebDriver Logs - server] @15-02-2021 06:01:42.0675 AM
[ReportManager] Successfully created attachment [Selenium WebDriver Logs - performance] @15-02-2021 06:01:42.0695 AM
[ReportManager] Successfully created attachment [Selenium WebDriver Logs - browser] @15-02-2021 06:01:42.0703 AM
[ReportManager] Successfully created attachment [Selenium WebDriver Logs - driver] @15-02-2021 06:01:42.0765 AM
[ReportManager] Successfully Closed All Browsers. @15-02-2021 06:01:42.0846 A
[ReportManager] File Action [getAbsolutePath] successfully performed. With the following test data [Relative Folder Path: "target/downloadedFiles/"]. @15-02-2021 06:01:42.0851 AM
[ReportManager] Attempting to run remotely on: [Linux-64], [GoogleChrome], [http://localhost:4444/wd/hub], Headless Execution. @15-02-2021 06:01:42.0851 AM
[ReportManager] Successfully Opened [GoogleChrome]. @15-02-2021 06:01:43.0127 AM
[ReportManager] Target URL: [https://the-internet.herokuapp.com/] @15-02-2021 06:01:43.0140 AM
[ReportManager] Initial URL: [data:,] @15-02-2021 06:01:43.0185 AM
[ReportManager] Browser Action [navigateToURL] successfully performed. With the following test data [https://the-internet.herokuapp.com/]. @15-02-2021 06:01:43.0625 A

################################################################################################################################################
Starting Execution:	[23 out of 134] test cases in the current suite
Test Method:		[testPackage01.Test_NewValidationActions.f21]
################################################################################################################################################
[ReportManager] Element Action [identifyUniqueElement] failed. With the following test data [zero elements found matching this locator "By.tagName: h3".]. @15-02-2021 06:01:43.0842 AM
[ReportManager] Successfully created attachment [Screenshot - 1613368903777_f21_identifyUniqueElement_failed] @15-02-2021 06:01:43.0843 AM
[ReportManager] AssertElementAttribute FAILED; Expected [Value Should be 'Welcome' for the 'text' attribute, element locator 'By.tagName: h3'] and Actual [Failed to read the desired element attribute]. Comparison Type [CONTAINS]. Validation Type [POSITIVE]. @15-02-2021 06:01:43.0844 A
[ReportManager] Successfully created attachment [Selenium WebDriver Logs - server] @15-02-2021 06:01:43.0857 AM
[ReportManager] Successfully created attachment [Selenium WebDriver Logs - performance] @15-02-2021 06:01:43.0880 AM
[ReportManager] Successfully created attachment [Selenium WebDriver Logs - browser] @15-02-2021 06:01:43.0888 AM
[ReportManager] Successfully created attachment [Selenium WebDriver Logs - driver] @15-02-2021 06:01:43.0937 AM
[ReportManager] Successfully Closed All Browsers. @15-02-2021 06:01:44.0025 A
[ReportManager] File Action [getAbsolutePath] successfully performed. With the following test data [Relative Folder Path: "target/downloadedFiles/"]. @15-02-2021 06:01:44.0028 AM
[ReportManager] Attempting to run remotely on: [Linux-64], [GoogleChrome], [http://localhost:4444/wd/hub], Headless Execution. @15-02-2021 06:01:44.0028 AM
[ReportManager] Successfully Opened [GoogleChrome]. @15-02-2021 06:01:44.0272 AM
[ReportManager] Target URL: [https://the-internet.herokuapp.com/] @15-02-2021 06:01:44.0291 AM
[ReportManager] Initial URL: [data:,] @15-02-2021 06:01:44.0335 AM
[ReportManager] Browser Action [navigateToURL] successfully performed. With the following test data [https://the-internet.herokuapp.com/]. @15-02-2021 06:01:44.0719 A

################################################################################################################################################
Starting Execution:	[24 out of 134] test cases in the current suite
Test Method:		[testPackage01.Test_NewValidationActions.f22]
################################################################################################################################################
[ReportManager] Element Action [getText] successfully performed. With the following test data [Welcome to the-internet]. @15-02-2021 06:01:44.0855 AM
[ReportManager] Loaded Shared OpenCV @15-02-2021 06:01:45.0006 AM
[ReportManager] AssertElementAttribute FAILED; Expected [Value Should be 'yyy' for the 'text' attribute, element locator 'By.tagName: h1'] and Actual [Welcome to the-internet]. Comparison Type [CONTAINS]. Validation Type [POSITIVE]. @15-02-2021 06:01:45.0087 AM
[ReportManager] Successfully created attachment [Screenshot - 1613368905006_f22_AssertElementAttribute_failed] @15-02-2021 06:01:45.0088 A
[ReportManager] Successfully created attachment [Selenium WebDriver Logs - server] @15-02-2021 06:01:45.0101 AM
[ReportManager] Successfully created attachment [Selenium WebDriver Logs - performance] @15-02-2021 06:01:45.0121 AM
[ReportManager] Successfully created attachment [Selenium WebDriver Logs - browser] @15-02-2021 06:01:45.0131 AM
[ReportManager] Successfully created attachment [Selenium WebDriver Logs - driver] @15-02-2021 06:01:45.0187 AM
[ReportManager] Successfully Closed All Browsers. @15-02-2021 06:01:45.0272 A

################################################################################################################################################
Starting Execution:	[25 out of 134] test cases in the current suite
Test Method:		[testPackage01.Test_NewValidationActions.f23]
################################################################################################################################################
[ReportManager] confirming that the actual is greater than or equal to the expected... @15-02-2021 06:01:45.0283 AM
[ReportManager] AssertComparativeRelation PASSED; Expected [1] and Actual [1]. Comparison Type [GREATER_THAN_OR_EQUALS]. Validation Type [POSITIVE]. @15-02-2021 06:01:45.0283 A

################################################################################################################################################
Starting Execution:	[26 out of 134] test cases in the current suite
Test Method:		[testPackage01.Test_NewValidationActions.f24]
################################################################################################################################################
[ReportManager] AssertComparativeRelation PASSED; Expected [1] and Actual [10]. Comparison Type [GREATER_THAN_OR_EQUALS]. Validation Type [POSITIVE]. @15-02-2021 06:01:45.0290 A

################################################################################################################################################
Starting Execution:	[27 out of 134] test cases in the current suite
Test Method:		[testPackage01.Test_NewValidationActions.f25]
################################################################################################################################################
[ReportManager] AssertComparativeRelation PASSED; Expected [1] and Actual [1]. Comparison Type [EQUALS]. Validation Type [POSITIVE]. @15-02-2021 06:01:45.0295 A

################################################################################################################################################
Starting Execution:	[28 out of 134] test cases in the current suite
Test Method:		[testPackage01.Test_NewValidationActions.f26]
################################################################################################################################################
[ReportManager] AssertComparativeRelation PASSED; Expected [1] and Actual [5]. Comparison Type [GREATER_THAN]. Validation Type [POSITIVE]. @15-02-2021 06:01:45.0300 A

################################################################################################################################################
Starting Execution:	[29 out of 134] test cases in the current suite
Test Method:		[testPackage01.Test_NewValidationActions.f27]
################################################################################################################################################
[ReportManager] AssertComparativeRelation PASSED; Expected [11] and Actual [5]. Comparison Type [LESS_THAN]. Validation Type [POSITIVE]. @15-02-2021 06:01:45.0309 A

################################################################################################################################################
Starting Execution:	[30 out of 134] test cases in the current suite
Test Method:		[testPackage01.Test_NewValidationActions.f28]
################################################################################################################################################
[ReportManager] AssertComparativeRelation PASSED; Expected [11] and Actual [5]. Comparison Type [LESS_THAN_OR_EQUALS]. Validation Type [POSITIVE]. @15-02-2021 06:01:45.0313 A

################################################################################################################################################
Starting Execution:	[31 out of 134] test cases in the current suite
Test Method:		[testPackage01.Test_NewValidationActions.f29]
################################################################################################################################################
[ReportManager] AssertComparativeRelation PASSED; Expected [11] and Actual [11]. Comparison Type [LESS_THAN_OR_EQUALS]. Validation Type [POSITIVE]. @15-02-2021 06:01:45.0319 A

################################################################################################################################################
Starting Execution:	[32 out of 134] test cases in the current suite
Test Method:		[testPackage01.Test_NewValidationActions.f3]
################################################################################################################################################
[ReportManager] AssertEquals PASSED; Expected [1] and Actual [2]. Comparison Type [EQUALS]. Validation Type [NEGATIVE]. @15-02-2021 06:01:45.0323 A

################################################################################################################################################
Starting Execution:	[33 out of 134] test cases in the current suite
Test Method:		[testPackage01.Test_NewValidationActions.f30]
################################################################################################################################################
[ReportManager] AssertComparativeRelation FAILED; Expected [-9] and Actual [11]. Comparison Type [LESS_THAN_OR_EQUALS]. Validation Type [POSITIVE]. @15-02-2021 06:01:45.0326 A

################################################################################################################################################
Starting Execution:	[34 out of 134] test cases in the current suite
Test Method:		[testPackage01.Test_NewValidationActions.f31]
################################################################################################################################################
[ReportManager] AssertTrue PASSED; Expected [TRUE] and Actual [TRUE]. Validation Type [POSITIVE]. @15-02-2021 06:01:45.0329 A

################################################################################################################################################
Starting Execution:	[35 out of 134] test cases in the current suite
Test Method:		[testPackage01.Test_NewValidationActions.f32]
################################################################################################################################################
[ReportManager] AssertTrue PASSED; Expected [FALSE] and Actual [FALSE]. Validation Type [NEGATIVE]. @15-02-2021 06:01:45.0331 A

################################################################################################################################################
Starting Execution:	[36 out of 134] test cases in the current suite
Test Method:		[testPackage01.Test_NewValidationActions.f33]
################################################################################################################################################
[ReportManager] AssertTrue FAILED; Expected [FALSE] and Actual [TRUE]. Validation Type [NEGATIVE]. @15-02-2021 06:01:45.0333 A

################################################################################################################################################
Starting Execution:	[37 out of 134] test cases in the current suite
Test Method:		[testPackage01.Test_NewValidationActions.f34]
################################################################################################################################################
[ReportManager] AssertTrue FAILED; Expected [TRUE] and Actual [FALSE]. Validation Type [POSITIVE]. @15-02-2021 06:01:45.0335 A

################################################################################################################################################
Starting Execution:	[38 out of 134] test cases in the current suite
Test Method:		[testPackage01.Test_NewValidationActions.f35]
################################################################################################################################################
[ReportManager] File Action [doesFileExist] successfully performed. With the following test data [File Path: "pom.xml"]. @15-02-2021 06:01:45.0338 AM
[ReportManager] AssertFileExists PASSED; Expected [File 'pom.xml' should exist, after up to '1' retries] and Actual [File exists]. Validation Type [POSITIVE]. @15-02-2021 06:01:45.0343 A

################################################################################################################################################
Starting Execution:	[39 out of 134] test cases in the current suite
Test Method:		[testPackage01.Test_NewValidationActions.f36]
################################################################################################################################################
[ReportManager] File Action [doesFileExist] successfully performed. With the following test data [File Path: "src/test/java/testPackage01/Test_NewValidationActions.java"]. @15-02-2021 06:01:45.0357 AM
[ReportManager] AssertFileExists PASSED; Expected [File 'src/test/java/testPackage01/Test_NewValidationActions.java' should exist, after up to '1' retries] and Actual [File exists]. Validation Type [POSITIVE]. @15-02-2021 06:01:45.0357 A

################################################################################################################################################
Starting Execution:	[40 out of 134] test cases in the current suite
Test Method:		[testPackage01.Test_NewValidationActions.f37]
################################################################################################################################################
[ReportManager] confirming that the file does't exist after 5 retries... @15-02-2021 06:01:45.0364 AM
[ReportManager] File Action [doesFileExist] successfully performed. With the following test data [File Path: "pom.xml"]. @15-02-2021 06:01:45.0364 AM
[ReportManager] AssertFileExists FAILED; Expected [File 'pom.xml' should not exist, after up to '5' retries] and Actual [File exists]. Validation Type [NEGATIVE]. @15-02-2021 06:01:45.0365 A

################################################################################################################################################
Starting Execution:	[41 out of 134] test cases in the current suite
Test Method:		[testPackage01.Test_NewValidationActions.f3_1]
################################################################################################################################################
[ReportManager] Checking valid user data... @15-02-2021 06:01:45.0373 AM
[ReportManager] AssertEquals PASSED; Expected [null] and Actual [null]. Comparison Type [EQUALS]. Validation Type [POSITIVE]. @15-02-2021 06:01:45.0373 A

################################################################################################################################################
Starting Execution:	[42 out of 134] test cases in the current suite
Test Method:		[testPackage01.Test_NewValidationActions.f4]
################################################################################################################################################
[ReportManager] AssertEquals PASSED; Expected [1] and Actual [123]. Comparison Type [CONTAINS]. Validation Type [POSITIVE]. @15-02-2021 06:01:45.0382 A

################################################################################################################################################
Starting Execution:	[43 out of 134] test cases in the current suite
Test Method:		[testPackage01.Test_NewValidationActions.f5]
################################################################################################################################################
[ReportManager] AssertNull PASSED; Expected [NULL] and Actual [1]. Comparison Type [EQUALS]. Validation Type [NEGATIVE]. @15-02-2021 06:01:45.0385 A

################################################################################################################################################
Starting Execution:	[44 out of 134] test cases in the current suite
Test Method:		[testPackage01.Test_NewValidationActions.f6]
################################################################################################################################################
[ReportManager] Making sure that null string is not equal to null object... @15-02-2021 06:01:45.0388 AM
[ReportManager] AssertNull FAILED; Expected [NULL] and Actual [NULL]. Comparison Type [EQUALS]. Validation Type [POSITIVE]. @15-02-2021 06:01:45.0389 A

################################################################################################################################################
Starting Execution:	[45 out of 134] test cases in the current suite
Test Method:		[testPackage01.Test_NewValidationActions.f6_1]
################################################################################################################################################
[ReportManager] AssertNull FAILED; Expected [NULL] and Actual [NULL]. Comparison Type [EQUALS]. Validation Type [NEGATIVE]. @15-02-2021 06:01:45.0392 A

################################################################################################################################################
Starting Execution:	[46 out of 134] test cases in the current suite
Test Method:		[testPackage01.Test_NewValidationActions.f6_2]
################################################################################################################################################
[ReportManager] Making sure that null string is not equal to null object... @15-02-2021 06:01:45.0395 AM
[ReportManager] AssertNull FAILED; Expected [NULL] and Actual [not null]. Comparison Type [EQUALS]. Validation Type [POSITIVE]. @15-02-2021 06:01:45.0395 A

################################################################################################################################################
Starting Execution:	[47 out of 134] test cases in the current suite
Test Method:		[testPackage01.Test_NewValidationActions.f7]
################################################################################################################################################
[ReportManager] AssertNull PASSED; Expected [NULL] and Actual [NULL]. Comparison Type [EQUALS]. Validation Type [POSITIVE]. @15-02-2021 06:01:45.0408 A
[ReportManager] File Action [getAbsolutePath] successfully performed. With the following test data [Relative Folder Path: "target/downloadedFiles/"]. @15-02-2021 06:01:45.0410 AM
[ReportManager] Attempting to run remotely on: [Linux-64], [GoogleChrome], [http://localhost:4444/wd/hub], Headless Execution. @15-02-2021 06:01:45.0410 AM
[ReportManager] Successfully Opened [GoogleChrome]. @15-02-2021 06:01:45.0679 AM
[ReportManager] Target URL: [https://the-internet.herokuapp.com/] @15-02-2021 06:01:45.0700 AM
[ReportManager] Initial URL: [data:,] @15-02-2021 06:01:45.0757 AM
[ReportManager] Browser Action [navigateToURL] successfully performed. With the following test data [https://the-internet.herokuapp.com/]. @15-02-2021 06:01:46.0191 A

################################################################################################################################################
Starting Execution:	[48 out of 134] test cases in the current suite
Test Method:		[testPackage01.Test_NewValidationActions.f8]
################################################################################################################################################
[ReportManager] Loaded Shared OpenCV @15-02-2021 06:01:46.0437 AM
[ReportManager] AssertElementExists PASSED; Expected [Element Should Exist, locator 'By.tagName: h1'] and Actual [Element Exists]. Comparison Type [EQUALS]. Validation Type [POSITIVE]. @15-02-2021 06:01:46.0519 AM
[ReportManager] Successfully created attachment [Screenshot - 1613368906437_f8_AssertElementExists_passed] @15-02-2021 06:01:46.0520 A
[ReportManager] Successfully created attachment [Selenium WebDriver Logs - server] @15-02-2021 06:01:46.0548 AM
[ReportManager] Successfully created attachment [Selenium WebDriver Logs - performance] @15-02-2021 06:01:46.0571 AM
[ReportManager] Successfully created attachment [Selenium WebDriver Logs - browser] @15-02-2021 06:01:46.0598 AM
[ReportManager] Successfully created attachment [Selenium WebDriver Logs - driver] @15-02-2021 06:01:46.0664 AM
[ReportManager] Successfully Closed All Browsers. @15-02-2021 06:01:46.0743 A
[ReportManager] File Action [getAbsolutePath] successfully performed. With the following test data [Relative Folder Path: "target/downloadedFiles/"]. @15-02-2021 06:01:46.0745 AM
[ReportManager] Attempting to run remotely on: [Linux-64], [GoogleChrome], [http://localhost:4444/wd/hub], Headless Execution. @15-02-2021 06:01:46.0745 AM
[ReportManager] Successfully Opened [GoogleChrome]. @15-02-2021 06:01:46.0997 AM
[ReportManager] Target URL: [https://the-internet.herokuapp.com/] @15-02-2021 06:01:47.0009 AM
[ReportManager] Initial URL: [data:,] @15-02-2021 06:01:47.0058 AM
[ReportManager] Browser Action [navigateToURL] successfully performed. With the following test data [https://the-internet.herokuapp.com/]. @15-02-2021 06:01:47.0505 A

################################################################################################################################################
Starting Execution:	[49 out of 134] test cases in the current suite
Test Method:		[testPackage01.Test_NewValidationActions.f9]
################################################################################################################################################
[ReportManager] AssertElementExists FAILED; Expected [Element Should Exist, locator 'By.tagName: h3'] and Actual [Element Doesn't Exists]. Comparison Type [EQUALS]. Validation Type [POSITIVE]. @15-02-2021 06:01:47.0795 AM
[ReportManager] Successfully created attachment [Screenshot - 1613368907725_f9_AssertElementExists_failed] @15-02-2021 06:01:47.0796 A
[ReportManager] Successfully created attachment [Selenium WebDriver Logs - server] @15-02-2021 06:01:47.0809 AM
[ReportManager] Successfully created attachment [Selenium WebDriver Logs - performance] @15-02-2021 06:01:47.0843 AM
[ReportManager] Successfully created attachment [Selenium WebDriver Logs - browser] @15-02-2021 06:01:47.0851 AM
[ReportManager] Successfully created attachment [Selenium WebDriver Logs - driver] @15-02-2021 06:01:47.0909 AM
[ReportManager] Successfully Closed All Browsers. @15-02-2021 06:01:47.0985 A

################################################################################################################################################
Starting Execution:	[50 out of 134] test cases in the current suite
Test Method:		[testPackage01.Test_NewValidationActions.forceFail]
################################################################################################################################################
[ReportManager] AssertFail FAILED; Expected [null] and Actual [null]. @15-02-2021 06:01:47.0990 A

################################################################################################################################################
Starting Execution:	[51 out of 134] test cases in the current suite
Test Method:		[testPackage01.Test_NewValidationActions.forceFail2]
################################################################################################################################################
[ReportManager] Custom Message... @15-02-2021 06:01:47.0998 AM
[ReportManager] AssertFail FAILED; Expected [null] and Actual [null]. @15-02-2021 06:01:47.0999 A
[ReportManager] File Action [getAbsolutePath] successfully performed. With the following test data [Relative Folder Path: "target/downloadedFiles/"]. @15-02-2021 06:01:48.0001 AM
[ReportManager] Attempting to run remotely on: [Linux-64], [GoogleChrome], [http://localhost:4444/wd/hub], Headless Execution. @15-02-2021 06:01:48.0001 AM
[ReportManager] Successfully Opened [GoogleChrome]. @15-02-2021 06:01:48.0278 A

################################################################################################################################################
Starting Execution:	[52 out of 134] test cases in the current suite
Test Method:		[testPackage01.Test_dragAndDrop.dragAndDropJquery]
################################################################################################################################################
[ReportManager] Target URL: [https://jqueryui.com/resources/demos/droppable/default.html] @15-02-2021 06:01:48.0307 AM
[ReportManager] Initial URL: [data:,] @15-02-2021 06:01:48.0362 AM
[ReportManager] Browser Action [navigateToURL] successfully performed. With the following test data [https://jqueryui.com/resources/demos/droppable/default.html]. @15-02-2021 06:01:48.0790 AM
[ReportManager] Element Action [getText] successfully performed. With the following test data [Drop here]. @15-02-2021 06:01:48.0920 AM
[ReportManager] Element Action [dragAndDrop] successfully performed. With the following test data [Start point: (8, 18), End point: (8, 18)]. @15-02-2021 06:01:50.0325 AM
[ReportManager] Element Action [getText] successfully performed. With the following test data [Dropped!]. @15-02-2021 06:01:50.0407 AM
[ReportManager] Checking to see if the text has changed after performing drag and drop... @15-02-2021 06:01:50.0407 AM
[ReportManager] AssertEquals PASSED; Expected [Drop here] and Actual [Dropped!]. Comparison Type [EQUALS]. Validation Type [NEGATIVE]. @15-02-2021 06:01:50.0408 A
[ReportManager] Successfully created attachment [Selenium WebDriver Logs - server] @15-02-2021 06:01:50.0474 AM
[ReportManager] Successfully created attachment [Selenium WebDriver Logs - performance] @15-02-2021 06:01:50.0490 AM
[ReportManager] Successfully created attachment [Selenium WebDriver Logs - driver] @15-02-2021 06:01:50.0578 AM
[ReportManager] Browser Action [closeCurrentWindow] successfully performed. @15-02-2021 06:01:50.0636 AM
[ReportManager] Successfully created attachment [Browser Action Test Data - closeCurrentWindow - Actual Value] @15-02-2021 06:01:50.0636 A
[ReportManager] File Action [getAbsolutePath] successfully performed. With the following test data [Relative Folder Path: "target/downloadedFiles/"]. @15-02-2021 06:01:50.0639 AM
[ReportManager] Attempting to run remotely on: [Linux-64], [GoogleChrome], [http://localhost:4444/wd/hub], Headless Execution. @15-02-2021 06:01:50.0639 AM
[ReportManager] Successfully Opened [GoogleChrome]. @15-02-2021 06:01:50.0899 A

################################################################################################################################################
Starting Execution:	[53 out of 134] test cases in the current suite
Test Method:		[testPackage01.Test_dragAndDrop.dragAndDrop]
Test Description:	[TC001 - Test Drag and Drop function.]
################################################################################################################################################
[ReportManager] Target URL: [http://the-internet.herokuapp.com/drag_and_drop] @15-02-2021 06:01:50.0912 AM
[ReportManager] Initial URL: [data:,] @15-02-2021 06:01:50.0959 AM
[ReportManager] Browser Action [navigateToURL] successfully performed. With the following test data [http://the-internet.herokuapp.com/drag_and_drop]. @15-02-2021 06:01:51.0317 AM
[ReportManager] Attempting Drag and Drop @15-02-2021 06:01:51.0317 AM
[ReportManager] Element Action [dragAndDrop] successfully performed. With the following test data [Start point: (32, 89), End point: (247, 89)]. @15-02-2021 06:01:52.0568 A
[ReportManager] Successfully created attachment [Selenium WebDriver Logs - server] @15-02-2021 06:01:52.0618 AM
[ReportManager] Successfully created attachment [Selenium WebDriver Logs - performance] @15-02-2021 06:01:52.0642 AM
[ReportManager] Successfully created attachment [Selenium WebDriver Logs - browser] @15-02-2021 06:01:52.0652 AM
[ReportManager] Successfully created attachment [Selenium WebDriver Logs - driver] @15-02-2021 06:01:52.0716 AM
[ReportManager] Browser Action [closeCurrentWindow] successfully performed. @15-02-2021 06:01:52.0772 AM
[ReportManager] Successfully created attachment [Browser Action Test Data - closeCurrentWindow - Actual Value] @15-02-2021 06:01:52.0772 A
[ReportManager] File Action [getAbsolutePath] successfully performed. With the following test data [Relative Folder Path: "target/downloadedFiles/"]. @15-02-2021 06:01:52.0774 AM
[ReportManager] Attempting to run remotely on: [Linux-64], [GoogleChrome], [http://localhost:4444/wd/hub], Headless Execution. @15-02-2021 06:01:52.0774 AM
[ReportManager] Successfully Opened [GoogleChrome]. @15-02-2021 06:01:53.0030 A

################################################################################################################################################
Starting Execution:	[54 out of 134] test cases in the current suite
Test Method:		[testPackage01.Test_dragAndDrop.dragAndDropByOffset]
Test Description:	[TC002 - Test Drag and Drop by offset function.]
################################################################################################################################################
[ReportManager] Target URL: [https://jqueryui.com/resources/demos/draggable/default.html] @15-02-2021 06:01:53.0058 AM
[ReportManager] Initial URL: [data:,] @15-02-2021 06:01:53.0110 AM
[ReportManager] Browser Action [navigateToURL] successfully performed. With the following test data [https://jqueryui.com/resources/demos/draggable/default.html]. @15-02-2021 06:01:53.0499 AM
[ReportManager] Element Action [dragAndDropByOffset] successfully performed. With the following test data [Start point: (8, 8), End point: (1008, 108)]. @15-02-2021 06:01:53.0720 A
[ReportManager] Successfully created attachment [Selenium WebDriver Logs - server] @15-02-2021 06:01:53.0779 AM
[ReportManager] Successfully created attachment [Selenium WebDriver Logs - performance] @15-02-2021 06:01:53.0797 AM
[ReportManager] Successfully created attachment [Selenium WebDriver Logs - driver] @15-02-2021 06:01:53.0859 AM
[ReportManager] Browser Action [closeCurrentWindow] successfully performed. @15-02-2021 06:01:53.0923 AM
[ReportManager] Successfully created attachment [Browser Action Test Data - closeCurrentWindow - Actual Value] @15-02-2021 06:01:53.0923 A

################################################################################################################################################
Starting Execution:	[55 out of 134] test cases in the current suite
Test Method:		[testPackage01.Test_SelectedValue.multipleSelect]
################################################################################################################################################
[ReportManager] File Action [getAbsolutePath] successfully performed. With the following test data [Relative Folder Path: "target/downloadedFiles/"]. @15-02-2021 06:01:53.0929 AM
[ReportManager] Attempting to run remotely on: [Linux-64], [GoogleChrome], [http://localhost:4444/wd/hub], Headless Execution. @15-02-2021 06:01:53.0929 AM
[ReportManager] Successfully Opened [GoogleChrome]. @15-02-2021 06:01:54.0178 AM
[ReportManager] Target URL: [https://mdn.mozillademos.org/en-US/docs/Web/HTML/Element/select$samples/Advanced_select_with_multiple_features?revision=1612304] @15-02-2021 06:01:54.0192 AM
[ReportManager] Initial URL: [data:,] @15-02-2021 06:01:54.0248 AM
[ReportManager] Browser Action [navigateToURL] successfully performed. With the following test data [https://mdn.mozillademos.org/en-US/docs/Web/HTML/Element/select$samples/Advanced_select_with_multiple_features?revision=1612304]. @15-02-2021 06:01:54.0709 AM
[ReportManager] Element Action [select] successfully performed. With the following test data [Dog]. @15-02-2021 06:01:54.0992 AM
[ReportManager] Element Action [select] successfully performed. With the following test data [Cat]. @15-02-2021 06:01:55.0245 AM
[ReportManager] Element Action [getSelectedText] successfully performed. With the following test data [DogCat]. @15-02-2021 06:01:55.0413 AM
[ReportManager] DogCat @15-02-2021 06:01:55.0413 AM
[ReportManager] Element Action [getSelectedText] successfully performed. With the following test data [DogCat]. @15-02-2021 06:01:55.0583 AM
[ReportManager] Loaded Shared OpenCV @15-02-2021 06:01:55.0714 AM
[ReportManager] AssertElementAttribute PASSED; Expected [Value Should be 'DogCat' for the 'selectedText' attribute, element locator 'By.tagName: select'] and Actual [DogCat]. Comparison Type [EQUALS]. Validation Type [POSITIVE]. @15-02-2021 06:01:55.0780 AM
[ReportManager] Successfully created attachment [Screenshot - 1613368915714_multipleSelect_AssertElementAttribute_passed] @15-02-2021 06:01:55.0781 AM
[ReportManager] Successfully created attachment [Selenium WebDriver Logs - server] @15-02-2021 06:01:55.0825 AM
[ReportManager] Successfully created attachment [Selenium WebDriver Logs - performance] @15-02-2021 06:01:55.0836 AM
[ReportManager] Successfully created attachment [Selenium WebDriver Logs - driver] @15-02-2021 06:01:55.0928 AM
[ReportManager] Browser Action [closeCurrentWindow] successfully performed. @15-02-2021 06:01:55.0984 AM
[ReportManager] Successfully created attachment [Browser Action Test Data - closeCurrentWindow - Actual Value] @15-02-2021 06:01:55.0985 A

################################################################################################################################################
Starting Execution:	[56 out of 134] test cases in the current suite
Test Method:		[testPackage01.Test_SelectedValue.simpleSelect]
################################################################################################################################################
[ReportManager] File Action [getAbsolutePath] successfully performed. With the following test data [Relative Folder Path: "target/downloadedFiles/"]. @15-02-2021 06:01:55.0994 AM
[ReportManager] Attempting to run remotely on: [Linux-64], [GoogleChrome], [http://localhost:4444/wd/hub], Headless Execution. @15-02-2021 06:01:55.0994 AM
[ReportManager] Successfully Opened [GoogleChrome]. @15-02-2021 06:01:56.0226 AM
[ReportManager] Target URL: [https://mdn.mozillademos.org/en-US/docs/Web/HTML/Element/select$samples/Basic_select?revision=1612304] @15-02-2021 06:01:56.0245 AM
[ReportManager] Initial URL: [data:,] @15-02-2021 06:01:56.0293 AM
[ReportManager] Browser Action [navigateToURL] successfully performed. With the following test data [https://mdn.mozillademos.org/en-US/docs/Web/HTML/Element/select$samples/Basic_select?revision=1612304]. @15-02-2021 06:01:56.0521 AM
[ReportManager] Element Action [select] successfully performed. With the following test data [Third Value]. @15-02-2021 06:01:56.0832 AM
[ReportManager] Element Action [getSelectedText] successfully performed. With the following test data [Third Value]. @15-02-2021 06:01:56.0987 AM
[ReportManager] Third Value @15-02-2021 06:01:56.0987 AM
[ReportManager] Element Action [getSelectedText] successfully performed. With the following test data [Third Value]. @15-02-2021 06:01:57.0130 AM
[ReportManager] Loaded Shared OpenCV @15-02-2021 06:01:57.0248 AM
[ReportManager] AssertElementAttribute PASSED; Expected [Value Should be 'Third Value' for the 'selectedText' attribute, element locator 'By.tagName: select'] and Actual [Third Value]. Comparison Type [EQUALS]. Validation Type [POSITIVE]. @15-02-2021 06:01:57.0311 AM
[ReportManager] Successfully created attachment [Screenshot - 1613368917248_simpleSelect_AssertElementAttribute_passed] @15-02-2021 06:01:57.0311 AM
[ReportManager] Successfully created attachment [Selenium WebDriver Logs - server] @15-02-2021 06:01:57.0352 AM
[ReportManager] Successfully created attachment [Selenium WebDriver Logs - performance] @15-02-2021 06:01:57.0360 AM
[ReportManager] Successfully created attachment [Selenium WebDriver Logs - driver] @15-02-2021 06:01:57.0440 AM
[ReportManager] Browser Action [closeCurrentWindow] successfully performed. @15-02-2021 06:01:57.0499 AM
[ReportManager] Successfully created attachment [Browser Action Test Data - closeCurrentWindow - Actual Value] @15-02-2021 06:01:57.0499 A

################################################################################################################################################
Starting Execution:	[57 out of 134] test cases in the current suite
Test Method:		[testPackage01.Test_JsonCompareWithSpecialCharacters.specialCharacters]
################################################################################################################################################
[ReportManager] File Action [getAbsolutePath] successfully performed. With the following test data [Relative Folder Path: "src/test/resources/TestJsonFiles/specialCharacters.json"]. @15-02-2021 06:01:57.0980 AM
[ReportManager] File Action [readFromFile] successfully performed. With the following test data [File Path: "/home/runner/work/SHAFT_ENGINE/SHAFT_ENGINE/src/test/resources/TestJsonFiles/specialCharacters.json"]. @15-02-2021 06:01:57.0982 AM
[ReportManager] Successfully created attachment [File Action Actual Result - Command Log] @15-02-2021 06:01:57.0983 AM
[ReportManager] Comparing the provided API response with the file at this path "src/test/resources/TestJsonFiles/specialCharacters.json", comparison type "EQUALS" @15-02-2021 06:01:58.0448 AM
[ReportManager] API Action [compareJSON] successfully performed. With the following test data [src/test/resources/TestJsonFiles/specialCharacters.json]. @15-02-2021 06:01:58.0683 AM
[ReportManager] File Action [getAbsolutePath] successfully performed. With the following test data [Relative Folder Path: "src/test/resources/TestJsonFiles/specialCharacters.json"]. @15-02-2021 06:01:58.0683 AM
[ReportManager] File Action [readFromFile] successfully performed. With the following test data [File Path: "/home/runner/work/SHAFT_ENGINE/SHAFT_ENGINE/src/test/resources/TestJsonFiles/specialCharacters.json"]. @15-02-2021 06:01:58.0684 AM
[ReportManager] VerifyJSONFileContent PASSED; Expected [Response data should match the JSON File in this path 'src/test/resources/TestJsonFiles/specialCharacters.json'] and Actual [TRUE]. Comparison Type [EQUALS]. Validation Type [POSITIVE]. @15-02-2021 06:01:58.0701 AM
[ReportManager] Successfully created attachment [Validation Test Data - Expected JSON Value] @15-02-2021 06:01:58.0933 AM
[ReportManager] Successfully created attachment [Validation Test Data - Actual JSON Value] @15-02-2021 06:01:58.0934 A

################################################################################################################################################
Starting Execution:	[58 out of 134] test cases in the current suite
Test Method:		[testPackage01.Test_JsonCompareWithSpecialCharacters.specialCharacters_assertion]
################################################################################################################################################
[ReportManager] File Action [getAbsolutePath] successfully performed. With the following test data [Relative Folder Path: "src/test/resources/TestJsonFiles/specialCharacters.json"]. @15-02-2021 06:01:58.0947 AM
[ReportManager] File Action [readFromFile] successfully performed. With the following test data [File Path: "/home/runner/work/SHAFT_ENGINE/SHAFT_ENGINE/src/test/resources/TestJsonFiles/specialCharacters.json"]. @15-02-2021 06:01:58.0948 AM
[ReportManager] Successfully created attachment [File Action Actual Result - Command Log] @15-02-2021 06:01:58.0949 AM
[ReportManager] trying out the log message... @15-02-2021 06:01:58.0949 AM
[ReportManager] Comparing the provided API response with the file at this path "src/test/resources/TestJsonFiles/specialCharacters.json", comparison type "CONTAINS" @15-02-2021 06:01:58.0949 AM
[ReportManager] API Action [compareJSON] successfully performed. With the following test data [src/test/resources/TestJsonFiles/specialCharacters.json]. @15-02-2021 06:01:58.0974 AM
[ReportManager] File Action [getAbsolutePath] successfully performed. With the following test data [Relative Folder Path: "src/test/resources/TestJsonFiles/specialCharacters.json"]. @15-02-2021 06:01:58.0975 AM
[ReportManager] File Action [readFromFile] successfully performed. With the following test data [File Path: "/home/runner/work/SHAFT_ENGINE/SHAFT_ENGINE/src/test/resources/TestJsonFiles/specialCharacters.json"]. @15-02-2021 06:01:58.0975 AM
[ReportManager] AssertJSONFileContent PASSED; Expected [Response data should match the JSON File in this path 'src/test/resources/TestJsonFiles/specialCharacters.json'] and Actual [TRUE]. Comparison Type [CONTAINS]. Validation Type [POSITIVE]. @15-02-2021 06:01:58.0979 AM
[ReportManager] Successfully created attachment [Validation Test Data - Expected JSON Value] @15-02-2021 06:01:58.0980 AM
[ReportManager] Successfully created attachment [Validation Test Data - Actual JSON Value] @15-02-2021 06:01:58.0982 A

################################################################################################################################################
Starting Execution:	[59 out of 134] test cases in the current suite
Test Method:		[testPackage01.Test_JSONFileManager.readStringFromJson]
################################################################################################################################################
[ReportManager] Successfully loaded the following test data file [src/test/resources/TestDataFiles/simpleJSON.json]. @15-02-2021 06:01:58.0995 AM
[ReportManager] Successfully created attachment [Test Data - JSON] @15-02-2021 06:01:58.0996 AM
[ReportManager] AssertEquals PASSED; Expected [Mohab Mohie] and Actual [Mohab Mohie]. Comparison Type [EQUALS]. Validation Type [POSITIVE]. @15-02-2021 06:01:59.0862 A

################################################################################################################################################
Starting Execution:	[60 out of 134] test cases in the current suite
Test Method:		[testPackage01.Test_testData.f]
################################################################################################################################################
[ReportManager] Successfully loaded the following test data file [src/test/resources/TestDataFiles/testSuite01/TestData.xlsx]. @15-02-2021 06:01:59.0935 AM
[ReportManager] Successfully created attachment [Test Data - Excel] @15-02-2021 06:01:59.0935 AM
[ReportManager] Last Column Number is: [3]. Zero-based. @15-02-2021 06:01:59.0936 A
[ReportManager] File Action [getAbsolutePath] successfully performed. With the following test data [Relative Folder Path: "target/downloadedFiles/"]. @15-02-2021 06:01:59.0938 AM
[ReportManager] Attempting to run remotely on: [Linux-64], [GoogleChrome], [http://localhost:4444/wd/hub], Headless Execution. @15-02-2021 06:01:59.0942 AM
[ReportManager] Successfully Opened [GoogleChrome]. @15-02-2021 06:02:00.0259 A

################################################################################################################################################
Starting Execution:	[61 out of 134] test cases in the current suite
Test Method:		[testPackage01.Test_uploadFile.uploadFile_invisibleUploadInput]
################################################################################################################################################
[ReportManager] Target URL: [https://fineuploader.com/demos.html#gallery-view] @15-02-2021 06:02:00.0286 AM
[ReportManager] Initial URL: [data:,] @15-02-2021 06:02:00.0348 AM
[ReportManager] Browser Action [navigateToURL] successfully performed. With the following test data [https://fineuploader.com/demos.html#gallery-view]. @15-02-2021 06:02:02.0078 AM
[ReportManager] File Action [getAbsolutePath] successfully performed. With the following test data [Relative File Path: "src/main/resources/images/shaft.png"]. @15-02-2021 06:02:02.0079 AM
[ReportManager] Successfully created attachment [File Action Actual Result - Command Log] @15-02-2021 06:02:02.0079 AM
[ReportManager] Element Action [typeFileLocationForUpload] successfully performed. With the following test data [/home/runner/work/SHAFT_ENGINE/SHAFT_ENGINE/src/main/resources/images/shaft.png]. @15-02-2021 06:02:02.0271 AM
[ReportManager] Attempting to getAttribute [src] from elementLocator [By.xpath: //div[@id='fine-uploader-gallery']//div[@class='qq-thumbnail-wrapper']/img]. @15-02-2021 06:02:02.0271 AM
[ReportManager] Element Action [getAttribute] successfully performed. @15-02-2021 06:02:02.0426 AM
[ReportManager] Successfully created attachment [Element Action Test Data - getAttribute - Actual Value] @15-02-2021 06:02:02.0427 AM
[ReportManager] Loaded Shared OpenCV @15-02-2021 06:02:02.0593 AM
[ReportManager] AssertElementAttribute PASSED; Expected and Actual values are attached. Comparison Type [CONTAINS]. Validation Type [POSITIVE]. @15-02-2021 06:02:02.0686 AM
[ReportManager] Successfully created attachment [Validation Test Data - Expected Value] @15-02-2021 06:02:02.0686 AM
[ReportManager] Successfully created attachment [Validation Test Data - Actual Value] @15-02-2021 06:02:02.0686 AM
[ReportManager] Successfully created attachment [Screenshot - 1613368922592_uploadFile_invisibleUploadInput_AssertElementAttribute_passed] @15-02-2021 06:02:02.0688 A
[ReportManager] Successfully created attachment [Selenium WebDriver Logs - server] @15-02-2021 06:02:02.0812 AM
[ReportManager] Successfully created attachment [Selenium WebDriver Logs - performance] @15-02-2021 06:02:02.0899 AM
[ReportManager] Successfully created attachment [Selenium WebDriver Logs - browser] @15-02-2021 06:02:02.0909 AM
[ReportManager] Successfully created attachment [Selenium WebDriver Logs - driver] @15-02-2021 06:02:03.0065 AM
[ReportManager] Browser Action [closeCurrentWindow] successfully performed. @15-02-2021 06:02:03.0122 AM
[ReportManager] Successfully created attachment [Browser Action Test Data - closeCurrentWindow - Actual Value] @15-02-2021 06:02:03.0123 A
[ReportManager] File Action [getAbsolutePath] successfully performed. With the following test data [Relative Folder Path: "target/downloadedFiles/"]. @15-02-2021 06:02:03.0141 AM
[ReportManager] Attempting to run remotely on: [Linux-64], [GoogleChrome], [http://localhost:4444/wd/hub], Headless Execution. @15-02-2021 06:02:03.0142 AM
[ReportManager] Successfully Opened [GoogleChrome]. @15-02-2021 06:02:03.0366 A

################################################################################################################################################
Starting Execution:	[62 out of 134] test cases in the current suite
Test Method:		[testPackage01.Test_uploadFile.uploadFile_visibleUploadInput]
################################################################################################################################################
[ReportManager] Target URL: [http://demo.guru99.com/test/upload/] @15-02-2021 06:02:03.0388 AM
[ReportManager] Initial URL: [data:,] @15-02-2021 06:02:03.0436 AM
[ReportManager] Browser Action [navigateToURL] successfully performed. With the following test data [http://demo.guru99.com/test/upload/]. @15-02-2021 06:02:04.0764 AM
[ReportManager] File Action [getAbsolutePath] successfully performed. With the following test data [Relative File Path: "src/main/resources/images/shaft.png"]. @15-02-2021 06:02:04.0765 AM
[ReportManager] Successfully created attachment [File Action Actual Result - Command Log] @15-02-2021 06:02:04.0765 AM
[ReportManager] Element Action [typeFileLocationForUpload] successfully performed. With the following test data [/home/runner/work/SHAFT_ENGINE/SHAFT_ENGINE/src/main/resources/images/shaft.png]. @15-02-2021 06:02:04.0927 AM
[ReportManager] Element Action [click] successfully performed. With the following test data [on]. @15-02-2021 06:02:05.0335 AM
[ReportManager] Element Action [click] successfully performed. With the following test data [Submit File]. @15-02-2021 06:02:05.0741 AM
[ReportManager] Element Action [getText] successfully performed. With the following test data [1 file
has been successfully uploaded.]. @15-02-2021 06:02:05.0917 AM
[ReportManager] Loaded Shared OpenCV @15-02-2021 06:02:06.0060 AM
[ReportManager] AssertElementAttribute PASSED; Expected [Value Should be '1 file' for the 'Text' attribute, element locator 'By.id: res'] and Actual [1 file
has been successfully uploaded.]. Comparison Type [CONTAINS]. Validation Type [POSITIVE]. @15-02-2021 06:02:06.0149 AM
[ReportManager] Successfully created attachment [Screenshot - 1613368926060_uploadFile_visibleUploadInput_AssertElementAttribute_passed] @15-02-2021 06:02:06.0150 A
[ReportManager] Successfully created attachment [Selenium WebDriver Logs - server] @15-02-2021 06:02:06.0231 AM
[ReportManager] Successfully created attachment [Selenium WebDriver Logs - performance] @15-02-2021 06:02:06.0367 AM
[ReportManager] Successfully created attachment [Selenium WebDriver Logs - browser] @15-02-2021 06:02:06.0375 AM
[ReportManager] Successfully created attachment [Selenium WebDriver Logs - driver] @15-02-2021 06:02:06.0606 AM
[ReportManager] Browser Action [closeCurrentWindow] successfully performed. @15-02-2021 06:02:06.0666 AM
[ReportManager] Successfully created attachment [Browser Action Test Data - closeCurrentWindow - Actual Value] @15-02-2021 06:02:06.0667 A

################################################################################################################################################
Starting Execution:	[63 out of 134] test cases in the current suite
Test Method:		[testPackage01.Test_chainableElementActions.chainElementActions]
################################################################################################################################################
[ReportManager] File Action [getAbsolutePath] successfully performed. With the following test data [Relative Folder Path: "target/downloadedFiles/"]. @15-02-2021 06:02:06.0692 AM
[ReportManager] Attempting to run remotely on: [Linux-64], [GoogleChrome], [http://localhost:4444/wd/hub], Headless Execution. @15-02-2021 06:02:06.0692 AM
[ReportManager] Successfully Opened [GoogleChrome]. @15-02-2021 06:02:06.0923 AM
[ReportManager] Target URL: [https://www.google.com/ncr], and after redirection: [https://www.google.com] @15-02-2021 06:02:06.0934 AM
[ReportManager] Initial URL: [data:,] @15-02-2021 06:02:06.0977 AM
[ReportManager] Browser Action [navigateToURL] successfully performed. With the following test data [https://www.google.com/ncr]. @15-02-2021 06:02:07.0869 AM
[ReportManager] Element Action [type] successfully performed. With the following test data [chained type 1]. @15-02-2021 06:02:08.0636 AM
[ReportManager] Element Action [type] successfully performed. With the following test data [chained type 2]. @15-02-2021 06:02:09.0327 AM
[ReportManager] Element Action [typeAppend] successfully performed. With the following test data [345]. @15-02-2021 06:02:09.0477 AM
[ReportManager] Element Action [getText] successfully performed. With the following test data [chained type 2345]. @15-02-2021 06:02:09.0627 AM
[ReportManager] Loaded Shared OpenCV @15-02-2021 06:02:09.0778 AM
[ReportManager] AssertElementAttribute PASSED; Expected [Value Should be 'chained type 2345' for the 'text' attribute, element locator 'By.name: q'] and Actual [chained type 2345]. Comparison Type [EQUALS]. Validation Type [POSITIVE]. @15-02-2021 06:02:09.0859 AM
[ReportManager] Successfully created attachment [Screenshot - 1613368929778_chainElementActions_AssertElementAttribute_passed] @15-02-2021 06:02:09.0860 AM
[ReportManager] Successfully created attachment [Selenium WebDriver Logs - server] @15-02-2021 06:02:09.0938 AM
[ReportManager] Successfully created attachment [Selenium WebDriver Logs - performance] @15-02-2021 06:02:10.0107 AM
[ReportManager] Successfully created attachment [Selenium WebDriver Logs - driver] @15-02-2021 06:02:10.0310 AM
[ReportManager] Browser Action [closeCurrentWindow] successfully performed. @15-02-2021 06:02:10.0366 AM
[ReportManager] Successfully created attachment [Browser Action Test Data - closeCurrentWindow - Actual Value] @15-02-2021 06:02:10.0367 A

################################################################################################################################################
Starting Execution:	[64 out of 134] test cases in the current suite
Test Method:		[testPackage01.Test_JsonActions.f]
###############################################################################################################################################

################################################################################################################################################
Starting Execution:	[65 out of 134] test cases in the current suite
Test Method:		[testPackage01.Test_JsonActions.f2]
###############################################################################################################################################
[ReportManager] File Action [getAbsolutePath] successfully performed. With the following test data [Relative Folder Path: "target/downloadedFiles/"]. @15-02-2021 06:02:10.0398 AM
[ReportManager] Attempting to run remotely on: [Linux-64], [GoogleChrome], [http://localhost:4444/wd/hub], Headless Execution. @15-02-2021 06:02:10.0398 AM
[ReportManager] Successfully Opened [GoogleChrome]. @15-02-2021 06:02:10.0658 A

################################################################################################################################################
Starting Execution:	[66 out of 134] test cases in the current suite
Test Method:		[testPackage01.Test_clipboardActions.typeTextAndCopyPaste]
################################################################################################################################################
[ReportManager] Target URL: [https://www.google.com/ncr], and after redirection: [https://www.google.com] @15-02-2021 06:02:10.0676 AM
[ReportManager] Initial URL: [data:,] @15-02-2021 06:02:10.0721 AM
[ReportManager] Browser Action [navigateToURL] successfully performed. With the following test data [https://www.google.com/ncr]. @15-02-2021 06:02:11.0548 AM
[ReportManager] Element Action [type] successfully performed. With the following test data [FIRST]. @15-02-2021 06:02:12.0115 AM
[ReportManager] Element Action [clipboardActions] successfully performed. With the following test data [select all]. @15-02-2021 06:02:12.0211 AM
[ReportManager] Element Action [clipboardActions] successfully performed. With the following test data [copy]. @15-02-2021 06:02:12.0368 AM
[ReportManager] Element Action [clipboardActions] successfully performed. With the following test data [unselect]. @15-02-2021 06:02:12.0446 AM
[ReportManager] Element Action [clipboardActions] successfully performed. With the following test data [paste]. @15-02-2021 06:02:12.0594 AM
[ReportManager] Element Action [clipboardActions] successfully performed. With the following test data [select all]. @15-02-2021 06:02:12.0676 AM
[ReportManager] Element Action [clipboardActions] successfully performed. With the following test data [cut]. @15-02-2021 06:02:12.0800 AM
[ReportManager] Element Action [clipboardActions] successfully performed. With the following test data [paste]. @15-02-2021 06:02:12.0905 AM
[ReportManager] Element Action [clipboardActions] successfully performed. With the following test data [paste]. @15-02-2021 06:02:13.0012 A
[ReportManager] Successfully created attachment [Selenium WebDriver Logs - server] @15-02-2021 06:02:13.0135 AM
[ReportManager] Successfully created attachment [Selenium WebDriver Logs - performance] @15-02-2021 06:02:13.0228 AM
[ReportManager] Successfully created attachment [Selenium WebDriver Logs - driver] @15-02-2021 06:02:13.0409 AM
[ReportManager] Browser Action [closeCurrentWindow] successfully performed. @15-02-2021 06:02:13.0465 AM
[ReportManager] Successfully created attachment [Browser Action Test Data - closeCurrentWindow - Actual Value] @15-02-2021 06:02:13.0472 A
[ReportManager] File Action [getAbsolutePath] successfully performed. With the following test data [Relative Folder Path: "target/downloadedFiles/"]. @15-02-2021 06:02:13.0479 AM
[ReportManager] Attempting to run remotely on: [Linux-64], [GoogleChrome], [http://localhost:4444/wd/hub], Headless Execution. @15-02-2021 06:02:13.0479 AM
[ReportManager] Successfully Opened [GoogleChrome]. @15-02-2021 06:02:13.0737 A

################################################################################################################################################
Starting Execution:	[67 out of 134] test cases in the current suite
Test Method:		[testPackage01.Test_IsElementClickable.testIsElementClickable]
################################################################################################################################################
[ReportManager] Target URL: [https://the-internet.herokuapp.com/] @15-02-2021 06:02:13.0757 AM
[ReportManager] Initial URL: [data:,] @15-02-2021 06:02:13.0807 AM
[ReportManager] Browser Action [navigateToURL] successfully performed. With the following test data [https://the-internet.herokuapp.com/]. @15-02-2021 06:02:14.0211 AM
[ReportManager] Element Action [isElementClickable] successfully performed. @15-02-2021 06:02:14.0386 AM
[ReportManager] AssertTrue PASSED; Expected [TRUE] and Actual [TRUE]. Validation Type [POSITIVE]. @15-02-2021 06:02:14.0387 A
[ReportManager] Successfully created attachment [Selenium WebDriver Logs - server] @15-02-2021 06:02:14.0443 AM
[ReportManager] Successfully created attachment [Selenium WebDriver Logs - performance] @15-02-2021 06:02:14.0462 AM
[ReportManager] Successfully created attachment [Selenium WebDriver Logs - browser] @15-02-2021 06:02:14.0468 AM
[ReportManager] Successfully created attachment [Selenium WebDriver Logs - driver] @15-02-2021 06:02:14.0522 AM
[ReportManager] Browser Action [closeCurrentWindow] successfully performed. @15-02-2021 06:02:14.0579 AM
[ReportManager] Successfully created attachment [Browser Action Test Data - closeCurrentWindow - Actual Value] @15-02-2021 06:02:14.0580 A
[ReportManager] File Action [getAbsolutePath] successfully performed. With the following test data [Relative Folder Path: "target/downloadedFiles/"]. @15-02-2021 06:02:14.0581 AM
[ReportManager] Attempting to run remotely on: [Linux-64], [GoogleChrome], [http://localhost:4444/wd/hub], Headless Execution. @15-02-2021 06:02:14.0582 AM
[ReportManager] Successfully Opened [GoogleChrome]. @15-02-2021 06:02:14.0831 AM
[ReportManager] Target URL: [https://duckduckgo.com] @15-02-2021 06:02:14.0844 AM
[ReportManager] Initial URL: [data:,] @15-02-2021 06:02:14.0890 AM
[ReportManager] Browser Action [navigateToURL] successfully performed. With the following test data [https://duckduckgo.com]. @15-02-2021 06:02:15.0480 A

################################################################################################################################################
Starting Execution:	[68 out of 134] test cases in the current suite
Test Method:		[unitTests.tests_browserActions.fullScreenWindow]
################################################################################################################################################
[ReportManager] Initial Windows Size: 800x600 @15-02-2021 06:02:15.0491 AM
[ReportManager] Initial window size: (800, 600) @15-02-2021 06:02:15.0494 AM
[ReportManager] Window size after Toolkit: (1920, 1080) @15-02-2021 06:02:15.0712 AM
[ReportManager] Browser Action [maximizeWindow] successfully performed. With the following test data [New screen size is now: (1920, 1080)]. @15-02-2021 06:02:15.0721 AM
[ReportManager] Current Windows Size after fullScreen: 1920x1080 @15-02-2021 06:02:15.0727 AM
[ReportManager] Browser Action [fullScreenWindow] successfully performed. @15-02-2021 06:02:15.0748 AM
[ReportManager] Successfully created attachment [Browser Action Test Data - fullScreenWindow - Actual Value] @15-02-2021 06:02:15.0748 A
[ReportManager] Target URL: [https://duckduckgo.com] @15-02-2021 06:02:15.0750 AM
[ReportManager] Initial URL: [https://duckduckgo.com] @15-02-2021 06:02:15.0810 AM
[ReportManager] Browser Action [navigateToURL] successfully performed. With the following test data [https://duckduckgo.com]. @15-02-2021 06:02:16.0171 AM
[ReportManager] Successfully created attachment [Selenium WebDriver Logs - server] @15-02-2021 06:02:16.0225 AM
[ReportManager] Successfully created attachment [Selenium WebDriver Logs - performance] @15-02-2021 06:02:16.0330 AM
[ReportManager] Successfully created attachment [Selenium WebDriver Logs - driver] @15-02-2021 06:02:16.0472 AM
[ReportManager] Browser Action [closeCurrentWindow] successfully performed. @15-02-2021 06:02:16.0531 AM
[ReportManager] Successfully created attachment [Browser Action Test Data - closeCurrentWindow - Actual Value] @15-02-2021 06:02:16.0531 A
[ReportManager] File Action [getAbsolutePath] successfully performed. With the following test data [Relative Folder Path: "target/downloadedFiles/"]. @15-02-2021 06:02:16.0533 AM
[ReportManager] Attempting to run remotely on: [Linux-64], [GoogleChrome], [http://localhost:4444/wd/hub], Headless Execution. @15-02-2021 06:02:16.0533 AM
[ReportManager] Successfully Opened [GoogleChrome]. @15-02-2021 06:02:16.0776 AM
[ReportManager] Target URL: [https://duckduckgo.com] @15-02-2021 06:02:16.0788 AM
[ReportManager] Initial URL: [data:,] @15-02-2021 06:02:16.0838 AM
[ReportManager] Browser Action [navigateToURL] successfully performed. With the following test data [https://duckduckgo.com]. @15-02-2021 06:02:17.0413 A

################################################################################################################################################
Starting Execution:	[69 out of 134] test cases in the current suite
Test Method:		[unitTests.tests_browserActions.getCurrentURL]
################################################################################################################################################
[ReportManager] Browser Action [getCurrentURL] successfully performed. With the following test data [https://duckduckgo.com/]. @15-02-2021 06:02:17.0449 A
[ReportManager] Target URL: [https://duckduckgo.com] @15-02-2021 06:02:17.0451 AM
[ReportManager] Initial URL: [https://duckduckgo.com] @15-02-2021 06:02:17.0509 AM
[ReportManager] Browser Action [navigateToURL] successfully performed. With the following test data [https://duckduckgo.com]. @15-02-2021 06:02:17.0946 AM
[ReportManager] Successfully created attachment [Selenium WebDriver Logs - server] @15-02-2021 06:02:17.0999 AM
[ReportManager] Successfully created attachment [Selenium WebDriver Logs - performance] @15-02-2021 06:02:18.0113 AM
[ReportManager] Successfully created attachment [Selenium WebDriver Logs - driver] @15-02-2021 06:02:18.0254 AM
[ReportManager] Browser Action [closeCurrentWindow] successfully performed. @15-02-2021 06:02:18.0310 AM
[ReportManager] Successfully created attachment [Browser Action Test Data - closeCurrentWindow - Actual Value] @15-02-2021 06:02:18.0311 A
[ReportManager] File Action [getAbsolutePath] successfully performed. With the following test data [Relative Folder Path: "target/downloadedFiles/"]. @15-02-2021 06:02:18.0312 AM
[ReportManager] Attempting to run remotely on: [Linux-64], [GoogleChrome], [http://localhost:4444/wd/hub], Headless Execution. @15-02-2021 06:02:18.0313 AM
[ReportManager] Successfully Opened [GoogleChrome]. @15-02-2021 06:02:18.0611 AM
[ReportManager] Target URL: [https://duckduckgo.com] @15-02-2021 06:02:18.0622 AM
[ReportManager] Initial URL: [data:,] @15-02-2021 06:02:18.0669 AM
[ReportManager] Browser Action [navigateToURL] successfully performed. With the following test data [https://duckduckgo.com]. @15-02-2021 06:02:19.0235 A

################################################################################################################################################
Starting Execution:	[70 out of 134] test cases in the current suite
Test Method:		[unitTests.tests_browserActions.getCurrentWindowTitle]
################################################################################################################################################
[ReportManager] Browser Action [getCurrentWindowTitle] successfully performed. With the following test data [DuckDuckGo  Privacy, simplified.]. @15-02-2021 06:02:19.0288 A
[ReportManager] Target URL: [https://duckduckgo.com] @15-02-2021 06:02:19.0299 AM
[ReportManager] Initial URL: [https://duckduckgo.com] @15-02-2021 06:02:19.0363 AM
[ReportManager] Browser Action [navigateToURL] successfully performed. With the following test data [https://duckduckgo.com]. @15-02-2021 06:02:19.0728 AM
[ReportManager] Successfully created attachment [Selenium WebDriver Logs - server] @15-02-2021 06:02:19.0790 AM
[ReportManager] Successfully created attachment [Selenium WebDriver Logs - performance] @15-02-2021 06:02:19.0907 AM
[ReportManager] Successfully created attachment [Selenium WebDriver Logs - driver] @15-02-2021 06:02:20.0057 AM
[ReportManager] Browser Action [closeCurrentWindow] successfully performed. @15-02-2021 06:02:20.0113 AM
[ReportManager] Successfully created attachment [Browser Action Test Data - closeCurrentWindow - Actual Value] @15-02-2021 06:02:20.0117 A
[ReportManager] File Action [getAbsolutePath] successfully performed. With the following test data [Relative Folder Path: "target/downloadedFiles/"]. @15-02-2021 06:02:20.0120 AM
[ReportManager] Attempting to run remotely on: [Linux-64], [GoogleChrome], [http://localhost:4444/wd/hub], Headless Execution. @15-02-2021 06:02:20.0121 AM
[ReportManager] Successfully Opened [GoogleChrome]. @15-02-2021 06:02:20.0356 AM
[ReportManager] Target URL: [https://duckduckgo.com] @15-02-2021 06:02:20.0371 AM
[ReportManager] Initial URL: [data:,] @15-02-2021 06:02:20.0411 AM
[ReportManager] Browser Action [navigateToURL] successfully performed. With the following test data [https://duckduckgo.com]. @15-02-2021 06:02:20.0952 A

################################################################################################################################################
Starting Execution:	[71 out of 134] test cases in the current suite
Test Method:		[unitTests.tests_browserActions.getPageSource]
################################################################################################################################################
[ReportManager] Browser Action [getPageSource] successfully performed. @15-02-2021 06:02:21.0017 AM
[ReportManager] Successfully created attachment [Browser Action Test Data - getPageSource - Actual Value] @15-02-2021 06:02:21.0018 A
[ReportManager] Target URL: [https://duckduckgo.com] @15-02-2021 06:02:21.0030 AM
[ReportManager] Initial URL: [https://duckduckgo.com] @15-02-2021 06:02:21.0092 AM
[ReportManager] Browser Action [navigateToURL] successfully performed. With the following test data [https://duckduckgo.com]. @15-02-2021 06:02:21.0475 AM
[ReportManager] Successfully created attachment [Selenium WebDriver Logs - server] @15-02-2021 06:02:21.0536 AM
[ReportManager] Successfully created attachment [Selenium WebDriver Logs - performance] @15-02-2021 06:02:21.0642 AM
[ReportManager] Successfully created attachment [Selenium WebDriver Logs - driver] @15-02-2021 06:02:21.0786 AM
[ReportManager] Browser Action [closeCurrentWindow] successfully performed. @15-02-2021 06:02:21.0842 AM
[ReportManager] Successfully created attachment [Browser Action Test Data - closeCurrentWindow - Actual Value] @15-02-2021 06:02:21.0842 A
[ReportManager] File Action [getAbsolutePath] successfully performed. With the following test data [Relative Folder Path: "target/downloadedFiles/"]. @15-02-2021 06:02:21.0844 AM
[ReportManager] Attempting to run remotely on: [Linux-64], [GoogleChrome], [http://localhost:4444/wd/hub], Headless Execution. @15-02-2021 06:02:21.0845 AM
[ReportManager] Successfully Opened [GoogleChrome]. @15-02-2021 06:02:22.0114 AM
[ReportManager] Target URL: [https://duckduckgo.com] @15-02-2021 06:02:22.0128 AM
[ReportManager] Initial URL: [data:,] @15-02-2021 06:02:22.0181 AM
[ReportManager] Browser Action [navigateToURL] successfully performed. With the following test data [https://duckduckgo.com]. @15-02-2021 06:02:22.0719 A

################################################################################################################################################
Starting Execution:	[72 out of 134] test cases in the current suite
Test Method:		[unitTests.tests_browserActions.getWindowHandle]
################################################################################################################################################
[ReportManager] Browser Action [getWindowHandle] successfully performed. With the following test data [CDwindow-D611F7A447E855CB4623F13DC248C8F9]. @15-02-2021 06:02:22.0774 A
[ReportManager] Target URL: [https://duckduckgo.com] @15-02-2021 06:02:22.0775 AM
[ReportManager] Initial URL: [https://duckduckgo.com] @15-02-2021 06:02:22.0835 AM
[ReportManager] Browser Action [navigateToURL] successfully performed. With the following test data [https://duckduckgo.com]. @15-02-2021 06:02:23.0206 AM
[ReportManager] Successfully created attachment [Selenium WebDriver Logs - server] @15-02-2021 06:02:23.0263 AM
[ReportManager] Successfully created attachment [Selenium WebDriver Logs - performance] @15-02-2021 06:02:23.0382 AM
[ReportManager] Successfully created attachment [Selenium WebDriver Logs - driver] @15-02-2021 06:02:23.0532 AM
[ReportManager] Browser Action [closeCurrentWindow] successfully performed. @15-02-2021 06:02:23.0590 AM
[ReportManager] Successfully created attachment [Browser Action Test Data - closeCurrentWindow - Actual Value] @15-02-2021 06:02:23.0590 A
[ReportManager] File Action [getAbsolutePath] successfully performed. With the following test data [Relative Folder Path: "target/downloadedFiles/"]. @15-02-2021 06:02:23.0594 AM
[ReportManager] Attempting to run remotely on: [Linux-64], [GoogleChrome], [http://localhost:4444/wd/hub], Headless Execution. @15-02-2021 06:02:23.0594 AM
[ReportManager] Successfully Opened [GoogleChrome]. @15-02-2021 06:02:23.0838 AM
[ReportManager] Target URL: [https://duckduckgo.com] @15-02-2021 06:02:23.0858 AM
[ReportManager] Initial URL: [data:,] @15-02-2021 06:02:23.0899 AM
[ReportManager] Browser Action [navigateToURL] successfully performed. With the following test data [https://duckduckgo.com]. @15-02-2021 06:02:24.0460 A

################################################################################################################################################
Starting Execution:	[73 out of 134] test cases in the current suite
Test Method:		[unitTests.tests_browserActions.getWindowPosition]
################################################################################################################################################
[ReportManager] Browser Action [getWindowPosition] successfully performed. With the following test data [(0, 0)]. @15-02-2021 06:02:24.0501 A
[ReportManager] Target URL: [https://duckduckgo.com] @15-02-2021 06:02:24.0502 AM
[ReportManager] Initial URL: [https://duckduckgo.com] @15-02-2021 06:02:24.0557 AM
[ReportManager] Browser Action [navigateToURL] successfully performed. With the following test data [https://duckduckgo.com]. @15-02-2021 06:02:24.0929 AM
[ReportManager] Successfully created attachment [Selenium WebDriver Logs - server] @15-02-2021 06:02:24.0979 AM
[ReportManager] Successfully created attachment [Selenium WebDriver Logs - performance] @15-02-2021 06:02:25.0101 AM
[ReportManager] Successfully created attachment [Selenium WebDriver Logs - driver] @15-02-2021 06:02:25.0250 AM
[ReportManager] Browser Action [closeCurrentWindow] successfully performed. @15-02-2021 06:02:25.0307 AM
[ReportManager] Successfully created attachment [Browser Action Test Data - closeCurrentWindow - Actual Value] @15-02-2021 06:02:25.0307 A
[ReportManager] File Action [getAbsolutePath] successfully performed. With the following test data [Relative Folder Path: "target/downloadedFiles/"]. @15-02-2021 06:02:25.0310 AM
[ReportManager] Attempting to run remotely on: [Linux-64], [GoogleChrome], [http://localhost:4444/wd/hub], Headless Execution. @15-02-2021 06:02:25.0310 AM
[ReportManager] Successfully Opened [GoogleChrome]. @15-02-2021 06:02:25.0571 AM
[ReportManager] Target URL: [https://duckduckgo.com] @15-02-2021 06:02:25.0582 AM
[ReportManager] Initial URL: [data:,] @15-02-2021 06:02:25.0621 AM
[ReportManager] Browser Action [navigateToURL] successfully performed. With the following test data [https://duckduckgo.com]. @15-02-2021 06:02:26.0149 A

################################################################################################################################################
Starting Execution:	[74 out of 134] test cases in the current suite
Test Method:		[unitTests.tests_browserActions.getWindowSize]
################################################################################################################################################
[ReportManager] Browser Action [getWindowSize] successfully performed. With the following test data [(800, 600)]. @15-02-2021 06:02:26.0194 A
[ReportManager] Target URL: [https://duckduckgo.com] @15-02-2021 06:02:26.0195 AM
[ReportManager] Initial URL: [https://duckduckgo.com] @15-02-2021 06:02:26.0246 AM
[ReportManager] Browser Action [navigateToURL] successfully performed. With the following test data [https://duckduckgo.com]. @15-02-2021 06:02:26.0601 AM
[ReportManager] Successfully created attachment [Selenium WebDriver Logs - server] @15-02-2021 06:02:26.0652 AM
[ReportManager] Successfully created attachment [Selenium WebDriver Logs - performance] @15-02-2021 06:02:26.0772 AM
[ReportManager] Successfully created attachment [Selenium WebDriver Logs - driver] @15-02-2021 06:02:26.0908 AM
[ReportManager] Browser Action [closeCurrentWindow] successfully performed. @15-02-2021 06:02:26.0965 AM
[ReportManager] Successfully created attachment [Browser Action Test Data - closeCurrentWindow - Actual Value] @15-02-2021 06:02:26.0965 A
[ReportManager] File Action [getAbsolutePath] successfully performed. With the following test data [Relative Folder Path: "target/downloadedFiles/"]. @15-02-2021 06:02:26.0969 AM
[ReportManager] Attempting to run remotely on: [Linux-64], [GoogleChrome], [http://localhost:4444/wd/hub], Headless Execution. @15-02-2021 06:02:26.0969 AM
[ReportManager] Successfully Opened [GoogleChrome]. @15-02-2021 06:02:27.0267 AM
[ReportManager] Target URL: [https://duckduckgo.com] @15-02-2021 06:02:27.0285 AM
[ReportManager] Initial URL: [data:,] @15-02-2021 06:02:27.0324 AM
[ReportManager] Browser Action [navigateToURL] successfully performed. With the following test data [https://duckduckgo.com]. @15-02-2021 06:02:27.0897 A

################################################################################################################################################
Starting Execution:	[75 out of 134] test cases in the current suite
Test Method:		[unitTests.tests_browserActions.maximizeWindow]
################################################################################################################################################
[ReportManager] Initial window size: (800, 600) @15-02-2021 06:02:27.0907 AM
[ReportManager] Window size after Toolkit: (1920, 1080) @15-02-2021 06:02:28.0128 AM
[ReportManager] Browser Action [maximizeWindow] successfully performed. With the following test data [New screen size is now: (1920, 1080)]. @15-02-2021 06:02:28.0139 A
[ReportManager] Target URL: [https://duckduckgo.com] @15-02-2021 06:02:28.0141 AM
[ReportManager] Initial URL: [https://duckduckgo.com] @15-02-2021 06:02:28.0222 AM
[ReportManager] Browser Action [navigateToURL] successfully performed. With the following test data [https://duckduckgo.com]. @15-02-2021 06:02:28.0593 AM
[ReportManager] Successfully created attachment [Selenium WebDriver Logs - server] @15-02-2021 06:02:28.0645 AM
[ReportManager] Successfully created attachment [Selenium WebDriver Logs - performance] @15-02-2021 06:02:28.0761 AM
[ReportManager] Successfully created attachment [Selenium WebDriver Logs - driver] @15-02-2021 06:02:28.0915 AM
[ReportManager] Browser Action [closeCurrentWindow] successfully performed. @15-02-2021 06:02:28.0970 AM
[ReportManager] Successfully created attachment [Browser Action Test Data - closeCurrentWindow - Actual Value] @15-02-2021 06:02:28.0971 A
[ReportManager] File Action [getAbsolutePath] successfully performed. With the following test data [Relative Folder Path: "target/downloadedFiles/"]. @15-02-2021 06:02:28.0973 AM
[ReportManager] Attempting to run remotely on: [Linux-64], [GoogleChrome], [http://localhost:4444/wd/hub], Headless Execution. @15-02-2021 06:02:28.0974 AM
[ReportManager] Successfully Opened [GoogleChrome]. @15-02-2021 06:02:29.0272 AM
[ReportManager] Target URL: [https://duckduckgo.com] @15-02-2021 06:02:29.0282 AM
[ReportManager] Initial URL: [data:,] @15-02-2021 06:02:29.0340 AM
[ReportManager] Browser Action [navigateToURL] successfully performed. With the following test data [https://duckduckgo.com]. @15-02-2021 06:02:29.0897 A

################################################################################################################################################
Starting Execution:	[76 out of 134] test cases in the current suite
Test Method:		[unitTests.tests_browserActions.navigateBack]
################################################################################################################################################
[ReportManager] Target URL: [https://www.google.com/ncr], and after redirection: [https://www.google.com] @15-02-2021 06:02:29.0905 AM
[ReportManager] Initial URL: [https://duckduckgo.com] @15-02-2021 06:02:29.0961 AM
[ReportManager] Browser Action [navigateToURL] successfully performed. With the following test data [https://www.google.com/ncr]. @15-02-2021 06:02:30.0797 AM
[ReportManager] Browser Action [navigateBack] successfully performed. With the following test data [https://duckduckgo.com/]. @15-02-2021 06:02:31.0185 AM
[ReportManager] Confirming that navigating back was successful... @15-02-2021 06:02:31.0186 AM
[ReportManager] Browser Action [getCurrentURL] successfully performed. With the following test data [https://duckduckgo.com/]. @15-02-2021 06:02:31.0218 AM
[ReportManager] AssertBrowserAttribute PASSED; Expected [Value Should be 'https://duckduckgo.com' for the 'CurrentUrl' attribute] and Actual [https://duckduckgo.com/]. Comparison Type [CONTAINS]. Validation Type [POSITIVE]. @15-02-2021 06:02:31.0219 A
[ReportManager] Target URL: [https://duckduckgo.com] @15-02-2021 06:02:31.0220 AM
[ReportManager] Initial URL: [https://duckduckgo.com] @15-02-2021 06:02:31.0285 AM
[ReportManager] Browser Action [navigateToURL] successfully performed. With the following test data [https://duckduckgo.com]. @15-02-2021 06:02:31.0645 AM
[ReportManager] Successfully created attachment [Selenium WebDriver Logs - server] @15-02-2021 06:02:31.0696 AM
[ReportManager] Successfully created attachment [Selenium WebDriver Logs - performance] @15-02-2021 06:02:31.0870 AM
[ReportManager] Successfully created attachment [Selenium WebDriver Logs - driver] @15-02-2021 06:02:32.0126 AM
[ReportManager] Browser Action [closeCurrentWindow] successfully performed. @15-02-2021 06:02:32.0182 AM
[ReportManager] Successfully created attachment [Browser Action Test Data - closeCurrentWindow - Actual Value] @15-02-2021 06:02:32.0183 A
[ReportManager] File Action [getAbsolutePath] successfully performed. With the following test data [Relative Folder Path: "target/downloadedFiles/"]. @15-02-2021 06:02:32.0185 AM
[ReportManager] Attempting to run remotely on: [Linux-64], [GoogleChrome], [http://localhost:4444/wd/hub], Headless Execution. @15-02-2021 06:02:32.0185 AM
[ReportManager] Successfully Opened [GoogleChrome]. @15-02-2021 06:02:32.0411 AM
[ReportManager] Target URL: [https://duckduckgo.com] @15-02-2021 06:02:32.0425 AM
[ReportManager] Initial URL: [data:,] @15-02-2021 06:02:32.0473 AM
[ReportManager] Browser Action [navigateToURL] successfully performed. With the following test data [https://duckduckgo.com]. @15-02-2021 06:02:33.0050 A

################################################################################################################################################
Starting Execution:	[77 out of 134] test cases in the current suite
Test Method:		[unitTests.tests_browserActions.navigateForward]
################################################################################################################################################
[ReportManager] Target URL: [https://www.google.com/ncr], and after redirection: [https://www.google.com] @15-02-2021 06:02:33.0062 AM
[ReportManager] Initial URL: [https://duckduckgo.com] @15-02-2021 06:02:33.0141 AM
[ReportManager] Browser Action [navigateToURL] successfully performed. With the following test data [https://www.google.com/ncr]. @15-02-2021 06:02:33.0971 AM
[ReportManager] Browser Action [navigateBack] successfully performed. With the following test data [https://duckduckgo.com/]. @15-02-2021 06:02:34.0371 AM
[ReportManager] Browser Action [navigateForward] successfully performed. With the following test data [https://www.google.com/]. @15-02-2021 06:02:34.0793 A
[ReportManager] Target URL: [https://duckduckgo.com] @15-02-2021 06:02:34.0796 AM
[ReportManager] Initial URL: [https://www.google.com] @15-02-2021 06:02:34.0888 AM
[ReportManager] Browser Action [navigateToURL] successfully performed. With the following test data [https://duckduckgo.com]. @15-02-2021 06:02:35.0388 AM
[ReportManager] Successfully created attachment [Selenium WebDriver Logs - server] @15-02-2021 06:02:35.0454 AM
[ReportManager] Successfully created attachment [Selenium WebDriver Logs - performance] @15-02-2021 06:02:35.0630 AM
[ReportManager] Successfully created attachment [Selenium WebDriver Logs - driver] @15-02-2021 06:02:35.0892 AM
[ReportManager] Browser Action [closeCurrentWindow] successfully performed. @15-02-2021 06:02:35.0948 AM
[ReportManager] Successfully created attachment [Browser Action Test Data - closeCurrentWindow - Actual Value] @15-02-2021 06:02:35.0949 A
[ReportManager] File Action [getAbsolutePath] successfully performed. With the following test data [Relative Folder Path: "target/downloadedFiles/"]. @15-02-2021 06:02:35.0951 AM
[ReportManager] Attempting to run remotely on: [Linux-64], [GoogleChrome], [http://localhost:4444/wd/hub], Headless Execution. @15-02-2021 06:02:35.0951 AM
[ReportManager] Successfully Opened [GoogleChrome]. @15-02-2021 06:02:36.0219 AM
[ReportManager] Target URL: [https://duckduckgo.com] @15-02-2021 06:02:36.0232 AM
[ReportManager] Initial URL: [data:,] @15-02-2021 06:02:36.0281 AM
[ReportManager] Browser Action [navigateToURL] successfully performed. With the following test data [https://duckduckgo.com]. @15-02-2021 06:02:36.0860 A

################################################################################################################################################
Starting Execution:	[78 out of 134] test cases in the current suite
Test Method:		[unitTests.tests_browserActions.navigateToURL]
################################################################################################################################################
[ReportManager] Target URL: [https://duckduckgo.com] @15-02-2021 06:02:36.0870 AM
[ReportManager] Initial URL: [https://duckduckgo.com] @15-02-2021 06:02:36.0924 AM
[ReportManager] Browser Action [navigateToURL] successfully performed. With the following test data [https://duckduckgo.com]. @15-02-2021 06:02:37.0323 A
[ReportManager] Target URL: [https://duckduckgo.com] @15-02-2021 06:02:37.0327 AM
[ReportManager] Initial URL: [https://duckduckgo.com] @15-02-2021 06:02:37.0385 AM
[ReportManager] Browser Action [navigateToURL] successfully performed. With the following test data [https://duckduckgo.com]. @15-02-2021 06:02:37.0692 AM
[ReportManager] Successfully created attachment [Selenium WebDriver Logs - server] @15-02-2021 06:02:37.0746 AM
[ReportManager] Successfully created attachment [Selenium WebDriver Logs - performance] @15-02-2021 06:02:37.0923 AM
[ReportManager] Successfully created attachment [Selenium WebDriver Logs - driver] @15-02-2021 06:02:38.0139 AM
[ReportManager] Browser Action [closeCurrentWindow] successfully performed. @15-02-2021 06:02:38.0195 AM
[ReportManager] Successfully created attachment [Browser Action Test Data - closeCurrentWindow - Actual Value] @15-02-2021 06:02:38.0196 A
[ReportManager] File Action [getAbsolutePath] successfully performed. With the following test data [Relative Folder Path: "target/downloadedFiles/"]. @15-02-2021 06:02:38.0199 AM
[ReportManager] Attempting to run remotely on: [Linux-64], [GoogleChrome], [http://localhost:4444/wd/hub], Headless Execution. @15-02-2021 06:02:38.0199 AM
[ReportManager] Successfully Opened [GoogleChrome]. @15-02-2021 06:02:38.0434 AM
[ReportManager] Target URL: [https://duckduckgo.com] @15-02-2021 06:02:38.0444 AM
[ReportManager] Initial URL: [data:,] @15-02-2021 06:02:38.0484 AM
[ReportManager] Browser Action [navigateToURL] successfully performed. With the following test data [https://duckduckgo.com]. @15-02-2021 06:02:39.0048 A

################################################################################################################################################
Starting Execution:	[79 out of 134] test cases in the current suite
Test Method:		[unitTests.tests_browserActions.navigateToURLWithRedirection]
################################################################################################################################################
[ReportManager] Target URL: [https://www.google.com/ncr], and after redirection: [https://www.google.com] @15-02-2021 06:02:39.0051 AM
[ReportManager] Initial URL: [https://duckduckgo.com] @15-02-2021 06:02:39.0106 AM
[ReportManager] Browser Action [navigateToURL] successfully performed. With the following test data [https://www.google.com/ncr]. @15-02-2021 06:02:39.0937 A
[ReportManager] Target URL: [https://duckduckgo.com] @15-02-2021 06:02:39.0939 AM
[ReportManager] Initial URL: [https://www.google.com] @15-02-2021 06:02:40.0015 AM
[ReportManager] Browser Action [navigateToURL] successfully performed. With the following test data [https://duckduckgo.com]. @15-02-2021 06:02:40.0540 AM
[ReportManager] Successfully created attachment [Selenium WebDriver Logs - server] @15-02-2021 06:02:40.0590 AM
[ReportManager] Successfully created attachment [Selenium WebDriver Logs - performance] @15-02-2021 06:02:40.0701 AM
[ReportManager] Successfully created attachment [Selenium WebDriver Logs - driver] @15-02-2021 06:02:40.0863 AM
[ReportManager] Browser Action [closeCurrentWindow] successfully performed. @15-02-2021 06:02:40.0919 AM
[ReportManager] Successfully created attachment [Browser Action Test Data - closeCurrentWindow - Actual Value] @15-02-2021 06:02:40.0919 A
[ReportManager] File Action [getAbsolutePath] successfully performed. With the following test data [Relative Folder Path: "target/downloadedFiles/"]. @15-02-2021 06:02:40.0921 AM
[ReportManager] Attempting to run remotely on: [Linux-64], [GoogleChrome], [http://localhost:4444/wd/hub], Headless Execution. @15-02-2021 06:02:40.0921 AM
[ReportManager] Successfully Opened [GoogleChrome]. @15-02-2021 06:02:41.0152 AM
[ReportManager] Target URL: [https://duckduckgo.com] @15-02-2021 06:02:41.0162 AM
[ReportManager] Initial URL: [data:,] @15-02-2021 06:02:41.0201 AM
[ReportManager] Browser Action [navigateToURL] successfully performed. With the following test data [https://duckduckgo.com]. @15-02-2021 06:02:41.0758 A

################################################################################################################################################
Starting Execution:	[80 out of 134] test cases in the current suite
Test Method:		[unitTests.tests_browserActions.refreshCurrentPage]
################################################################################################################################################
[ReportManager] Browser Action [refreshCurrentPage] successfully performed. @15-02-2021 06:02:42.0010 AM
[ReportManager] Successfully created attachment [Browser Action Test Data - refreshCurrentPage - Actual Value] @15-02-2021 06:02:42.0010 A
[ReportManager] Target URL: [https://duckduckgo.com] @15-02-2021 06:02:42.0012 AM
[ReportManager] Initial URL: [https://duckduckgo.com] @15-02-2021 06:02:42.0114 AM
[ReportManager] Browser Action [navigateToURL] successfully performed. With the following test data [https://duckduckgo.com]. @15-02-2021 06:02:42.0429 AM
[ReportManager] Successfully created attachment [Selenium WebDriver Logs - server] @15-02-2021 06:02:42.0485 AM
[ReportManager] Successfully created attachment [Selenium WebDriver Logs - performance] @15-02-2021 06:02:42.0657 AM
[ReportManager] Successfully created attachment [Selenium WebDriver Logs - driver] @15-02-2021 06:02:42.0865 AM
[ReportManager] Browser Action [closeCurrentWindow] successfully performed. @15-02-2021 06:02:42.0925 AM
[ReportManager] Successfully created attachment [Browser Action Test Data - closeCurrentWindow - Actual Value] @15-02-2021 06:02:42.0925 A
[ReportManager] File Action [getAbsolutePath] successfully performed. With the following test data [Relative Folder Path: "target/downloadedFiles/"]. @15-02-2021 06:02:42.0928 AM
[ReportManager] Attempting to run remotely on: [Linux-64], [GoogleChrome], [http://localhost:4444/wd/hub], Headless Execution. @15-02-2021 06:02:42.0928 AM
[ReportManager] Successfully Opened [GoogleChrome]. @15-02-2021 06:02:43.0173 AM
[ReportManager] Target URL: [https://duckduckgo.com] @15-02-2021 06:02:43.0191 AM
[ReportManager] Initial URL: [data:,] @15-02-2021 06:02:43.0233 AM
[ReportManager] Browser Action [navigateToURL] successfully performed. With the following test data [https://duckduckgo.com]. @15-02-2021 06:02:43.0800 A

################################################################################################################################################
Starting Execution:	[81 out of 134] test cases in the current suite
Test Method:		[unitTests.tests_browserActions.setWindowSize]
################################################################################################################################################
[ReportManager] Initial window size: (800, 600) @15-02-2021 06:02:43.0848 AM
[ReportManager] Window size after SWD: (1280, 720) @15-02-2021 06:02:44.0076 AM
[ReportManager] Browser Action [setWindowSize] successfully performed. With the following test data [New screen size is now: (1280, 720)]. @15-02-2021 06:02:44.0076 A
[ReportManager] Target URL: [https://duckduckgo.com] @15-02-2021 06:02:44.0078 AM
[ReportManager] Initial URL: [https://duckduckgo.com] @15-02-2021 06:02:44.0139 AM
[ReportManager] Browser Action [navigateToURL] successfully performed. With the following test data [https://duckduckgo.com]. @15-02-2021 06:02:44.0533 AM
[ReportManager] Successfully created attachment [Selenium WebDriver Logs - server] @15-02-2021 06:02:44.0591 AM
[ReportManager] Successfully created attachment [Selenium WebDriver Logs - performance] @15-02-2021 06:02:44.0714 AM
[ReportManager] Successfully created attachment [Selenium WebDriver Logs - driver] @15-02-2021 06:02:44.0856 AM
[ReportManager] Browser Action [closeCurrentWindow] successfully performed. @15-02-2021 06:02:44.0914 AM
[ReportManager] Successfully created attachment [Browser Action Test Data - closeCurrentWindow - Actual Value] @15-02-2021 06:02:44.0914 A
[ReportManager] Successfully loaded the following test data file [src/test/resources/TestDataFiles/testSuite01/TestData.xlsx]. @15-02-2021 06:02:44.0978 AM
[ReportManager] Successfully created attachment [Test Data - Excel] @15-02-2021 06:02:44.0978 A

################################################################################################################################################
Starting Execution:	[82 out of 134] test cases in the current suite
Test Method:		[unitTests.tests_io_excelFileManager.getCellData_rowName_expectedToPass]
################################################################################################################################################
[ReportManager] testRowData. @15-02-2021 06:02:44.0991 A
[ReportManager] File Action [getAbsolutePath] successfully performed. With the following test data [Relative Folder Path: "target/downloadedFiles/"]. @15-02-2021 06:02:44.0999 AM
[ReportManager] Attempting to run remotely on: [Linux-64], [GoogleChrome], [http://localhost:4444/wd/hub], Headless Execution. @15-02-2021 06:02:45.0000 AM
[ReportManager] Successfully Opened [GoogleChrome]. @15-02-2021 06:02:45.0261 A

################################################################################################################################################
Starting Execution:	[83 out of 134] test cases in the current suite
Test Method:		[unitTests.tests_element_elementActions.waitForElementToBePresent_false_expectedToFail]
################################################################################################################################################
[ReportManager] Target URL: [https://www.google.com/ncr], and after redirection: [www.google.com] @15-02-2021 06:02:45.0294 AM
[ReportManager] Initial URL: [data:,] @15-02-2021 06:02:45.0335 AM
[ReportManager] Browser Action [navigateToURL] successfully performed. With the following test data [https://www.google.com/ncr]. @15-02-2021 06:02:46.0165 AM
[ReportManager] Waiting for element to be present; elementLocator [By.id: hplogo], numberOfTries[1], stateOfPresence[false]... @15-02-2021 06:02:46.0169 AM
[ReportManager] Element Action [waitForElementToBePresent] successfully performed. With the following test data [waited up to (5) seconds, for the element's state of presence to be (false). Element locator (By.id: hplogo)]. @15-02-2021 06:02:46.0207 A
[ReportManager] Successfully created attachment [Selenium WebDriver Logs - server] @15-02-2021 06:02:46.0282 AM
[ReportManager] Successfully created attachment [Selenium WebDriver Logs - performance] @15-02-2021 06:02:46.0318 AM
[ReportManager] Successfully created attachment [Selenium WebDriver Logs - driver] @15-02-2021 06:02:46.0395 AM
[ReportManager] Browser Action [closeCurrentWindow] successfully performed. @15-02-2021 06:02:46.0451 AM
[ReportManager] Successfully created attachment [Browser Action Test Data - closeCurrentWindow - Actual Value] @15-02-2021 06:02:46.0451 A
[ReportManager] File Action [getAbsolutePath] successfully performed. With the following test data [Relative Folder Path: "target/downloadedFiles/"]. @15-02-2021 06:02:46.0453 AM
[ReportManager] Attempting to run remotely on: [Linux-64], [GoogleChrome], [http://localhost:4444/wd/hub], Headless Execution. @15-02-2021 06:02:46.0453 AM
[ReportManager] Successfully Opened [GoogleChrome]. @15-02-2021 06:02:46.0720 A

################################################################################################################################################
Starting Execution:	[84 out of 134] test cases in the current suite
Test Method:		[unitTests.tests_element_elementActions.waitForElementToBePresent_false_expectedToPass]
################################################################################################################################################
[ReportManager] Target URL: [https://www.google.com/ncr], and after redirection: [www.google.com] @15-02-2021 06:02:46.0733 AM
[ReportManager] Initial URL: [data:,] @15-02-2021 06:02:46.0786 AM
[ReportManager] Browser Action [navigateToURL] successfully performed. With the following test data [https://www.google.com/ncr]. @15-02-2021 06:02:47.0661 AM
[ReportManager] Waiting for element to be present; elementLocator [By.id: bla], numberOfTries[1], stateOfPresence[false]... @15-02-2021 06:02:47.0661 AM
[ReportManager] Element Action [waitForElementToBePresent] successfully performed. With the following test data [waited up to (5) seconds, for the element's state of presence to be (false). Element locator (By.id: bla)]. @15-02-2021 06:02:47.0697 A
[ReportManager] Successfully created attachment [Selenium WebDriver Logs - server] @15-02-2021 06:02:47.0773 AM
[ReportManager] Successfully created attachment [Selenium WebDriver Logs - performance] @15-02-2021 06:02:47.0805 AM
[ReportManager] Successfully created attachment [Selenium WebDriver Logs - driver] @15-02-2021 06:02:47.0879 AM
[ReportManager] Browser Action [closeCurrentWindow] successfully performed. @15-02-2021 06:02:47.0935 AM
[ReportManager] Successfully created attachment [Browser Action Test Data - closeCurrentWindow - Actual Value] @15-02-2021 06:02:47.0936 A
[ReportManager] File Action [getAbsolutePath] successfully performed. With the following test data [Relative Folder Path: "target/downloadedFiles/"]. @15-02-2021 06:02:47.0938 AM
[ReportManager] Attempting to run remotely on: [Linux-64], [GoogleChrome], [http://localhost:4444/wd/hub], Headless Execution. @15-02-2021 06:02:47.0938 AM
[ReportManager] Successfully Opened [GoogleChrome]. @15-02-2021 06:02:48.0210 A

################################################################################################################################################
Starting Execution:	[85 out of 134] test cases in the current suite
Test Method:		[unitTests.tests_element_elementActions.waitForElementToBePresent_moreThanOneElement_expectedToFail]
################################################################################################################################################
[ReportManager] Target URL: [https://www.google.com/ncr], and after redirection: [www.google.com] @15-02-2021 06:02:48.0235 AM
[ReportManager] Initial URL: [data:,] @15-02-2021 06:02:48.0280 AM
[ReportManager] Browser Action [navigateToURL] successfully performed. With the following test data [https://www.google.com/ncr]. @15-02-2021 06:02:49.0100 AM
[ReportManager] Waiting for element to be present; elementLocator [By.xpath: //*], numberOfTries[1], stateOfPresence[false]... @15-02-2021 06:02:49.0101 AM
[ReportManager] Element Action [waitForElementToBePresent] failed. With the following test data [waited up to (5) seconds, for the element's state of presence to be (false). Element locator (By.xpath: //*)]. @15-02-2021 06:02:49.0296 AM
[ReportManager] Successfully created attachment [Screenshot - 1613368969232_waitForElementToBePresent_moreThanOneElement_expectedToFail_waitForElementToBePresent_failed] @15-02-2021 06:02:49.0296 A
[ReportManager] Successfully created attachment [Selenium WebDriver Logs - server] @15-02-2021 06:02:49.0372 AM
[ReportManager] Successfully created attachment [Selenium WebDriver Logs - performance] @15-02-2021 06:02:49.0415 AM
[ReportManager] Successfully created attachment [Selenium WebDriver Logs - driver] @15-02-2021 06:02:49.0489 AM
[ReportManager] Browser Action [closeCurrentWindow] successfully performed. @15-02-2021 06:02:49.0546 AM
[ReportManager] Successfully created attachment [Browser Action Test Data - closeCurrentWindow - Actual Value] @15-02-2021 06:02:49.0547 A
[ReportManager] File Action [getAbsolutePath] successfully performed. With the following test data [Relative Folder Path: "target/downloadedFiles/"]. @15-02-2021 06:02:49.0552 AM
[ReportManager] Attempting to run remotely on: [Linux-64], [GoogleChrome], [http://localhost:4444/wd/hub], Headless Execution. @15-02-2021 06:02:49.0552 AM
[ReportManager] Successfully Opened [GoogleChrome]. @15-02-2021 06:02:49.0798 A

################################################################################################################################################
Starting Execution:	[86 out of 134] test cases in the current suite
Test Method:		[unitTests.tests_element_elementActions.waitForElementToBePresent_true_expectedToFail]
################################################################################################################################################
[ReportManager] Target URL: [https://www.google.com/ncr], and after redirection: [www.google.com] @15-02-2021 06:02:49.0816 AM
[ReportManager] Initial URL: [data:,] @15-02-2021 06:02:49.0864 AM
[ReportManager] Browser Action [navigateToURL] successfully performed. With the following test data [https://www.google.com/ncr]. @15-02-2021 06:02:50.0706 AM
[ReportManager] Waiting for element to be present; elementLocator [By.id: bla], numberOfTries[1], stateOfPresence[true]... @15-02-2021 06:02:50.0707 AM
[ReportManager] Element Action [waitForElementToBePresent] failed. With the following test data [waited up to (5) seconds, for the element's state of presence to be (true). Element locator (By.id: bla)]. @15-02-2021 06:02:50.0898 AM
[ReportManager] Successfully created attachment [Screenshot - 1613368970838_waitForElementToBePresent_true_expectedToFail_waitForElementToBePresent_failed] @15-02-2021 06:02:50.0898 A
[ReportManager] Successfully created attachment [Selenium WebDriver Logs - server] @15-02-2021 06:02:50.0982 AM
[ReportManager] Successfully created attachment [Selenium WebDriver Logs - performance] @15-02-2021 06:02:51.0014 AM
[ReportManager] Successfully created attachment [Selenium WebDriver Logs - driver] @15-02-2021 06:02:51.0095 AM
[ReportManager] Browser Action [closeCurrentWindow] successfully performed. @15-02-2021 06:02:51.0151 AM
[ReportManager] Successfully created attachment [Browser Action Test Data - closeCurrentWindow - Actual Value] @15-02-2021 06:02:51.0152 A
[ReportManager] File Action [getAbsolutePath] successfully performed. With the following test data [Relative Folder Path: "target/downloadedFiles/"]. @15-02-2021 06:02:51.0155 AM
[ReportManager] Attempting to run remotely on: [Linux-64], [GoogleChrome], [http://localhost:4444/wd/hub], Headless Execution. @15-02-2021 06:02:51.0155 AM
[ReportManager] Successfully Opened [GoogleChrome]. @15-02-2021 06:02:51.0431 A

################################################################################################################################################
Starting Execution:	[87 out of 134] test cases in the current suite
Test Method:		[unitTests.tests_element_elementActions.waitForElementToBePresent_true_expectedToPass]
################################################################################################################################################
[ReportManager] Target URL: [https://www.google.com/ncr], and after redirection: [www.google.com] @15-02-2021 06:02:51.0450 AM
[ReportManager] Initial URL: [data:,] @15-02-2021 06:02:51.0495 AM
[ReportManager] Browser Action [navigateToURL] successfully performed. With the following test data [https://www.google.com/ncr]. @15-02-2021 06:02:52.0324 AM
[ReportManager] Waiting for element to be present; elementLocator [By.id: hplogo], numberOfTries[1], stateOfPresence[true]... @15-02-2021 06:02:52.0324 AM
[ReportManager] Element Action [waitForElementToBePresent] failed. With the following test data [waited up to (5) seconds, for the element's state of presence to be (true). Element locator (By.id: hplogo)]. @15-02-2021 06:02:52.0499 AM
[ReportManager] Successfully created attachment [Screenshot - 1613368972441_waitForElementToBePresent_true_expectedToPass_waitForElementToBePresent_failed] @15-02-2021 06:02:52.0499 A
[ReportManager] Successfully created attachment [Selenium WebDriver Logs - server] @15-02-2021 06:02:52.0597 AM
[ReportManager] Successfully created attachment [Selenium WebDriver Logs - performance] @15-02-2021 06:02:52.0636 AM
[ReportManager] Successfully created attachment [Selenium WebDriver Logs - driver] @15-02-2021 06:02:52.0704 AM
[ReportManager] Browser Action [closeCurrentWindow] successfully performed. @15-02-2021 06:02:52.0762 AM
[ReportManager] Successfully created attachment [Browser Action Test Data - closeCurrentWindow - Actual Value] @15-02-2021 06:02:52.0764 A

################################################################################################################################################
Starting Execution:	[88 out of 134] test cases in the current suite
Test Method:		[unitTests.tests_validations_assertions.assertComparativeRelation_greaterThanOrEquals_false_equals_expectedToFail]
################################################################################################################################################
[ReportManager] AssertComparativeRelation FAILED; Expected [1] and Actual [1]. Comparison Type [GREATER_THAN_OR_EQUALS]. Validation Type [NEGATIVE]. @15-02-2021 06:02:52.0772 A

################################################################################################################################################
Starting Execution:	[89 out of 134] test cases in the current suite
Test Method:		[unitTests.tests_validations_assertions.assertComparativeRelation_greaterThanOrEquals_false_equals_expectedToPass]
################################################################################################################################################
[ReportManager] AssertComparativeRelation PASSED; Expected [2] and Actual [1]. Comparison Type [GREATER_THAN_OR_EQUALS]. Validation Type [NEGATIVE]. @15-02-2021 06:02:52.0779 A

################################################################################################################################################
Starting Execution:	[90 out of 134] test cases in the current suite
Test Method:		[unitTests.tests_validations_assertions.assertComparativeRelation_greaterThanOrEquals_false_greaterThan_expectedToFail]
################################################################################################################################################
[ReportManager] AssertComparativeRelation FAILED; Expected [1] and Actual [2]. Comparison Type [GREATER_THAN_OR_EQUALS]. Validation Type [NEGATIVE]. @15-02-2021 06:02:52.0783 A

################################################################################################################################################
Starting Execution:	[91 out of 134] test cases in the current suite
Test Method:		[unitTests.tests_validations_assertions.assertComparativeRelation_greaterThanOrEquals_false_greaterThan_expectedToPass]
################################################################################################################################################
[ReportManager] AssertComparativeRelation PASSED; Expected [2] and Actual [1]. Comparison Type [GREATER_THAN_OR_EQUALS]. Validation Type [NEGATIVE]. @15-02-2021 06:02:52.0786 A

################################################################################################################################################
Starting Execution:	[92 out of 134] test cases in the current suite
Test Method:		[unitTests.tests_validations_assertions.assertComparativeRelation_greaterThanOrEquals_true_equals_expectedToFail]
################################################################################################################################################
[ReportManager] AssertComparativeRelation FAILED; Expected [1] and Actual [0]. Comparison Type [GREATER_THAN_OR_EQUALS]. Validation Type [POSITIVE]. @15-02-2021 06:02:52.0790 A

################################################################################################################################################
Starting Execution:	[93 out of 134] test cases in the current suite
Test Method:		[unitTests.tests_validations_assertions.assertComparativeRelation_greaterThanOrEquals_true_equals_expectedToPass]
################################################################################################################################################
[ReportManager] AssertComparativeRelation PASSED; Expected [1] and Actual [1]. Comparison Type [GREATER_THAN_OR_EQUALS]. Validation Type [POSITIVE]. @15-02-2021 06:02:52.0793 A

################################################################################################################################################
Starting Execution:	[94 out of 134] test cases in the current suite
Test Method:		[unitTests.tests_validations_assertions.assertComparativeRelation_greaterThanOrEquals_true_greaterThan_expectedToFail]
################################################################################################################################################
[ReportManager] AssertComparativeRelation FAILED; Expected [2] and Actual [1]. Comparison Type [GREATER_THAN_OR_EQUALS]. Validation Type [POSITIVE]. @15-02-2021 06:02:52.0796 A

################################################################################################################################################
Starting Execution:	[95 out of 134] test cases in the current suite
Test Method:		[unitTests.tests_validations_assertions.assertComparativeRelation_greaterThanOrEquals_true_greaterThan_expectedToPass]
################################################################################################################################################
[ReportManager] AssertComparativeRelation PASSED; Expected [1] and Actual [2]. Comparison Type [GREATER_THAN_OR_EQUALS]. Validation Type [POSITIVE]. @15-02-2021 06:02:52.0799 A
[ReportManager] File Action [getAbsolutePath] successfully performed. With the following test data [Relative Folder Path: "target/downloadedFiles/"]. @15-02-2021 06:02:52.0802 AM
[ReportManager] Attempting to run remotely on: [Linux-64], [GoogleChrome], [http://localhost:4444/wd/hub], Headless Execution. @15-02-2021 06:02:52.0802 AM
[ReportManager] Successfully Opened [GoogleChrome]. @15-02-2021 06:02:53.0071 AM
[ReportManager] Target URL: [https://www.google.com/ncr], and after redirection: [www.google.com] @15-02-2021 06:02:53.0088 AM
[ReportManager] Initial URL: [data:,] @15-02-2021 06:02:53.0127 AM
[ReportManager] Browser Action [navigateToURL] successfully performed. With the following test data [https://www.google.com/ncr]. @15-02-2021 06:02:53.0941 A

################################################################################################################################################
Starting Execution:	[96 out of 134] test cases in the current suite
Test Method:		[unitTests.tests_validations_assertions.assertElementAttribute_false_caseInsensitiveComparison_expectedToFail]
################################################################################################################################################
[ReportManager] Element Action [type] successfully performed. With the following test data [AUTOMATION]. @15-02-2021 06:02:54.0552 AM
[ReportManager] Element Action [getText] successfully performed. With the following test data [AUTOMATION]. @15-02-2021 06:02:54.0671 AM
[ReportManager] Loaded Shared OpenCV @15-02-2021 06:02:54.0836 AM
[ReportManager] AssertElementAttribute FAILED; Expected [Value Should not be 'AutomaTion' for the 'text' attribute, element locator 'By.name: q'] and Actual [AUTOMATION]. Comparison Type [CASE_INSENSITIVE]. Validation Type [NEGATIVE]. @15-02-2021 06:02:54.0914 AM
[ReportManager] Successfully created attachment [Screenshot - 1613368974836_assertElementAttribute_false_caseInsensitiveComparison_expectedToFail_AssertElementAttribute_failed] @15-02-2021 06:02:54.0915 A
[ReportManager] Successfully created attachment [Selenium WebDriver Logs - server] @15-02-2021 06:02:55.0000 AM
[ReportManager] Successfully created attachment [Selenium WebDriver Logs - performance] @15-02-2021 06:02:55.0095 AM
[ReportManager] Successfully created attachment [Selenium WebDriver Logs - driver] @15-02-2021 06:02:55.0222 AM
[ReportManager] Browser Action [closeCurrentWindow] successfully performed. @15-02-2021 06:02:55.0281 AM
[ReportManager] Successfully created attachment [Browser Action Test Data - closeCurrentWindow - Actual Value] @15-02-2021 06:02:55.0282 A
[ReportManager] File Action [getAbsolutePath] successfully performed. With the following test data [Relative Folder Path: "target/downloadedFiles/"]. @15-02-2021 06:02:55.0287 AM
[ReportManager] Attempting to run remotely on: [Linux-64], [GoogleChrome], [http://localhost:4444/wd/hub], Headless Execution. @15-02-2021 06:02:55.0287 AM
[ReportManager] Successfully Opened [GoogleChrome]. @15-02-2021 06:02:55.0519 AM
[ReportManager] Target URL: [https://www.google.com/ncr], and after redirection: [www.google.com] @15-02-2021 06:02:55.0532 AM
[ReportManager] Initial URL: [data:,] @15-02-2021 06:02:55.0597 AM
[ReportManager] Browser Action [navigateToURL] successfully performed. With the following test data [https://www.google.com/ncr]. @15-02-2021 06:02:56.0395 A

################################################################################################################################################
Starting Execution:	[97 out of 134] test cases in the current suite
Test Method:		[unitTests.tests_validations_assertions.assertElementAttribute_false_caseInsensitiveComparison_expectedToPass]
################################################################################################################################################
[ReportManager] Element Action [type] successfully performed. With the following test data [AUTOMATION]. @15-02-2021 06:02:57.0043 AM
[ReportManager] Element Action [getText] successfully performed. With the following test data [AUTOMATION]. @15-02-2021 06:02:57.0175 AM
[ReportManager] Loaded Shared OpenCV @15-02-2021 06:02:57.0338 AM
[ReportManager] AssertElementAttribute PASSED; Expected [Value Should not be 'AutomaTion123' for the 'text' attribute, element locator 'By.name: q'] and Actual [AUTOMATION]. Comparison Type [CASE_INSENSITIVE]. Validation Type [NEGATIVE]. @15-02-2021 06:02:57.0416 AM
[ReportManager] Successfully created attachment [Screenshot - 1613368977338_assertElementAttribute_false_caseInsensitiveComparison_expectedToPass_AssertElementAttribute_passed] @15-02-2021 06:02:57.0417 A
[ReportManager] Successfully created attachment [Selenium WebDriver Logs - server] @15-02-2021 06:02:57.0502 AM
[ReportManager] Successfully created attachment [Selenium WebDriver Logs - performance] @15-02-2021 06:02:57.0579 AM
[ReportManager] Successfully created attachment [Selenium WebDriver Logs - driver] @15-02-2021 06:02:57.0712 AM
[ReportManager] Browser Action [closeCurrentWindow] successfully performed. @15-02-2021 06:02:57.0769 AM
[ReportManager] Successfully created attachment [Browser Action Test Data - closeCurrentWindow - Actual Value] @15-02-2021 06:02:57.0770 A
[ReportManager] File Action [getAbsolutePath] successfully performed. With the following test data [Relative Folder Path: "target/downloadedFiles/"]. @15-02-2021 06:02:57.0773 AM
[ReportManager] Attempting to run remotely on: [Linux-64], [GoogleChrome], [http://localhost:4444/wd/hub], Headless Execution. @15-02-2021 06:02:57.0773 AM
[ReportManager] Successfully Opened [GoogleChrome]. @15-02-2021 06:02:58.0000 AM
[ReportManager] Target URL: [https://www.google.com/ncr], and after redirection: [www.google.com] @15-02-2021 06:02:58.0013 AM
[ReportManager] Initial URL: [data:,] @15-02-2021 06:02:58.0052 AM
[ReportManager] Browser Action [navigateToURL] successfully performed. With the following test data [https://www.google.com/ncr]. @15-02-2021 06:02:58.0871 A

################################################################################################################################################
Starting Execution:	[98 out of 134] test cases in the current suite
Test Method:		[unitTests.tests_validations_assertions.assertElementAttribute_false_containsComparison_expectedToFail]
################################################################################################################################################
[ReportManager] Element Action [type] successfully performed. With the following test data [Automation123]. @15-02-2021 06:02:59.0504 AM
[ReportManager] Element Action [getText] successfully performed. With the following test data [Automation123]. @15-02-2021 06:02:59.0612 AM
[ReportManager] Loaded Shared OpenCV @15-02-2021 06:02:59.0758 AM
[ReportManager] AssertElementAttribute FAILED; Expected [Value Should not be 'Automation' for the 'text' attribute, element locator 'By.name: q'] and Actual [Automation123]. Comparison Type [CONTAINS]. Validation Type [NEGATIVE]. @15-02-2021 06:02:59.0834 AM
[ReportManager] Successfully created attachment [Screenshot - 1613368979758_assertElementAttribute_false_containsComparison_expectedToFail_AssertElementAttribute_failed] @15-02-2021 06:02:59.0835 A
[ReportManager] Successfully created attachment [Selenium WebDriver Logs - server] @15-02-2021 06:02:59.0972 AM
[ReportManager] Successfully created attachment [Selenium WebDriver Logs - performance] @15-02-2021 06:03:00.0158 AM
[ReportManager] Successfully created attachment [Selenium WebDriver Logs - driver] @15-02-2021 06:03:00.0294 AM
[ReportManager] Browser Action [closeCurrentWindow] successfully performed. @15-02-2021 06:03:00.0350 AM
[ReportManager] Successfully created attachment [Browser Action Test Data - closeCurrentWindow - Actual Value] @15-02-2021 06:03:00.0351 A
[ReportManager] File Action [getAbsolutePath] successfully performed. With the following test data [Relative Folder Path: "target/downloadedFiles/"]. @15-02-2021 06:03:00.0354 AM
[ReportManager] Attempting to run remotely on: [Linux-64], [GoogleChrome], [http://localhost:4444/wd/hub], Headless Execution. @15-02-2021 06:03:00.0354 AM
[ReportManager] Successfully Opened [GoogleChrome]. @15-02-2021 06:03:00.0596 AM
[ReportManager] Target URL: [https://www.google.com/ncr], and after redirection: [www.google.com] @15-02-2021 06:03:00.0610 AM
[ReportManager] Initial URL: [data:,] @15-02-2021 06:03:00.0667 AM
[ReportManager] Browser Action [navigateToURL] successfully performed. With the following test data [https://www.google.com/ncr]. @15-02-2021 06:03:01.0491 A

################################################################################################################################################
Starting Execution:	[99 out of 134] test cases in the current suite
Test Method:		[unitTests.tests_validations_assertions.assertElementAttribute_false_containsComparison_expectedToPass]
################################################################################################################################################
[ReportManager] Element Action [type] successfully performed. With the following test data [Automation123]. @15-02-2021 06:03:02.0127 AM
[ReportManager] Element Action [getText] successfully performed. With the following test data [Automation123]. @15-02-2021 06:03:02.0242 AM
[ReportManager] Loaded Shared OpenCV @15-02-2021 06:03:02.0372 AM
[ReportManager] AssertElementAttribute PASSED; Expected [Value Should not be 'Automation1234' for the 'text' attribute, element locator 'By.name: q'] and Actual [Automation123]. Comparison Type [CONTAINS]. Validation Type [NEGATIVE]. @15-02-2021 06:03:02.0453 AM
[ReportManager] Successfully created attachment [Screenshot - 1613368982372_assertElementAttribute_false_containsComparison_expectedToPass_AssertElementAttribute_passed] @15-02-2021 06:03:02.0454 A
[ReportManager] Successfully created attachment [Selenium WebDriver Logs - server] @15-02-2021 06:03:02.0532 AM
[ReportManager] Successfully created attachment [Selenium WebDriver Logs - performance] @15-02-2021 06:03:02.0624 AM
[ReportManager] Successfully created attachment [Selenium WebDriver Logs - driver] @15-02-2021 06:03:02.0748 AM
[ReportManager] Browser Action [closeCurrentWindow] successfully performed. @15-02-2021 06:03:02.0806 AM
[ReportManager] Successfully created attachment [Browser Action Test Data - closeCurrentWindow - Actual Value] @15-02-2021 06:03:02.0807 A
[ReportManager] File Action [getAbsolutePath] successfully performed. With the following test data [Relative Folder Path: "target/downloadedFiles/"]. @15-02-2021 06:03:02.0810 AM
[ReportManager] Attempting to run remotely on: [Linux-64], [GoogleChrome], [http://localhost:4444/wd/hub], Headless Execution. @15-02-2021 06:03:02.0810 AM
[ReportManager] Successfully Opened [GoogleChrome]. @15-02-2021 06:03:03.0037 AM
[ReportManager] Target URL: [https://www.google.com/ncr], and after redirection: [www.google.com] @15-02-2021 06:03:03.0048 AM
[ReportManager] Initial URL: [data:,] @15-02-2021 06:03:03.0088 AM
[ReportManager] Browser Action [navigateToURL] successfully performed. With the following test data [https://www.google.com/ncr]. @15-02-2021 06:03:03.0914 A

################################################################################################################################################
Starting Execution:	[100 out of 134] test cases in the current suite
Test Method:		[unitTests.tests_validations_assertions.assertElementAttribute_false_literalComparison_expectedToFail]
################################################################################################################################################
[ReportManager] Element Action [type] successfully performed. With the following test data [Automation!@#$%^&*()_+{}[]\';/.,]. @15-02-2021 06:03:05.0340 AM
[ReportManager] Element Action [getText] successfully performed. With the following test data [Automation!@#$%^&*()_+{}[]\';/.,]. @15-02-2021 06:03:05.0460 AM
[ReportManager] Loaded Shared OpenCV @15-02-2021 06:03:05.0636 AM
[ReportManager] AssertElementAttribute PASSED; Expected [Value Should not be 'Automation!@#$%^&*()_+{}[]\\';/.,' for the 'text' attribute, element locator 'By.name: q'] and Actual [Automation!@#$%^&*()_+{}[]\';/.,]. Comparison Type [EQUALS]. Validation Type [NEGATIVE]. @15-02-2021 06:03:05.0717 AM
[ReportManager] Successfully created attachment [Screenshot - 1613368985636_assertElementAttribute_false_literalComparison_expectedToFail_AssertElementAttribute_passed] @15-02-2021 06:03:05.0718 A
[ReportManager] Successfully created attachment [Selenium WebDriver Logs - server] @15-02-2021 06:03:05.0802 AM
[ReportManager] Successfully created attachment [Selenium WebDriver Logs - performance] @15-02-2021 06:03:05.0955 AM
[ReportManager] Successfully created attachment [Selenium WebDriver Logs - driver] @15-02-2021 06:03:06.0143 AM
[ReportManager] Browser Action [closeCurrentWindow] successfully performed. @15-02-2021 06:03:06.0200 AM
[ReportManager] Successfully created attachment [Browser Action Test Data - closeCurrentWindow - Actual Value] @15-02-2021 06:03:06.0200 A
[ReportManager] File Action [getAbsolutePath] successfully performed. With the following test data [Relative Folder Path: "target/downloadedFiles/"]. @15-02-2021 06:03:06.0203 AM
[ReportManager] Attempting to run remotely on: [Linux-64], [GoogleChrome], [http://localhost:4444/wd/hub], Headless Execution. @15-02-2021 06:03:06.0203 AM
[ReportManager] Successfully Opened [GoogleChrome]. @15-02-2021 06:03:06.0435 AM
[ReportManager] Target URL: [https://www.google.com/ncr], and after redirection: [www.google.com] @15-02-2021 06:03:06.0444 AM
[ReportManager] Initial URL: [data:,] @15-02-2021 06:03:06.0484 AM
[ReportManager] Browser Action [navigateToURL] successfully performed. With the following test data [https://www.google.com/ncr]. @15-02-2021 06:03:07.0481 A

################################################################################################################################################
Starting Execution:	[101 out of 134] test cases in the current suite
Test Method:		[unitTests.tests_validations_assertions.assertElementAttribute_false_literalComparison_expectedToPass]
################################################################################################################################################
[ReportManager] Element Action [type] successfully performed. With the following test data [Automation!@#$%^&*()_+{}[]\';/.,]. @15-02-2021 06:03:09.0086 AM
[ReportManager] Element Action [getText] successfully performed. With the following test data [Automation!@#$%^&*()_+{}[]\';/.,]. @15-02-2021 06:03:09.0197 AM
[ReportManager] Loaded Shared OpenCV @15-02-2021 06:03:09.0332 AM
[ReportManager] AssertElementAttribute PASSED; Expected [Value Should not be 'Automation' for the 'text' attribute, element locator 'By.name: q'] and Actual [Automation!@#$%^&*()_+{}[]\';/.,]. Comparison Type [EQUALS]. Validation Type [NEGATIVE]. @15-02-2021 06:03:09.0413 AM
[ReportManager] Successfully created attachment [Screenshot - 1613368989332_assertElementAttribute_false_literalComparison_expectedToPass_AssertElementAttribute_passed] @15-02-2021 06:03:09.0414 A
[ReportManager] Successfully created attachment [Selenium WebDriver Logs - server] @15-02-2021 06:03:09.0492 AM
[ReportManager] Successfully created attachment [Selenium WebDriver Logs - performance] @15-02-2021 06:03:09.0662 AM
[ReportManager] Successfully created attachment [Selenium WebDriver Logs - driver] @15-02-2021 06:03:09.0858 AM
[ReportManager] Browser Action [closeCurrentWindow] successfully performed. @15-02-2021 06:03:09.0923 AM
[ReportManager] Successfully created attachment [Browser Action Test Data - closeCurrentWindow - Actual Value] @15-02-2021 06:03:09.0924 A
[ReportManager] File Action [getAbsolutePath] successfully performed. With the following test data [Relative Folder Path: "target/downloadedFiles/"]. @15-02-2021 06:03:09.0930 AM
[ReportManager] Attempting to run remotely on: [Linux-64], [GoogleChrome], [http://localhost:4444/wd/hub], Headless Execution. @15-02-2021 06:03:09.0930 AM
[ReportManager] Successfully Opened [GoogleChrome]. @15-02-2021 06:03:10.0158 AM
[ReportManager] Target URL: [https://www.google.com/ncr], and after redirection: [www.google.com] @15-02-2021 06:03:10.0168 AM
[ReportManager] Initial URL: [data:,] @15-02-2021 06:03:10.0205 AM
[ReportManager] Browser Action [navigateToURL] successfully performed. With the following test data [https://www.google.com/ncr]. @15-02-2021 06:03:11.0026 A

################################################################################################################################################
Starting Execution:	[102 out of 134] test cases in the current suite
Test Method:		[unitTests.tests_validations_assertions.assertElementAttribute_false_regexComparison_expectedToFail]
################################################################################################################################################
[ReportManager] Element Action [type] successfully performed. With the following test data [Automation123]. @15-02-2021 06:03:11.0618 AM
[ReportManager] Element Action [getText] successfully performed. With the following test data [Automation123]. @15-02-2021 06:03:11.0724 AM
[ReportManager] Loaded Shared OpenCV @15-02-2021 06:03:11.0855 AM
[ReportManager] AssertElementAttribute FAILED; Expected [Value Should not be 'Automation.*' for the 'text' attribute, element locator 'By.name: q'] and Actual [Automation123]. Comparison Type [MATCHES]. Validation Type [NEGATIVE]. @15-02-2021 06:03:11.0931 AM
[ReportManager] Successfully created attachment [Screenshot - 1613368991855_assertElementAttribute_false_regexComparison_expectedToFail_AssertElementAttribute_failed] @15-02-2021 06:03:11.0931 A
[ReportManager] Successfully created attachment [Selenium WebDriver Logs - server] @15-02-2021 06:03:12.0014 AM
[ReportManager] Successfully created attachment [Selenium WebDriver Logs - performance] @15-02-2021 06:03:12.0106 AM
[ReportManager] Successfully created attachment [Selenium WebDriver Logs - driver] @15-02-2021 06:03:12.0233 AM
[ReportManager] Browser Action [closeCurrentWindow] successfully performed. @15-02-2021 06:03:12.0289 AM
[ReportManager] Successfully created attachment [Browser Action Test Data - closeCurrentWindow - Actual Value] @15-02-2021 06:03:12.0290 A
[ReportManager] File Action [getAbsolutePath] successfully performed. With the following test data [Relative Folder Path: "target/downloadedFiles/"]. @15-02-2021 06:03:12.0293 AM
[ReportManager] Attempting to run remotely on: [Linux-64], [GoogleChrome], [http://localhost:4444/wd/hub], Headless Execution. @15-02-2021 06:03:12.0294 AM
[ReportManager] Successfully Opened [GoogleChrome]. @15-02-2021 06:03:12.0519 AM
[ReportManager] Target URL: [https://www.google.com/ncr], and after redirection: [www.google.com] @15-02-2021 06:03:12.0530 AM
[ReportManager] Initial URL: [data:,] @15-02-2021 06:03:12.0580 AM
[ReportManager] Browser Action [navigateToURL] successfully performed. With the following test data [https://www.google.com/ncr]. @15-02-2021 06:03:13.0398 A

################################################################################################################################################
Starting Execution:	[103 out of 134] test cases in the current suite
Test Method:		[unitTests.tests_validations_assertions.assertElementAttribute_false_regexComparison_expectedToPass]
################################################################################################################################################
[ReportManager] Element Action [type] successfully performed. With the following test data [Automation123]. @15-02-2021 06:03:14.0013 AM
[ReportManager] Element Action [getText] successfully performed. With the following test data [Automation123]. @15-02-2021 06:03:14.0121 AM
[ReportManager] Loaded Shared OpenCV @15-02-2021 06:03:14.0237 AM
[ReportManager] AssertElementAttribute PASSED; Expected [Value Should not be 'Automation' for the 'text' attribute, element locator 'By.name: q'] and Actual [Automation123]. Comparison Type [MATCHES]. Validation Type [NEGATIVE]. @15-02-2021 06:03:14.0310 AM
[ReportManager] Successfully created attachment [Screenshot - 1613368994237_assertElementAttribute_false_regexComparison_expectedToPass_AssertElementAttribute_passed] @15-02-2021 06:03:14.0311 A
[ReportManager] Successfully created attachment [Selenium WebDriver Logs - server] @15-02-2021 06:03:14.0380 AM
[ReportManager] Successfully created attachment [Selenium WebDriver Logs - performance] @15-02-2021 06:03:14.0466 AM
[ReportManager] Successfully created attachment [Selenium WebDriver Logs - driver] @15-02-2021 06:03:14.0592 AM
[ReportManager] Browser Action [closeCurrentWindow] successfully performed. @15-02-2021 06:03:14.0648 AM
[ReportManager] Successfully created attachment [Browser Action Test Data - closeCurrentWindow - Actual Value] @15-02-2021 06:03:14.0648 A
[ReportManager] File Action [getAbsolutePath] successfully performed. With the following test data [Relative Folder Path: "target/downloadedFiles/"]. @15-02-2021 06:03:14.0651 AM
[ReportManager] Attempting to run remotely on: [Linux-64], [GoogleChrome], [http://localhost:4444/wd/hub], Headless Execution. @15-02-2021 06:03:14.0651 AM
[ReportManager] Successfully Opened [GoogleChrome]. @15-02-2021 06:03:14.0858 AM
[ReportManager] Target URL: [https://www.google.com/ncr], and after redirection: [www.google.com] @15-02-2021 06:03:14.0868 AM
[ReportManager] Initial URL: [data:,] @15-02-2021 06:03:14.0915 AM
[ReportManager] Browser Action [navigateToURL] successfully performed. With the following test data [https://www.google.com/ncr]. @15-02-2021 06:03:15.0741 A

################################################################################################################################################
Starting Execution:	[104 out of 134] test cases in the current suite
Test Method:		[unitTests.tests_validations_assertions.assertElementAttribute_true_caseInsensitiveComparison_expectedToFail]
################################################################################################################################################
[ReportManager] Element Action [type] successfully performed. With the following test data [AUTOMATION]. @15-02-2021 06:03:16.0306 AM
[ReportManager] Element Action [getText] successfully performed. With the following test data [AUTOMATION]. @15-02-2021 06:03:16.0419 AM
[ReportManager] Loaded Shared OpenCV @15-02-2021 06:03:16.0546 AM
[ReportManager] AssertElementAttribute FAILED; Expected [Value Should be 'AutomaTion123' for the 'text' attribute, element locator 'By.name: q'] and Actual [AUTOMATION]. Comparison Type [CASE_INSENSITIVE]. Validation Type [POSITIVE]. @15-02-2021 06:03:16.0629 AM
[ReportManager] Successfully created attachment [Screenshot - 1613368996546_assertElementAttribute_true_caseInsensitiveComparison_expectedToFail_AssertElementAttribute_failed] @15-02-2021 06:03:16.0632 A
[ReportManager] Successfully created attachment [Selenium WebDriver Logs - server] @15-02-2021 06:03:16.0709 AM
[ReportManager] Successfully created attachment [Selenium WebDriver Logs - performance] @15-02-2021 06:03:16.0782 AM
[ReportManager] Successfully created attachment [Selenium WebDriver Logs - driver] @15-02-2021 06:03:16.0899 AM
[ReportManager] Browser Action [closeCurrentWindow] successfully performed. @15-02-2021 06:03:16.0955 AM
[ReportManager] Successfully created attachment [Browser Action Test Data - closeCurrentWindow - Actual Value] @15-02-2021 06:03:16.0956 A
[ReportManager] File Action [getAbsolutePath] successfully performed. With the following test data [Relative Folder Path: "target/downloadedFiles/"]. @15-02-2021 06:03:16.0958 AM
[ReportManager] Attempting to run remotely on: [Linux-64], [GoogleChrome], [http://localhost:4444/wd/hub], Headless Execution. @15-02-2021 06:03:16.0958 AM
[ReportManager] Successfully Opened [GoogleChrome]. @15-02-2021 06:03:17.0174 AM
[ReportManager] Target URL: [https://www.google.com/ncr], and after redirection: [www.google.com] @15-02-2021 06:03:17.0184 AM
[ReportManager] Initial URL: [data:,] @15-02-2021 06:03:17.0223 AM
[ReportManager] Browser Action [navigateToURL] successfully performed. With the following test data [https://www.google.com/ncr]. @15-02-2021 06:03:18.0017 A

################################################################################################################################################
Starting Execution:	[105 out of 134] test cases in the current suite
Test Method:		[unitTests.tests_validations_assertions.assertElementAttribute_true_caseInsensitiveComparison_expectedToPass]
################################################################################################################################################
[ReportManager] Element Action [type] successfully performed. With the following test data [AUTOMATION]. @15-02-2021 06:03:18.0629 AM
[ReportManager] Element Action [getText] successfully performed. With the following test data [AUTOMATION]. @15-02-2021 06:03:18.0732 AM
[ReportManager] Loaded Shared OpenCV @15-02-2021 06:03:18.0863 AM
[ReportManager] AssertElementAttribute PASSED; Expected [Value Should be 'AutomaTion' for the 'text' attribute, element locator 'By.name: q'] and Actual [AUTOMATION]. Comparison Type [CASE_INSENSITIVE]. Validation Type [POSITIVE]. @15-02-2021 06:03:18.0939 AM
[ReportManager] Successfully created attachment [Screenshot - 1613368998863_assertElementAttribute_true_caseInsensitiveComparison_expectedToPass_AssertElementAttribute_passed] @15-02-2021 06:03:18.0940 A
[ReportManager] Successfully created attachment [Selenium WebDriver Logs - server] @15-02-2021 06:03:19.0011 AM
[ReportManager] Successfully created attachment [Selenium WebDriver Logs - performance] @15-02-2021 06:03:19.0104 AM
[ReportManager] Successfully created attachment [Selenium WebDriver Logs - driver] @15-02-2021 06:03:19.0242 AM
[ReportManager] Browser Action [closeCurrentWindow] successfully performed. @15-02-2021 06:03:19.0258 AM
[ReportManager] Successfully created attachment [Browser Action Test Data - closeCurrentWindow - Actual Value] @15-02-2021 06:03:19.0259 A
[ReportManager] File Action [getAbsolutePath] successfully performed. With the following test data [Relative Folder Path: "target/downloadedFiles/"]. @15-02-2021 06:03:19.0267 AM
[ReportManager] Attempting to run remotely on: [Linux-64], [GoogleChrome], [http://localhost:4444/wd/hub], Headless Execution. @15-02-2021 06:03:19.0267 AM
[ReportManager] Successfully Opened [GoogleChrome]. @15-02-2021 06:03:19.0478 AM
[ReportManager] Target URL: [https://www.google.com/ncr], and after redirection: [www.google.com] @15-02-2021 06:03:19.0488 AM
[ReportManager] Initial URL: [data:,] @15-02-2021 06:03:19.0526 AM
[ReportManager] Browser Action [navigateToURL] successfully performed. With the following test data [https://www.google.com/ncr]. @15-02-2021 06:03:20.0302 A

################################################################################################################################################
Starting Execution:	[106 out of 134] test cases in the current suite
Test Method:		[unitTests.tests_validations_assertions.assertElementAttribute_true_containsComparison_expectedToFail]
################################################################################################################################################
[ReportManager] Element Action [type] successfully performed. With the following test data [Automation123]. @15-02-2021 06:03:20.0922 AM
[ReportManager] Element Action [getText] successfully performed. With the following test data [Automation123]. @15-02-2021 06:03:21.0029 AM
[ReportManager] Loaded Shared OpenCV @15-02-2021 06:03:21.0154 AM
[ReportManager] AssertElementAttribute FAILED; Expected [Value Should be 'Automation1234' for the 'text' attribute, element locator 'By.name: q'] and Actual [Automation123]. Comparison Type [CONTAINS]. Validation Type [POSITIVE]. @15-02-2021 06:03:21.0226 AM
[ReportManager] Successfully created attachment [Screenshot - 1613369001154_assertElementAttribute_true_containsComparison_expectedToFail_AssertElementAttribute_failed] @15-02-2021 06:03:21.0227 A
[ReportManager] Successfully created attachment [Selenium WebDriver Logs - server] @15-02-2021 06:03:21.0306 AM
[ReportManager] Successfully created attachment [Selenium WebDriver Logs - performance] @15-02-2021 06:03:21.0396 AM
[ReportManager] Successfully created attachment [Selenium WebDriver Logs - driver] @15-02-2021 06:03:21.0521 AM
[ReportManager] Browser Action [closeCurrentWindow] successfully performed. @15-02-2021 06:03:21.0578 AM
[ReportManager] Successfully created attachment [Browser Action Test Data - closeCurrentWindow - Actual Value] @15-02-2021 06:03:21.0578 A
[ReportManager] File Action [getAbsolutePath] successfully performed. With the following test data [Relative Folder Path: "target/downloadedFiles/"]. @15-02-2021 06:03:21.0581 AM
[ReportManager] Attempting to run remotely on: [Linux-64], [GoogleChrome], [http://localhost:4444/wd/hub], Headless Execution. @15-02-2021 06:03:21.0581 AM
[ReportManager] Successfully Opened [GoogleChrome]. @15-02-2021 06:03:21.0797 AM
[ReportManager] Target URL: [https://www.google.com/ncr], and after redirection: [www.google.com] @15-02-2021 06:03:21.0806 AM
[ReportManager] Initial URL: [data:,] @15-02-2021 06:03:21.0851 AM
[ReportManager] Browser Action [navigateToURL] successfully performed. With the following test data [https://www.google.com/ncr]. @15-02-2021 06:03:22.0665 A

################################################################################################################################################
Starting Execution:	[107 out of 134] test cases in the current suite
Test Method:		[unitTests.tests_validations_assertions.assertElementAttribute_true_containsComparison_expectedToPass]
################################################################################################################################################
[ReportManager] Element Action [type] successfully performed. With the following test data [Automation123]. @15-02-2021 06:03:23.0255 AM
[ReportManager] Element Action [getText] successfully performed. With the following test data [Automation123]. @15-02-2021 06:03:23.0360 AM
[ReportManager] Loaded Shared OpenCV @15-02-2021 06:03:23.0490 AM
[ReportManager] AssertElementAttribute PASSED; Expected [Value Should be 'Automation' for the 'text' attribute, element locator 'By.name: q'] and Actual [Automation123]. Comparison Type [CONTAINS]. Validation Type [POSITIVE]. @15-02-2021 06:03:23.0562 AM
[ReportManager] Successfully created attachment [Screenshot - 1613369003490_assertElementAttribute_true_containsComparison_expectedToPass_AssertElementAttribute_passed] @15-02-2021 06:03:23.0562 A
[ReportManager] Successfully created attachment [Selenium WebDriver Logs - server] @15-02-2021 06:03:23.0640 AM
[ReportManager] Successfully created attachment [Selenium WebDriver Logs - performance] @15-02-2021 06:03:23.0724 AM
[ReportManager] Successfully created attachment [Selenium WebDriver Logs - driver] @15-02-2021 06:03:23.0851 AM
[ReportManager] Browser Action [closeCurrentWindow] successfully performed. @15-02-2021 06:03:23.0907 AM
[ReportManager] Successfully created attachment [Browser Action Test Data - closeCurrentWindow - Actual Value] @15-02-2021 06:03:23.0908 A
[ReportManager] File Action [getAbsolutePath] successfully performed. With the following test data [Relative Folder Path: "target/downloadedFiles/"]. @15-02-2021 06:03:23.0910 AM
[ReportManager] Attempting to run remotely on: [Linux-64], [GoogleChrome], [http://localhost:4444/wd/hub], Headless Execution. @15-02-2021 06:03:23.0910 AM
[ReportManager] Successfully Opened [GoogleChrome]. @15-02-2021 06:03:24.0134 AM
[ReportManager] Target URL: [https://www.google.com/ncr], and after redirection: [www.google.com] @15-02-2021 06:03:24.0148 AM
[ReportManager] Initial URL: [data:,] @15-02-2021 06:03:24.0185 AM
[ReportManager] Browser Action [navigateToURL] successfully performed. With the following test data [https://www.google.com/ncr]. @15-02-2021 06:03:24.0984 A

################################################################################################################################################
Starting Execution:	[108 out of 134] test cases in the current suite
Test Method:		[unitTests.tests_validations_assertions.assertElementAttribute_true_literalComparison_expectedToFail]
################################################################################################################################################
[ReportManager] Element Action [type] successfully performed. With the following test data [Automation!@#$%^&*()_+{}[]\';/.,]. @15-02-2021 06:03:26.0462 AM
[ReportManager] Element Action [getText] successfully performed. With the following test data [Automation!@#$%^&*()_+{}[]\';/.,]. @15-02-2021 06:03:26.0569 AM
[ReportManager] Loaded Shared OpenCV @15-02-2021 06:03:26.0698 AM
[ReportManager] AssertElementAttribute FAILED; Expected [Value Should be 'Automation' for the 'text' attribute, element locator 'By.name: q'] and Actual [Automation!@#$%^&*()_+{}[]\';/.,]. Comparison Type [EQUALS]. Validation Type [POSITIVE]. @15-02-2021 06:03:26.0780 AM
[ReportManager] Successfully created attachment [Screenshot - 1613369006698_assertElementAttribute_true_literalComparison_expectedToFail_AssertElementAttribute_failed] @15-02-2021 06:03:26.0781 A
[ReportManager] Successfully created attachment [Selenium WebDriver Logs - server] @15-02-2021 06:03:26.0860 AM
[ReportManager] Successfully created attachment [Selenium WebDriver Logs - performance] @15-02-2021 06:03:27.0020 AM
[ReportManager] Successfully created attachment [Selenium WebDriver Logs - driver] @15-02-2021 06:03:27.0207 AM
[ReportManager] Browser Action [closeCurrentWindow] successfully performed. @15-02-2021 06:03:27.0262 AM
[ReportManager] Successfully created attachment [Browser Action Test Data - closeCurrentWindow - Actual Value] @15-02-2021 06:03:27.0263 A
[ReportManager] File Action [getAbsolutePath] successfully performed. With the following test data [Relative Folder Path: "target/downloadedFiles/"]. @15-02-2021 06:03:27.0265 AM
[ReportManager] Attempting to run remotely on: [Linux-64], [GoogleChrome], [http://localhost:4444/wd/hub], Headless Execution. @15-02-2021 06:03:27.0266 AM
[ReportManager] Successfully Opened [GoogleChrome]. @15-02-2021 06:03:27.0542 AM
[ReportManager] Target URL: [https://www.google.com/ncr], and after redirection: [www.google.com] @15-02-2021 06:03:27.0571 AM
[ReportManager] Initial URL: [data:,] @15-02-2021 06:03:27.0622 AM
[ReportManager] Browser Action [navigateToURL] successfully performed. With the following test data [https://www.google.com/ncr]. @15-02-2021 06:03:28.0415 A

################################################################################################################################################
Starting Execution:	[109 out of 134] test cases in the current suite
Test Method:		[unitTests.tests_validations_assertions.assertElementAttribute_true_literalComparison_expectedToPass]
################################################################################################################################################
[ReportManager] Element Action [type] successfully performed. With the following test data [Automation!@#$%^&*()_+{}[]\';/.,]. @15-02-2021 06:03:29.0939 AM
[ReportManager] Element Action [getText] successfully performed. With the following test data [Automation!@#$%^&*()_+{}[]\';/.,]. @15-02-2021 06:03:30.0068 AM
[ReportManager] Loaded Shared OpenCV @15-02-2021 06:03:30.0215 AM
[ReportManager] AssertElementAttribute PASSED; Expected [Value Should be 'Automation!@#$%^&*()_+{}[]\';/.,' for the 'text' attribute, element locator 'By.name: q'] and Actual [Automation!@#$%^&*()_+{}[]\';/.,]. Comparison Type [EQUALS]. Validation Type [POSITIVE]. @15-02-2021 06:03:30.0308 AM
[ReportManager] Successfully created attachment [Screenshot - 1613369010215_assertElementAttribute_true_literalComparison_expectedToPass_AssertElementAttribute_passed] @15-02-2021 06:03:30.0309 A
[ReportManager] Successfully created attachment [Selenium WebDriver Logs - server] @15-02-2021 06:03:30.0421 AM
[ReportManager] Successfully created attachment [Selenium WebDriver Logs - performance] @15-02-2021 06:03:30.0599 AM
[ReportManager] Successfully created attachment [Selenium WebDriver Logs - driver] @15-02-2021 06:03:30.0788 AM
[ReportManager] Browser Action [closeCurrentWindow] successfully performed. @15-02-2021 06:03:30.0844 AM
[ReportManager] Successfully created attachment [Browser Action Test Data - closeCurrentWindow - Actual Value] @15-02-2021 06:03:30.0844 A
[ReportManager] File Action [getAbsolutePath] successfully performed. With the following test data [Relative Folder Path: "target/downloadedFiles/"]. @15-02-2021 06:03:30.0846 AM
[ReportManager] Attempting to run remotely on: [Linux-64], [GoogleChrome], [http://localhost:4444/wd/hub], Headless Execution. @15-02-2021 06:03:30.0846 AM
[ReportManager] Successfully Opened [GoogleChrome]. @15-02-2021 06:03:31.0050 AM
[ReportManager] Target URL: [https://www.google.com/ncr], and after redirection: [www.google.com] @15-02-2021 06:03:31.0061 AM
[ReportManager] Initial URL: [data:,] @15-02-2021 06:03:31.0110 AM
[ReportManager] Browser Action [navigateToURL] successfully performed. With the following test data [https://www.google.com/ncr]. @15-02-2021 06:03:31.0945 A

################################################################################################################################################
Starting Execution:	[110 out of 134] test cases in the current suite
Test Method:		[unitTests.tests_validations_assertions.assertElementAttribute_true_regexComparison_expectedToFail]
################################################################################################################################################
[ReportManager] Element Action [type] successfully performed. With the following test data [Automation123]. @15-02-2021 06:03:32.0574 AM
[ReportManager] Element Action [getText] successfully performed. With the following test data [Automation123]. @15-02-2021 06:03:32.0681 AM
[ReportManager] Loaded Shared OpenCV @15-02-2021 06:03:32.0804 AM
[ReportManager] AssertElementAttribute FAILED; Expected [Value Should be 'Automation' for the 'text' attribute, element locator 'By.name: q'] and Actual [Automation123]. Comparison Type [MATCHES]. Validation Type [POSITIVE]. @15-02-2021 06:03:32.0876 AM
[ReportManager] Successfully created attachment [Screenshot - 1613369012804_assertElementAttribute_true_regexComparison_expectedToFail_AssertElementAttribute_failed] @15-02-2021 06:03:32.0877 A
[ReportManager] Successfully created attachment [Selenium WebDriver Logs - server] @15-02-2021 06:03:32.0961 AM
[ReportManager] Successfully created attachment [Selenium WebDriver Logs - performance] @15-02-2021 06:03:33.0053 AM
[ReportManager] Successfully created attachment [Selenium WebDriver Logs - driver] @15-02-2021 06:03:33.0181 AM
[ReportManager] Browser Action [closeCurrentWindow] successfully performed. @15-02-2021 06:03:33.0237 AM
[ReportManager] Successfully created attachment [Browser Action Test Data - closeCurrentWindow - Actual Value] @15-02-2021 06:03:33.0238 A
[ReportManager] File Action [getAbsolutePath] successfully performed. With the following test data [Relative Folder Path: "target/downloadedFiles/"]. @15-02-2021 06:03:33.0243 AM
[ReportManager] Attempting to run remotely on: [Linux-64], [GoogleChrome], [http://localhost:4444/wd/hub], Headless Execution. @15-02-2021 06:03:33.0243 AM
[ReportManager] Successfully Opened [GoogleChrome]. @15-02-2021 06:03:33.0483 AM
[ReportManager] Target URL: [https://www.google.com/ncr], and after redirection: [www.google.com] @15-02-2021 06:03:33.0493 AM
[ReportManager] Initial URL: [data:,] @15-02-2021 06:03:33.0543 AM
[ReportManager] Browser Action [navigateToURL] successfully performed. With the following test data [https://www.google.com/ncr]. @15-02-2021 06:03:34.0395 A

################################################################################################################################################
Starting Execution:	[111 out of 134] test cases in the current suite
Test Method:		[unitTests.tests_validations_assertions.assertElementAttribute_true_regexComparison_expectedToPass]
################################################################################################################################################
[ReportManager] Element Action [type] successfully performed. With the following test data [Automation123]. @15-02-2021 06:03:35.0017 AM
[ReportManager] Element Action [getText] successfully performed. With the following test data [Automation123]. @15-02-2021 06:03:35.0167 AM
[ReportManager] Loaded Shared OpenCV @15-02-2021 06:03:35.0292 AM
[ReportManager] AssertElementAttribute PASSED; Expected [Value Should be 'Automation.*' for the 'text' attribute, element locator 'By.name: q'] and Actual [Automation123]. Comparison Type [MATCHES]. Validation Type [POSITIVE]. @15-02-2021 06:03:35.0367 AM
[ReportManager] Successfully created attachment [Screenshot - 1613369015292_assertElementAttribute_true_regexComparison_expectedToPass_AssertElementAttribute_passed] @15-02-2021 06:03:35.0368 A
[ReportManager] Successfully created attachment [Selenium WebDriver Logs - server] @15-02-2021 06:03:35.0479 AM
[ReportManager] Successfully created attachment [Selenium WebDriver Logs - performance] @15-02-2021 06:03:35.0565 AM
[ReportManager] Successfully created attachment [Selenium WebDriver Logs - driver] @15-02-2021 06:03:35.0694 AM
[ReportManager] Browser Action [closeCurrentWindow] successfully performed. @15-02-2021 06:03:35.0750 AM
[ReportManager] Successfully created attachment [Browser Action Test Data - closeCurrentWindow - Actual Value] @15-02-2021 06:03:35.0751 A
[ReportManager] File Action [getAbsolutePath] successfully performed. With the following test data [Relative Folder Path: "target/downloadedFiles/"]. @15-02-2021 06:03:35.0753 AM
[ReportManager] Attempting to run remotely on: [Linux-64], [GoogleChrome], [http://localhost:4444/wd/hub], Headless Execution. @15-02-2021 06:03:35.0753 AM
[ReportManager] Successfully Opened [GoogleChrome]. @15-02-2021 06:03:35.0971 AM
[ReportManager] Target URL: [https://www.google.com/ncr], and after redirection: [www.google.com] @15-02-2021 06:03:35.0981 AM
[ReportManager] Initial URL: [data:,] @15-02-2021 06:03:36.0031 AM
[ReportManager] Browser Action [navigateToURL] successfully performed. With the following test data [https://www.google.com/ncr]. @15-02-2021 06:03:36.0848 A

################################################################################################################################################
Starting Execution:	[112 out of 134] test cases in the current suite
Test Method:		[unitTests.tests_validations_assertions.assertElementExists_false_expectedToFail]
################################################################################################################################################
[ReportManager] AssertElementExists PASSED; Expected [Element Should not Exist, locator 'By.id: hplogo'] and Actual [Element Doesn't Exists]. Comparison Type [EQUALS]. Validation Type [NEGATIVE]. @15-02-2021 06:03:37.0068 AM
[ReportManager] Successfully created attachment [Screenshot - 1613369017003_assertElementExists_false_expectedToFail_AssertElementExists_passed] @15-02-2021 06:03:37.0068 A
[ReportManager] Successfully created attachment [Selenium WebDriver Logs - server] @15-02-2021 06:03:37.0159 AM
[ReportManager] Successfully created attachment [Selenium WebDriver Logs - performance] @15-02-2021 06:03:37.0210 AM
[ReportManager] Successfully created attachment [Selenium WebDriver Logs - driver] @15-02-2021 06:03:37.0290 AM
[ReportManager] Browser Action [closeCurrentWindow] successfully performed. @15-02-2021 06:03:37.0346 AM
[ReportManager] Successfully created attachment [Browser Action Test Data - closeCurrentWindow - Actual Value] @15-02-2021 06:03:37.0347 A
[ReportManager] File Action [getAbsolutePath] successfully performed. With the following test data [Relative Folder Path: "target/downloadedFiles/"]. @15-02-2021 06:03:37.0349 AM
[ReportManager] Attempting to run remotely on: [Linux-64], [GoogleChrome], [http://localhost:4444/wd/hub], Headless Execution. @15-02-2021 06:03:37.0349 AM
[ReportManager] Successfully Opened [GoogleChrome]. @15-02-2021 06:03:37.0558 AM
[ReportManager] Target URL: [https://www.google.com/ncr], and after redirection: [www.google.com] @15-02-2021 06:03:37.0576 AM
[ReportManager] Initial URL: [data:,] @15-02-2021 06:03:37.0624 AM
[ReportManager] Browser Action [navigateToURL] successfully performed. With the following test data [https://www.google.com/ncr]. @15-02-2021 06:03:38.0441 A

################################################################################################################################################
Starting Execution:	[113 out of 134] test cases in the current suite
Test Method:		[unitTests.tests_validations_assertions.assertElementExists_false_expectedToPass]
################################################################################################################################################
[ReportManager] AssertElementExists PASSED; Expected [Element Should not Exist, locator 'By.id: fakeElement'] and Actual [Element Doesn't Exists]. Comparison Type [EQUALS]. Validation Type [NEGATIVE]. @15-02-2021 06:03:38.0648 AM
[ReportManager] Successfully created attachment [Screenshot - 1613369018587_assertElementExists_false_expectedToPass_AssertElementExists_passed] @15-02-2021 06:03:38.0649 A
[ReportManager] Successfully created attachment [Selenium WebDriver Logs - server] @15-02-2021 06:03:38.0728 AM
[ReportManager] Successfully created attachment [Selenium WebDriver Logs - performance] @15-02-2021 06:03:38.0764 AM
[ReportManager] Successfully created attachment [Selenium WebDriver Logs - driver] @15-02-2021 06:03:38.0842 AM
[ReportManager] Browser Action [closeCurrentWindow] successfully performed. @15-02-2021 06:03:38.0898 AM
[ReportManager] Successfully created attachment [Browser Action Test Data - closeCurrentWindow - Actual Value] @15-02-2021 06:03:38.0898 A
[ReportManager] File Action [getAbsolutePath] successfully performed. With the following test data [Relative Folder Path: "target/downloadedFiles/"]. @15-02-2021 06:03:38.0905 AM
[ReportManager] Attempting to run remotely on: [Linux-64], [GoogleChrome], [http://localhost:4444/wd/hub], Headless Execution. @15-02-2021 06:03:38.0905 AM
[ReportManager] Successfully Opened [GoogleChrome]. @15-02-2021 06:03:39.0122 AM
[ReportManager] Target URL: [https://www.google.com/ncr], and after redirection: [www.google.com] @15-02-2021 06:03:39.0131 AM
[ReportManager] Initial URL: [data:,] @15-02-2021 06:03:39.0172 AM
[ReportManager] Browser Action [navigateToURL] successfully performed. With the following test data [https://www.google.com/ncr]. @15-02-2021 06:03:39.0999 A

################################################################################################################################################
Starting Execution:	[114 out of 134] test cases in the current suite
Test Method:		[unitTests.tests_validations_assertions.assertElementExists_false_multipleElementsFound_expectedToFail]
################################################################################################################################################
[ReportManager] AssertElementExists FAILED; Expected [Element Should not Exist, locator 'By.xpath: //div'] and Actual [Element Exists but is not unique]. Comparison Type [EQUALS]. Validation Type [NEGATIVE]. @15-02-2021 06:03:40.0214 AM
[ReportManager] Successfully created attachment [Screenshot - 1613369020155_assertElementExists_false_multipleElementsFound_expectedToFail_AssertElementExists_failed] @15-02-2021 06:03:40.0215 A
[ReportManager] Successfully created attachment [Selenium WebDriver Logs - server] @15-02-2021 06:03:40.0292 AM
[ReportManager] Successfully created attachment [Selenium WebDriver Logs - performance] @15-02-2021 06:03:40.0324 AM
[ReportManager] Successfully created attachment [Selenium WebDriver Logs - driver] @15-02-2021 06:03:40.0391 AM
[ReportManager] Browser Action [closeCurrentWindow] successfully performed. @15-02-2021 06:03:40.0447 AM
[ReportManager] Successfully created attachment [Browser Action Test Data - closeCurrentWindow - Actual Value] @15-02-2021 06:03:40.0447 A
[ReportManager] File Action [getAbsolutePath] successfully performed. With the following test data [Relative Folder Path: "target/downloadedFiles/"]. @15-02-2021 06:03:40.0449 AM
[ReportManager] Attempting to run remotely on: [Linux-64], [GoogleChrome], [http://localhost:4444/wd/hub], Headless Execution. @15-02-2021 06:03:40.0450 AM
[ReportManager] Successfully Opened [GoogleChrome]. @15-02-2021 06:03:40.0661 AM
[ReportManager] Target URL: [https://www.google.com/ncr], and after redirection: [www.google.com] @15-02-2021 06:03:40.0671 AM
[ReportManager] Initial URL: [data:,] @15-02-2021 06:03:40.0711 AM
[ReportManager] Browser Action [navigateToURL] successfully performed. With the following test data [https://www.google.com/ncr]. @15-02-2021 06:03:41.0543 A

################################################################################################################################################
Starting Execution:	[115 out of 134] test cases in the current suite
Test Method:		[unitTests.tests_validations_assertions.assertElementExists_true_expectedToFail]
################################################################################################################################################
[ReportManager] AssertElementExists FAILED; Expected [Element Should Exist, locator 'By.id: fakeElement'] and Actual [Element Doesn't Exists]. Comparison Type [EQUALS]. Validation Type [POSITIVE]. @15-02-2021 06:03:41.0753 AM
[ReportManager] Successfully created attachment [Screenshot - 1613369021692_assertElementExists_true_expectedToFail_AssertElementExists_failed] @15-02-2021 06:03:41.0753 A
[ReportManager] Successfully created attachment [Selenium WebDriver Logs - server] @15-02-2021 06:03:41.0830 AM
[ReportManager] Successfully created attachment [Selenium WebDriver Logs - performance] @15-02-2021 06:03:41.0863 AM
[ReportManager] Successfully created attachment [Selenium WebDriver Logs - driver] @15-02-2021 06:03:41.0935 AM
[ReportManager] Browser Action [closeCurrentWindow] successfully performed. @15-02-2021 06:03:41.0993 AM
[ReportManager] Successfully created attachment [Browser Action Test Data - closeCurrentWindow - Actual Value] @15-02-2021 06:03:41.0994 A
[ReportManager] File Action [getAbsolutePath] successfully performed. With the following test data [Relative Folder Path: "target/downloadedFiles/"]. @15-02-2021 06:03:41.0997 AM
[ReportManager] Attempting to run remotely on: [Linux-64], [GoogleChrome], [http://localhost:4444/wd/hub], Headless Execution. @15-02-2021 06:03:41.0997 AM
[ReportManager] Successfully Opened [GoogleChrome]. @15-02-2021 06:03:42.0235 AM
[ReportManager] Target URL: [https://www.google.com/ncr], and after redirection: [www.google.com] @15-02-2021 06:03:42.0245 AM
[ReportManager] Initial URL: [data:,] @15-02-2021 06:03:42.0290 AM
[ReportManager] Browser Action [navigateToURL] successfully performed. With the following test data [https://www.google.com/ncr]. @15-02-2021 06:03:43.0114 A

################################################################################################################################################
Starting Execution:	[116 out of 134] test cases in the current suite
Test Method:		[unitTests.tests_validations_assertions.assertElementExists_true_expectedToPass]
################################################################################################################################################
[ReportManager] AssertElementExists FAILED; Expected [Element Should Exist, locator 'By.id: hplogo'] and Actual [Element Doesn't Exists]. Comparison Type [EQUALS]. Validation Type [POSITIVE]. @15-02-2021 06:03:43.0311 AM
[ReportManager] Successfully created attachment [Screenshot - 1613369023251_assertElementExists_true_expectedToPass_AssertElementExists_failed] @15-02-2021 06:03:43.0312 A
[ReportManager] Successfully created attachment [Selenium WebDriver Logs - server] @15-02-2021 06:03:43.0387 AM
[ReportManager] Successfully created attachment [Selenium WebDriver Logs - performance] @15-02-2021 06:03:43.0420 AM
[ReportManager] Successfully created attachment [Selenium WebDriver Logs - driver] @15-02-2021 06:03:43.0489 AM
[ReportManager] Browser Action [closeCurrentWindow] successfully performed. @15-02-2021 06:03:43.0545 AM
[ReportManager] Successfully created attachment [Browser Action Test Data - closeCurrentWindow - Actual Value] @15-02-2021 06:03:43.0546 A
[ReportManager] File Action [getAbsolutePath] successfully performed. With the following test data [Relative Folder Path: "target/downloadedFiles/"]. @15-02-2021 06:03:43.0549 AM
[ReportManager] Attempting to run remotely on: [Linux-64], [GoogleChrome], [http://localhost:4444/wd/hub], Headless Execution. @15-02-2021 06:03:43.0549 AM
[ReportManager] Successfully Opened [GoogleChrome]. @15-02-2021 06:03:43.0767 AM
[ReportManager] Target URL: [https://www.google.com/ncr], and after redirection: [www.google.com] @15-02-2021 06:03:43.0777 AM
[ReportManager] Initial URL: [data:,] @15-02-2021 06:03:43.0827 AM
[ReportManager] Browser Action [navigateToURL] successfully performed. With the following test data [https://www.google.com/ncr]. @15-02-2021 06:03:44.0657 A

################################################################################################################################################
Starting Execution:	[117 out of 134] test cases in the current suite
Test Method:		[unitTests.tests_validations_assertions.assertElementExists_true_multipleElementsFound_expectedToFail]
################################################################################################################################################
[ReportManager] AssertElementExists FAILED; Expected [Element Should Exist, locator 'By.xpath: //div'] and Actual [Element Exists but is not unique]. Comparison Type [EQUALS]. Validation Type [POSITIVE]. @15-02-2021 06:03:44.0879 AM
[ReportManager] Successfully created attachment [Screenshot - 1613369024822_assertElementExists_true_multipleElementsFound_expectedToFail_AssertElementExists_failed] @15-02-2021 06:03:44.0880 A
[ReportManager] Successfully created attachment [Selenium WebDriver Logs - server] @15-02-2021 06:03:44.0955 AM
[ReportManager] Successfully created attachment [Selenium WebDriver Logs - performance] @15-02-2021 06:03:44.0999 AM
[ReportManager] Successfully created attachment [Selenium WebDriver Logs - driver] @15-02-2021 06:03:45.0076 AM
[ReportManager] Browser Action [closeCurrentWindow] successfully performed. @15-02-2021 06:03:45.0132 AM
[ReportManager] Successfully created attachment [Browser Action Test Data - closeCurrentWindow - Actual Value] @15-02-2021 06:03:45.0132 A

################################################################################################################################################
Starting Execution:	[118 out of 134] test cases in the current suite
Test Method:		[unitTests.tests_validations_assertions.assertEquals_false_expectedToFail]
################################################################################################################################################
[ReportManager] AssertEquals FAILED; Expected [1] and Actual [1]. Comparison Type [EQUALS]. Validation Type [NEGATIVE]. @15-02-2021 06:03:45.0171 A

################################################################################################################################################
Starting Execution:	[119 out of 134] test cases in the current suite
Test Method:		[unitTests.tests_validations_assertions.assertEquals_false_expectedToPass]
################################################################################################################################################
[ReportManager] AssertEquals PASSED; Expected [1] and Actual [2]. Comparison Type [EQUALS]. Validation Type [NEGATIVE]. @15-02-2021 06:03:45.0174 A

################################################################################################################################################
Starting Execution:	[120 out of 134] test cases in the current suite
Test Method:		[unitTests.tests_validations_assertions.assertEquals_longCharacters]
################################################################################################################################################
[ReportManager] VerifyEquals PASSED; Expected and Actual values are attached. Comparison Type [EQUALS]. Validation Type [POSITIVE]. @15-02-2021 06:03:45.0175 AM
[ReportManager] Successfully created attachment [Validation Test Data - Expected Value] @15-02-2021 06:03:45.0176 AM
[ReportManager] Successfully created attachment [Validation Test Data - Actual Value] @15-02-2021 06:03:45.0176 AM
[ReportManager] AssertEquals PASSED; Expected and Actual values are attached. Comparison Type [EQUALS]. Validation Type [POSITIVE]. @15-02-2021 06:03:45.0176 AM
[ReportManager] Successfully created attachment [Validation Test Data - Expected Value] @15-02-2021 06:03:45.0176 AM
[ReportManager] Successfully created attachment [Validation Test Data - Actual Value] @15-02-2021 06:03:45.0176 A

################################################################################################################################################
Starting Execution:	[121 out of 134] test cases in the current suite
Test Method:		[unitTests.tests_validations_assertions.assertEquals_longCharacters_Discreet]
################################################################################################################################################
[ReportManager] AssertEquals PASSED; Expected [1LH5pROcDBjjQk0t0mCr0lXuzQu9lcGj28kY8R1H81X67eVAQJgWQhILiRWVPUgZ6uCtK5cnBkF55Jr9vYngjGO1Iyf0Mktv6lruDlL9T8MAUPcUZJGHZtji6nIeadujDSNmWMj5d6C8zlFqw0CRqBU0hO5adIasHgBSNoLotAjce3NGXoDwAlp3rYreeV16VIyZXROQY] and Actual [1LH5pROcDBjjQk0t0mCr0lXuzQu9lcGj28kY8R1H81X67eVAQJgWQhILiRWVPUgZ6uCtK5cnBkF55Jr9vYngjGO1Iyf0Mktv6lruDlL9T8MAUPcUZJGHZtji6nIeadujDSNmWMj5d6C8zlFqw0CRqBU0hO5adIasHgBSNoLotAjce3NGXoDwAlp3rYreeV16VIyZXROQY]. Comparison Type [EQUALS]. Validation Type [POSITIVE]. @15-02-2021 06:03:45.0178 A

################################################################################################################################################
Starting Execution:	[122 out of 134] test cases in the current suite
Test Method:		[unitTests.tests_validations_assertions.assertEquals_true_expectedToFail]
################################################################################################################################################
[ReportManager] AssertEquals FAILED; Expected [1] and Actual [2]. Comparison Type [EQUALS]. Validation Type [POSITIVE]. @15-02-2021 06:03:45.0180 A

################################################################################################################################################
Starting Execution:	[123 out of 134] test cases in the current suite
Test Method:		[unitTests.tests_validations_assertions.assertEquals_true_expectedToPass]
Test Description:	[Assert that assertEquals works as expected when the two values are equal.]
################################################################################################################################################
[ReportManager] VerifyEquals PASSED; Expected [1] and Actual [1]. Comparison Type [EQUALS]. Validation Type [POSITIVE]. @15-02-2021 06:03:45.0182 AM
[ReportManager] AssertEquals PASSED; Expected [1] and Actual [1]. Comparison Type [EQUALS]. Validation Type [POSITIVE]. @15-02-2021 06:03:45.0182 A

################################################################################################################################################
Starting Execution:	[124 out of 134] test cases in the current suite
Test Method:		[unitTests.tests_validations_assertions.assertEquals_true_expectedToPass__]
################################################################################################################################################
[ReportManager] AssertEquals PASSED; Expected [1] and Actual [1]. Comparison Type [EQUALS]. Validation Type [POSITIVE]. @15-02-2021 06:03:45.0184 A

################################################################################################################################################
Starting Execution:	[125 out of 134] test cases in the current suite
Test Method:		[unitTests.tests_validations_assertions.assertFileExists_false_expectedToFail]
################################################################################################################################################
[ReportManager] File Action [doesFileExist] successfully performed. With the following test data [File Path: "src/main/java/com/shaft/gui/element/ElementActions.java"]. @15-02-2021 06:03:45.0194 AM
[ReportManager] AssertFileExists FAILED; Expected [File 'src/main/java/com/shaft/gui/element/ElementActions.java' should not exist, after up to '1' retries] and Actual [File exists]. Validation Type [NEGATIVE]. @15-02-2021 06:03:45.0195 A

################################################################################################################################################
Starting Execution:	[126 out of 134] test cases in the current suite
Test Method:		[unitTests.tests_validations_assertions.assertFileExists_false_expectedToPass]
################################################################################################################################################
[ReportManager] File Action [doesFileExist] successfully performed. With the following test data [File Path: "src/main/java/com/shaft/gui/element/ElementActions.java_fail"]. @15-02-2021 06:03:45.0699 AM
[ReportManager] AssertFileExists PASSED; Expected [File 'src/main/java/com/shaft/gui/element/ElementActions.java_fail' should not exist, after up to '1' retries] and Actual [File does not exist]. Validation Type [NEGATIVE]. @15-02-2021 06:03:45.0699 A

################################################################################################################################################
Starting Execution:	[127 out of 134] test cases in the current suite
Test Method:		[unitTests.tests_validations_assertions.assertFileExists_true_expectedToFail]
################################################################################################################################################
[ReportManager] File Action [doesFileExist] successfully performed. With the following test data [File Path: "src/main/java/com/shaft/gui/element/ElementActions.java_fail"]. @15-02-2021 06:03:46.0203 AM
[ReportManager] AssertFileExists FAILED; Expected [File 'src/main/java/com/shaft/gui/element/ElementActions.java_fail' should exist, after up to '1' retries] and Actual [File does not exist]. Validation Type [POSITIVE]. @15-02-2021 06:03:46.0204 A

################################################################################################################################################
Starting Execution:	[128 out of 134] test cases in the current suite
Test Method:		[unitTests.tests_validations_assertions.assertFileExists_true_expectedToPass]
################################################################################################################################################
[ReportManager] File Action [doesFileExist] successfully performed. With the following test data [File Path: "src/main/java/com/shaft/gui/element/ElementActions.java"]. @15-02-2021 06:03:46.0214 AM
[ReportManager] AssertFileExists PASSED; Expected [File 'src/main/java/com/shaft/gui/element/ElementActions.java' should exist, after up to '1' retries] and Actual [File exists]. Validation Type [POSITIVE]. @15-02-2021 06:03:46.0214 A

################################################################################################################################################
Starting Execution:	[129 out of 134] test cases in the current suite
Test Method:		[unitTests.tests_validations_assertions.assertNull_false_expectedToFail]
################################################################################################################################################
[ReportManager] AssertNull FAILED; Expected [NULL] and Actual [NULL]. Comparison Type [EQUALS]. Validation Type [NEGATIVE]. @15-02-2021 06:03:46.0216 A

################################################################################################################################################
Starting Execution:	[130 out of 134] test cases in the current suite
Test Method:		[unitTests.tests_validations_assertions.assertNull_false_expectedToPass]
################################################################################################################################################
[ReportManager] AssertNull PASSED; Expected [NULL] and Actual [1]. Comparison Type [EQUALS]. Validation Type [NEGATIVE]. @15-02-2021 06:03:46.0217 A

################################################################################################################################################
Starting Execution:	[131 out of 134] test cases in the current suite
Test Method:		[unitTests.tests_validations_assertions.assertNull_true_expectedToFail]
################################################################################################################################################
[ReportManager] AssertNull FAILED; Expected [NULL] and Actual [1]. Comparison Type [EQUALS]. Validation Type [POSITIVE]. @15-02-2021 06:03:46.0219 A

################################################################################################################################################
Starting Execution:	[132 out of 134] test cases in the current suite
Test Method:		[unitTests.tests_validations_assertions.assertNull_true_expectedToPass]
################################################################################################################################################
[ReportManager] AssertNull PASSED; Expected [NULL] and Actual [NULL]. Comparison Type [EQUALS]. Validation Type [POSITIVE]. @15-02-2021 06:03:46.0221 A

################################################################################################################################################
Starting Execution:	[133 out of 134] test cases in the current suite
Test Method:		[unitTests.tests_restActions.getPostsAndAssertBodyForSpecificTitle]
################################################################################################################################################
[ReportManager] Response status code: [200], status line: [HTTP/1.1 200 OK] @15-02-2021 06:03:47.0521 AM
[ReportManager] Evaluating the actual response status code against the expected one...... @15-02-2021 06:03:47.0521 AM
[ReportManager] AssertEquals PASSED; Expected [200] and Actual [200]. Comparison Type [EQUALS]. Validation Type [POSITIVE]. @15-02-2021 06:03:47.0521 AM
[ReportManager] API Action [performRequest] successfully performed. With the following test data [Request Type: "GET" | Target Status Code: "200" | Service URL: "https://jsonplaceholder.typicode.com/posts" | Content Type: "*/*" | Response Time: "784ms"]. @15-02-2021 06:03:47.0721 AM
[ReportManager] Successfully created attachment [API Response - JSON Body] @15-02-2021 06:03:47.0723 AM
[ReportManager] API Action [getResponseJSONValueAsList] successfully performed. @15-02-2021 06:03:47.0749 AM
[ReportManager] API Action [getResponseJSONValue] successfully performed. With the following test data [title]. @15-02-2021 06:03:47.0768 AM
[ReportManager] API Action [getResponseJSONValue] successfully performed. With the following test data [title]. @15-02-2021 06:03:47.0784 AM
[ReportManager] API Action [getResponseJSONValue] successfully performed. With the following test data [body]. @15-02-2021 06:03:47.0797 AM
[ReportManager] AssertEquals PASSED; Expected [qui neque nisi nulla] and Actual [est rerum tempore vitae
sequi sint nihil reprehenderit dolor beatae ea dolores neque
fugiat blanditiis voluptate porro vel nihil molestiae ut reiciendis
qui aperiam non debitis possimus qui neque nisi nulla]. Comparison Type [CONTAINS]. Validation Type [POSITIVE]. @15-02-2021 06:03:47.0797 AM
[ReportManager] API Action [getResponseJSONValue] successfully performed. With the following test data [title]. @15-02-2021 06:03:47.0817 AM
[ReportManager] API Action [getResponseJSONValue] successfully performed. With the following test data [title]. @15-02-2021 06:03:47.0827 AM
[ReportManager] API Action [getResponseJSONValue] successfully performed. With the following test data [title]. @15-02-2021 06:03:47.0836 AM
[ReportManager] API Action [getResponseJSONValue] successfully performed. With the following test data [title]. @15-02-2021 06:03:47.0848 AM
[ReportManager] API Action [getResponseJSONValue] successfully performed. With the following test data [title]. @15-02-2021 06:03:47.0862 AM
[ReportManager] API Action [getResponseJSONValue] successfully performed. With the following test data [title]. @15-02-2021 06:03:47.0874 AM
[ReportManager] API Action [getResponseJSONValue] successfully performed. With the following test data [title]. @15-02-2021 06:03:47.0884 AM
[ReportManager] API Action [getResponseJSONValue] successfully performed. With the following test data [title]. @15-02-2021 06:03:47.0893 AM
[ReportManager] API Action [getResponseJSONValue] successfully performed. With the following test data [title]. @15-02-2021 06:03:47.0902 AM
[ReportManager] API Action [getResponseJSONValue] successfully performed. With the following test data [title]. @15-02-2021 06:03:47.0911 AM
[ReportManager] API Action [getResponseJSONValue] successfully performed. With the following test data [title]. @15-02-2021 06:03:47.0921 AM
[ReportManager] API Action [getResponseJSONValue] successfully performed. With the following test data [title]. @15-02-2021 06:03:47.0934 AM
[ReportManager] API Action [getResponseJSONValue] successfully performed. With the following test data [title]. @15-02-2021 06:03:47.0949 AM
[ReportManager] API Action [getResponseJSONValue] successfully performed. With the following test data [title]. @15-02-2021 06:03:47.0965 AM
[ReportManager] API Action [getResponseJSONValue] successfully performed. With the following test data [title]. @15-02-2021 06:03:47.0983 AM
[ReportManager] API Action [getResponseJSONValue] successfully performed. With the following test data [title]. @15-02-2021 06:03:47.0997 AM
[ReportManager] API Action [getResponseJSONValue] successfully performed. With the following test data [title]. @15-02-2021 06:03:48.0018 AM
[ReportManager] API Action [getResponseJSONValue] successfully performed. With the following test data [title]. @15-02-2021 06:03:48.0032 AM
[ReportManager] API Action [getResponseJSONValue] successfully performed. With the following test data [title]. @15-02-2021 06:03:48.0051 AM
[ReportManager] API Action [getResponseJSONValue] successfully performed. With the following test data [title]. @15-02-2021 06:03:48.0065 AM
[ReportManager] API Action [getResponseJSONValue] successfully performed. With the following test data [title]. @15-02-2021 06:03:48.0084 AM
[ReportManager] API Action [getResponseJSONValue] successfully performed. With the following test data [title]. @15-02-2021 06:03:48.0101 AM
[ReportManager] API Action [getResponseJSONValue] successfully performed. With the following test data [title]. @15-02-2021 06:03:48.0111 AM
[ReportManager] API Action [getResponseJSONValue] successfully performed. With the following test data [title]. @15-02-2021 06:03:48.0123 AM
[ReportManager] API Action [getResponseJSONValue] successfully performed. With the following test data [title]. @15-02-2021 06:03:48.0134 AM
[ReportManager] API Action [getResponseJSONValue] successfully performed. With the following test data [title]. @15-02-2021 06:03:48.0142 AM
[ReportManager] API Action [getResponseJSONValue] successfully performed. With the following test data [title]. @15-02-2021 06:03:48.0160 AM
[ReportManager] API Action [getResponseJSONValue] successfully performed. With the following test data [title]. @15-02-2021 06:03:48.0169 AM
[ReportManager] API Action [getResponseJSONValue] successfully performed. With the following test data [title]. @15-02-2021 06:03:48.0179 AM
[ReportManager] API Action [getResponseJSONValue] successfully performed. With the following test data [title]. @15-02-2021 06:03:48.0190 AM
[ReportManager] API Action [getResponseJSONValue] successfully performed. With the following test data [title]. @15-02-2021 06:03:48.0199 AM
[ReportManager] API Action [getResponseJSONValue] successfully performed. With the following test data [title]. @15-02-2021 06:03:48.0216 AM
[ReportManager] API Action [getResponseJSONValue] successfully performed. With the following test data [title]. @15-02-2021 06:03:48.0227 AM
[ReportManager] API Action [getResponseJSONValue] successfully performed. With the following test data [title]. @15-02-2021 06:03:48.0239 AM
[ReportManager] API Action [getResponseJSONValue] successfully performed. With the following test data [title]. @15-02-2021 06:03:48.0251 AM
[ReportManager] API Action [getResponseJSONValue] successfully performed. With the following test data [title]. @15-02-2021 06:03:48.0260 AM
[ReportManager] API Action [getResponseJSONValue] successfully performed. With the following test data [title]. @15-02-2021 06:03:48.0271 AM
[ReportManager] API Action [getResponseJSONValue] successfully performed. With the following test data [title]. @15-02-2021 06:03:48.0295 AM
[ReportManager] API Action [getResponseJSONValue] successfully performed. With the following test data [title]. @15-02-2021 06:03:48.0304 AM
[ReportManager] API Action [getResponseJSONValue] successfully performed. With the following test data [title]. @15-02-2021 06:03:48.0314 AM
[ReportManager] API Action [getResponseJSONValue] successfully performed. With the following test data [title]. @15-02-2021 06:03:48.0324 AM
[ReportManager] API Action [getResponseJSONValue] successfully performed. With the following test data [title]. @15-02-2021 06:03:48.0334 AM
[ReportManager] API Action [getResponseJSONValue] successfully performed. With the following test data [title]. @15-02-2021 06:03:48.0349 AM
[ReportManager] API Action [getResponseJSONValue] successfully performed. With the following test data [title]. @15-02-2021 06:03:48.0358 AM
[ReportManager] API Action [getResponseJSONValue] successfully performed. With the following test data [title]. @15-02-2021 06:03:48.0372 AM
[ReportManager] API Action [getResponseJSONValue] successfully performed. With the following test data [title]. @15-02-2021 06:03:48.0384 AM
[ReportManager] API Action [getResponseJSONValue] successfully performed. With the following test data [title]. @15-02-2021 06:03:48.0404 AM
[ReportManager] API Action [getResponseJSONValue] successfully performed. With the following test data [title]. @15-02-2021 06:03:48.0418 AM
[ReportManager] API Action [getResponseJSONValue] successfully performed. With the following test data [title]. @15-02-2021 06:03:48.0432 AM
[ReportManager] API Action [getResponseJSONValue] successfully performed. With the following test data [title]. @15-02-2021 06:03:48.0441 AM
[ReportManager] API Action [getResponseJSONValue] successfully performed. With the following test data [title]. @15-02-2021 06:03:48.0450 AM
[ReportManager] API Action [getResponseJSONValue] successfully performed. With the following test data [title]. @15-02-2021 06:03:48.0463 AM
[ReportManager] API Action [getResponseJSONValue] successfully performed. With the following test data [title]. @15-02-2021 06:03:48.0473 AM
[ReportManager] API Action [getResponseJSONValue] successfully performed. With the following test data [title]. @15-02-2021 06:03:48.0492 AM
[ReportManager] API Action [getResponseJSONValue] successfully performed. With the following test data [title]. @15-02-2021 06:03:48.0500 AM
[ReportManager] API Action [getResponseJSONValue] successfully performed. With the following test data [title]. @15-02-2021 06:03:48.0507 AM
[ReportManager] API Action [getResponseJSONValue] successfully performed. With the following test data [title]. @15-02-2021 06:03:48.0515 AM
[ReportManager] API Action [getResponseJSONValue] successfully performed. With the following test data [title]. @15-02-2021 06:03:48.0522 AM
[ReportManager] API Action [getResponseJSONValue] successfully performed. With the following test data [title]. @15-02-2021 06:03:48.0550 AM
[ReportManager] API Action [getResponseJSONValue] successfully performed. With the following test data [title]. @15-02-2021 06:03:48.0563 AM
[ReportManager] API Action [getResponseJSONValue] successfully performed. With the following test data [title]. @15-02-2021 06:03:48.0573 AM
[ReportManager] API Action [getResponseJSONValue] successfully performed. With the following test data [title]. @15-02-2021 06:03:48.0590 AM
[ReportManager] API Action [getResponseJSONValue] successfully performed. With the following test data [title]. @15-02-2021 06:03:48.0598 AM
[ReportManager] API Action [getResponseJSONValue] successfully performed. With the following test data [title]. @15-02-2021 06:03:48.0608 AM
[ReportManager] API Action [getResponseJSONValue] successfully performed. With the following test data [title]. @15-02-2021 06:03:48.0618 AM
[ReportManager] API Action [getResponseJSONValue] successfully performed. With the following test data [title]. @15-02-2021 06:03:48.0628 AM
[ReportManager] API Action [getResponseJSONValue] successfully performed. With the following test data [title]. @15-02-2021 06:03:48.0636 AM
[ReportManager] API Action [getResponseJSONValue] successfully performed. With the following test data [title]. @15-02-2021 06:03:48.0644 AM
[ReportManager] API Action [getResponseJSONValue] successfully performed. With the following test data [title]. @15-02-2021 06:03:48.0652 AM
[ReportManager] API Action [getResponseJSONValue] successfully performed. With the following test data [title]. @15-02-2021 06:03:48.0661 AM
[ReportManager] API Action [getResponseJSONValue] successfully performed. With the following test data [title]. @15-02-2021 06:03:48.0670 AM
[ReportManager] API Action [getResponseJSONValue] successfully performed. With the following test data [title]. @15-02-2021 06:03:48.0687 AM
[ReportManager] API Action [getResponseJSONValue] successfully performed. With the following test data [title]. @15-02-2021 06:03:48.0698 AM
[ReportManager] API Action [getResponseJSONValue] successfully performed. With the following test data [title]. @15-02-2021 06:03:48.0706 AM
[ReportManager] API Action [getResponseJSONValue] successfully performed. With the following test data [title]. @15-02-2021 06:03:48.0716 AM
[ReportManager] API Action [getResponseJSONValue] successfully performed. With the following test data [title]. @15-02-2021 06:03:48.0726 AM
[ReportManager] API Action [getResponseJSONValue] successfully performed. With the following test data [title]. @15-02-2021 06:03:48.0747 AM
[ReportManager] API Action [getResponseJSONValue] successfully performed. With the following test data [title]. @15-02-2021 06:03:48.0761 AM
[ReportManager] API Action [getResponseJSONValue] successfully performed. With the following test data [title]. @15-02-2021 06:03:48.0772 AM
[ReportManager] API Action [getResponseJSONValue] successfully performed. With the following test data [title]. @15-02-2021 06:03:48.0787 AM
[ReportManager] API Action [getResponseJSONValue] successfully performed. With the following test data [title]. @15-02-2021 06:03:48.0802 AM
[ReportManager] API Action [getResponseJSONValue] successfully performed. With the following test data [title]. @15-02-2021 06:03:48.0812 AM
[ReportManager] API Action [getResponseJSONValue] successfully performed. With the following test data [title]. @15-02-2021 06:03:48.0820 AM
[ReportManager] API Action [getResponseJSONValue] successfully performed. With the following test data [title]. @15-02-2021 06:03:48.0830 AM
[ReportManager] API Action [getResponseJSONValue] successfully performed. With the following test data [title]. @15-02-2021 06:03:48.0838 AM
[ReportManager] API Action [getResponseJSONValue] successfully performed. With the following test data [title]. @15-02-2021 06:03:48.0850 AM
[ReportManager] API Action [getResponseJSONValue] successfully performed. With the following test data [title]. @15-02-2021 06:03:48.0858 AM
[ReportManager] API Action [getResponseJSONValue] successfully performed. With the following test data [title]. @15-02-2021 06:03:48.0870 AM
[ReportManager] API Action [getResponseJSONValue] successfully performed. With the following test data [title]. @15-02-2021 06:03:48.0882 AM
[ReportManager] API Action [getResponseJSONValue] successfully performed. With the following test data [title]. @15-02-2021 06:03:48.0890 AM
[ReportManager] API Action [getResponseJSONValue] successfully performed. With the following test data [title]. @15-02-2021 06:03:48.0904 AM
[ReportManager] API Action [getResponseJSONValue] successfully performed. With the following test data [title]. @15-02-2021 06:03:48.0913 AM
[ReportManager] API Action [getResponseJSONValue] successfully performed. With the following test data [title]. @15-02-2021 06:03:48.0919 AM
[ReportManager] API Action [getResponseJSONValue] successfully performed. With the following test data [title]. @15-02-2021 06:03:48.0927 AM
[ReportManager] API Action [getResponseJSONValue] successfully performed. With the following test data [title]. @15-02-2021 06:03:48.0936 AM
[ReportManager] API Action [getResponseJSONValue] successfully performed. With the following test data [title]. @15-02-2021 06:03:48.0949 AM
[ReportManager] API Action [getResponseJSONValue] successfully performed. With the following test data [title]. @15-02-2021 06:03:48.0958 AM
[ReportManager] API Action [getResponseJSONValue] successfully performed. With the following test data [title]. @15-02-2021 06:03:48.0973 A

################################################################################################################################################
Starting Execution:	[134 out of 134] test cases in the current suite
Test Method:		[unitTests.tests_restActions.validateUserEmail]
################################################################################################################################################
[ReportManager] Response status code: [200], status line: [HTTP/1.1 200 OK] @15-02-2021 06:03:49.0081 AM
[ReportManager] Evaluating the actual response status code against the expected one...... @15-02-2021 06:03:49.0081 AM
[ReportManager] AssertEquals PASSED; Expected [200] and Actual [200]. Comparison Type [EQUALS]. Validation Type [POSITIVE]. @15-02-2021 06:03:49.0081 AM
[ReportManager] API Action [performRequest] successfully performed. With the following test data [Request Type: "GET" | Target Status Code: "200" | Service URL: "https://jsonplaceholder.typicode.com/users" | Content Type: "*/*" | Response Time: "83ms"]. @15-02-2021 06:03:49.0099 AM
[ReportManager] Successfully created attachment [API Response - JSON Body] @15-02-2021 06:03:49.0100 AM
[ReportManager] AssertEquals PASSED; Expected and Actual values are attached. Comparison Type [CONTAINS]. Validation Type [POSITIVE]. @15-02-2021 06:03:49.0101 AM
[ReportManager] Successfully created attachment [Validation Test Data - Expected Value] @15-02-2021 06:03:49.0101 AM
[ReportManager] Successfully created attachment [Validation Test Data - Actual Value] @15-02-2021 06:03:49.0101 AM
[ReportManager] API Action [getResponseJSONValueAsList] successfully performed. With the following test data [$]. @15-02-2021 06:03:49.0105 AM
[ReportManager] API Action [getResponseJSONValue] successfully performed. With the following test data [name]. @15-02-2021 06:03:49.0114 AM
[ReportManager] API Action [getResponseJSONValue] successfully performed. With the following test data [email]. @15-02-2021 06:03:49.0122 AM
[ReportManager] AssertEquals PASSED; Expected [Sincere@april.biz] and Actual [Sincere@april.biz]. Comparison Type [EQUALS]. Validation Type [POSITIVE]. @15-02-2021 06:03:49.0123 AM
[ReportManager] API Action [getResponseJSONValue] successfully performed. With the following test data [name]. @15-02-2021 06:03:49.0132 AM
[ReportManager] API Action [getResponseJSONValue] successfully performed. With the following test data [name]. @15-02-2021 06:03:49.0182 AM
[ReportManager] API Action [getResponseJSONValue] successfully performed. With the following test data [name]. @15-02-2021 06:03:49.0192 AM
[ReportManager] API Action [getResponseJSONValue] successfully performed. With the following test data [name]. @15-02-2021 06:03:49.0200 AM
[ReportManager] API Action [getResponseJSONValue] successfully performed. With the following test data [name]. @15-02-2021 06:03:49.0207 AM
[ReportManager] API Action [getResponseJSONValue] successfully performed. With the following test data [name]. @15-02-2021 06:03:49.0214 AM
[ReportManager] API Action [getResponseJSONValue] successfully performed. With the following test data [name]. @15-02-2021 06:03:49.0221 AM
[ReportManager] API Action [getResponseJSONValue] successfully performed. With the following test data [name]. @15-02-2021 06:03:49.0229 AM
[ReportManager] API Action [getResponseJSONValue] successfully performed. With the following test data [name]. @15-02-2021 06:03:49.0236 A

################################################################################################################################################
Test Closure Activities
################################################################################################################################################
[ReportManager] Successfully created attachment [SHAFT Engine Logs - Execution log] @15-02-2021 06:03:49.0271 AM

################################################################################################################################################
This test run was powered by SHAFT Engine Version: [SHAFT Engine v5.1]
SHAFT Engine is licensed under the MIT License: [https://github.com/MohabMohie/SHAFT_ENGINE/blob/master/LICENSE].
################################################################################################################################################