################################################################################################################################################
Detected SHAFT Engine Version: [SHAFT Engine v5.1]
################################################################################################################################################
[ReportManager] Successfully loaded the following test data file [src/test/resources/TestDataFiles/testSuite01/TestData.xlsx]. @14-02-2021 09:58:11.0408 AM
[ReportManager] Successfully created attachment [Test Data - Excel] @14-02-2021 09:58:11.0411 AM
[ReportManager] File Action [getAbsolutePath] successfully performed. With the following test data [Relative Folder Path: "target/downloadedFiles/"]. @14-02-2021 09:58:11.0417 AM
[ReportManager] Attempting to run remotely on: [Linux-64], [GoogleChrome], [http://localhost:4444/wd/hub], Headless Execution. @14-02-2021 09:58:11.0444 AM
[ReportManager] Successfully Opened [GoogleChrome]. @14-02-2021 09:58:13.0110 A

################################################################################################################################################
Starting Execution:	[1 out of 134] test cases in the current suite
Test Method:		[testPackage01.Test_google.navigateToURLandVerifyGoogleLogoIsDisplayed]
Test Description:	[TC001 - Navigate to URL and Verify Google Logo is Displayed]
################################################################################################################################################
[ReportManager] Target URL: [https://www.google.com/ncr], and after redirection: [https://www.google.com] @14-02-2021 09:58:13.0293 AM
[ReportManager] Initial URL: [data:,] @14-02-2021 09:58:13.0427 AM
[ReportManager] Browser Action [navigateToURL] successfully performed. With the following test data [https://www.google.com/ncr]. @14-02-2021 09:58:14.0664 AM
[ReportManager] Loaded Shared OpenCV @14-02-2021 09:58:15.0538 AM
[ReportManager] AssertElementExists PASSED; Expected [Element Should Exist, locator 'By.xpath: //img[@id='hplogo' or @alt='Google']'] and Actual [Element Exists]. Comparison Type [EQUALS]. Validation Type [POSITIVE]. @14-02-2021 09:58:15.0966 AM
[ReportManager] Successfully created attachment [Screenshot - 1613296694996_navigateToURLandVerifyGoogleLogoIsDisplayed_AssertElementExists_passed] @14-02-2021 09:58:15.0992 A

################################################################################################################################################
Starting Execution:	[2 out of 134] test cases in the current suite
Test Method:		[testPackage01.Test_google.searchForQueryandAssertResultsNumDisplayed]
Test Description:	[TC002 - Search for Query and Assert that the number of results is displayed]
################################################################################################################################################
[ReportManager] Element Action [type] successfully performed. With the following test data [SHAFT_Engine]. @14-02-2021 09:58:16.0972 AM
[ReportManager] Element Action [keyPress] successfully performed. With the following test data [Enter]. @14-02-2021 09:58:18.0355 AM
[ReportManager] Element Action [getText] successfully performed. With the following test data [About 691,000 results (0.77 seconds) ]. @14-02-2021 09:58:18.0507 AM
[ReportManager] Loaded Shared OpenCV @14-02-2021 09:58:18.0751 AM
[ReportManager] AssertElementAttribute PASSED; Expected [Value Should not be '' for the 'Text' attribute, element locator 'By.id: appbar'] and Actual [About 691,000 results (0.77 seconds) ]. Comparison Type [EQUALS]. Validation Type [NEGATIVE]. @14-02-2021 09:58:18.0906 AM
[ReportManager] Successfully created attachment [Screenshot - 1613296698750_searchForQueryandAssertResultsNumDisplayed_AssertElementAttribute_passed] @14-02-2021 09:58:18.0909 A

################################################################################################################################################
Starting Execution:	[3 out of 134] test cases in the current suite
Test Method:		[testPackage01.Test_google.clickNextThrice]
Test Description:	[TC003 - Clicks the next button to make sure that the framework can scroll element into view before clicking it]
################################################################################################################################################
[ReportManager] Element Action [click] successfully performed. With the following test data [Next]. @14-02-2021 09:58:20.0207 A
[ReportManager] Successfully created attachment [Selenium WebDriver Logs - server] @14-02-2021 09:58:20.0491 AM
[ReportManager] Successfully created attachment [Selenium WebDriver Logs - performance] @14-02-2021 09:58:20.0919 AM
[ReportManager] Successfully created attachment [Selenium WebDriver Logs - driver] @14-02-2021 09:58:21.0377 AM
[ReportManager] Browser Action [closeCurrentWindow] successfully performed. @14-02-2021 09:58:21.0443 AM
[ReportManager] Successfully created attachment [Browser Action Test Data - closeCurrentWindow - Actual Value] @14-02-2021 09:58:21.0446 A
[ReportManager] File Action [getAbsolutePath] successfully performed. With the following test data [Relative Folder Path: "target/downloadedFiles/"]. @14-02-2021 09:58:21.0450 AM
[ReportManager] Attempting to run remotely on: [Linux-64], [GoogleChrome], [http://localhost:4444/wd/hub], Headless Execution. @14-02-2021 09:58:21.0451 AM
[ReportManager] Successfully Opened [GoogleChrome]. @14-02-2021 09:58:22.0098 A

################################################################################################################################################
Starting Execution:	[4 out of 134] test cases in the current suite
Test Method:		[testPackage01.Test_verifyEquals.test_assertElementAttribute]
################################################################################################################################################
[ReportManager] Target URL: [https://www.google.com/ncr], and after redirection: [https://www.google.com] @14-02-2021 09:58:22.0150 AM
[ReportManager] Initial URL: [data:,] @14-02-2021 09:58:22.0229 AM
[ReportManager] Browser Action [navigateToURL] successfully performed. With the following test data [https://www.google.com/ncr]. @14-02-2021 09:58:23.0144 AM
[ReportManager] Element Action [type] successfully performed. With the following test data [INC_004010050:Another SCHEDULER with the same name [Duplicate Job Name] already exists.]. @14-02-2021 09:58:25.0479 AM
[ReportManager] Element Action [getText] successfully performed. With the following test data [INC_004010050:Another SCHEDULER with the same name [Duplicate Job Name] already exists.]. @14-02-2021 09:58:25.0654 AM
[ReportManager] Loaded Shared OpenCV @14-02-2021 09:58:25.0861 AM
[ReportManager] VerifyElementAttribute PASSED; Expected [Value Should be 'INC_004010050:Another SCHEDULER with the same name \[Duplicate Job Name\] already exists.' for the 'text' attribute, element locator 'By.name: q'] and Actual [INC_004010050:Another SCHEDULER with the same name [Duplicate Job Name] already exists.]. Comparison Type [MATCHES]. Validation Type [POSITIVE]. @14-02-2021 09:58:25.0953 AM
[ReportManager] Successfully created attachment [Screenshot - 1613296705861_test_assertElementAttribute_VerifyElementAttribute_passed] @14-02-2021 09:58:25.0955 A
[ReportManager] Successfully created attachment [Selenium WebDriver Logs - server] @14-02-2021 09:58:26.0081 AM
[ReportManager] Successfully created attachment [Selenium WebDriver Logs - performance] @14-02-2021 09:58:26.0534 AM
[ReportManager] Successfully created attachment [Selenium WebDriver Logs - driver] @14-02-2021 09:58:27.0050 AM
[ReportManager] Browser Action [closeCurrentWindow] successfully performed. @14-02-2021 09:58:27.0112 AM
[ReportManager] Successfully created attachment [Browser Action Test Data - closeCurrentWindow - Actual Value] @14-02-2021 09:58:27.0116 A
[ReportManager] File Action [getAbsolutePath] successfully performed. With the following test data [Relative Folder Path: "target/downloadedFiles/"]. @14-02-2021 09:58:27.0118 AM
[ReportManager] Attempting to run remotely on: [Linux-64], [GoogleChrome], [http://localhost:4444/wd/hub], Headless Execution. @14-02-2021 09:58:27.0118 AM
[ReportManager] Successfully Opened [GoogleChrome]. @14-02-2021 09:58:27.0772 A

################################################################################################################################################
Starting Execution:	[5 out of 134] test cases in the current suite
Test Method:		[testPackage01.Test_assertEquals.test_assertElementAttribute]
################################################################################################################################################
[ReportManager] Target URL: [https://www.google.com/ncr], and after redirection: [https://www.google.com] @14-02-2021 09:58:27.0838 AM
[ReportManager] Initial URL: [data:,] @14-02-2021 09:58:27.0908 AM
[ReportManager] Browser Action [navigateToURL] successfully performed. With the following test data [https://www.google.com/ncr]. @14-02-2021 09:58:28.0852 AM
[ReportManager] Element Action [type] successfully performed. With the following test data [INC_004010050:Another SCHEDULER with the same name [Duplicate Job Name] already exists.]. @14-02-2021 09:58:31.0000 AM
[ReportManager] Element Action [getText] successfully performed. With the following test data [INC_004010050:Another SCHEDULER with the same name [Duplicate Job Name] already exists.]. @14-02-2021 09:58:31.0151 AM
[ReportManager] Loaded Shared OpenCV @14-02-2021 09:58:31.0357 AM
[ReportManager] AssertElementAttribute PASSED; Expected [Value Should be 'INC_004010050:Another SCHEDULER with the same name \[Duplicate Job Name\] already exists.' for the 'text' attribute, element locator 'By.name: q'] and Actual [INC_004010050:Another SCHEDULER with the same name [Duplicate Job Name] already exists.]. Comparison Type [MATCHES]. Validation Type [POSITIVE]. @14-02-2021 09:58:31.0451 AM
[ReportManager] Successfully created attachment [Screenshot - 1613296711357_test_assertElementAttribute_AssertElementAttribute_passed] @14-02-2021 09:58:31.0452 A
[ReportManager] Successfully created attachment [Selenium WebDriver Logs - server] @14-02-2021 09:58:31.0563 AM
[ReportManager] Successfully created attachment [Selenium WebDriver Logs - performance] @14-02-2021 09:58:31.0978 AM
[ReportManager] Successfully created attachment [Selenium WebDriver Logs - driver] @14-02-2021 09:58:32.0354 AM
[ReportManager] Browser Action [closeCurrentWindow] successfully performed. @14-02-2021 09:58:32.0415 AM
[ReportManager] Successfully created attachment [Browser Action Test Data - closeCurrentWindow - Actual Value] @14-02-2021 09:58:32.0416 A

################################################################################################################################################
Starting Execution:	[6 out of 134] test cases in the current suite
Test Method:		[testPackage01.Test_SkipDueToIssue.doNotSkip]
################################################################################################################################################
[ReportManager] This should not be skipped. @14-02-2021 09:58:32.0432 A

################################################################################################################################################
Starting Execution:	[7 out of 134] test cases in the current suite
Test Method:		[testPackage01.Test_SkipDueToIssue.skip]
################################################################################################################################################
[ReportManager] This should be skipped. @14-02-2021 09:58:32.0443 A

################################################################################################################################################
Starting Execution:	[8 out of 134] test cases in the current suite
Test Method:		[testPackage01.Test_SkipDueToIssue.skip2]
################################################################################################################################################
[ReportManager] This should be skipped. @14-02-2021 09:58:32.0451 A
[ReportManager] File Action [getAbsolutePath] successfully performed. With the following test data [Relative Folder Path: "target/downloadedFiles/"]. @14-02-2021 09:58:32.0455 AM
[ReportManager] Attempting to run remotely on: [Linux-64], [GoogleChrome], [http://localhost:4444/wd/hub], Headless Execution. @14-02-2021 09:58:32.0456 AM
[ReportManager] Successfully Opened [GoogleChrome]. @14-02-2021 09:58:33.0147 A

################################################################################################################################################
Starting Execution:	[9 out of 134] test cases in the current suite
Test Method:		[testPackage01.Test_ShadowDOM.shadowdom]
################################################################################################################################################
[ReportManager] Target URL: [https://mdn.github.io/web-components-examples/popup-info-box-web-component/] @14-02-2021 09:58:33.0220 AM
[ReportManager] Initial URL: [data:,] @14-02-2021 09:58:33.0288 AM
[ReportManager] Browser Action [navigateToURL] successfully performed. With the following test data [https://mdn.github.io/web-components-examples/popup-info-box-web-component/]. @14-02-2021 09:58:33.0604 AM
[ReportManager] Element Action [type] successfully performed. With the following test data [Typing into SHADOW DOM...]. @14-02-2021 09:58:34.0413 AM
[ReportManager] Element Action [getText] successfully performed. With the following test data [Typing into SHADOW DOM...]. @14-02-2021 09:58:34.0592 AM
[ReportManager] Loaded Shared OpenCV @14-02-2021 09:58:34.0747 AM
[ReportManager] AssertElementAttribute PASSED; Expected [Value Should be 'Typing into SHADOW DOM...' for the 'Text' attribute, element locator 'By.id: cvc'] and Actual [Typing into SHADOW DOM...]. Comparison Type [EQUALS]. Validation Type [POSITIVE]. @14-02-2021 09:58:34.0819 AM
[ReportManager] Successfully created attachment [Screenshot - 1613296714747_shadowdom_AssertElementAttribute_passed] @14-02-2021 09:58:34.0819 A
[ReportManager] Successfully created attachment [Selenium WebDriver Logs - server] @14-02-2021 09:58:34.0892 AM
[ReportManager] Successfully created attachment [Selenium WebDriver Logs - performance] @14-02-2021 09:58:34.0914 AM
[ReportManager] Successfully created attachment [Selenium WebDriver Logs - browser] @14-02-2021 09:58:34.0924 AM
[ReportManager] Successfully created attachment [Selenium WebDriver Logs - driver] @14-02-2021 09:58:35.0014 AM
[ReportManager] Browser Action [closeCurrentWindow] successfully performed. @14-02-2021 09:58:35.0075 AM
[ReportManager] Successfully created attachment [Browser Action Test Data - closeCurrentWindow - Actual Value] @14-02-2021 09:58:35.0075 A

################################################################################################################################################
Starting Execution:	[10 out of 134] test cases in the current suite
Test Method:		[testPackage01.Test_NewValidationActions.f1]
################################################################################################################################################
[ReportManager] Checking valid user data... @14-02-2021 09:58:35.0093 AM
[ReportManager] AssertEquals PASSED; Expected and Actual values are attached. Comparison Type [EQUALS]. Validation Type [POSITIVE]. @14-02-2021 09:58:35.0093 AM
[ReportManager] Successfully created attachment [Validation Test Data - Expected Value] @14-02-2021 09:58:35.0094 AM
[ReportManager] Successfully created attachment [Validation Test Data - Actual Value] @14-02-2021 09:58:35.0094 A
[ReportManager] File Action [getAbsolutePath] successfully performed. With the following test data [Relative Folder Path: "target/downloadedFiles/"]. @14-02-2021 09:58:35.0100 AM
[ReportManager] Attempting to run remotely on: [Linux-64], [GoogleChrome], [http://localhost:4444/wd/hub], Headless Execution. @14-02-2021 09:58:35.0100 AM
[ReportManager] Successfully Opened [GoogleChrome]. @14-02-2021 09:58:35.0356 AM
[ReportManager] Target URL: [https://the-internet.herokuapp.com/] @14-02-2021 09:58:35.0369 AM
[ReportManager] Initial URL: [data:,] @14-02-2021 09:58:35.0425 AM
[ReportManager] Browser Action [navigateToURL] successfully performed. With the following test data [https://the-internet.herokuapp.com/]. @14-02-2021 09:58:35.0919 A

################################################################################################################################################
Starting Execution:	[11 out of 134] test cases in the current suite
Test Method:		[testPackage01.Test_NewValidationActions.f10]
################################################################################################################################################
[ReportManager] AssertElementExists FAILED; Expected [Element Should Exist, locator 'By.tagName: div'] and Actual [Element Exists but is not unique]. Comparison Type [EQUALS]. Validation Type [POSITIVE]. @14-02-2021 09:58:36.0244 AM
[ReportManager] Successfully created attachment [Screenshot - 1613296716154_f10_AssertElementExists_failed] @14-02-2021 09:58:36.0245 A
[ReportManager] Successfully created attachment [Selenium WebDriver Logs - server] @14-02-2021 09:58:36.0262 AM
[ReportManager] Successfully created attachment [Selenium WebDriver Logs - performance] @14-02-2021 09:58:36.0284 AM
[ReportManager] Successfully created attachment [Selenium WebDriver Logs - browser] @14-02-2021 09:58:36.0292 AM
[ReportManager] Successfully created attachment [Selenium WebDriver Logs - driver] @14-02-2021 09:58:36.0363 AM
[ReportManager] Successfully Closed All Browsers. @14-02-2021 09:58:36.0449 A
[ReportManager] File Action [getAbsolutePath] successfully performed. With the following test data [Relative Folder Path: "target/downloadedFiles/"]. @14-02-2021 09:58:36.0452 AM
[ReportManager] Attempting to run remotely on: [Linux-64], [GoogleChrome], [http://localhost:4444/wd/hub], Headless Execution. @14-02-2021 09:58:36.0452 AM
[ReportManager] Successfully Opened [GoogleChrome]. @14-02-2021 09:58:36.0754 AM
[ReportManager] Target URL: [https://the-internet.herokuapp.com/] @14-02-2021 09:58:36.0772 AM
[ReportManager] Initial URL: [data:,] @14-02-2021 09:58:36.0841 AM
[ReportManager] Browser Action [navigateToURL] successfully performed. With the following test data [https://the-internet.herokuapp.com/]. @14-02-2021 09:58:37.0310 A

################################################################################################################################################
Starting Execution:	[12 out of 134] test cases in the current suite
Test Method:		[testPackage01.Test_NewValidationActions.f11]
################################################################################################################################################
[ReportManager] Checking that false tag doesn't exist... @14-02-2021 09:58:37.0317 AM
[ReportManager] AssertElementExists PASSED; Expected [Element Should not Exist, locator 'By.tagName: h3'] and Actual [Element Doesn't Exists]. Comparison Type [EQUALS]. Validation Type [NEGATIVE]. @14-02-2021 09:58:37.0600 AM
[ReportManager] Successfully created attachment [Screenshot - 1613296717532_f11_AssertElementExists_passed] @14-02-2021 09:58:37.0601 A
[ReportManager] Successfully created attachment [Selenium WebDriver Logs - server] @14-02-2021 09:58:37.0617 AM
[ReportManager] Successfully created attachment [Selenium WebDriver Logs - performance] @14-02-2021 09:58:37.0637 AM
[ReportManager] Successfully created attachment [Selenium WebDriver Logs - browser] @14-02-2021 09:58:37.0645 AM
[ReportManager] Successfully created attachment [Selenium WebDriver Logs - driver] @14-02-2021 09:58:37.0714 AM
[ReportManager] Successfully Closed All Browsers. @14-02-2021 09:58:37.0815 A
[ReportManager] File Action [getAbsolutePath] successfully performed. With the following test data [Relative Folder Path: "target/downloadedFiles/"]. @14-02-2021 09:58:37.0822 AM
[ReportManager] Attempting to run remotely on: [Linux-64], [GoogleChrome], [http://localhost:4444/wd/hub], Headless Execution. @14-02-2021 09:58:37.0822 AM
[ReportManager] Successfully Opened [GoogleChrome]. @14-02-2021 09:58:38.0096 AM
[ReportManager] Target URL: [https://the-internet.herokuapp.com/] @14-02-2021 09:58:38.0136 AM
[ReportManager] Initial URL: [data:,] @14-02-2021 09:58:38.0195 AM
[ReportManager] Browser Action [navigateToURL] successfully performed. With the following test data [https://the-internet.herokuapp.com/]. @14-02-2021 09:58:38.0654 A

################################################################################################################################################
Starting Execution:	[13 out of 134] test cases in the current suite
Test Method:		[testPackage01.Test_NewValidationActions.f12]
################################################################################################################################################
[ReportManager] Loaded Shared OpenCV @14-02-2021 09:58:38.0883 AM
[ReportManager] AssertElementExists FAILED; Expected [Element Should not Exist, locator 'By.tagName: h1'] and Actual [Element Exists]. Comparison Type [EQUALS]. Validation Type [NEGATIVE]. @14-02-2021 09:58:38.0972 AM
[ReportManager] Successfully created attachment [Screenshot - 1613296718882_f12_AssertElementExists_failed] @14-02-2021 09:58:38.0973 A
[ReportManager] Successfully created attachment [Selenium WebDriver Logs - server] @14-02-2021 09:58:38.0995 AM
[ReportManager] Successfully created attachment [Selenium WebDriver Logs - performance] @14-02-2021 09:58:39.0023 AM
[ReportManager] Successfully created attachment [Selenium WebDriver Logs - browser] @14-02-2021 09:58:39.0031 AM
[ReportManager] Successfully created attachment [Selenium WebDriver Logs - driver] @14-02-2021 09:58:39.0093 AM
[ReportManager] Successfully Closed All Browsers. @14-02-2021 09:58:39.0227 A
[ReportManager] File Action [getAbsolutePath] successfully performed. With the following test data [Relative Folder Path: "target/downloadedFiles/"]. @14-02-2021 09:58:39.0230 AM
[ReportManager] Attempting to run remotely on: [Linux-64], [GoogleChrome], [http://localhost:4444/wd/hub], Headless Execution. @14-02-2021 09:58:39.0230 AM
[ReportManager] Successfully Opened [GoogleChrome]. @14-02-2021 09:58:39.0493 AM
[ReportManager] Target URL: [https://the-internet.herokuapp.com/] @14-02-2021 09:58:39.0518 AM
[ReportManager] Initial URL: [data:,] @14-02-2021 09:58:39.0566 AM
[ReportManager] Browser Action [navigateToURL] successfully performed. With the following test data [https://the-internet.herokuapp.com/]. @14-02-2021 09:58:40.0077 A

################################################################################################################################################
Starting Execution:	[14 out of 134] test cases in the current suite
Test Method:		[testPackage01.Test_NewValidationActions.f13]
################################################################################################################################################
[ReportManager] AssertElementExists FAILED; Expected [Element Should not Exist, locator 'By.tagName: div'] and Actual [Element Exists but is not unique]. Comparison Type [EQUALS]. Validation Type [NEGATIVE]. @14-02-2021 09:58:40.0349 AM
[ReportManager] Successfully created attachment [Screenshot - 1613296720282_f13_AssertElementExists_failed] @14-02-2021 09:58:40.0350 A
[ReportManager] Successfully created attachment [Selenium WebDriver Logs - server] @14-02-2021 09:58:40.0374 AM
[ReportManager] Successfully created attachment [Selenium WebDriver Logs - performance] @14-02-2021 09:58:40.0395 AM
[ReportManager] Successfully created attachment [Selenium WebDriver Logs - browser] @14-02-2021 09:58:40.0402 AM
[ReportManager] Successfully created attachment [Selenium WebDriver Logs - driver] @14-02-2021 09:58:40.0456 AM
[ReportManager] Successfully Closed All Browsers. @14-02-2021 09:58:40.0532 A
[ReportManager] File Action [getAbsolutePath] successfully performed. With the following test data [Relative Folder Path: "target/downloadedFiles/"]. @14-02-2021 09:58:40.0534 AM
[ReportManager] Attempting to run remotely on: [Linux-64], [GoogleChrome], [http://localhost:4444/wd/hub], Headless Execution. @14-02-2021 09:58:40.0535 AM
[ReportManager] Successfully Opened [GoogleChrome]. @14-02-2021 09:58:40.0769 AM
[ReportManager] Target URL: [https://the-internet.herokuapp.com/] @14-02-2021 09:58:40.0784 AM
[ReportManager] Initial URL: [data:,] @14-02-2021 09:58:40.0840 AM
[ReportManager] Browser Action [navigateToURL] successfully performed. With the following test data [https://the-internet.herokuapp.com/]. @14-02-2021 09:58:41.0266 A

################################################################################################################################################
Starting Execution:	[15 out of 134] test cases in the current suite
Test Method:		[testPackage01.Test_NewValidationActions.f14]
################################################################################################################################################
[ReportManager] Asserting that the header text is correct... @14-02-2021 09:58:41.0276 AM
[ReportManager] Element Action [getText] successfully performed. With the following test data [Welcome to the-internet]. @14-02-2021 09:58:41.0394 AM
[ReportManager] Loaded Shared OpenCV @14-02-2021 09:58:41.0564 AM
[ReportManager] AssertElementAttribute PASSED; Expected [Value Should be 'Welcome to the-internet' for the 'text' attribute, element locator 'By.tagName: h1'] and Actual [Welcome to the-internet]. Comparison Type [EQUALS]. Validation Type [POSITIVE]. @14-02-2021 09:58:41.0648 AM
[ReportManager] Successfully created attachment [Screenshot - 1613296721564_f14_AssertElementAttribute_passed] @14-02-2021 09:58:41.0650 A
[ReportManager] Successfully created attachment [Selenium WebDriver Logs - server] @14-02-2021 09:58:41.0665 AM
[ReportManager] Successfully created attachment [Selenium WebDriver Logs - performance] @14-02-2021 09:58:41.0697 AM
[ReportManager] Successfully created attachment [Selenium WebDriver Logs - browser] @14-02-2021 09:58:41.0704 AM
[ReportManager] Successfully created attachment [Selenium WebDriver Logs - driver] @14-02-2021 09:58:41.0761 AM
[ReportManager] Successfully Closed All Browsers. @14-02-2021 09:58:41.0850 A
[ReportManager] File Action [getAbsolutePath] successfully performed. With the following test data [Relative Folder Path: "target/downloadedFiles/"]. @14-02-2021 09:58:41.0858 AM
[ReportManager] Attempting to run remotely on: [Linux-64], [GoogleChrome], [http://localhost:4444/wd/hub], Headless Execution. @14-02-2021 09:58:41.0858 AM
[ReportManager] Successfully Opened [GoogleChrome]. @14-02-2021 09:58:42.0107 AM
[ReportManager] Target URL: [https://the-internet.herokuapp.com/] @14-02-2021 09:58:42.0120 AM
[ReportManager] Initial URL: [data:,] @14-02-2021 09:58:42.0170 AM
[ReportManager] Browser Action [navigateToURL] successfully performed. With the following test data [https://the-internet.herokuapp.com/]. @14-02-2021 09:58:42.0596 A

################################################################################################################################################
Starting Execution:	[16 out of 134] test cases in the current suite
Test Method:		[testPackage01.Test_NewValidationActions.f15]
################################################################################################################################################
[ReportManager] Element Action [getText] successfully performed. With the following test data [Welcome to the-internet]. @14-02-2021 09:58:42.0713 AM
[ReportManager] Loaded Shared OpenCV @14-02-2021 09:58:42.0883 AM
[ReportManager] AssertElementAttribute FAILED; Expected [Value Should not be 'Welcome' for the 'text' attribute, element locator 'By.tagName: h1'] and Actual [Welcome to the-internet]. Comparison Type [CONTAINS]. Validation Type [NEGATIVE]. @14-02-2021 09:58:42.0967 AM
[ReportManager] Successfully created attachment [Screenshot - 1613296722883_f15_AssertElementAttribute_failed] @14-02-2021 09:58:42.0968 A
[ReportManager] Successfully created attachment [Selenium WebDriver Logs - server] @14-02-2021 09:58:42.0990 AM
[ReportManager] Successfully created attachment [Selenium WebDriver Logs - performance] @14-02-2021 09:58:43.0021 AM
[ReportManager] Successfully created attachment [Selenium WebDriver Logs - browser] @14-02-2021 09:58:43.0029 AM
[ReportManager] Successfully created attachment [Selenium WebDriver Logs - driver] @14-02-2021 09:58:43.0092 AM
[ReportManager] Successfully Closed All Browsers. @14-02-2021 09:58:43.0168 A
[ReportManager] File Action [getAbsolutePath] successfully performed. With the following test data [Relative Folder Path: "target/downloadedFiles/"]. @14-02-2021 09:58:43.0170 AM
[ReportManager] Attempting to run remotely on: [Linux-64], [GoogleChrome], [http://localhost:4444/wd/hub], Headless Execution. @14-02-2021 09:58:43.0171 AM
[ReportManager] Successfully Opened [GoogleChrome]. @14-02-2021 09:58:43.0425 AM
[ReportManager] Target URL: [https://the-internet.herokuapp.com/] @14-02-2021 09:58:43.0446 AM
[ReportManager] Initial URL: [data:,] @14-02-2021 09:58:43.0501 AM
[ReportManager] Browser Action [navigateToURL] successfully performed. With the following test data [https://the-internet.herokuapp.com/]. @14-02-2021 09:58:43.0886 A

################################################################################################################################################
Starting Execution:	[17 out of 134] test cases in the current suite
Test Method:		[testPackage01.Test_NewValidationActions.f16]
################################################################################################################################################
[ReportManager] Element Action [identifyUniqueElement] failed. With the following test data [zero elements found matching this locator "By.tagName: h3".]. @14-02-2021 09:58:44.0159 AM
[ReportManager] Successfully created attachment [Screenshot - 1613296724091_f16_identifyUniqueElement_failed] @14-02-2021 09:58:44.0160 AM
[ReportManager] AssertElementAttribute FAILED; Expected [Value Should not be 'Welcome' for the 'text' attribute, element locator 'By.tagName: h3'] and Actual [Failed to read the desired element attribute]. Comparison Type [CONTAINS]. Validation Type [NEGATIVE]. @14-02-2021 09:58:44.0160 A
[ReportManager] Successfully created attachment [Selenium WebDriver Logs - server] @14-02-2021 09:58:44.0175 AM
[ReportManager] Successfully created attachment [Selenium WebDriver Logs - performance] @14-02-2021 09:58:44.0196 AM
[ReportManager] Successfully created attachment [Selenium WebDriver Logs - browser] @14-02-2021 09:58:44.0203 AM
[ReportManager] Successfully created attachment [Selenium WebDriver Logs - driver] @14-02-2021 09:58:44.0253 AM
[ReportManager] Successfully Closed All Browsers. @14-02-2021 09:58:44.0333 A
[ReportManager] File Action [getAbsolutePath] successfully performed. With the following test data [Relative Folder Path: "target/downloadedFiles/"]. @14-02-2021 09:58:44.0338 AM
[ReportManager] Attempting to run remotely on: [Linux-64], [GoogleChrome], [http://localhost:4444/wd/hub], Headless Execution. @14-02-2021 09:58:44.0338 AM
[ReportManager] Successfully Opened [GoogleChrome]. @14-02-2021 09:58:44.0604 AM
[ReportManager] Target URL: [https://the-internet.herokuapp.com/] @14-02-2021 09:58:44.0617 AM
[ReportManager] Initial URL: [data:,] @14-02-2021 09:58:44.0665 AM
[ReportManager] Browser Action [navigateToURL] successfully performed. With the following test data [https://the-internet.herokuapp.com/]. @14-02-2021 09:58:45.0154 A

################################################################################################################################################
Starting Execution:	[18 out of 134] test cases in the current suite
Test Method:		[testPackage01.Test_NewValidationActions.f17]
################################################################################################################################################
[ReportManager] Attempting to getAttribute [text2] from elementLocator [By.tagName: h1]. @14-02-2021 09:58:45.0156 AM
[ReportManager] Element Action [getAttribute] successfully performed. @14-02-2021 09:58:45.0268 AM
[ReportManager] Loaded Shared OpenCV @14-02-2021 09:58:45.0416 AM
[ReportManager] AssertElementAttribute PASSED; Expected [Value Should not be 'Welcome' for the 'text2' attribute, element locator 'By.tagName: h1'] and Actual [null]. Comparison Type [CONTAINS]. Validation Type [NEGATIVE]. @14-02-2021 09:58:45.0499 AM
[ReportManager] Successfully created attachment [Screenshot - 1613296725416_f17_AssertElementAttribute_passed] @14-02-2021 09:58:45.0500 A
[ReportManager] Successfully created attachment [Selenium WebDriver Logs - server] @14-02-2021 09:58:45.0517 AM
[ReportManager] Successfully created attachment [Selenium WebDriver Logs - performance] @14-02-2021 09:58:45.0537 AM
[ReportManager] Successfully created attachment [Selenium WebDriver Logs - browser] @14-02-2021 09:58:45.0545 AM
[ReportManager] Successfully created attachment [Selenium WebDriver Logs - driver] @14-02-2021 09:58:45.0602 AM
[ReportManager] Successfully Closed All Browsers. @14-02-2021 09:58:45.0679 A
[ReportManager] File Action [getAbsolutePath] successfully performed. With the following test data [Relative Folder Path: "target/downloadedFiles/"]. @14-02-2021 09:58:45.0681 AM
[ReportManager] Attempting to run remotely on: [Linux-64], [GoogleChrome], [http://localhost:4444/wd/hub], Headless Execution. @14-02-2021 09:58:45.0682 AM
[ReportManager] Successfully Opened [GoogleChrome]. @14-02-2021 09:58:45.0974 AM
[ReportManager] Target URL: [https://the-internet.herokuapp.com/] @14-02-2021 09:58:45.0988 AM
[ReportManager] Initial URL: [data:,] @14-02-2021 09:58:46.0035 AM
[ReportManager] Browser Action [navigateToURL] successfully performed. With the following test data [https://the-internet.herokuapp.com/]. @14-02-2021 09:58:46.0449 A

################################################################################################################################################
Starting Execution:	[19 out of 134] test cases in the current suite
Test Method:		[testPackage01.Test_NewValidationActions.f18]
################################################################################################################################################
[ReportManager] Element Action [getText] successfully performed. With the following test data [Welcome to the-internet]. @14-02-2021 09:58:46.0581 AM
[ReportManager] Loaded Shared OpenCV @14-02-2021 09:58:46.0750 AM
[ReportManager] AssertElementAttribute PASSED; Expected [Value Should not be 'no' for the 'text' attribute, element locator 'By.tagName: h1'] and Actual [Welcome to the-internet]. Comparison Type [CONTAINS]. Validation Type [NEGATIVE]. @14-02-2021 09:58:46.0833 AM
[ReportManager] Successfully created attachment [Screenshot - 1613296726750_f18_AssertElementAttribute_passed] @14-02-2021 09:58:46.0835 A
[ReportManager] Successfully created attachment [Selenium WebDriver Logs - server] @14-02-2021 09:58:46.0854 AM
[ReportManager] Successfully created attachment [Selenium WebDriver Logs - performance] @14-02-2021 09:58:46.0876 AM
[ReportManager] Successfully created attachment [Selenium WebDriver Logs - browser] @14-02-2021 09:58:46.0889 AM
[ReportManager] Successfully created attachment [Selenium WebDriver Logs - driver] @14-02-2021 09:58:46.0978 AM
[ReportManager] Successfully Closed All Browsers. @14-02-2021 09:58:47.0076 A
[ReportManager] File Action [getAbsolutePath] successfully performed. With the following test data [Relative Folder Path: "target/downloadedFiles/"]. @14-02-2021 09:58:47.0078 AM
[ReportManager] Attempting to run remotely on: [Linux-64], [GoogleChrome], [http://localhost:4444/wd/hub], Headless Execution. @14-02-2021 09:58:47.0078 AM
[ReportManager] Successfully Opened [GoogleChrome]. @14-02-2021 09:58:47.0320 AM
[ReportManager] Target URL: [https://the-internet.herokuapp.com/] @14-02-2021 09:58:47.0331 AM
[ReportManager] Initial URL: [data:,] @14-02-2021 09:58:47.0381 AM
[ReportManager] Browser Action [navigateToURL] successfully performed. With the following test data [https://the-internet.herokuapp.com/]. @14-02-2021 09:58:47.0811 A

################################################################################################################################################
Starting Execution:	[20 out of 134] test cases in the current suite
Test Method:		[testPackage01.Test_NewValidationActions.f19]
################################################################################################################################################
[ReportManager] Element Action [getTagName] successfully performed. With the following test data [h1]. @14-02-2021 09:58:47.0912 AM
[ReportManager] Loaded Shared OpenCV @14-02-2021 09:58:48.0083 AM
[ReportManager] AssertElementAttribute PASSED; Expected [Value Should be 'h' for the 'tagname' attribute, element locator 'By.tagName: h1'] and Actual [h1]. Comparison Type [CONTAINS]. Validation Type [POSITIVE]. @14-02-2021 09:58:48.0166 AM
[ReportManager] Successfully created attachment [Screenshot - 1613296728083_f19_AssertElementAttribute_passed] @14-02-2021 09:58:48.0167 A
[ReportManager] Successfully created attachment [Selenium WebDriver Logs - server] @14-02-2021 09:58:48.0185 AM
[ReportManager] Successfully created attachment [Selenium WebDriver Logs - performance] @14-02-2021 09:58:48.0205 AM
[ReportManager] Successfully created attachment [Selenium WebDriver Logs - browser] @14-02-2021 09:58:48.0212 AM
[ReportManager] Successfully created attachment [Selenium WebDriver Logs - driver] @14-02-2021 09:58:48.0273 AM
[ReportManager] Successfully Closed All Browsers. @14-02-2021 09:58:48.0358 A

################################################################################################################################################
Starting Execution:	[21 out of 134] test cases in the current suite
Test Method:		[testPackage01.Test_NewValidationActions.f2]
################################################################################################################################################
[ReportManager] Checking valid user data... @14-02-2021 09:58:48.0366 AM
[ReportManager] AssertEquals FAILED; Expected [1] and Actual [2]. Comparison Type [EQUALS]. Validation Type [POSITIVE]. @14-02-2021 09:58:48.0367 A
[ReportManager] File Action [getAbsolutePath] successfully performed. With the following test data [Relative Folder Path: "target/downloadedFiles/"]. @14-02-2021 09:58:48.0369 AM
[ReportManager] Attempting to run remotely on: [Linux-64], [GoogleChrome], [http://localhost:4444/wd/hub], Headless Execution. @14-02-2021 09:58:48.0370 AM
[ReportManager] Successfully Opened [GoogleChrome]. @14-02-2021 09:58:48.0614 AM
[ReportManager] Target URL: [https://the-internet.herokuapp.com/] @14-02-2021 09:58:48.0629 AM
[ReportManager] Initial URL: [data:,] @14-02-2021 09:58:48.0673 AM
[ReportManager] Browser Action [navigateToURL] successfully performed. With the following test data [https://the-internet.herokuapp.com/]. @14-02-2021 09:58:49.0142 A

################################################################################################################################################
Starting Execution:	[22 out of 134] test cases in the current suite
Test Method:		[testPackage01.Test_NewValidationActions.f20]
################################################################################################################################################
[ReportManager] Element Action [getSize] successfully performed. With the following test data [(755, 61)]. @14-02-2021 09:58:49.0314 AM
[ReportManager] Loaded Shared OpenCV @14-02-2021 09:58:49.0497 AM
[ReportManager] AssertElementAttribute PASSED; Expected [Value Should not be 'a' for the 'size' attribute, element locator 'By.tagName: h1'] and Actual [(755, 61)]. Comparison Type [CONTAINS]. Validation Type [NEGATIVE]. @14-02-2021 09:58:49.0581 AM
[ReportManager] Successfully created attachment [Screenshot - 1613296729497_f20_AssertElementAttribute_passed] @14-02-2021 09:58:49.0591 A
[ReportManager] Successfully created attachment [Selenium WebDriver Logs - server] @14-02-2021 09:58:49.0607 AM
[ReportManager] Successfully created attachment [Selenium WebDriver Logs - performance] @14-02-2021 09:58:49.0630 AM
[ReportManager] Successfully created attachment [Selenium WebDriver Logs - browser] @14-02-2021 09:58:49.0637 AM
[ReportManager] Successfully created attachment [Selenium WebDriver Logs - driver] @14-02-2021 09:58:49.0694 AM
[ReportManager] Successfully Closed All Browsers. @14-02-2021 09:58:50.0072 A
[ReportManager] File Action [getAbsolutePath] successfully performed. With the following test data [Relative Folder Path: "target/downloadedFiles/"]. @14-02-2021 09:58:50.0075 AM
[ReportManager] Attempting to run remotely on: [Linux-64], [GoogleChrome], [http://localhost:4444/wd/hub], Headless Execution. @14-02-2021 09:58:50.0075 AM
[ReportManager] Successfully Opened [GoogleChrome]. @14-02-2021 09:58:50.0319 AM
[ReportManager] Target URL: [https://the-internet.herokuapp.com/] @14-02-2021 09:58:50.0331 AM
[ReportManager] Initial URL: [data:,] @14-02-2021 09:58:50.0375 AM
[ReportManager] Browser Action [navigateToURL] successfully performed. With the following test data [https://the-internet.herokuapp.com/]. @14-02-2021 09:58:50.0810 A

################################################################################################################################################
Starting Execution:	[23 out of 134] test cases in the current suite
Test Method:		[testPackage01.Test_NewValidationActions.f21]
################################################################################################################################################
[ReportManager] Element Action [identifyUniqueElement] failed. With the following test data [zero elements found matching this locator "By.tagName: h3".]. @14-02-2021 09:58:51.0011 AM
[ReportManager] Successfully created attachment [Screenshot - 1613296730947_f21_identifyUniqueElement_failed] @14-02-2021 09:58:51.0012 AM
[ReportManager] AssertElementAttribute FAILED; Expected [Value Should be 'Welcome' for the 'text' attribute, element locator 'By.tagName: h3'] and Actual [Failed to read the desired element attribute]. Comparison Type [CONTAINS]. Validation Type [POSITIVE]. @14-02-2021 09:58:51.0013 A
[ReportManager] Successfully created attachment [Selenium WebDriver Logs - server] @14-02-2021 09:58:51.0028 AM
[ReportManager] Successfully created attachment [Selenium WebDriver Logs - performance] @14-02-2021 09:58:51.0048 AM
[ReportManager] Successfully created attachment [Selenium WebDriver Logs - browser] @14-02-2021 09:58:51.0057 AM
[ReportManager] Successfully created attachment [Selenium WebDriver Logs - driver] @14-02-2021 09:58:51.0105 AM
[ReportManager] Successfully Closed All Browsers. @14-02-2021 09:58:51.0183 A
[ReportManager] File Action [getAbsolutePath] successfully performed. With the following test data [Relative Folder Path: "target/downloadedFiles/"]. @14-02-2021 09:58:51.0186 AM
[ReportManager] Attempting to run remotely on: [Linux-64], [GoogleChrome], [http://localhost:4444/wd/hub], Headless Execution. @14-02-2021 09:58:51.0187 AM
[ReportManager] Successfully Opened [GoogleChrome]. @14-02-2021 09:58:51.0445 AM
[ReportManager] Target URL: [https://the-internet.herokuapp.com/] @14-02-2021 09:58:51.0467 AM
[ReportManager] Initial URL: [data:,] @14-02-2021 09:58:51.0508 AM
[ReportManager] Browser Action [navigateToURL] successfully performed. With the following test data [https://the-internet.herokuapp.com/]. @14-02-2021 09:58:51.0976 A

################################################################################################################################################
Starting Execution:	[24 out of 134] test cases in the current suite
Test Method:		[testPackage01.Test_NewValidationActions.f22]
################################################################################################################################################
[ReportManager] Element Action [getText] successfully performed. With the following test data [Welcome to the-internet]. @14-02-2021 09:58:52.0106 AM
[ReportManager] Loaded Shared OpenCV @14-02-2021 09:58:52.0269 AM
[ReportManager] AssertElementAttribute FAILED; Expected [Value Should be 'yyy' for the 'text' attribute, element locator 'By.tagName: h1'] and Actual [Welcome to the-internet]. Comparison Type [CONTAINS]. Validation Type [POSITIVE]. @14-02-2021 09:58:52.0352 AM
[ReportManager] Successfully created attachment [Screenshot - 1613296732269_f22_AssertElementAttribute_failed] @14-02-2021 09:58:52.0354 A
[ReportManager] Successfully created attachment [Selenium WebDriver Logs - server] @14-02-2021 09:58:52.0366 AM
[ReportManager] Successfully created attachment [Selenium WebDriver Logs - performance] @14-02-2021 09:58:52.0387 AM
[ReportManager] Successfully created attachment [Selenium WebDriver Logs - browser] @14-02-2021 09:58:52.0394 AM
[ReportManager] Successfully created attachment [Selenium WebDriver Logs - driver] @14-02-2021 09:58:52.0458 AM
[ReportManager] Successfully Closed All Browsers. @14-02-2021 09:58:52.0539 A

################################################################################################################################################
Starting Execution:	[25 out of 134] test cases in the current suite
Test Method:		[testPackage01.Test_NewValidationActions.f23]
################################################################################################################################################
[ReportManager] confirming that the actual is greater than or equal to the expected... @14-02-2021 09:58:52.0545 AM
[ReportManager] AssertComparativeRelation PASSED; Expected [1] and Actual [1]. Comparison Type [GREATER_THAN_OR_EQUALS]. Validation Type [POSITIVE]. @14-02-2021 09:58:52.0546 A

################################################################################################################################################
Starting Execution:	[26 out of 134] test cases in the current suite
Test Method:		[testPackage01.Test_NewValidationActions.f24]
################################################################################################################################################
[ReportManager] AssertComparativeRelation PASSED; Expected [1] and Actual [10]. Comparison Type [GREATER_THAN_OR_EQUALS]. Validation Type [POSITIVE]. @14-02-2021 09:58:52.0551 A

################################################################################################################################################
Starting Execution:	[27 out of 134] test cases in the current suite
Test Method:		[testPackage01.Test_NewValidationActions.f25]
################################################################################################################################################
[ReportManager] AssertComparativeRelation PASSED; Expected [1] and Actual [1]. Comparison Type [EQUALS]. Validation Type [POSITIVE]. @14-02-2021 09:58:52.0558 A

################################################################################################################################################
Starting Execution:	[28 out of 134] test cases in the current suite
Test Method:		[testPackage01.Test_NewValidationActions.f26]
################################################################################################################################################
[ReportManager] AssertComparativeRelation PASSED; Expected [1] and Actual [5]. Comparison Type [GREATER_THAN]. Validation Type [POSITIVE]. @14-02-2021 09:58:52.0561 A

################################################################################################################################################
Starting Execution:	[29 out of 134] test cases in the current suite
Test Method:		[testPackage01.Test_NewValidationActions.f27]
################################################################################################################################################
[ReportManager] AssertComparativeRelation PASSED; Expected [11] and Actual [5]. Comparison Type [LESS_THAN]. Validation Type [POSITIVE]. @14-02-2021 09:58:52.0565 A

################################################################################################################################################
Starting Execution:	[30 out of 134] test cases in the current suite
Test Method:		[testPackage01.Test_NewValidationActions.f28]
################################################################################################################################################
[ReportManager] AssertComparativeRelation PASSED; Expected [11] and Actual [5]. Comparison Type [LESS_THAN_OR_EQUALS]. Validation Type [POSITIVE]. @14-02-2021 09:58:52.0568 A

################################################################################################################################################
Starting Execution:	[31 out of 134] test cases in the current suite
Test Method:		[testPackage01.Test_NewValidationActions.f29]
################################################################################################################################################
[ReportManager] AssertComparativeRelation PASSED; Expected [11] and Actual [11]. Comparison Type [LESS_THAN_OR_EQUALS]. Validation Type [POSITIVE]. @14-02-2021 09:58:52.0573 A

################################################################################################################################################
Starting Execution:	[32 out of 134] test cases in the current suite
Test Method:		[testPackage01.Test_NewValidationActions.f3]
################################################################################################################################################
[ReportManager] AssertEquals PASSED; Expected [1] and Actual [2]. Comparison Type [EQUALS]. Validation Type [NEGATIVE]. @14-02-2021 09:58:52.0578 A

################################################################################################################################################
Starting Execution:	[33 out of 134] test cases in the current suite
Test Method:		[testPackage01.Test_NewValidationActions.f30]
################################################################################################################################################
[ReportManager] AssertComparativeRelation FAILED; Expected [-9] and Actual [11]. Comparison Type [LESS_THAN_OR_EQUALS]. Validation Type [POSITIVE]. @14-02-2021 09:58:52.0581 A

################################################################################################################################################
Starting Execution:	[34 out of 134] test cases in the current suite
Test Method:		[testPackage01.Test_NewValidationActions.f31]
################################################################################################################################################
[ReportManager] AssertTrue PASSED; Expected [TRUE] and Actual [TRUE]. Validation Type [POSITIVE]. @14-02-2021 09:58:52.0587 A

################################################################################################################################################
Starting Execution:	[35 out of 134] test cases in the current suite
Test Method:		[testPackage01.Test_NewValidationActions.f32]
################################################################################################################################################
[ReportManager] AssertTrue PASSED; Expected [FALSE] and Actual [FALSE]. Validation Type [NEGATIVE]. @14-02-2021 09:58:52.0590 A

################################################################################################################################################
Starting Execution:	[36 out of 134] test cases in the current suite
Test Method:		[testPackage01.Test_NewValidationActions.f33]
################################################################################################################################################
[ReportManager] AssertTrue FAILED; Expected [FALSE] and Actual [TRUE]. Validation Type [NEGATIVE]. @14-02-2021 09:58:52.0593 A

################################################################################################################################################
Starting Execution:	[37 out of 134] test cases in the current suite
Test Method:		[testPackage01.Test_NewValidationActions.f34]
################################################################################################################################################
[ReportManager] AssertTrue FAILED; Expected [TRUE] and Actual [FALSE]. Validation Type [POSITIVE]. @14-02-2021 09:58:52.0596 A

################################################################################################################################################
Starting Execution:	[38 out of 134] test cases in the current suite
Test Method:		[testPackage01.Test_NewValidationActions.f35]
################################################################################################################################################
[ReportManager] File Action [doesFileExist] successfully performed. With the following test data [File Path: "pom.xml"]. @14-02-2021 09:58:52.0600 AM
[ReportManager] AssertFileExists PASSED; Expected [File 'pom.xml' should exist, after up to '1' retries] and Actual [File exists]. Validation Type [POSITIVE]. @14-02-2021 09:58:52.0604 A

################################################################################################################################################
Starting Execution:	[39 out of 134] test cases in the current suite
Test Method:		[testPackage01.Test_NewValidationActions.f36]
################################################################################################################################################
[ReportManager] File Action [doesFileExist] successfully performed. With the following test data [File Path: "src/test/java/testPackage01/Test_NewValidationActions.java"]. @14-02-2021 09:58:52.0608 AM
[ReportManager] AssertFileExists PASSED; Expected [File 'src/test/java/testPackage01/Test_NewValidationActions.java' should exist, after up to '1' retries] and Actual [File exists]. Validation Type [POSITIVE]. @14-02-2021 09:58:52.0608 A

################################################################################################################################################
Starting Execution:	[40 out of 134] test cases in the current suite
Test Method:		[testPackage01.Test_NewValidationActions.f37]
################################################################################################################################################
[ReportManager] confirming that the file does't exist after 5 retries... @14-02-2021 09:58:52.0612 AM
[ReportManager] File Action [doesFileExist] successfully performed. With the following test data [File Path: "pom.xml"]. @14-02-2021 09:58:52.0612 AM
[ReportManager] AssertFileExists FAILED; Expected [File 'pom.xml' should not exist, after up to '5' retries] and Actual [File exists]. Validation Type [NEGATIVE]. @14-02-2021 09:58:52.0612 A

################################################################################################################################################
Starting Execution:	[41 out of 134] test cases in the current suite
Test Method:		[testPackage01.Test_NewValidationActions.f3_1]
################################################################################################################################################
[ReportManager] Checking valid user data... @14-02-2021 09:58:52.0616 AM
[ReportManager] AssertEquals PASSED; Expected [null] and Actual [null]. Comparison Type [EQUALS]. Validation Type [POSITIVE]. @14-02-2021 09:58:52.0616 A

################################################################################################################################################
Starting Execution:	[42 out of 134] test cases in the current suite
Test Method:		[testPackage01.Test_NewValidationActions.f4]
################################################################################################################################################
[ReportManager] AssertEquals PASSED; Expected [1] and Actual [123]. Comparison Type [CONTAINS]. Validation Type [POSITIVE]. @14-02-2021 09:58:52.0619 A

################################################################################################################################################
Starting Execution:	[43 out of 134] test cases in the current suite
Test Method:		[testPackage01.Test_NewValidationActions.f5]
################################################################################################################################################
[ReportManager] AssertNull PASSED; Expected [NULL] and Actual [1]. Comparison Type [EQUALS]. Validation Type [NEGATIVE]. @14-02-2021 09:58:52.0623 A

################################################################################################################################################
Starting Execution:	[44 out of 134] test cases in the current suite
Test Method:		[testPackage01.Test_NewValidationActions.f6]
################################################################################################################################################
[ReportManager] Making sure that null string is not equal to null object... @14-02-2021 09:58:52.0626 AM
[ReportManager] AssertNull FAILED; Expected [NULL] and Actual [NULL]. Comparison Type [EQUALS]. Validation Type [POSITIVE]. @14-02-2021 09:58:52.0626 A

################################################################################################################################################
Starting Execution:	[45 out of 134] test cases in the current suite
Test Method:		[testPackage01.Test_NewValidationActions.f6_1]
################################################################################################################################################
[ReportManager] AssertNull FAILED; Expected [NULL] and Actual [NULL]. Comparison Type [EQUALS]. Validation Type [NEGATIVE]. @14-02-2021 09:58:52.0629 A

################################################################################################################################################
Starting Execution:	[46 out of 134] test cases in the current suite
Test Method:		[testPackage01.Test_NewValidationActions.f6_2]
################################################################################################################################################
[ReportManager] Making sure that null string is not equal to null object... @14-02-2021 09:58:52.0632 AM
[ReportManager] AssertNull FAILED; Expected [NULL] and Actual [not null]. Comparison Type [EQUALS]. Validation Type [POSITIVE]. @14-02-2021 09:58:52.0633 A

################################################################################################################################################
Starting Execution:	[47 out of 134] test cases in the current suite
Test Method:		[testPackage01.Test_NewValidationActions.f7]
################################################################################################################################################
[ReportManager] AssertNull PASSED; Expected [NULL] and Actual [NULL]. Comparison Type [EQUALS]. Validation Type [POSITIVE]. @14-02-2021 09:58:52.0636 A
[ReportManager] File Action [getAbsolutePath] successfully performed. With the following test data [Relative Folder Path: "target/downloadedFiles/"]. @14-02-2021 09:58:52.0638 AM
[ReportManager] Attempting to run remotely on: [Linux-64], [GoogleChrome], [http://localhost:4444/wd/hub], Headless Execution. @14-02-2021 09:58:52.0638 AM
[ReportManager] Successfully Opened [GoogleChrome]. @14-02-2021 09:58:52.0861 AM
[ReportManager] Target URL: [https://the-internet.herokuapp.com/] @14-02-2021 09:58:52.0874 AM
[ReportManager] Initial URL: [data:,] @14-02-2021 09:58:52.0924 AM
[ReportManager] Browser Action [navigateToURL] successfully performed. With the following test data [https://the-internet.herokuapp.com/]. @14-02-2021 09:58:53.0389 A

################################################################################################################################################
Starting Execution:	[48 out of 134] test cases in the current suite
Test Method:		[testPackage01.Test_NewValidationActions.f8]
################################################################################################################################################
[ReportManager] Loaded Shared OpenCV @14-02-2021 09:58:53.0617 AM
[ReportManager] AssertElementExists PASSED; Expected [Element Should Exist, locator 'By.tagName: h1'] and Actual [Element Exists]. Comparison Type [EQUALS]. Validation Type [POSITIVE]. @14-02-2021 09:58:53.0703 AM
[ReportManager] Successfully created attachment [Screenshot - 1613296733617_f8_AssertElementExists_passed] @14-02-2021 09:58:53.0705 A
[ReportManager] Successfully created attachment [Selenium WebDriver Logs - server] @14-02-2021 09:58:53.0719 AM
[ReportManager] Successfully created attachment [Selenium WebDriver Logs - performance] @14-02-2021 09:58:53.0738 AM
[ReportManager] Successfully created attachment [Selenium WebDriver Logs - browser] @14-02-2021 09:58:53.0750 AM
[ReportManager] Successfully created attachment [Selenium WebDriver Logs - driver] @14-02-2021 09:58:53.0823 AM
[ReportManager] Successfully Closed All Browsers. @14-02-2021 09:58:53.0899 A
[ReportManager] File Action [getAbsolutePath] successfully performed. With the following test data [Relative Folder Path: "target/downloadedFiles/"]. @14-02-2021 09:58:53.0901 AM
[ReportManager] Attempting to run remotely on: [Linux-64], [GoogleChrome], [http://localhost:4444/wd/hub], Headless Execution. @14-02-2021 09:58:53.0901 AM
[ReportManager] Successfully Opened [GoogleChrome]. @14-02-2021 09:58:54.0143 AM
[ReportManager] Target URL: [https://the-internet.herokuapp.com/] @14-02-2021 09:58:54.0157 AM
[ReportManager] Initial URL: [data:,] @14-02-2021 09:58:54.0205 AM
[ReportManager] Browser Action [navigateToURL] successfully performed. With the following test data [https://the-internet.herokuapp.com/]. @14-02-2021 09:58:54.0683 A

################################################################################################################################################
Starting Execution:	[49 out of 134] test cases in the current suite
Test Method:		[testPackage01.Test_NewValidationActions.f9]
################################################################################################################################################
[ReportManager] AssertElementExists FAILED; Expected [Element Should Exist, locator 'By.tagName: h3'] and Actual [Element Doesn't Exists]. Comparison Type [EQUALS]. Validation Type [POSITIVE]. @14-02-2021 09:58:54.0948 AM
[ReportManager] Successfully created attachment [Screenshot - 1613296734884_f9_AssertElementExists_failed] @14-02-2021 09:58:54.0949 A
[ReportManager] Successfully created attachment [Selenium WebDriver Logs - server] @14-02-2021 09:58:54.0964 AM
[ReportManager] Successfully created attachment [Selenium WebDriver Logs - performance] @14-02-2021 09:58:54.0984 AM
[ReportManager] Successfully created attachment [Selenium WebDriver Logs - browser] @14-02-2021 09:58:54.0991 AM
[ReportManager] Successfully created attachment [Selenium WebDriver Logs - driver] @14-02-2021 09:58:55.0056 AM
[ReportManager] Successfully Closed All Browsers. @14-02-2021 09:58:55.0136 A

################################################################################################################################################
Starting Execution:	[50 out of 134] test cases in the current suite
Test Method:		[testPackage01.Test_NewValidationActions.forceFail]
################################################################################################################################################
[ReportManager] AssertFail FAILED; Expected [null] and Actual [null]. @14-02-2021 09:58:55.0142 A

################################################################################################################################################
Starting Execution:	[51 out of 134] test cases in the current suite
Test Method:		[testPackage01.Test_NewValidationActions.forceFail2]
################################################################################################################################################
[ReportManager] Custom Message... @14-02-2021 09:58:55.0147 AM
[ReportManager] AssertFail FAILED; Expected [null] and Actual [null]. @14-02-2021 09:58:55.0148 A
[ReportManager] File Action [getAbsolutePath] successfully performed. With the following test data [Relative Folder Path: "target/downloadedFiles/"]. @14-02-2021 09:58:55.0151 AM
[ReportManager] Attempting to run remotely on: [Linux-64], [GoogleChrome], [http://localhost:4444/wd/hub], Headless Execution. @14-02-2021 09:58:55.0151 AM
[ReportManager] Successfully Opened [GoogleChrome]. @14-02-2021 09:58:55.0433 A

################################################################################################################################################
Starting Execution:	[52 out of 134] test cases in the current suite
Test Method:		[testPackage01.Test_dragAndDrop.dragAndDropJquery]
################################################################################################################################################
[ReportManager] Target URL: [https://jqueryui.com/resources/demos/droppable/default.html] @14-02-2021 09:58:55.0455 AM
[ReportManager] Initial URL: [data:,] @14-02-2021 09:58:55.0514 AM
[ReportManager] Browser Action [navigateToURL] successfully performed. With the following test data [https://jqueryui.com/resources/demos/droppable/default.html]. @14-02-2021 09:58:55.0905 AM
[ReportManager] Element Action [getText] successfully performed. With the following test data [Drop here]. @14-02-2021 09:58:56.0032 AM
[ReportManager] Element Action [dragAndDrop] successfully performed. With the following test data [Start point: (8, 18), End point: (8, 18)]. @14-02-2021 09:58:57.0460 AM
[ReportManager] Element Action [getText] successfully performed. With the following test data [Dropped!]. @14-02-2021 09:58:57.0545 AM
[ReportManager] Checking to see if the text has changed after performing drag and drop... @14-02-2021 09:58:57.0545 AM
[ReportManager] AssertEquals PASSED; Expected [Drop here] and Actual [Dropped!]. Comparison Type [EQUALS]. Validation Type [NEGATIVE]. @14-02-2021 09:58:57.0545 A
[ReportManager] Successfully created attachment [Selenium WebDriver Logs - server] @14-02-2021 09:58:57.0622 AM
[ReportManager] Successfully created attachment [Selenium WebDriver Logs - performance] @14-02-2021 09:58:57.0645 AM
[ReportManager] Successfully created attachment [Selenium WebDriver Logs - driver] @14-02-2021 09:58:57.0723 AM
[ReportManager] Browser Action [closeCurrentWindow] successfully performed. @14-02-2021 09:58:57.0780 AM
[ReportManager] Successfully created attachment [Browser Action Test Data - closeCurrentWindow - Actual Value] @14-02-2021 09:58:57.0780 A
[ReportManager] File Action [getAbsolutePath] successfully performed. With the following test data [Relative Folder Path: "target/downloadedFiles/"]. @14-02-2021 09:58:57.0782 AM
[ReportManager] Attempting to run remotely on: [Linux-64], [GoogleChrome], [http://localhost:4444/wd/hub], Headless Execution. @14-02-2021 09:58:57.0782 AM
[ReportManager] Successfully Opened [GoogleChrome]. @14-02-2021 09:58:58.0019 A

################################################################################################################################################
Starting Execution:	[53 out of 134] test cases in the current suite
Test Method:		[testPackage01.Test_dragAndDrop.dragAndDrop]
Test Description:	[TC001 - Test Drag and Drop function.]
################################################################################################################################################
[ReportManager] Target URL: [http://the-internet.herokuapp.com/drag_and_drop] @14-02-2021 09:58:58.0033 AM
[ReportManager] Initial URL: [data:,] @14-02-2021 09:58:58.0080 AM
[ReportManager] Browser Action [navigateToURL] successfully performed. With the following test data [http://the-internet.herokuapp.com/drag_and_drop]. @14-02-2021 09:58:58.0533 AM
[ReportManager] Attempting Drag and Drop @14-02-2021 09:58:58.0533 AM
[ReportManager] Element Action [dragAndDrop] successfully performed. With the following test data [Start point: (32, 89), End point: (247, 89)]. @14-02-2021 09:58:59.0782 A
[ReportManager] Successfully created attachment [Selenium WebDriver Logs - server] @14-02-2021 09:58:59.0834 AM
[ReportManager] Successfully created attachment [Selenium WebDriver Logs - performance] @14-02-2021 09:58:59.0862 AM
[ReportManager] Successfully created attachment [Selenium WebDriver Logs - browser] @14-02-2021 09:58:59.0876 AM
[ReportManager] Successfully created attachment [Selenium WebDriver Logs - driver] @14-02-2021 09:58:59.0942 AM
[ReportManager] Browser Action [closeCurrentWindow] successfully performed. @14-02-2021 09:58:59.0998 AM
[ReportManager] Successfully created attachment [Browser Action Test Data - closeCurrentWindow - Actual Value] @14-02-2021 09:58:59.0998 A
[ReportManager] File Action [getAbsolutePath] successfully performed. With the following test data [Relative Folder Path: "target/downloadedFiles/"]. @14-02-2021 09:59:00.0000 AM
[ReportManager] Attempting to run remotely on: [Linux-64], [GoogleChrome], [http://localhost:4444/wd/hub], Headless Execution. @14-02-2021 09:59:00.0000 AM
[ReportManager] Successfully Opened [GoogleChrome]. @14-02-2021 09:59:00.0228 A

################################################################################################################################################
Starting Execution:	[54 out of 134] test cases in the current suite
Test Method:		[testPackage01.Test_dragAndDrop.dragAndDropByOffset]
Test Description:	[TC002 - Test Drag and Drop by offset function.]
################################################################################################################################################
[ReportManager] Target URL: [https://jqueryui.com/resources/demos/draggable/default.html] @14-02-2021 09:59:00.0250 AM
[ReportManager] Initial URL: [data:,] @14-02-2021 09:59:00.0305 AM
[ReportManager] Browser Action [navigateToURL] successfully performed. With the following test data [https://jqueryui.com/resources/demos/draggable/default.html]. @14-02-2021 09:59:00.0664 AM
[ReportManager] Element Action [dragAndDropByOffset] successfully performed. With the following test data [Start point: (8, 8), End point: (1008, 108)]. @14-02-2021 09:59:00.0895 A
[ReportManager] Successfully created attachment [Selenium WebDriver Logs - server] @14-02-2021 09:59:00.0962 AM
[ReportManager] Successfully created attachment [Selenium WebDriver Logs - performance] @14-02-2021 09:59:00.0980 AM
[ReportManager] Successfully created attachment [Selenium WebDriver Logs - driver] @14-02-2021 09:59:01.0039 AM
[ReportManager] Browser Action [closeCurrentWindow] successfully performed. @14-02-2021 09:59:01.0096 AM
[ReportManager] Successfully created attachment [Browser Action Test Data - closeCurrentWindow - Actual Value] @14-02-2021 09:59:01.0096 A

################################################################################################################################################
Starting Execution:	[55 out of 134] test cases in the current suite
Test Method:		[testPackage01.Test_SelectedValue.multipleSelect]
################################################################################################################################################
[ReportManager] File Action [getAbsolutePath] successfully performed. With the following test data [Relative Folder Path: "target/downloadedFiles/"]. @14-02-2021 09:59:01.0105 AM
[ReportManager] Attempting to run remotely on: [Linux-64], [GoogleChrome], [http://localhost:4444/wd/hub], Headless Execution. @14-02-2021 09:59:01.0105 AM
[ReportManager] Successfully Opened [GoogleChrome]. @14-02-2021 09:59:01.0334 AM
[ReportManager] Target URL: [https://mdn.mozillademos.org/en-US/docs/Web/HTML/Element/select$samples/Advanced_select_with_multiple_features?revision=1612304] @14-02-2021 09:59:01.0345 AM
[ReportManager] Initial URL: [data:,] @14-02-2021 09:59:01.0386 AM
[ReportManager] Browser Action [navigateToURL] successfully performed. With the following test data [https://mdn.mozillademos.org/en-US/docs/Web/HTML/Element/select$samples/Advanced_select_with_multiple_features?revision=1612304]. @14-02-2021 09:59:01.0679 AM
[ReportManager] Element Action [select] successfully performed. With the following test data [Dog]. @14-02-2021 09:59:01.0955 AM
[ReportManager] Element Action [select] successfully performed. With the following test data [Cat]. @14-02-2021 09:59:02.0212 AM
[ReportManager] Element Action [getSelectedText] successfully performed. With the following test data [DogCat]. @14-02-2021 09:59:02.0382 AM
[ReportManager] DogCat @14-02-2021 09:59:02.0382 AM
[ReportManager] Element Action [getSelectedText] successfully performed. With the following test data [DogCat]. @14-02-2021 09:59:02.0551 AM
[ReportManager] Loaded Shared OpenCV @14-02-2021 09:59:02.0675 AM
[ReportManager] AssertElementAttribute PASSED; Expected [Value Should be 'DogCat' for the 'selectedText' attribute, element locator 'By.tagName: select'] and Actual [DogCat]. Comparison Type [EQUALS]. Validation Type [POSITIVE]. @14-02-2021 09:59:02.0743 AM
[ReportManager] Successfully created attachment [Screenshot - 1613296742675_multipleSelect_AssertElementAttribute_passed] @14-02-2021 09:59:02.0744 AM
[ReportManager] Successfully created attachment [Selenium WebDriver Logs - server] @14-02-2021 09:59:02.0781 AM
[ReportManager] Successfully created attachment [Selenium WebDriver Logs - performance] @14-02-2021 09:59:02.0790 AM
[ReportManager] Successfully created attachment [Selenium WebDriver Logs - driver] @14-02-2021 09:59:02.0885 AM
[ReportManager] Browser Action [closeCurrentWindow] successfully performed. @14-02-2021 09:59:02.0944 AM
[ReportManager] Successfully created attachment [Browser Action Test Data - closeCurrentWindow - Actual Value] @14-02-2021 09:59:02.0944 A

################################################################################################################################################
Starting Execution:	[56 out of 134] test cases in the current suite
Test Method:		[testPackage01.Test_SelectedValue.simpleSelect]
################################################################################################################################################
[ReportManager] File Action [getAbsolutePath] successfully performed. With the following test data [Relative Folder Path: "target/downloadedFiles/"]. @14-02-2021 09:59:02.0960 AM
[ReportManager] Attempting to run remotely on: [Linux-64], [GoogleChrome], [http://localhost:4444/wd/hub], Headless Execution. @14-02-2021 09:59:02.0960 AM
[ReportManager] Successfully Opened [GoogleChrome]. @14-02-2021 09:59:03.0179 AM
[ReportManager] Target URL: [https://mdn.mozillademos.org/en-US/docs/Web/HTML/Element/select$samples/Basic_select?revision=1612304] @14-02-2021 09:59:03.0202 AM
[ReportManager] Initial URL: [data:,] @14-02-2021 09:59:03.0253 AM
[ReportManager] Browser Action [navigateToURL] successfully performed. With the following test data [https://mdn.mozillademos.org/en-US/docs/Web/HTML/Element/select$samples/Basic_select?revision=1612304]. @14-02-2021 09:59:03.0466 AM
[ReportManager] Element Action [select] successfully performed. With the following test data [Third Value]. @14-02-2021 09:59:03.0795 AM
[ReportManager] Element Action [getSelectedText] successfully performed. With the following test data [Third Value]. @14-02-2021 09:59:03.0944 AM
[ReportManager] Third Value @14-02-2021 09:59:03.0944 AM
[ReportManager] Element Action [getSelectedText] successfully performed. With the following test data [Third Value]. @14-02-2021 09:59:04.0077 AM
[ReportManager] Loaded Shared OpenCV @14-02-2021 09:59:04.0207 AM
[ReportManager] AssertElementAttribute PASSED; Expected [Value Should be 'Third Value' for the 'selectedText' attribute, element locator 'By.tagName: select'] and Actual [Third Value]. Comparison Type [EQUALS]. Validation Type [POSITIVE]. @14-02-2021 09:59:04.0282 AM
[ReportManager] Successfully created attachment [Screenshot - 1613296744207_simpleSelect_AssertElementAttribute_passed] @14-02-2021 09:59:04.0282 AM
[ReportManager] Successfully created attachment [Selenium WebDriver Logs - server] @14-02-2021 09:59:04.0331 AM
[ReportManager] Successfully created attachment [Selenium WebDriver Logs - performance] @14-02-2021 09:59:04.0341 AM
[ReportManager] Successfully created attachment [Selenium WebDriver Logs - driver] @14-02-2021 09:59:04.0416 AM
[ReportManager] Browser Action [closeCurrentWindow] successfully performed. @14-02-2021 09:59:04.0478 AM
[ReportManager] Successfully created attachment [Browser Action Test Data - closeCurrentWindow - Actual Value] @14-02-2021 09:59:04.0479 A

################################################################################################################################################
Starting Execution:	[57 out of 134] test cases in the current suite
Test Method:		[testPackage01.Test_JsonCompareWithSpecialCharacters.specialCharacters]
################################################################################################################################################
[ReportManager] File Action [getAbsolutePath] successfully performed. With the following test data [Relative Folder Path: "src/test/resources/TestJsonFiles/specialCharacters.json"]. @14-02-2021 09:59:04.0937 AM
[ReportManager] File Action [readFromFile] successfully performed. With the following test data [File Path: "/home/runner/work/SHAFT_ENGINE/SHAFT_ENGINE/src/test/resources/TestJsonFiles/specialCharacters.json"]. @14-02-2021 09:59:04.0940 AM
[ReportManager] Successfully created attachment [File Action Actual Result - Command Log] @14-02-2021 09:59:04.0941 AM
[ReportManager] Comparing the provided API response with the file at this path "src/test/resources/TestJsonFiles/specialCharacters.json", comparison type "EQUALS" @14-02-2021 09:59:05.0386 AM
[ReportManager] API Action [compareJSON] successfully performed. With the following test data [src/test/resources/TestJsonFiles/specialCharacters.json]. @14-02-2021 09:59:05.0565 AM
[ReportManager] File Action [getAbsolutePath] successfully performed. With the following test data [Relative Folder Path: "src/test/resources/TestJsonFiles/specialCharacters.json"]. @14-02-2021 09:59:05.0568 AM
[ReportManager] File Action [readFromFile] successfully performed. With the following test data [File Path: "/home/runner/work/SHAFT_ENGINE/SHAFT_ENGINE/src/test/resources/TestJsonFiles/specialCharacters.json"]. @14-02-2021 09:59:05.0568 AM
[ReportManager] VerifyJSONFileContent PASSED; Expected [Response data should match the JSON File in this path 'src/test/resources/TestJsonFiles/specialCharacters.json'] and Actual [TRUE]. Comparison Type [EQUALS]. Validation Type [POSITIVE]. @14-02-2021 09:59:05.0586 AM
[ReportManager] Successfully created attachment [Validation Test Data - Expected JSON Value] @14-02-2021 09:59:05.0825 AM
[ReportManager] Successfully created attachment [Validation Test Data - Actual JSON Value] @14-02-2021 09:59:05.0826 A

################################################################################################################################################
Starting Execution:	[58 out of 134] test cases in the current suite
Test Method:		[testPackage01.Test_JsonCompareWithSpecialCharacters.specialCharacters_assertion]
################################################################################################################################################
[ReportManager] File Action [getAbsolutePath] successfully performed. With the following test data [Relative Folder Path: "src/test/resources/TestJsonFiles/specialCharacters.json"]. @14-02-2021 09:59:05.0835 AM
[ReportManager] File Action [readFromFile] successfully performed. With the following test data [File Path: "/home/runner/work/SHAFT_ENGINE/SHAFT_ENGINE/src/test/resources/TestJsonFiles/specialCharacters.json"]. @14-02-2021 09:59:05.0836 AM
[ReportManager] Successfully created attachment [File Action Actual Result - Command Log] @14-02-2021 09:59:05.0836 AM
[ReportManager] trying out the log message... @14-02-2021 09:59:05.0837 AM
[ReportManager] Comparing the provided API response with the file at this path "src/test/resources/TestJsonFiles/specialCharacters.json", comparison type "CONTAINS" @14-02-2021 09:59:05.0837 AM
[ReportManager] API Action [compareJSON] successfully performed. With the following test data [src/test/resources/TestJsonFiles/specialCharacters.json]. @14-02-2021 09:59:05.0868 AM
[ReportManager] File Action [getAbsolutePath] successfully performed. With the following test data [Relative Folder Path: "src/test/resources/TestJsonFiles/specialCharacters.json"]. @14-02-2021 09:59:05.0868 AM
[ReportManager] File Action [readFromFile] successfully performed. With the following test data [File Path: "/home/runner/work/SHAFT_ENGINE/SHAFT_ENGINE/src/test/resources/TestJsonFiles/specialCharacters.json"]. @14-02-2021 09:59:05.0869 AM
[ReportManager] AssertJSONFileContent PASSED; Expected [Response data should match the JSON File in this path 'src/test/resources/TestJsonFiles/specialCharacters.json'] and Actual [TRUE]. Comparison Type [CONTAINS]. Validation Type [POSITIVE]. @14-02-2021 09:59:05.0875 AM
[ReportManager] Successfully created attachment [Validation Test Data - Expected JSON Value] @14-02-2021 09:59:05.0876 AM
[ReportManager] Successfully created attachment [Validation Test Data - Actual JSON Value] @14-02-2021 09:59:05.0876 A

################################################################################################################################################
Starting Execution:	[59 out of 134] test cases in the current suite
Test Method:		[testPackage01.Test_JSONFileManager.readStringFromJson]
################################################################################################################################################
[ReportManager] Successfully loaded the following test data file [src/test/resources/TestDataFiles/simpleJSON.json]. @14-02-2021 09:59:05.0890 AM
[ReportManager] Successfully created attachment [Test Data - JSON] @14-02-2021 09:59:05.0891 AM
[ReportManager] AssertEquals PASSED; Expected [Mohab Mohie] and Actual [Mohab Mohie]. Comparison Type [EQUALS]. Validation Type [POSITIVE]. @14-02-2021 09:59:06.0843 A

################################################################################################################################################
Starting Execution:	[60 out of 134] test cases in the current suite
Test Method:		[testPackage01.Test_testData.f]
################################################################################################################################################
[ReportManager] Successfully loaded the following test data file [src/test/resources/TestDataFiles/testSuite01/TestData.xlsx]. @14-02-2021 09:59:06.0906 AM
[ReportManager] Successfully created attachment [Test Data - Excel] @14-02-2021 09:59:06.0907 AM
[ReportManager] Last Column Number is: [3]. Zero-based. @14-02-2021 09:59:06.0907 A
[ReportManager] File Action [getAbsolutePath] successfully performed. With the following test data [Relative Folder Path: "target/downloadedFiles/"]. @14-02-2021 09:59:06.0914 AM
[ReportManager] Attempting to run remotely on: [Linux-64], [GoogleChrome], [http://localhost:4444/wd/hub], Headless Execution. @14-02-2021 09:59:06.0914 AM
[ReportManager] Successfully Opened [GoogleChrome]. @14-02-2021 09:59:07.0278 A

################################################################################################################################################
Starting Execution:	[61 out of 134] test cases in the current suite
Test Method:		[testPackage01.Test_uploadFile.uploadFile_invisibleUploadInput]
################################################################################################################################################
[ReportManager] Target URL: [https://fineuploader.com/demos.html#gallery-view] @14-02-2021 09:59:07.0312 AM
[ReportManager] Initial URL: [data:,] @14-02-2021 09:59:07.0367 AM
[ReportManager] Browser Action [navigateToURL] successfully performed. With the following test data [https://fineuploader.com/demos.html#gallery-view]. @14-02-2021 09:59:09.0289 AM
[ReportManager] File Action [getAbsolutePath] successfully performed. With the following test data [Relative File Path: "src/main/resources/images/shaft.png"]. @14-02-2021 09:59:09.0290 AM
[ReportManager] Successfully created attachment [File Action Actual Result - Command Log] @14-02-2021 09:59:09.0290 AM
[ReportManager] Element Action [typeFileLocationForUpload] successfully performed. With the following test data [/home/runner/work/SHAFT_ENGINE/SHAFT_ENGINE/src/main/resources/images/shaft.png]. @14-02-2021 09:59:09.0490 AM
[ReportManager] Attempting to getAttribute [src] from elementLocator [By.xpath: //div[@id='fine-uploader-gallery']//div[@class='qq-thumbnail-wrapper']/img]. @14-02-2021 09:59:09.0490 AM
[ReportManager] Element Action [getAttribute] successfully performed. @14-02-2021 09:59:09.0638 AM
[ReportManager] Successfully created attachment [Element Action Test Data - getAttribute - Actual Value] @14-02-2021 09:59:09.0639 AM
[ReportManager] Loaded Shared OpenCV @14-02-2021 09:59:09.0806 AM
[ReportManager] AssertElementAttribute PASSED; Expected and Actual values are attached. Comparison Type [CONTAINS]. Validation Type [POSITIVE]. @14-02-2021 09:59:09.0897 AM
[ReportManager] Successfully created attachment [Validation Test Data - Expected Value] @14-02-2021 09:59:09.0898 AM
[ReportManager] Successfully created attachment [Validation Test Data - Actual Value] @14-02-2021 09:59:09.0898 AM
[ReportManager] Successfully created attachment [Screenshot - 1613296749806_uploadFile_invisibleUploadInput_AssertElementAttribute_passed] @14-02-2021 09:59:09.0899 A
[ReportManager] Successfully created attachment [Selenium WebDriver Logs - server] @14-02-2021 09:59:10.0001 AM
[ReportManager] Successfully created attachment [Selenium WebDriver Logs - performance] @14-02-2021 09:59:10.0129 AM
[ReportManager] Successfully created attachment [Selenium WebDriver Logs - browser] @14-02-2021 09:59:10.0143 AM
[ReportManager] Successfully created attachment [Selenium WebDriver Logs - driver] @14-02-2021 09:59:10.0297 AM
[ReportManager] Browser Action [closeCurrentWindow] successfully performed. @14-02-2021 09:59:10.0354 AM
[ReportManager] Successfully created attachment [Browser Action Test Data - closeCurrentWindow - Actual Value] @14-02-2021 09:59:10.0355 A
[ReportManager] File Action [getAbsolutePath] successfully performed. With the following test data [Relative Folder Path: "target/downloadedFiles/"]. @14-02-2021 09:59:10.0374 AM
[ReportManager] Attempting to run remotely on: [Linux-64], [GoogleChrome], [http://localhost:4444/wd/hub], Headless Execution. @14-02-2021 09:59:10.0374 AM
[ReportManager] Successfully Opened [GoogleChrome]. @14-02-2021 09:59:10.0610 A

################################################################################################################################################
Starting Execution:	[62 out of 134] test cases in the current suite
Test Method:		[testPackage01.Test_uploadFile.uploadFile_visibleUploadInput]
################################################################################################################################################
[ReportManager] Target URL: [http://demo.guru99.com/test/upload/] @14-02-2021 09:59:10.0628 AM
[ReportManager] Initial URL: [data:,] @14-02-2021 09:59:10.0674 AM
[ReportManager] Browser Action [navigateToURL] successfully performed. With the following test data [http://demo.guru99.com/test/upload/]. @14-02-2021 09:59:12.0033 AM
[ReportManager] File Action [getAbsolutePath] successfully performed. With the following test data [Relative File Path: "src/main/resources/images/shaft.png"]. @14-02-2021 09:59:12.0033 AM
[ReportManager] Successfully created attachment [File Action Actual Result - Command Log] @14-02-2021 09:59:12.0033 AM
[ReportManager] Element Action [typeFileLocationForUpload] successfully performed. With the following test data [/home/runner/work/SHAFT_ENGINE/SHAFT_ENGINE/src/main/resources/images/shaft.png]. @14-02-2021 09:59:12.0214 AM
[ReportManager] Element Action [click] successfully performed. With the following test data [on]. @14-02-2021 09:59:12.0600 AM
[ReportManager] Element Action [click] successfully performed. With the following test data [Submit File]. @14-02-2021 09:59:12.0969 AM
[ReportManager] Element Action [getText] successfully performed. With the following test data [1 file
has been successfully uploaded.]. @14-02-2021 09:59:13.0642 AM
[ReportManager] Loaded Shared OpenCV @14-02-2021 09:59:13.0785 AM
[ReportManager] AssertElementAttribute PASSED; Expected [Value Should be '1 file' for the 'Text' attribute, element locator 'By.id: res'] and Actual [1 file
has been successfully uploaded.]. Comparison Type [CONTAINS]. Validation Type [POSITIVE]. @14-02-2021 09:59:13.0876 AM
[ReportManager] Successfully created attachment [Screenshot - 1613296753785_uploadFile_visibleUploadInput_AssertElementAttribute_passed] @14-02-2021 09:59:13.0877 A
[ReportManager] Successfully created attachment [Selenium WebDriver Logs - server] @14-02-2021 09:59:13.0954 AM
[ReportManager] Successfully created attachment [Selenium WebDriver Logs - performance] @14-02-2021 09:59:14.0040 AM
[ReportManager] Successfully created attachment [Selenium WebDriver Logs - browser] @14-02-2021 09:59:14.0050 AM
[ReportManager] Successfully created attachment [Selenium WebDriver Logs - driver] @14-02-2021 09:59:14.0247 AM
[ReportManager] Browser Action [closeCurrentWindow] successfully performed. @14-02-2021 09:59:14.0304 AM
[ReportManager] Successfully created attachment [Browser Action Test Data - closeCurrentWindow - Actual Value] @14-02-2021 09:59:14.0304 A

################################################################################################################################################
Starting Execution:	[63 out of 134] test cases in the current suite
Test Method:		[testPackage01.Test_chainableElementActions.chainElementActions]
################################################################################################################################################
[ReportManager] File Action [getAbsolutePath] successfully performed. With the following test data [Relative Folder Path: "target/downloadedFiles/"]. @14-02-2021 09:59:14.0347 AM
[ReportManager] Attempting to run remotely on: [Linux-64], [GoogleChrome], [http://localhost:4444/wd/hub], Headless Execution. @14-02-2021 09:59:14.0348 AM
[ReportManager] Successfully Opened [GoogleChrome]. @14-02-2021 09:59:14.0571 AM
[ReportManager] Target URL: [https://www.google.com/ncr], and after redirection: [https://www.google.com] @14-02-2021 09:59:14.0585 AM
[ReportManager] Initial URL: [data:,] @14-02-2021 09:59:14.0627 AM
[ReportManager] Browser Action [navigateToURL] successfully performed. With the following test data [https://www.google.com/ncr]. @14-02-2021 09:59:15.0468 AM
[ReportManager] Element Action [type] successfully performed. With the following test data [chained type 1]. @14-02-2021 09:59:16.0224 AM
[ReportManager] Element Action [type] successfully performed. With the following test data [chained type 2]. @14-02-2021 09:59:16.0878 AM
[ReportManager] Element Action [typeAppend] successfully performed. With the following test data [345]. @14-02-2021 09:59:17.0072 AM
[ReportManager] Element Action [getText] successfully performed. With the following test data [chained type 2345]. @14-02-2021 09:59:17.0231 AM
[ReportManager] Loaded Shared OpenCV @14-02-2021 09:59:17.0432 AM
[ReportManager] AssertElementAttribute PASSED; Expected [Value Should be 'chained type 2345' for the 'text' attribute, element locator 'By.name: q'] and Actual [chained type 2345]. Comparison Type [EQUALS]. Validation Type [POSITIVE]. @14-02-2021 09:59:17.0513 AM
[ReportManager] Successfully created attachment [Screenshot - 1613296757432_chainElementActions_AssertElementAttribute_passed] @14-02-2021 09:59:17.0514 AM
[ReportManager] Successfully created attachment [Selenium WebDriver Logs - server] @14-02-2021 09:59:17.0608 AM
[ReportManager] Successfully created attachment [Selenium WebDriver Logs - performance] @14-02-2021 09:59:17.0773 AM
[ReportManager] Successfully created attachment [Selenium WebDriver Logs - driver] @14-02-2021 09:59:17.0974 AM
[ReportManager] Browser Action [closeCurrentWindow] successfully performed. @14-02-2021 09:59:18.0031 AM
[ReportManager] Successfully created attachment [Browser Action Test Data - closeCurrentWindow - Actual Value] @14-02-2021 09:59:18.0032 A

################################################################################################################################################
Starting Execution:	[64 out of 134] test cases in the current suite
Test Method:		[testPackage01.Test_JsonActions.f]
###############################################################################################################################################

################################################################################################################################################
Starting Execution:	[65 out of 134] test cases in the current suite
Test Method:		[testPackage01.Test_JsonActions.f2]
###############################################################################################################################################
[ReportManager] File Action [getAbsolutePath] successfully performed. With the following test data [Relative Folder Path: "target/downloadedFiles/"]. @14-02-2021 09:59:18.0054 AM
[ReportManager] Attempting to run remotely on: [Linux-64], [GoogleChrome], [http://localhost:4444/wd/hub], Headless Execution. @14-02-2021 09:59:18.0055 AM
[ReportManager] Successfully Opened [GoogleChrome]. @14-02-2021 09:59:18.0297 A

################################################################################################################################################
Starting Execution:	[66 out of 134] test cases in the current suite
Test Method:		[testPackage01.Test_clipboardActions.typeTextAndCopyPaste]
################################################################################################################################################
[ReportManager] Target URL: [https://www.google.com/ncr], and after redirection: [https://www.google.com] @14-02-2021 09:59:18.0320 AM
[ReportManager] Initial URL: [data:,] @14-02-2021 09:59:18.0365 AM
[ReportManager] Browser Action [navigateToURL] successfully performed. With the following test data [https://www.google.com/ncr]. @14-02-2021 09:59:19.0200 AM
[ReportManager] Element Action [type] successfully performed. With the following test data [FIRST]. @14-02-2021 09:59:19.0702 AM
[ReportManager] Element Action [clipboardActions] successfully performed. With the following test data [select all]. @14-02-2021 09:59:19.0801 AM
[ReportManager] Element Action [clipboardActions] successfully performed. With the following test data [copy]. @14-02-2021 09:59:19.0920 AM
[ReportManager] Element Action [clipboardActions] successfully performed. With the following test data [unselect]. @14-02-2021 09:59:20.0008 AM
[ReportManager] Element Action [clipboardActions] successfully performed. With the following test data [paste]. @14-02-2021 09:59:20.0094 AM
[ReportManager] Element Action [clipboardActions] successfully performed. With the following test data [select all]. @14-02-2021 09:59:20.0225 AM
[ReportManager] Element Action [clipboardActions] successfully performed. With the following test data [cut]. @14-02-2021 09:59:20.0335 AM
[ReportManager] Element Action [clipboardActions] successfully performed. With the following test data [paste]. @14-02-2021 09:59:20.0434 AM
[ReportManager] Element Action [clipboardActions] successfully performed. With the following test data [paste]. @14-02-2021 09:59:20.0528 A
[ReportManager] Successfully created attachment [Selenium WebDriver Logs - server] @14-02-2021 09:59:20.0642 AM
[ReportManager] Successfully created attachment [Selenium WebDriver Logs - performance] @14-02-2021 09:59:20.0722 AM
[ReportManager] Successfully created attachment [Selenium WebDriver Logs - driver] @14-02-2021 09:59:20.0912 AM
[ReportManager] Browser Action [closeCurrentWindow] successfully performed. @14-02-2021 09:59:20.0972 AM
[ReportManager] Successfully created attachment [Browser Action Test Data - closeCurrentWindow - Actual Value] @14-02-2021 09:59:20.0973 A
[ReportManager] File Action [getAbsolutePath] successfully performed. With the following test data [Relative Folder Path: "target/downloadedFiles/"]. @14-02-2021 09:59:20.0974 AM
[ReportManager] Attempting to run remotely on: [Linux-64], [GoogleChrome], [http://localhost:4444/wd/hub], Headless Execution. @14-02-2021 09:59:20.0974 AM
[ReportManager] Successfully Opened [GoogleChrome]. @14-02-2021 09:59:21.0295 A

################################################################################################################################################
Starting Execution:	[67 out of 134] test cases in the current suite
Test Method:		[testPackage01.Test_IsElementClickable.testIsElementClickable]
################################################################################################################################################
[ReportManager] Target URL: [https://the-internet.herokuapp.com/] @14-02-2021 09:59:21.0335 AM
[ReportManager] Initial URL: [data:,] @14-02-2021 09:59:21.0384 AM
[ReportManager] Browser Action [navigateToURL] successfully performed. With the following test data [https://the-internet.herokuapp.com/]. @14-02-2021 09:59:21.0807 AM
[ReportManager] Element Action [isElementClickable] successfully performed. @14-02-2021 09:59:22.0002 AM
[ReportManager] AssertTrue PASSED; Expected [TRUE] and Actual [TRUE]. Validation Type [POSITIVE]. @14-02-2021 09:59:22.0002 A
[ReportManager] Successfully created attachment [Selenium WebDriver Logs - server] @14-02-2021 09:59:22.0050 AM
[ReportManager] Successfully created attachment [Selenium WebDriver Logs - performance] @14-02-2021 09:59:22.0069 AM
[ReportManager] Successfully created attachment [Selenium WebDriver Logs - browser] @14-02-2021 09:59:22.0076 AM
[ReportManager] Successfully created attachment [Selenium WebDriver Logs - driver] @14-02-2021 09:59:22.0135 AM
[ReportManager] Browser Action [closeCurrentWindow] successfully performed. @14-02-2021 09:59:22.0191 AM
[ReportManager] Successfully created attachment [Browser Action Test Data - closeCurrentWindow - Actual Value] @14-02-2021 09:59:22.0192 A
[ReportManager] File Action [getAbsolutePath] successfully performed. With the following test data [Relative Folder Path: "target/downloadedFiles/"]. @14-02-2021 09:59:22.0193 AM
[ReportManager] Attempting to run remotely on: [Linux-64], [GoogleChrome], [http://localhost:4444/wd/hub], Headless Execution. @14-02-2021 09:59:22.0194 AM
[ReportManager] Successfully Opened [GoogleChrome]. @14-02-2021 09:59:22.0432 AM
[ReportManager] Target URL: [https://duckduckgo.com] @14-02-2021 09:59:22.0442 AM
[ReportManager] Initial URL: [data:,] @14-02-2021 09:59:22.0493 AM
[ReportManager] Browser Action [navigateToURL] successfully performed. With the following test data [https://duckduckgo.com]. @14-02-2021 09:59:23.0108 A

################################################################################################################################################
Starting Execution:	[68 out of 134] test cases in the current suite
Test Method:		[unitTests.tests_browserActions.fullScreenWindow]
################################################################################################################################################
[ReportManager] Initial Windows Size: 800x600 @14-02-2021 09:59:23.0128 AM
[ReportManager] Initial window size: (800, 600) @14-02-2021 09:59:23.0131 AM
[ReportManager] Window size after Toolkit: (1920, 1080) @14-02-2021 09:59:23.0354 AM
[ReportManager] Browser Action [maximizeWindow] successfully performed. With the following test data [New screen size is now: (1920, 1080)]. @14-02-2021 09:59:23.0359 AM
[ReportManager] Current Windows Size after fullScreen: 1920x1080 @14-02-2021 09:59:23.0366 AM
[ReportManager] Browser Action [fullScreenWindow] successfully performed. @14-02-2021 09:59:23.0383 AM
[ReportManager] Successfully created attachment [Browser Action Test Data - fullScreenWindow - Actual Value] @14-02-2021 09:59:23.0383 A
[ReportManager] Target URL: [https://duckduckgo.com] @14-02-2021 09:59:23.0385 AM
[ReportManager] Initial URL: [https://duckduckgo.com] @14-02-2021 09:59:23.0444 AM
[ReportManager] Browser Action [navigateToURL] successfully performed. With the following test data [https://duckduckgo.com]. @14-02-2021 09:59:23.0835 AM
[ReportManager] Successfully created attachment [Selenium WebDriver Logs - server] @14-02-2021 09:59:23.0901 AM
[ReportManager] Successfully created attachment [Selenium WebDriver Logs - performance] @14-02-2021 09:59:24.0011 AM
[ReportManager] Successfully created attachment [Selenium WebDriver Logs - driver] @14-02-2021 09:59:24.0170 AM
[ReportManager] Browser Action [closeCurrentWindow] successfully performed. @14-02-2021 09:59:24.0231 AM
[ReportManager] Successfully created attachment [Browser Action Test Data - closeCurrentWindow - Actual Value] @14-02-2021 09:59:24.0231 A
[ReportManager] File Action [getAbsolutePath] successfully performed. With the following test data [Relative Folder Path: "target/downloadedFiles/"]. @14-02-2021 09:59:24.0233 AM
[ReportManager] Attempting to run remotely on: [Linux-64], [GoogleChrome], [http://localhost:4444/wd/hub], Headless Execution. @14-02-2021 09:59:24.0233 AM
[ReportManager] Successfully Opened [GoogleChrome]. @14-02-2021 09:59:24.0473 AM
[ReportManager] Target URL: [https://duckduckgo.com] @14-02-2021 09:59:24.0486 AM
[ReportManager] Initial URL: [data:,] @14-02-2021 09:59:24.0535 AM
[ReportManager] Browser Action [navigateToURL] successfully performed. With the following test data [https://duckduckgo.com]. @14-02-2021 09:59:25.0060 A

################################################################################################################################################
Starting Execution:	[69 out of 134] test cases in the current suite
Test Method:		[unitTests.tests_browserActions.getCurrentURL]
################################################################################################################################################
[ReportManager] Browser Action [getCurrentURL] successfully performed. With the following test data [https://duckduckgo.com/]. @14-02-2021 09:59:25.0100 A
[ReportManager] Target URL: [https://duckduckgo.com] @14-02-2021 09:59:25.0103 AM
[ReportManager] Initial URL: [https://duckduckgo.com] @14-02-2021 09:59:25.0164 AM
[ReportManager] Browser Action [navigateToURL] successfully performed. With the following test data [https://duckduckgo.com]. @14-02-2021 09:59:25.0510 AM
[ReportManager] Successfully created attachment [Selenium WebDriver Logs - server] @14-02-2021 09:59:25.0561 AM
[ReportManager] Successfully created attachment [Selenium WebDriver Logs - performance] @14-02-2021 09:59:25.0667 AM
[ReportManager] Successfully created attachment [Selenium WebDriver Logs - driver] @14-02-2021 09:59:25.0809 AM
[ReportManager] Browser Action [closeCurrentWindow] successfully performed. @14-02-2021 09:59:25.0867 AM
[ReportManager] Successfully created attachment [Browser Action Test Data - closeCurrentWindow - Actual Value] @14-02-2021 09:59:25.0868 A
[ReportManager] File Action [getAbsolutePath] successfully performed. With the following test data [Relative Folder Path: "target/downloadedFiles/"]. @14-02-2021 09:59:25.0870 AM
[ReportManager] Attempting to run remotely on: [Linux-64], [GoogleChrome], [http://localhost:4444/wd/hub], Headless Execution. @14-02-2021 09:59:25.0871 AM
[ReportManager] Successfully Opened [GoogleChrome]. @14-02-2021 09:59:26.0117 AM
[ReportManager] Target URL: [https://duckduckgo.com] @14-02-2021 09:59:26.0128 AM
[ReportManager] Initial URL: [data:,] @14-02-2021 09:59:26.0175 AM
[ReportManager] Browser Action [navigateToURL] successfully performed. With the following test data [https://duckduckgo.com]. @14-02-2021 09:59:26.0733 A

################################################################################################################################################
Starting Execution:	[70 out of 134] test cases in the current suite
Test Method:		[unitTests.tests_browserActions.getCurrentWindowTitle]
################################################################################################################################################
[ReportManager] Browser Action [getCurrentWindowTitle] successfully performed. With the following test data [DuckDuckGo  Privacy, simplified.]. @14-02-2021 09:59:26.0805 A
[ReportManager] Target URL: [https://duckduckgo.com] @14-02-2021 09:59:26.0807 AM
[ReportManager] Initial URL: [https://duckduckgo.com] @14-02-2021 09:59:26.0900 AM
[ReportManager] Browser Action [navigateToURL] successfully performed. With the following test data [https://duckduckgo.com]. @14-02-2021 09:59:27.0245 AM
[ReportManager] Successfully created attachment [Selenium WebDriver Logs - server] @14-02-2021 09:59:27.0299 AM
[ReportManager] Successfully created attachment [Selenium WebDriver Logs - performance] @14-02-2021 09:59:27.0405 AM
[ReportManager] Successfully created attachment [Selenium WebDriver Logs - driver] @14-02-2021 09:59:27.0554 AM
[ReportManager] Browser Action [closeCurrentWindow] successfully performed. @14-02-2021 09:59:27.0610 AM
[ReportManager] Successfully created attachment [Browser Action Test Data - closeCurrentWindow - Actual Value] @14-02-2021 09:59:27.0611 A
[ReportManager] File Action [getAbsolutePath] successfully performed. With the following test data [Relative Folder Path: "target/downloadedFiles/"]. @14-02-2021 09:59:27.0613 AM
[ReportManager] Attempting to run remotely on: [Linux-64], [GoogleChrome], [http://localhost:4444/wd/hub], Headless Execution. @14-02-2021 09:59:27.0613 AM
[ReportManager] Successfully Opened [GoogleChrome]. @14-02-2021 09:59:27.0835 AM
[ReportManager] Target URL: [https://duckduckgo.com] @14-02-2021 09:59:27.0855 AM
[ReportManager] Initial URL: [data:,] @14-02-2021 09:59:27.0898 AM
[ReportManager] Browser Action [navigateToURL] successfully performed. With the following test data [https://duckduckgo.com]. @14-02-2021 09:59:28.0436 A

################################################################################################################################################
Starting Execution:	[71 out of 134] test cases in the current suite
Test Method:		[unitTests.tests_browserActions.getPageSource]
################################################################################################################################################
[ReportManager] Browser Action [getPageSource] successfully performed. @14-02-2021 09:59:28.0492 AM
[ReportManager] Successfully created attachment [Browser Action Test Data - getPageSource - Actual Value] @14-02-2021 09:59:28.0493 A
[ReportManager] Target URL: [https://duckduckgo.com] @14-02-2021 09:59:28.0497 AM
[ReportManager] Initial URL: [https://duckduckgo.com] @14-02-2021 09:59:28.0557 AM
[ReportManager] Browser Action [navigateToURL] successfully performed. With the following test data [https://duckduckgo.com]. @14-02-2021 09:59:28.0901 AM
[ReportManager] Successfully created attachment [Selenium WebDriver Logs - server] @14-02-2021 09:59:28.0955 AM
[ReportManager] Successfully created attachment [Selenium WebDriver Logs - performance] @14-02-2021 09:59:29.0063 AM
[ReportManager] Successfully created attachment [Selenium WebDriver Logs - driver] @14-02-2021 09:59:29.0241 AM
[ReportManager] Browser Action [closeCurrentWindow] successfully performed. @14-02-2021 09:59:29.0300 AM
[ReportManager] Successfully created attachment [Browser Action Test Data - closeCurrentWindow - Actual Value] @14-02-2021 09:59:29.0300 A
[ReportManager] File Action [getAbsolutePath] successfully performed. With the following test data [Relative Folder Path: "target/downloadedFiles/"]. @14-02-2021 09:59:29.0302 AM
[ReportManager] Attempting to run remotely on: [Linux-64], [GoogleChrome], [http://localhost:4444/wd/hub], Headless Execution. @14-02-2021 09:59:29.0302 AM
[ReportManager] Successfully Opened [GoogleChrome]. @14-02-2021 09:59:29.0528 AM
[ReportManager] Target URL: [https://duckduckgo.com] @14-02-2021 09:59:29.0540 AM
[ReportManager] Initial URL: [data:,] @14-02-2021 09:59:29.0585 AM
[ReportManager] Browser Action [navigateToURL] successfully performed. With the following test data [https://duckduckgo.com]. @14-02-2021 09:59:30.0140 A

################################################################################################################################################
Starting Execution:	[72 out of 134] test cases in the current suite
Test Method:		[unitTests.tests_browserActions.getWindowHandle]
################################################################################################################################################
[ReportManager] Browser Action [getWindowHandle] successfully performed. With the following test data [CDwindow-985A6715479753A7B9E9D74587354F21]. @14-02-2021 09:59:30.0178 A
[ReportManager] Target URL: [https://duckduckgo.com] @14-02-2021 09:59:30.0182 AM
[ReportManager] Initial URL: [https://duckduckgo.com] @14-02-2021 09:59:30.0237 AM
[ReportManager] Browser Action [navigateToURL] successfully performed. With the following test data [https://duckduckgo.com]. @14-02-2021 09:59:30.0570 AM
[ReportManager] Successfully created attachment [Selenium WebDriver Logs - server] @14-02-2021 09:59:30.0621 AM
[ReportManager] Successfully created attachment [Selenium WebDriver Logs - performance] @14-02-2021 09:59:30.0727 AM
[ReportManager] Successfully created attachment [Selenium WebDriver Logs - driver] @14-02-2021 09:59:30.0864 AM
[ReportManager] Browser Action [closeCurrentWindow] successfully performed. @14-02-2021 09:59:30.0920 AM
[ReportManager] Successfully created attachment [Browser Action Test Data - closeCurrentWindow - Actual Value] @14-02-2021 09:59:30.0921 A
[ReportManager] File Action [getAbsolutePath] successfully performed. With the following test data [Relative Folder Path: "target/downloadedFiles/"]. @14-02-2021 09:59:30.0924 AM
[ReportManager] Attempting to run remotely on: [Linux-64], [GoogleChrome], [http://localhost:4444/wd/hub], Headless Execution. @14-02-2021 09:59:30.0924 AM
[ReportManager] Successfully Opened [GoogleChrome]. @14-02-2021 09:59:31.0131 AM
[ReportManager] Target URL: [https://duckduckgo.com] @14-02-2021 09:59:31.0151 AM
[ReportManager] Initial URL: [data:,] @14-02-2021 09:59:31.0194 AM
[ReportManager] Browser Action [navigateToURL] successfully performed. With the following test data [https://duckduckgo.com]. @14-02-2021 09:59:31.0720 A

################################################################################################################################################
Starting Execution:	[73 out of 134] test cases in the current suite
Test Method:		[unitTests.tests_browserActions.getWindowPosition]
################################################################################################################################################
[ReportManager] Browser Action [getWindowPosition] successfully performed. With the following test data [(0, 0)]. @14-02-2021 09:59:31.0754 A
[ReportManager] Target URL: [https://duckduckgo.com] @14-02-2021 09:59:31.0755 AM
[ReportManager] Initial URL: [https://duckduckgo.com] @14-02-2021 09:59:31.0813 AM
[ReportManager] Browser Action [navigateToURL] successfully performed. With the following test data [https://duckduckgo.com]. @14-02-2021 09:59:32.0181 AM
[ReportManager] Successfully created attachment [Selenium WebDriver Logs - server] @14-02-2021 09:59:32.0240 AM
[ReportManager] Successfully created attachment [Selenium WebDriver Logs - performance] @14-02-2021 09:59:32.0365 AM
[ReportManager] Successfully created attachment [Selenium WebDriver Logs - driver] @14-02-2021 09:59:32.0523 AM
[ReportManager] Browser Action [closeCurrentWindow] successfully performed. @14-02-2021 09:59:32.0580 AM
[ReportManager] Successfully created attachment [Browser Action Test Data - closeCurrentWindow - Actual Value] @14-02-2021 09:59:32.0580 A
[ReportManager] File Action [getAbsolutePath] successfully performed. With the following test data [Relative Folder Path: "target/downloadedFiles/"]. @14-02-2021 09:59:32.0583 AM
[ReportManager] Attempting to run remotely on: [Linux-64], [GoogleChrome], [http://localhost:4444/wd/hub], Headless Execution. @14-02-2021 09:59:32.0583 AM
[ReportManager] Successfully Opened [GoogleChrome]. @14-02-2021 09:59:32.0848 AM
[ReportManager] Target URL: [https://duckduckgo.com] @14-02-2021 09:59:32.0869 AM
[ReportManager] Initial URL: [data:,] @14-02-2021 09:59:32.0908 AM
[ReportManager] Browser Action [navigateToURL] successfully performed. With the following test data [https://duckduckgo.com]. @14-02-2021 09:59:33.0422 A

################################################################################################################################################
Starting Execution:	[74 out of 134] test cases in the current suite
Test Method:		[unitTests.tests_browserActions.getWindowSize]
################################################################################################################################################
[ReportManager] Browser Action [getWindowSize] successfully performed. With the following test data [(800, 600)]. @14-02-2021 09:59:33.0493 A
[ReportManager] Target URL: [https://duckduckgo.com] @14-02-2021 09:59:33.0495 AM
[ReportManager] Initial URL: [https://duckduckgo.com] @14-02-2021 09:59:33.0551 AM
[ReportManager] Browser Action [navigateToURL] successfully performed. With the following test data [https://duckduckgo.com]. @14-02-2021 09:59:33.0887 AM
[ReportManager] Successfully created attachment [Selenium WebDriver Logs - server] @14-02-2021 09:59:33.0940 AM
[ReportManager] Successfully created attachment [Selenium WebDriver Logs - performance] @14-02-2021 09:59:34.0045 AM
[ReportManager] Successfully created attachment [Selenium WebDriver Logs - driver] @14-02-2021 09:59:34.0185 AM
[ReportManager] Browser Action [closeCurrentWindow] successfully performed. @14-02-2021 09:59:34.0241 AM
[ReportManager] Successfully created attachment [Browser Action Test Data - closeCurrentWindow - Actual Value] @14-02-2021 09:59:34.0242 A
[ReportManager] File Action [getAbsolutePath] successfully performed. With the following test data [Relative Folder Path: "target/downloadedFiles/"]. @14-02-2021 09:59:34.0245 AM
[ReportManager] Attempting to run remotely on: [Linux-64], [GoogleChrome], [http://localhost:4444/wd/hub], Headless Execution. @14-02-2021 09:59:34.0245 AM
[ReportManager] Successfully Opened [GoogleChrome]. @14-02-2021 09:59:34.0491 AM
[ReportManager] Target URL: [https://duckduckgo.com] @14-02-2021 09:59:34.0502 AM
[ReportManager] Initial URL: [data:,] @14-02-2021 09:59:34.0541 AM
[ReportManager] Browser Action [navigateToURL] successfully performed. With the following test data [https://duckduckgo.com]. @14-02-2021 09:59:35.0083 A

################################################################################################################################################
Starting Execution:	[75 out of 134] test cases in the current suite
Test Method:		[unitTests.tests_browserActions.maximizeWindow]
################################################################################################################################################
[ReportManager] Initial window size: (800, 600) @14-02-2021 09:59:35.0093 AM
[ReportManager] Window size after Toolkit: (1920, 1080) @14-02-2021 09:59:35.0312 AM
[ReportManager] Browser Action [maximizeWindow] successfully performed. With the following test data [New screen size is now: (1920, 1080)]. @14-02-2021 09:59:35.0315 A
[ReportManager] Target URL: [https://duckduckgo.com] @14-02-2021 09:59:35.0319 AM
[ReportManager] Initial URL: [https://duckduckgo.com] @14-02-2021 09:59:35.0398 AM
[ReportManager] Browser Action [navigateToURL] successfully performed. With the following test data [https://duckduckgo.com]. @14-02-2021 09:59:35.0759 AM
[ReportManager] Successfully created attachment [Selenium WebDriver Logs - server] @14-02-2021 09:59:35.0808 AM
[ReportManager] Successfully created attachment [Selenium WebDriver Logs - performance] @14-02-2021 09:59:35.0916 AM
[ReportManager] Successfully created attachment [Selenium WebDriver Logs - driver] @14-02-2021 09:59:36.0053 AM
[ReportManager] Browser Action [closeCurrentWindow] successfully performed. @14-02-2021 09:59:36.0114 AM
[ReportManager] Successfully created attachment [Browser Action Test Data - closeCurrentWindow - Actual Value] @14-02-2021 09:59:36.0115 A
[ReportManager] File Action [getAbsolutePath] successfully performed. With the following test data [Relative Folder Path: "target/downloadedFiles/"]. @14-02-2021 09:59:36.0117 AM
[ReportManager] Attempting to run remotely on: [Linux-64], [GoogleChrome], [http://localhost:4444/wd/hub], Headless Execution. @14-02-2021 09:59:36.0117 AM
[ReportManager] Successfully Opened [GoogleChrome]. @14-02-2021 09:59:36.0386 AM
[ReportManager] Target URL: [https://duckduckgo.com] @14-02-2021 09:59:36.0403 AM
[ReportManager] Initial URL: [data:,] @14-02-2021 09:59:36.0449 AM
[ReportManager] Browser Action [navigateToURL] successfully performed. With the following test data [https://duckduckgo.com]. @14-02-2021 09:59:37.0000 A

################################################################################################################################################
Starting Execution:	[76 out of 134] test cases in the current suite
Test Method:		[unitTests.tests_browserActions.navigateBack]
################################################################################################################################################
[ReportManager] Target URL: [https://www.google.com/ncr], and after redirection: [https://www.google.com] @14-02-2021 09:59:37.0002 AM
[ReportManager] Initial URL: [https://duckduckgo.com] @14-02-2021 09:59:37.0071 AM
[ReportManager] Browser Action [navigateToURL] successfully performed. With the following test data [https://www.google.com/ncr]. @14-02-2021 09:59:37.0927 AM
[ReportManager] Browser Action [navigateBack] successfully performed. With the following test data [https://duckduckgo.com/]. @14-02-2021 09:59:38.0313 AM
[ReportManager] Confirming that navigating back was successful... @14-02-2021 09:59:38.0313 AM
[ReportManager] Browser Action [getCurrentURL] successfully performed. With the following test data [https://duckduckgo.com/]. @14-02-2021 09:59:38.0350 AM
[ReportManager] AssertBrowserAttribute PASSED; Expected [Value Should be 'https://duckduckgo.com' for the 'CurrentUrl' attribute] and Actual [https://duckduckgo.com/]. Comparison Type [CONTAINS]. Validation Type [POSITIVE]. @14-02-2021 09:59:38.0351 A
[ReportManager] Target URL: [https://duckduckgo.com] @14-02-2021 09:59:38.0352 AM
[ReportManager] Initial URL: [https://duckduckgo.com] @14-02-2021 09:59:38.0412 AM
[ReportManager] Browser Action [navigateToURL] successfully performed. With the following test data [https://duckduckgo.com]. @14-02-2021 09:59:38.0746 AM
[ReportManager] Successfully created attachment [Selenium WebDriver Logs - server] @14-02-2021 09:59:38.0796 AM
[ReportManager] Successfully created attachment [Selenium WebDriver Logs - performance] @14-02-2021 09:59:38.0983 AM
[ReportManager] Successfully created attachment [Selenium WebDriver Logs - driver] @14-02-2021 09:59:39.0222 AM
[ReportManager] Browser Action [closeCurrentWindow] successfully performed. @14-02-2021 09:59:39.0279 AM
[ReportManager] Successfully created attachment [Browser Action Test Data - closeCurrentWindow - Actual Value] @14-02-2021 09:59:39.0280 A
[ReportManager] File Action [getAbsolutePath] successfully performed. With the following test data [Relative Folder Path: "target/downloadedFiles/"]. @14-02-2021 09:59:39.0288 AM
[ReportManager] Attempting to run remotely on: [Linux-64], [GoogleChrome], [http://localhost:4444/wd/hub], Headless Execution. @14-02-2021 09:59:39.0288 AM
[ReportManager] Successfully Opened [GoogleChrome]. @14-02-2021 09:59:39.0566 AM
[ReportManager] Target URL: [https://duckduckgo.com] @14-02-2021 09:59:39.0579 AM
[ReportManager] Initial URL: [data:,] @14-02-2021 09:59:39.0633 AM
[ReportManager] Browser Action [navigateToURL] successfully performed. With the following test data [https://duckduckgo.com]. @14-02-2021 09:59:40.0158 A

################################################################################################################################################
Starting Execution:	[77 out of 134] test cases in the current suite
Test Method:		[unitTests.tests_browserActions.navigateForward]
################################################################################################################################################
[ReportManager] Target URL: [https://www.google.com/ncr], and after redirection: [https://www.google.com] @14-02-2021 09:59:40.0195 AM
[ReportManager] Initial URL: [https://duckduckgo.com] @14-02-2021 09:59:40.0277 AM
[ReportManager] Browser Action [navigateToURL] successfully performed. With the following test data [https://www.google.com/ncr]. @14-02-2021 09:59:41.0109 AM
[ReportManager] Browser Action [navigateBack] successfully performed. With the following test data [https://duckduckgo.com/]. @14-02-2021 09:59:41.0504 AM
[ReportManager] Browser Action [navigateForward] successfully performed. With the following test data [https://www.google.com/]. @14-02-2021 09:59:41.0939 A
[ReportManager] Target URL: [https://duckduckgo.com] @14-02-2021 09:59:41.0941 AM
[ReportManager] Initial URL: [https://www.google.com] @14-02-2021 09:59:42.0052 AM
[ReportManager] Browser Action [navigateToURL] successfully performed. With the following test data [https://duckduckgo.com]. @14-02-2021 09:59:42.0598 AM
[ReportManager] Successfully created attachment [Selenium WebDriver Logs - server] @14-02-2021 09:59:42.0698 AM
[ReportManager] Successfully created attachment [Selenium WebDriver Logs - performance] @14-02-2021 09:59:42.0873 AM
[ReportManager] Successfully created attachment [Selenium WebDriver Logs - driver] @14-02-2021 09:59:43.0133 AM
[ReportManager] Browser Action [closeCurrentWindow] successfully performed. @14-02-2021 09:59:43.0189 AM
[ReportManager] Successfully created attachment [Browser Action Test Data - closeCurrentWindow - Actual Value] @14-02-2021 09:59:43.0190 A
[ReportManager] File Action [getAbsolutePath] successfully performed. With the following test data [Relative Folder Path: "target/downloadedFiles/"]. @14-02-2021 09:59:43.0193 AM
[ReportManager] Attempting to run remotely on: [Linux-64], [GoogleChrome], [http://localhost:4444/wd/hub], Headless Execution. @14-02-2021 09:59:43.0193 AM
[ReportManager] Successfully Opened [GoogleChrome]. @14-02-2021 09:59:43.0420 AM
[ReportManager] Target URL: [https://duckduckgo.com] @14-02-2021 09:59:43.0430 AM
[ReportManager] Initial URL: [data:,] @14-02-2021 09:59:43.0470 AM
[ReportManager] Browser Action [navigateToURL] successfully performed. With the following test data [https://duckduckgo.com]. @14-02-2021 09:59:44.0014 A

################################################################################################################################################
Starting Execution:	[78 out of 134] test cases in the current suite
Test Method:		[unitTests.tests_browserActions.navigateToURL]
################################################################################################################################################
[ReportManager] Target URL: [https://duckduckgo.com] @14-02-2021 09:59:44.0016 AM
[ReportManager] Initial URL: [https://duckduckgo.com] @14-02-2021 09:59:44.0075 AM
[ReportManager] Browser Action [navigateToURL] successfully performed. With the following test data [https://duckduckgo.com]. @14-02-2021 09:59:44.0410 A
[ReportManager] Target URL: [https://duckduckgo.com] @14-02-2021 09:59:44.0411 AM
[ReportManager] Initial URL: [https://duckduckgo.com] @14-02-2021 09:59:44.0465 AM
[ReportManager] Browser Action [navigateToURL] successfully performed. With the following test data [https://duckduckgo.com]. @14-02-2021 09:59:44.0762 AM
[ReportManager] Successfully created attachment [Selenium WebDriver Logs - server] @14-02-2021 09:59:44.0819 AM
[ReportManager] Successfully created attachment [Selenium WebDriver Logs - performance] @14-02-2021 09:59:45.0006 AM
[ReportManager] Successfully created attachment [Selenium WebDriver Logs - driver] @14-02-2021 09:59:45.0217 AM
[ReportManager] Browser Action [closeCurrentWindow] successfully performed. @14-02-2021 09:59:45.0273 AM
[ReportManager] Successfully created attachment [Browser Action Test Data - closeCurrentWindow - Actual Value] @14-02-2021 09:59:45.0273 A
[ReportManager] File Action [getAbsolutePath] successfully performed. With the following test data [Relative Folder Path: "target/downloadedFiles/"]. @14-02-2021 09:59:45.0276 AM
[ReportManager] Attempting to run remotely on: [Linux-64], [GoogleChrome], [http://localhost:4444/wd/hub], Headless Execution. @14-02-2021 09:59:45.0276 AM
[ReportManager] Successfully Opened [GoogleChrome]. @14-02-2021 09:59:45.0487 AM
[ReportManager] Target URL: [https://duckduckgo.com] @14-02-2021 09:59:45.0499 AM
[ReportManager] Initial URL: [data:,] @14-02-2021 09:59:45.0538 AM
[ReportManager] Browser Action [navigateToURL] successfully performed. With the following test data [https://duckduckgo.com]. @14-02-2021 09:59:46.0071 A

################################################################################################################################################
Starting Execution:	[79 out of 134] test cases in the current suite
Test Method:		[unitTests.tests_browserActions.navigateToURLWithRedirection]
################################################################################################################################################
[ReportManager] Target URL: [https://www.google.com/ncr], and after redirection: [https://www.google.com] @14-02-2021 09:59:46.0109 AM
[ReportManager] Initial URL: [https://duckduckgo.com] @14-02-2021 09:59:46.0177 AM
[ReportManager] Browser Action [navigateToURL] successfully performed. With the following test data [https://www.google.com/ncr]. @14-02-2021 09:59:47.0015 A
[ReportManager] Target URL: [https://duckduckgo.com] @14-02-2021 09:59:47.0020 AM
[ReportManager] Initial URL: [https://www.google.com] @14-02-2021 09:59:47.0106 AM
[ReportManager] Browser Action [navigateToURL] successfully performed. With the following test data [https://duckduckgo.com]. @14-02-2021 09:59:47.0607 AM
[ReportManager] Successfully created attachment [Selenium WebDriver Logs - server] @14-02-2021 09:59:47.0657 AM
[ReportManager] Successfully created attachment [Selenium WebDriver Logs - performance] @14-02-2021 09:59:47.0788 AM
[ReportManager] Successfully created attachment [Selenium WebDriver Logs - driver] @14-02-2021 09:59:47.0969 AM
[ReportManager] Browser Action [closeCurrentWindow] successfully performed. @14-02-2021 09:59:48.0025 AM
[ReportManager] Successfully created attachment [Browser Action Test Data - closeCurrentWindow - Actual Value] @14-02-2021 09:59:48.0026 A
[ReportManager] File Action [getAbsolutePath] successfully performed. With the following test data [Relative Folder Path: "target/downloadedFiles/"]. @14-02-2021 09:59:48.0028 AM
[ReportManager] Attempting to run remotely on: [Linux-64], [GoogleChrome], [http://localhost:4444/wd/hub], Headless Execution. @14-02-2021 09:59:48.0028 AM
[ReportManager] Successfully Opened [GoogleChrome]. @14-02-2021 09:59:48.0238 AM
[ReportManager] Target URL: [https://duckduckgo.com] @14-02-2021 09:59:48.0248 AM
[ReportManager] Initial URL: [data:,] @14-02-2021 09:59:48.0297 AM
[ReportManager] Browser Action [navigateToURL] successfully performed. With the following test data [https://duckduckgo.com]. @14-02-2021 09:59:48.0827 A

################################################################################################################################################
Starting Execution:	[80 out of 134] test cases in the current suite
Test Method:		[unitTests.tests_browserActions.refreshCurrentPage]
################################################################################################################################################
[ReportManager] Browser Action [refreshCurrentPage] successfully performed. @14-02-2021 09:59:49.0065 AM
[ReportManager] Successfully created attachment [Browser Action Test Data - refreshCurrentPage - Actual Value] @14-02-2021 09:59:49.0066 A
[ReportManager] Target URL: [https://duckduckgo.com] @14-02-2021 09:59:49.0067 AM
[ReportManager] Initial URL: [https://duckduckgo.com] @14-02-2021 09:59:49.0130 AM
[ReportManager] Browser Action [navigateToURL] successfully performed. With the following test data [https://duckduckgo.com]. @14-02-2021 09:59:49.0421 AM
[ReportManager] Successfully created attachment [Selenium WebDriver Logs - server] @14-02-2021 09:59:49.0469 AM
[ReportManager] Successfully created attachment [Selenium WebDriver Logs - performance] @14-02-2021 09:59:49.0632 AM
[ReportManager] Successfully created attachment [Selenium WebDriver Logs - driver] @14-02-2021 09:59:49.0825 AM
[ReportManager] Browser Action [closeCurrentWindow] successfully performed. @14-02-2021 09:59:49.0904 AM
[ReportManager] Successfully created attachment [Browser Action Test Data - closeCurrentWindow - Actual Value] @14-02-2021 09:59:49.0905 A
[ReportManager] File Action [getAbsolutePath] successfully performed. With the following test data [Relative Folder Path: "target/downloadedFiles/"]. @14-02-2021 09:59:49.0907 AM
[ReportManager] Attempting to run remotely on: [Linux-64], [GoogleChrome], [http://localhost:4444/wd/hub], Headless Execution. @14-02-2021 09:59:49.0907 AM
[ReportManager] Successfully Opened [GoogleChrome]. @14-02-2021 09:59:50.0118 AM
[ReportManager] Target URL: [https://duckduckgo.com] @14-02-2021 09:59:50.0138 AM
[ReportManager] Initial URL: [data:,] @14-02-2021 09:59:50.0179 AM
[ReportManager] Browser Action [navigateToURL] successfully performed. With the following test data [https://duckduckgo.com]. @14-02-2021 09:59:50.0758 A

################################################################################################################################################
Starting Execution:	[81 out of 134] test cases in the current suite
Test Method:		[unitTests.tests_browserActions.setWindowSize]
################################################################################################################################################
[ReportManager] Initial window size: (800, 600) @14-02-2021 09:59:50.0773 AM
[ReportManager] Window size after SWD: (1280, 720) @14-02-2021 09:59:50.0994 AM
[ReportManager] Browser Action [setWindowSize] successfully performed. With the following test data [New screen size is now: (1280, 720)]. @14-02-2021 09:59:50.0994 A
[ReportManager] Target URL: [https://duckduckgo.com] @14-02-2021 09:59:50.0996 AM
[ReportManager] Initial URL: [https://duckduckgo.com] @14-02-2021 09:59:51.0057 AM
[ReportManager] Browser Action [navigateToURL] successfully performed. With the following test data [https://duckduckgo.com]. @14-02-2021 09:59:51.0411 AM
[ReportManager] Successfully created attachment [Selenium WebDriver Logs - server] @14-02-2021 09:59:51.0459 AM
[ReportManager] Successfully created attachment [Selenium WebDriver Logs - performance] @14-02-2021 09:59:51.0571 AM
[ReportManager] Successfully created attachment [Selenium WebDriver Logs - driver] @14-02-2021 09:59:51.0712 AM
[ReportManager] Browser Action [closeCurrentWindow] successfully performed. @14-02-2021 09:59:51.0772 AM
[ReportManager] Successfully created attachment [Browser Action Test Data - closeCurrentWindow - Actual Value] @14-02-2021 09:59:51.0772 A
[ReportManager] Successfully loaded the following test data file [src/test/resources/TestDataFiles/testSuite01/TestData.xlsx]. @14-02-2021 09:59:51.0822 AM
[ReportManager] Successfully created attachment [Test Data - Excel] @14-02-2021 09:59:51.0822 A

################################################################################################################################################
Starting Execution:	[82 out of 134] test cases in the current suite
Test Method:		[unitTests.tests_io_excelFileManager.getCellData_rowName_expectedToPass]
################################################################################################################################################
[ReportManager] testRowData. @14-02-2021 09:59:51.0856 A
[ReportManager] File Action [getAbsolutePath] successfully performed. With the following test data [Relative Folder Path: "target/downloadedFiles/"]. @14-02-2021 09:59:51.0862 AM
[ReportManager] Attempting to run remotely on: [Linux-64], [GoogleChrome], [http://localhost:4444/wd/hub], Headless Execution. @14-02-2021 09:59:51.0862 AM
[ReportManager] Successfully Opened [GoogleChrome]. @14-02-2021 09:59:52.0129 A

################################################################################################################################################
Starting Execution:	[83 out of 134] test cases in the current suite
Test Method:		[unitTests.tests_element_elementActions.waitForElementToBePresent_false_expectedToFail]
################################################################################################################################################
[ReportManager] Target URL: [https://www.google.com/ncr], and after redirection: [www.google.com] @14-02-2021 09:59:52.0144 AM
[ReportManager] Initial URL: [data:,] @14-02-2021 09:59:52.0185 AM
[ReportManager] Browser Action [navigateToURL] successfully performed. With the following test data [https://www.google.com/ncr]. @14-02-2021 09:59:53.0037 AM
[ReportManager] Waiting for element to be present; elementLocator [By.id: hplogo], numberOfTries[1], stateOfPresence[false]... @14-02-2021 09:59:53.0040 AM
[ReportManager] Element Action [waitForElementToBePresent] failed. With the following test data [waited up to (5) seconds, for the element's state of presence to be (false). Element locator (By.id: hplogo)]. @14-02-2021 09:59:53.0288 AM
[ReportManager] Successfully created attachment [Screenshot - 1613296793218_waitForElementToBePresent_false_expectedToFail_waitForElementToBePresent_failed] @14-02-2021 09:59:53.0289 A
[ReportManager] Successfully created attachment [Selenium WebDriver Logs - server] @14-02-2021 09:59:53.0388 AM
[ReportManager] Successfully created attachment [Selenium WebDriver Logs - performance] @14-02-2021 09:59:53.0422 AM
[ReportManager] Successfully created attachment [Selenium WebDriver Logs - driver] @14-02-2021 09:59:53.0487 AM
[ReportManager] Browser Action [closeCurrentWindow] successfully performed. @14-02-2021 09:59:53.0543 AM
[ReportManager] Successfully created attachment [Browser Action Test Data - closeCurrentWindow - Actual Value] @14-02-2021 09:59:53.0544 A
[ReportManager] File Action [getAbsolutePath] successfully performed. With the following test data [Relative Folder Path: "target/downloadedFiles/"]. @14-02-2021 09:59:53.0547 AM
[ReportManager] Attempting to run remotely on: [Linux-64], [GoogleChrome], [http://localhost:4444/wd/hub], Headless Execution. @14-02-2021 09:59:53.0547 AM
[ReportManager] Successfully Opened [GoogleChrome]. @14-02-2021 09:59:53.0793 A

################################################################################################################################################
Starting Execution:	[84 out of 134] test cases in the current suite
Test Method:		[unitTests.tests_element_elementActions.waitForElementToBePresent_false_expectedToPass]
################################################################################################################################################
[ReportManager] Target URL: [https://www.google.com/ncr], and after redirection: [www.google.com] @14-02-2021 09:59:53.0816 AM
[ReportManager] Initial URL: [data:,] @14-02-2021 09:59:53.0867 AM
[ReportManager] Browser Action [navigateToURL] successfully performed. With the following test data [https://www.google.com/ncr]. @14-02-2021 09:59:54.0733 AM
[ReportManager] Waiting for element to be present; elementLocator [By.id: bla], numberOfTries[1], stateOfPresence[false]... @14-02-2021 09:59:54.0733 AM
[ReportManager] Element Action [waitForElementToBePresent] successfully performed. With the following test data [waited up to (5) seconds, for the element's state of presence to be (false). Element locator (By.id: bla)]. @14-02-2021 09:59:54.0775 A
[ReportManager] Successfully created attachment [Selenium WebDriver Logs - server] @14-02-2021 09:59:54.0854 AM
[ReportManager] Successfully created attachment [Selenium WebDriver Logs - performance] @14-02-2021 09:59:54.0885 AM
[ReportManager] Successfully created attachment [Selenium WebDriver Logs - driver] @14-02-2021 09:59:54.0957 AM
[ReportManager] Browser Action [closeCurrentWindow] successfully performed. @14-02-2021 09:59:55.0015 AM
[ReportManager] Successfully created attachment [Browser Action Test Data - closeCurrentWindow - Actual Value] @14-02-2021 09:59:55.0016 A
[ReportManager] File Action [getAbsolutePath] successfully performed. With the following test data [Relative Folder Path: "target/downloadedFiles/"]. @14-02-2021 09:59:55.0019 AM
[ReportManager] Attempting to run remotely on: [Linux-64], [GoogleChrome], [http://localhost:4444/wd/hub], Headless Execution. @14-02-2021 09:59:55.0019 AM
[ReportManager] Successfully Opened [GoogleChrome]. @14-02-2021 09:59:55.0244 A

################################################################################################################################################
Starting Execution:	[85 out of 134] test cases in the current suite
Test Method:		[unitTests.tests_element_elementActions.waitForElementToBePresent_moreThanOneElement_expectedToFail]
################################################################################################################################################
[ReportManager] Target URL: [https://www.google.com/ncr], and after redirection: [www.google.com] @14-02-2021 09:59:55.0263 AM
[ReportManager] Initial URL: [data:,] @14-02-2021 09:59:55.0301 AM
[ReportManager] Browser Action [navigateToURL] successfully performed. With the following test data [https://www.google.com/ncr]. @14-02-2021 09:59:56.0066 AM
[ReportManager] Waiting for element to be present; elementLocator [By.xpath: //*], numberOfTries[1], stateOfPresence[false]... @14-02-2021 09:59:56.0066 AM
[ReportManager] Element Action [waitForElementToBePresent] failed. With the following test data [waited up to (5) seconds, for the element's state of presence to be (false). Element locator (By.xpath: //*)]. @14-02-2021 09:59:56.0310 AM
[ReportManager] Successfully created attachment [Screenshot - 1613296796224_waitForElementToBePresent_moreThanOneElement_expectedToFail_waitForElementToBePresent_failed] @14-02-2021 09:59:56.0311 A
[ReportManager] Successfully created attachment [Selenium WebDriver Logs - server] @14-02-2021 09:59:56.0386 AM
[ReportManager] Successfully created attachment [Selenium WebDriver Logs - performance] @14-02-2021 09:59:56.0422 AM
[ReportManager] Successfully created attachment [Selenium WebDriver Logs - driver] @14-02-2021 09:59:56.0490 AM
[ReportManager] Browser Action [closeCurrentWindow] successfully performed. @14-02-2021 09:59:56.0549 AM
[ReportManager] Successfully created attachment [Browser Action Test Data - closeCurrentWindow - Actual Value] @14-02-2021 09:59:56.0550 A
[ReportManager] File Action [getAbsolutePath] successfully performed. With the following test data [Relative Folder Path: "target/downloadedFiles/"]. @14-02-2021 09:59:56.0553 AM
[ReportManager] Attempting to run remotely on: [Linux-64], [GoogleChrome], [http://localhost:4444/wd/hub], Headless Execution. @14-02-2021 09:59:56.0554 AM
[ReportManager] Successfully Opened [GoogleChrome]. @14-02-2021 09:59:56.0784 A

################################################################################################################################################
Starting Execution:	[86 out of 134] test cases in the current suite
Test Method:		[unitTests.tests_element_elementActions.waitForElementToBePresent_true_expectedToFail]
################################################################################################################################################
[ReportManager] Target URL: [https://www.google.com/ncr], and after redirection: [www.google.com] @14-02-2021 09:59:56.0796 AM
[ReportManager] Initial URL: [data:,] @14-02-2021 09:59:56.0847 AM
[ReportManager] Browser Action [navigateToURL] successfully performed. With the following test data [https://www.google.com/ncr]. @14-02-2021 09:59:57.0651 AM
[ReportManager] Waiting for element to be present; elementLocator [By.id: bla], numberOfTries[1], stateOfPresence[true]... @14-02-2021 09:59:57.0651 AM
[ReportManager] Element Action [waitForElementToBePresent] failed. With the following test data [waited up to (5) seconds, for the element's state of presence to be (true). Element locator (By.id: bla)]. @14-02-2021 09:59:57.0920 AM
[ReportManager] Successfully created attachment [Screenshot - 1613296797849_waitForElementToBePresent_true_expectedToFail_waitForElementToBePresent_failed] @14-02-2021 09:59:57.0921 A
[ReportManager] Successfully created attachment [Selenium WebDriver Logs - server] @14-02-2021 09:59:57.0994 AM
[ReportManager] Successfully created attachment [Selenium WebDriver Logs - performance] @14-02-2021 09:59:58.0028 AM
[ReportManager] Successfully created attachment [Selenium WebDriver Logs - driver] @14-02-2021 09:59:58.0097 AM
[ReportManager] Browser Action [closeCurrentWindow] successfully performed. @14-02-2021 09:59:58.0153 AM
[ReportManager] Successfully created attachment [Browser Action Test Data - closeCurrentWindow - Actual Value] @14-02-2021 09:59:58.0154 A
[ReportManager] File Action [getAbsolutePath] successfully performed. With the following test data [Relative Folder Path: "target/downloadedFiles/"]. @14-02-2021 09:59:58.0156 AM
[ReportManager] Attempting to run remotely on: [Linux-64], [GoogleChrome], [http://localhost:4444/wd/hub], Headless Execution. @14-02-2021 09:59:58.0157 AM
[ReportManager] Successfully Opened [GoogleChrome]. @14-02-2021 09:59:58.0440 A

################################################################################################################################################
Starting Execution:	[87 out of 134] test cases in the current suite
Test Method:		[unitTests.tests_element_elementActions.waitForElementToBePresent_true_expectedToPass]
################################################################################################################################################
[ReportManager] Target URL: [https://www.google.com/ncr], and after redirection: [www.google.com] @14-02-2021 09:59:58.0466 AM
[ReportManager] Initial URL: [data:,] @14-02-2021 09:59:58.0509 AM
[ReportManager] Browser Action [navigateToURL] successfully performed. With the following test data [https://www.google.com/ncr]. @14-02-2021 09:59:59.0316 AM
[ReportManager] Waiting for element to be present; elementLocator [By.id: hplogo], numberOfTries[1], stateOfPresence[true]... @14-02-2021 09:59:59.0317 AM
[ReportManager] Element Action [waitForElementToBePresent] successfully performed. With the following test data [waited up to (5) seconds, for the element's state of presence to be (true). Element locator (By.id: hplogo)]. @14-02-2021 09:59:59.0362 AM
[ReportManager] Using Visual AI; OpenCV... @14-02-2021 09:59:59.0365 AM
[ReportManager] File Action [doesFileExist] successfully performed. With the following test data [File Path: "src/test/resources/DynamicObjectRepository/unitTests_tests_element_elementActions_waitForElementToBePresent_true_expectedToPass_By_id_hplogo.png"]. @14-02-2021 09:59:59.0367 AM
[ReportManager] File Action [doesFileExist] successfully performed. With the following test data [File Path: "src/test/resources/DynamicObjectRepository/unitTests_tests_element_elementActions_waitForElementToBePresent_true_expectedToPass_By_id_hplogo.png"]. @14-02-2021 09:59:59.0551 AM
[ReportManager] Passing the test and saving a reference image @14-02-2021 09:59:59.0551 AM
[ReportManager] File Action [getAbsolutePath] successfully performed. With the following test data [Relative File Path: "src/test/resources/DynamicObjectRepository/unitTests_tests_element_elementActions_waitForElementToBePresent_true_expectedToPass_By_id_hplogo.png"]. @14-02-2021 09:59:59.0551 AM
[ReportManager] File Action [writeToFile] successfully performed. With the following test data [Target File Path: "/home/runner/work/SHAFT_ENGINE/SHAFT_ENGINE/src/test/resources/DynamicObjectRepository/unitTests_tests_element_elementActions_waitForElementToBePresent_true_expectedToPass_By_id_hplogo.png"]. @14-02-2021 09:59:59.0560 AM
[ReportManager] AssertElementMatches PASSED; Expected [Element should match the reference screenshot] and Actual [TRUE]. Comparison Type [EXACT_OPENCV]. Validation Type [POSITIVE]. @14-02-2021 09:59:59.0560 AM
[ReportManager] Successfully created attachment [Validation Test Data - Actual Screenshot] @14-02-2021 09:59:59.0561 A
[ReportManager] Successfully created attachment [Selenium WebDriver Logs - server] @14-02-2021 09:59:59.0634 AM
[ReportManager] Successfully created attachment [Selenium WebDriver Logs - performance] @14-02-2021 09:59:59.0668 AM
[ReportManager] Successfully created attachment [Selenium WebDriver Logs - driver] @14-02-2021 09:59:59.0740 AM
[ReportManager] Browser Action [closeCurrentWindow] successfully performed. @14-02-2021 09:59:59.0797 AM
[ReportManager] Successfully created attachment [Browser Action Test Data - closeCurrentWindow - Actual Value] @14-02-2021 09:59:59.0805 A

################################################################################################################################################
Starting Execution:	[88 out of 134] test cases in the current suite
Test Method:		[unitTests.tests_validations_assertions.assertComparativeRelation_greaterThanOrEquals_false_equals_expectedToFail]
################################################################################################################################################
[ReportManager] AssertComparativeRelation FAILED; Expected [1] and Actual [1]. Comparison Type [GREATER_THAN_OR_EQUALS]. Validation Type [NEGATIVE]. @14-02-2021 09:59:59.0810 A

################################################################################################################################################
Starting Execution:	[89 out of 134] test cases in the current suite
Test Method:		[unitTests.tests_validations_assertions.assertComparativeRelation_greaterThanOrEquals_false_equals_expectedToPass]
################################################################################################################################################
[ReportManager] AssertComparativeRelation PASSED; Expected [2] and Actual [1]. Comparison Type [GREATER_THAN_OR_EQUALS]. Validation Type [NEGATIVE]. @14-02-2021 09:59:59.0814 A

################################################################################################################################################
Starting Execution:	[90 out of 134] test cases in the current suite
Test Method:		[unitTests.tests_validations_assertions.assertComparativeRelation_greaterThanOrEquals_false_greaterThan_expectedToFail]
################################################################################################################################################
[ReportManager] AssertComparativeRelation FAILED; Expected [1] and Actual [2]. Comparison Type [GREATER_THAN_OR_EQUALS]. Validation Type [NEGATIVE]. @14-02-2021 09:59:59.0817 A

################################################################################################################################################
Starting Execution:	[91 out of 134] test cases in the current suite
Test Method:		[unitTests.tests_validations_assertions.assertComparativeRelation_greaterThanOrEquals_false_greaterThan_expectedToPass]
################################################################################################################################################
[ReportManager] AssertComparativeRelation PASSED; Expected [2] and Actual [1]. Comparison Type [GREATER_THAN_OR_EQUALS]. Validation Type [NEGATIVE]. @14-02-2021 09:59:59.0821 A

################################################################################################################################################
Starting Execution:	[92 out of 134] test cases in the current suite
Test Method:		[unitTests.tests_validations_assertions.assertComparativeRelation_greaterThanOrEquals_true_equals_expectedToFail]
################################################################################################################################################
[ReportManager] AssertComparativeRelation FAILED; Expected [1] and Actual [0]. Comparison Type [GREATER_THAN_OR_EQUALS]. Validation Type [POSITIVE]. @14-02-2021 09:59:59.0824 A

################################################################################################################################################
Starting Execution:	[93 out of 134] test cases in the current suite
Test Method:		[unitTests.tests_validations_assertions.assertComparativeRelation_greaterThanOrEquals_true_equals_expectedToPass]
################################################################################################################################################
[ReportManager] AssertComparativeRelation PASSED; Expected [1] and Actual [1]. Comparison Type [GREATER_THAN_OR_EQUALS]. Validation Type [POSITIVE]. @14-02-2021 09:59:59.0828 A

################################################################################################################################################
Starting Execution:	[94 out of 134] test cases in the current suite
Test Method:		[unitTests.tests_validations_assertions.assertComparativeRelation_greaterThanOrEquals_true_greaterThan_expectedToFail]
################################################################################################################################################
[ReportManager] AssertComparativeRelation FAILED; Expected [2] and Actual [1]. Comparison Type [GREATER_THAN_OR_EQUALS]. Validation Type [POSITIVE]. @14-02-2021 09:59:59.0831 A

################################################################################################################################################
Starting Execution:	[95 out of 134] test cases in the current suite
Test Method:		[unitTests.tests_validations_assertions.assertComparativeRelation_greaterThanOrEquals_true_greaterThan_expectedToPass]
################################################################################################################################################
[ReportManager] AssertComparativeRelation PASSED; Expected [1] and Actual [2]. Comparison Type [GREATER_THAN_OR_EQUALS]. Validation Type [POSITIVE]. @14-02-2021 09:59:59.0834 A
[ReportManager] File Action [getAbsolutePath] successfully performed. With the following test data [Relative Folder Path: "target/downloadedFiles/"]. @14-02-2021 09:59:59.0836 AM
[ReportManager] Attempting to run remotely on: [Linux-64], [GoogleChrome], [http://localhost:4444/wd/hub], Headless Execution. @14-02-2021 09:59:59.0836 AM
[ReportManager] Successfully Opened [GoogleChrome]. @14-02-2021 10:00:00.0061 AM
[ReportManager] Target URL: [https://www.google.com/ncr], and after redirection: [www.google.com] @14-02-2021 10:00:00.0071 AM
[ReportManager] Initial URL: [data:,] @14-02-2021 10:00:00.0108 AM
[ReportManager] Browser Action [navigateToURL] successfully performed. With the following test data [https://www.google.com/ncr]. @14-02-2021 10:00:00.0969 A

################################################################################################################################################
Starting Execution:	[96 out of 134] test cases in the current suite
Test Method:		[unitTests.tests_validations_assertions.assertElementAttribute_false_caseInsensitiveComparison_expectedToFail]
################################################################################################################################################
[ReportManager] Element Action [type] successfully performed. With the following test data [AUTOMATION]. @14-02-2021 10:00:01.0525 AM
[ReportManager] Element Action [getText] successfully performed. With the following test data [AUTOMATION]. @14-02-2021 10:00:01.0667 AM
[ReportManager] Loaded Shared OpenCV @14-02-2021 10:00:01.0864 AM
[ReportManager] AssertElementAttribute FAILED; Expected [Value Should not be 'AutomaTion' for the 'text' attribute, element locator 'By.name: q'] and Actual [AUTOMATION]. Comparison Type [CASE_INSENSITIVE]. Validation Type [NEGATIVE]. @14-02-2021 10:00:01.0963 AM
[ReportManager] Successfully created attachment [Screenshot - 1613296801864_assertElementAttribute_false_caseInsensitiveComparison_expectedToFail_AssertElementAttribute_failed] @14-02-2021 10:00:01.0965 A
[ReportManager] Successfully created attachment [Selenium WebDriver Logs - server] @14-02-2021 10:00:02.0057 AM
[ReportManager] Successfully created attachment [Selenium WebDriver Logs - performance] @14-02-2021 10:00:02.0135 AM
[ReportManager] Successfully created attachment [Selenium WebDriver Logs - driver] @14-02-2021 10:00:02.0281 AM
[ReportManager] Browser Action [closeCurrentWindow] successfully performed. @14-02-2021 10:00:02.0338 AM
[ReportManager] Successfully created attachment [Browser Action Test Data - closeCurrentWindow - Actual Value] @14-02-2021 10:00:02.0339 A
[ReportManager] File Action [getAbsolutePath] successfully performed. With the following test data [Relative Folder Path: "target/downloadedFiles/"]. @14-02-2021 10:00:02.0345 AM
[ReportManager] Attempting to run remotely on: [Linux-64], [GoogleChrome], [http://localhost:4444/wd/hub], Headless Execution. @14-02-2021 10:00:02.0345 AM
[ReportManager] Successfully Opened [GoogleChrome]. @14-02-2021 10:00:02.0567 AM
[ReportManager] Target URL: [https://www.google.com/ncr], and after redirection: [www.google.com] @14-02-2021 10:00:02.0580 AM
[ReportManager] Initial URL: [data:,] @14-02-2021 10:00:02.0622 AM
[ReportManager] Browser Action [navigateToURL] successfully performed. With the following test data [https://www.google.com/ncr]. @14-02-2021 10:00:03.0453 A

################################################################################################################################################
Starting Execution:	[97 out of 134] test cases in the current suite
Test Method:		[unitTests.tests_validations_assertions.assertElementAttribute_false_caseInsensitiveComparison_expectedToPass]
################################################################################################################################################
[ReportManager] Element Action [type] successfully performed. With the following test data [AUTOMATION]. @14-02-2021 10:00:03.0976 AM
[ReportManager] Element Action [getText] successfully performed. With the following test data [AUTOMATION]. @14-02-2021 10:00:04.0097 AM
[ReportManager] Loaded Shared OpenCV @14-02-2021 10:00:04.0315 AM
[ReportManager] AssertElementAttribute PASSED; Expected [Value Should not be 'AutomaTion123' for the 'text' attribute, element locator 'By.name: q'] and Actual [AUTOMATION]. Comparison Type [CASE_INSENSITIVE]. Validation Type [NEGATIVE]. @14-02-2021 10:00:04.0404 AM
[ReportManager] Successfully created attachment [Screenshot - 1613296804315_assertElementAttribute_false_caseInsensitiveComparison_expectedToPass_AssertElementAttribute_passed] @14-02-2021 10:00:04.0406 A
[ReportManager] Successfully created attachment [Selenium WebDriver Logs - server] @14-02-2021 10:00:04.0487 AM
[ReportManager] Successfully created attachment [Selenium WebDriver Logs - performance] @14-02-2021 10:00:04.0560 AM
[ReportManager] Successfully created attachment [Selenium WebDriver Logs - driver] @14-02-2021 10:00:04.0677 AM
[ReportManager] Browser Action [closeCurrentWindow] successfully performed. @14-02-2021 10:00:04.0734 AM
[ReportManager] Successfully created attachment [Browser Action Test Data - closeCurrentWindow - Actual Value] @14-02-2021 10:00:04.0735 A
[ReportManager] File Action [getAbsolutePath] successfully performed. With the following test data [Relative Folder Path: "target/downloadedFiles/"]. @14-02-2021 10:00:04.0738 AM
[ReportManager] Attempting to run remotely on: [Linux-64], [GoogleChrome], [http://localhost:4444/wd/hub], Headless Execution. @14-02-2021 10:00:04.0738 AM
[ReportManager] Successfully Opened [GoogleChrome]. @14-02-2021 10:00:04.0978 AM
[ReportManager] Target URL: [https://www.google.com/ncr], and after redirection: [www.google.com] @14-02-2021 10:00:04.0988 AM
[ReportManager] Initial URL: [data:,] @14-02-2021 10:00:05.0030 AM
[ReportManager] Browser Action [navigateToURL] successfully performed. With the following test data [https://www.google.com/ncr]. @14-02-2021 10:00:05.0857 A

################################################################################################################################################
Starting Execution:	[98 out of 134] test cases in the current suite
Test Method:		[unitTests.tests_validations_assertions.assertElementAttribute_false_containsComparison_expectedToFail]
################################################################################################################################################
[ReportManager] Element Action [type] successfully performed. With the following test data [Automation123]. @14-02-2021 10:00:06.0480 AM
[ReportManager] Element Action [getText] successfully performed. With the following test data [Automation123]. @14-02-2021 10:00:06.0626 AM
[ReportManager] Loaded Shared OpenCV @14-02-2021 10:00:06.0807 AM
[ReportManager] AssertElementAttribute FAILED; Expected [Value Should not be 'Automation' for the 'text' attribute, element locator 'By.name: q'] and Actual [Automation123]. Comparison Type [CONTAINS]. Validation Type [NEGATIVE]. @14-02-2021 10:00:06.0906 AM
[ReportManager] Successfully created attachment [Screenshot - 1613296806807_assertElementAttribute_false_containsComparison_expectedToFail_AssertElementAttribute_failed] @14-02-2021 10:00:06.0907 A
[ReportManager] Successfully created attachment [Selenium WebDriver Logs - server] @14-02-2021 10:00:07.0016 AM
[ReportManager] Successfully created attachment [Selenium WebDriver Logs - performance] @14-02-2021 10:00:07.0163 AM
[ReportManager] Successfully created attachment [Selenium WebDriver Logs - driver] @14-02-2021 10:00:07.0308 AM
[ReportManager] Browser Action [closeCurrentWindow] successfully performed. @14-02-2021 10:00:07.0365 AM
[ReportManager] Successfully created attachment [Browser Action Test Data - closeCurrentWindow - Actual Value] @14-02-2021 10:00:07.0366 A
[ReportManager] File Action [getAbsolutePath] successfully performed. With the following test data [Relative Folder Path: "target/downloadedFiles/"]. @14-02-2021 10:00:07.0369 AM
[ReportManager] Attempting to run remotely on: [Linux-64], [GoogleChrome], [http://localhost:4444/wd/hub], Headless Execution. @14-02-2021 10:00:07.0369 AM
[ReportManager] Successfully Opened [GoogleChrome]. @14-02-2021 10:00:07.0599 AM
[ReportManager] Target URL: [https://www.google.com/ncr], and after redirection: [www.google.com] @14-02-2021 10:00:07.0611 AM
[ReportManager] Initial URL: [data:,] @14-02-2021 10:00:07.0655 AM
[ReportManager] Browser Action [navigateToURL] successfully performed. With the following test data [https://www.google.com/ncr]. @14-02-2021 10:00:08.0475 A

################################################################################################################################################
Starting Execution:	[99 out of 134] test cases in the current suite
Test Method:		[unitTests.tests_validations_assertions.assertElementAttribute_false_containsComparison_expectedToPass]
################################################################################################################################################
[ReportManager] Element Action [type] successfully performed. With the following test data [Automation123]. @14-02-2021 10:00:09.0079 AM
[ReportManager] Element Action [getText] successfully performed. With the following test data [Automation123]. @14-02-2021 10:00:09.0200 AM
[ReportManager] Loaded Shared OpenCV @14-02-2021 10:00:09.0381 AM
[ReportManager] AssertElementAttribute PASSED; Expected [Value Should not be 'Automation1234' for the 'text' attribute, element locator 'By.name: q'] and Actual [Automation123]. Comparison Type [CONTAINS]. Validation Type [NEGATIVE]. @14-02-2021 10:00:09.0478 AM
[ReportManager] Successfully created attachment [Screenshot - 1613296809381_assertElementAttribute_false_containsComparison_expectedToPass_AssertElementAttribute_passed] @14-02-2021 10:00:09.0479 A
[ReportManager] Successfully created attachment [Selenium WebDriver Logs - server] @14-02-2021 10:00:09.0571 AM
[ReportManager] Successfully created attachment [Selenium WebDriver Logs - performance] @14-02-2021 10:00:09.0654 AM
[ReportManager] Successfully created attachment [Selenium WebDriver Logs - driver] @14-02-2021 10:00:09.0784 AM
[ReportManager] Browser Action [closeCurrentWindow] successfully performed. @14-02-2021 10:00:09.0840 AM
[ReportManager] Successfully created attachment [Browser Action Test Data - closeCurrentWindow - Actual Value] @14-02-2021 10:00:09.0843 A
[ReportManager] File Action [getAbsolutePath] successfully performed. With the following test data [Relative Folder Path: "target/downloadedFiles/"]. @14-02-2021 10:00:09.0848 AM
[ReportManager] Attempting to run remotely on: [Linux-64], [GoogleChrome], [http://localhost:4444/wd/hub], Headless Execution. @14-02-2021 10:00:09.0848 AM
[ReportManager] Successfully Opened [GoogleChrome]. @14-02-2021 10:00:10.0072 AM
[ReportManager] Target URL: [https://www.google.com/ncr], and after redirection: [www.google.com] @14-02-2021 10:00:10.0083 AM
[ReportManager] Initial URL: [data:,] @14-02-2021 10:00:10.0122 AM
[ReportManager] Browser Action [navigateToURL] successfully performed. With the following test data [https://www.google.com/ncr]. @14-02-2021 10:00:10.0953 A

################################################################################################################################################
Starting Execution:	[100 out of 134] test cases in the current suite
Test Method:		[unitTests.tests_validations_assertions.assertElementAttribute_false_literalComparison_expectedToFail]
################################################################################################################################################
[ReportManager] Element Action [type] successfully performed. With the following test data [Automation!@#$%^&*()_+{}[]\';/.,]. @14-02-2021 10:00:12.0230 AM
[ReportManager] Element Action [getText] successfully performed. With the following test data [Automation!@#$%^&*()_+{}[]\';/.,]. @14-02-2021 10:00:12.0338 AM
[ReportManager] Loaded Shared OpenCV @14-02-2021 10:00:12.0509 AM
[ReportManager] AssertElementAttribute PASSED; Expected [Value Should not be 'Automation!@#$%^&*()_+{}[]\\';/.,' for the 'text' attribute, element locator 'By.name: q'] and Actual [Automation!@#$%^&*()_+{}[]\';/.,]. Comparison Type [EQUALS]. Validation Type [NEGATIVE]. @14-02-2021 10:00:12.0596 AM
[ReportManager] Successfully created attachment [Screenshot - 1613296812509_assertElementAttribute_false_literalComparison_expectedToFail_AssertElementAttribute_passed] @14-02-2021 10:00:12.0597 A
[ReportManager] Successfully created attachment [Selenium WebDriver Logs - server] @14-02-2021 10:00:12.0675 AM
[ReportManager] Successfully created attachment [Selenium WebDriver Logs - performance] @14-02-2021 10:00:12.0832 AM
[ReportManager] Successfully created attachment [Selenium WebDriver Logs - driver] @14-02-2021 10:00:13.0012 AM
[ReportManager] Browser Action [closeCurrentWindow] successfully performed. @14-02-2021 10:00:13.0069 AM
[ReportManager] Successfully created attachment [Browser Action Test Data - closeCurrentWindow - Actual Value] @14-02-2021 10:00:13.0070 A
[ReportManager] File Action [getAbsolutePath] successfully performed. With the following test data [Relative Folder Path: "target/downloadedFiles/"]. @14-02-2021 10:00:13.0075 AM
[ReportManager] Attempting to run remotely on: [Linux-64], [GoogleChrome], [http://localhost:4444/wd/hub], Headless Execution. @14-02-2021 10:00:13.0075 AM
[ReportManager] Successfully Opened [GoogleChrome]. @14-02-2021 10:00:13.0322 AM
[ReportManager] Target URL: [https://www.google.com/ncr], and after redirection: [www.google.com] @14-02-2021 10:00:13.0332 AM
[ReportManager] Initial URL: [data:,] @14-02-2021 10:00:13.0377 AM
[ReportManager] Browser Action [navigateToURL] successfully performed. With the following test data [https://www.google.com/ncr]. @14-02-2021 10:00:14.0179 A

################################################################################################################################################
Starting Execution:	[101 out of 134] test cases in the current suite
Test Method:		[unitTests.tests_validations_assertions.assertElementAttribute_false_literalComparison_expectedToPass]
################################################################################################################################################
[ReportManager] Element Action [type] successfully performed. With the following test data [Automation!@#$%^&*()_+{}[]\';/.,]. @14-02-2021 10:00:15.0444 AM
[ReportManager] Element Action [getText] successfully performed. With the following test data [Automation!@#$%^&*()_+{}[]\';/.,]. @14-02-2021 10:00:15.0558 AM
[ReportManager] Loaded Shared OpenCV @14-02-2021 10:00:15.0730 AM
[ReportManager] AssertElementAttribute PASSED; Expected [Value Should not be 'Automation' for the 'text' attribute, element locator 'By.name: q'] and Actual [Automation!@#$%^&*()_+{}[]\';/.,]. Comparison Type [EQUALS]. Validation Type [NEGATIVE]. @14-02-2021 10:00:15.0829 AM
[ReportManager] Successfully created attachment [Screenshot - 1613296815730_assertElementAttribute_false_literalComparison_expectedToPass_AssertElementAttribute_passed] @14-02-2021 10:00:15.0830 A
[ReportManager] Successfully created attachment [Selenium WebDriver Logs - server] @14-02-2021 10:00:15.0909 AM
[ReportManager] Successfully created attachment [Selenium WebDriver Logs - performance] @14-02-2021 10:00:16.0066 AM
[ReportManager] Successfully created attachment [Selenium WebDriver Logs - driver] @14-02-2021 10:00:16.0253 AM
[ReportManager] Browser Action [closeCurrentWindow] successfully performed. @14-02-2021 10:00:16.0270 AM
[ReportManager] Successfully created attachment [Browser Action Test Data - closeCurrentWindow - Actual Value] @14-02-2021 10:00:16.0271 A
[ReportManager] File Action [getAbsolutePath] successfully performed. With the following test data [Relative Folder Path: "target/downloadedFiles/"]. @14-02-2021 10:00:16.0273 AM
[ReportManager] Attempting to run remotely on: [Linux-64], [GoogleChrome], [http://localhost:4444/wd/hub], Headless Execution. @14-02-2021 10:00:16.0274 AM
[ReportManager] Successfully Opened [GoogleChrome]. @14-02-2021 10:00:16.0506 AM
[ReportManager] Target URL: [https://www.google.com/ncr], and after redirection: [www.google.com] @14-02-2021 10:00:16.0524 AM
[ReportManager] Initial URL: [data:,] @14-02-2021 10:00:16.0566 AM
[ReportManager] Browser Action [navigateToURL] successfully performed. With the following test data [https://www.google.com/ncr]. @14-02-2021 10:00:17.0368 A

################################################################################################################################################
Starting Execution:	[102 out of 134] test cases in the current suite
Test Method:		[unitTests.tests_validations_assertions.assertElementAttribute_false_regexComparison_expectedToFail]
################################################################################################################################################
[ReportManager] Element Action [type] successfully performed. With the following test data [Automation123]. @14-02-2021 10:00:17.0966 AM
[ReportManager] Element Action [getText] successfully performed. With the following test data [Automation123]. @14-02-2021 10:00:18.0081 AM
[ReportManager] Loaded Shared OpenCV @14-02-2021 10:00:18.0294 AM
[ReportManager] AssertElementAttribute FAILED; Expected [Value Should not be 'Automation.*' for the 'text' attribute, element locator 'By.name: q'] and Actual [Automation123]. Comparison Type [MATCHES]. Validation Type [NEGATIVE]. @14-02-2021 10:00:18.0381 AM
[ReportManager] Successfully created attachment [Screenshot - 1613296818294_assertElementAttribute_false_regexComparison_expectedToFail_AssertElementAttribute_failed] @14-02-2021 10:00:18.0383 A
[ReportManager] Successfully created attachment [Selenium WebDriver Logs - server] @14-02-2021 10:00:18.0458 AM
[ReportManager] Successfully created attachment [Selenium WebDriver Logs - performance] @14-02-2021 10:00:18.0547 AM
[ReportManager] Successfully created attachment [Selenium WebDriver Logs - driver] @14-02-2021 10:00:18.0675 AM
[ReportManager] Browser Action [closeCurrentWindow] successfully performed. @14-02-2021 10:00:18.0693 AM
[ReportManager] Successfully created attachment [Browser Action Test Data - closeCurrentWindow - Actual Value] @14-02-2021 10:00:18.0693 A
[ReportManager] File Action [getAbsolutePath] successfully performed. With the following test data [Relative Folder Path: "target/downloadedFiles/"]. @14-02-2021 10:00:18.0696 AM
[ReportManager] Attempting to run remotely on: [Linux-64], [GoogleChrome], [http://localhost:4444/wd/hub], Headless Execution. @14-02-2021 10:00:18.0696 AM
[ReportManager] Successfully Opened [GoogleChrome]. @14-02-2021 10:00:18.0960 AM
[ReportManager] Target URL: [https://www.google.com/ncr], and after redirection: [www.google.com] @14-02-2021 10:00:18.0970 AM
[ReportManager] Initial URL: [data:,] @14-02-2021 10:00:19.0009 AM
[ReportManager] Browser Action [navigateToURL] successfully performed. With the following test data [https://www.google.com/ncr]. @14-02-2021 10:00:19.0804 A

################################################################################################################################################
Starting Execution:	[103 out of 134] test cases in the current suite
Test Method:		[unitTests.tests_validations_assertions.assertElementAttribute_false_regexComparison_expectedToPass]
################################################################################################################################################
[ReportManager] Element Action [type] successfully performed. With the following test data [Automation123]. @14-02-2021 10:00:20.0367 AM
[ReportManager] Element Action [getText] successfully performed. With the following test data [Automation123]. @14-02-2021 10:00:20.0484 AM
[ReportManager] Loaded Shared OpenCV @14-02-2021 10:00:20.0670 AM
[ReportManager] AssertElementAttribute PASSED; Expected [Value Should not be 'Automation' for the 'text' attribute, element locator 'By.name: q'] and Actual [Automation123]. Comparison Type [MATCHES]. Validation Type [NEGATIVE]. @14-02-2021 10:00:20.0758 AM
[ReportManager] Successfully created attachment [Screenshot - 1613296820670_assertElementAttribute_false_regexComparison_expectedToPass_AssertElementAttribute_passed] @14-02-2021 10:00:20.0759 A
[ReportManager] Successfully created attachment [Selenium WebDriver Logs - server] @14-02-2021 10:00:20.0831 AM
[ReportManager] Successfully created attachment [Selenium WebDriver Logs - performance] @14-02-2021 10:00:20.0917 AM
[ReportManager] Successfully created attachment [Selenium WebDriver Logs - driver] @14-02-2021 10:00:21.0049 AM
[ReportManager] Browser Action [closeCurrentWindow] successfully performed. @14-02-2021 10:00:21.0107 AM
[ReportManager] Successfully created attachment [Browser Action Test Data - closeCurrentWindow - Actual Value] @14-02-2021 10:00:21.0108 A
[ReportManager] File Action [getAbsolutePath] successfully performed. With the following test data [Relative Folder Path: "target/downloadedFiles/"]. @14-02-2021 10:00:21.0111 AM
[ReportManager] Attempting to run remotely on: [Linux-64], [GoogleChrome], [http://localhost:4444/wd/hub], Headless Execution. @14-02-2021 10:00:21.0111 AM
[ReportManager] Successfully Opened [GoogleChrome]. @14-02-2021 10:00:21.0320 AM
[ReportManager] Target URL: [https://www.google.com/ncr], and after redirection: [www.google.com] @14-02-2021 10:00:21.0344 AM
[ReportManager] Initial URL: [data:,] @14-02-2021 10:00:21.0385 AM
[ReportManager] Browser Action [navigateToURL] successfully performed. With the following test data [https://www.google.com/ncr]. @14-02-2021 10:00:22.0272 A

################################################################################################################################################
Starting Execution:	[104 out of 134] test cases in the current suite
Test Method:		[unitTests.tests_validations_assertions.assertElementAttribute_true_caseInsensitiveComparison_expectedToFail]
################################################################################################################################################
[ReportManager] Element Action [type] successfully performed. With the following test data [AUTOMATION]. @14-02-2021 10:00:22.0840 AM
[ReportManager] Element Action [getText] successfully performed. With the following test data [AUTOMATION]. @14-02-2021 10:00:22.0953 AM
[ReportManager] Loaded Shared OpenCV @14-02-2021 10:00:23.0168 AM
[ReportManager] AssertElementAttribute FAILED; Expected [Value Should be 'AutomaTion123' for the 'text' attribute, element locator 'By.name: q'] and Actual [AUTOMATION]. Comparison Type [CASE_INSENSITIVE]. Validation Type [POSITIVE]. @14-02-2021 10:00:23.0258 AM
[ReportManager] Successfully created attachment [Screenshot - 1613296823167_assertElementAttribute_true_caseInsensitiveComparison_expectedToFail_AssertElementAttribute_failed] @14-02-2021 10:00:23.0259 A
[ReportManager] Successfully created attachment [Selenium WebDriver Logs - server] @14-02-2021 10:00:23.0338 AM
[ReportManager] Successfully created attachment [Selenium WebDriver Logs - performance] @14-02-2021 10:00:23.0412 AM
[ReportManager] Successfully created attachment [Selenium WebDriver Logs - driver] @14-02-2021 10:00:23.0540 AM
[ReportManager] Browser Action [closeCurrentWindow] successfully performed. @14-02-2021 10:00:23.0596 AM
[ReportManager] Successfully created attachment [Browser Action Test Data - closeCurrentWindow - Actual Value] @14-02-2021 10:00:23.0597 A
[ReportManager] File Action [getAbsolutePath] successfully performed. With the following test data [Relative Folder Path: "target/downloadedFiles/"]. @14-02-2021 10:00:23.0603 AM
[ReportManager] Attempting to run remotely on: [Linux-64], [GoogleChrome], [http://localhost:4444/wd/hub], Headless Execution. @14-02-2021 10:00:23.0603 AM
[ReportManager] Successfully Opened [GoogleChrome]. @14-02-2021 10:00:23.0828 AM
[ReportManager] Target URL: [https://www.google.com/ncr], and after redirection: [www.google.com] @14-02-2021 10:00:23.0844 AM
[ReportManager] Initial URL: [data:,] @14-02-2021 10:00:23.0886 AM
[ReportManager] Browser Action [navigateToURL] successfully performed. With the following test data [https://www.google.com/ncr]. @14-02-2021 10:00:24.0733 A

################################################################################################################################################
Starting Execution:	[105 out of 134] test cases in the current suite
Test Method:		[unitTests.tests_validations_assertions.assertElementAttribute_true_caseInsensitiveComparison_expectedToPass]
################################################################################################################################################
[ReportManager] Element Action [type] successfully performed. With the following test data [AUTOMATION]. @14-02-2021 10:00:25.0378 AM
[ReportManager] Element Action [getText] successfully performed. With the following test data [AUTOMATION]. @14-02-2021 10:00:25.0488 AM
[ReportManager] Loaded Shared OpenCV @14-02-2021 10:00:25.0669 AM
[ReportManager] AssertElementAttribute PASSED; Expected [Value Should be 'AutomaTion' for the 'text' attribute, element locator 'By.name: q'] and Actual [AUTOMATION]. Comparison Type [CASE_INSENSITIVE]. Validation Type [POSITIVE]. @14-02-2021 10:00:25.0757 AM
[ReportManager] Successfully created attachment [Screenshot - 1613296825669_assertElementAttribute_true_caseInsensitiveComparison_expectedToPass_AssertElementAttribute_passed] @14-02-2021 10:00:25.0758 A
[ReportManager] Successfully created attachment [Selenium WebDriver Logs - server] @14-02-2021 10:00:25.0853 AM
[ReportManager] Successfully created attachment [Selenium WebDriver Logs - performance] @14-02-2021 10:00:25.0945 AM
[ReportManager] Successfully created attachment [Selenium WebDriver Logs - driver] @14-02-2021 10:00:26.0091 AM
[ReportManager] Browser Action [closeCurrentWindow] successfully performed. @14-02-2021 10:00:26.0148 AM
[ReportManager] Successfully created attachment [Browser Action Test Data - closeCurrentWindow - Actual Value] @14-02-2021 10:00:26.0153 A
[ReportManager] File Action [getAbsolutePath] successfully performed. With the following test data [Relative Folder Path: "target/downloadedFiles/"]. @14-02-2021 10:00:26.0156 AM
[ReportManager] Attempting to run remotely on: [Linux-64], [GoogleChrome], [http://localhost:4444/wd/hub], Headless Execution. @14-02-2021 10:00:26.0156 AM
[ReportManager] Successfully Opened [GoogleChrome]. @14-02-2021 10:00:26.0459 AM
[ReportManager] Target URL: [https://www.google.com/ncr], and after redirection: [www.google.com] @14-02-2021 10:00:26.0478 AM
[ReportManager] Initial URL: [data:,] @14-02-2021 10:00:26.0515 AM
[ReportManager] Browser Action [navigateToURL] successfully performed. With the following test data [https://www.google.com/ncr]. @14-02-2021 10:00:27.0332 A

################################################################################################################################################
Starting Execution:	[106 out of 134] test cases in the current suite
Test Method:		[unitTests.tests_validations_assertions.assertElementAttribute_true_containsComparison_expectedToFail]
################################################################################################################################################
[ReportManager] Element Action [type] successfully performed. With the following test data [Automation123]. @14-02-2021 10:00:27.0919 AM
[ReportManager] Element Action [getText] successfully performed. With the following test data [Automation123]. @14-02-2021 10:00:28.0038 AM
[ReportManager] Loaded Shared OpenCV @14-02-2021 10:00:28.0222 AM
[ReportManager] AssertElementAttribute FAILED; Expected [Value Should be 'Automation1234' for the 'text' attribute, element locator 'By.name: q'] and Actual [Automation123]. Comparison Type [CONTAINS]. Validation Type [POSITIVE]. @14-02-2021 10:00:28.0307 AM
[ReportManager] Successfully created attachment [Screenshot - 1613296828222_assertElementAttribute_true_containsComparison_expectedToFail_AssertElementAttribute_failed] @14-02-2021 10:00:28.0308 A
[ReportManager] Successfully created attachment [Selenium WebDriver Logs - server] @14-02-2021 10:00:28.0388 AM
[ReportManager] Successfully created attachment [Selenium WebDriver Logs - performance] @14-02-2021 10:00:28.0473 AM
[ReportManager] Successfully created attachment [Selenium WebDriver Logs - driver] @14-02-2021 10:00:28.0605 AM
[ReportManager] Browser Action [closeCurrentWindow] successfully performed. @14-02-2021 10:00:28.0664 AM
[ReportManager] Successfully created attachment [Browser Action Test Data - closeCurrentWindow - Actual Value] @14-02-2021 10:00:28.0665 A
[ReportManager] File Action [getAbsolutePath] successfully performed. With the following test data [Relative Folder Path: "target/downloadedFiles/"]. @14-02-2021 10:00:28.0668 AM
[ReportManager] Attempting to run remotely on: [Linux-64], [GoogleChrome], [http://localhost:4444/wd/hub], Headless Execution. @14-02-2021 10:00:28.0668 AM
[ReportManager] Successfully Opened [GoogleChrome]. @14-02-2021 10:00:28.0884 AM
[ReportManager] Target URL: [https://www.google.com/ncr], and after redirection: [www.google.com] @14-02-2021 10:00:28.0894 AM
[ReportManager] Initial URL: [data:,] @14-02-2021 10:00:28.0940 AM
[ReportManager] Browser Action [navigateToURL] successfully performed. With the following test data [https://www.google.com/ncr]. @14-02-2021 10:00:29.0761 A

################################################################################################################################################
Starting Execution:	[107 out of 134] test cases in the current suite
Test Method:		[unitTests.tests_validations_assertions.assertElementAttribute_true_containsComparison_expectedToPass]
################################################################################################################################################
[ReportManager] Element Action [type] successfully performed. With the following test data [Automation123]. @14-02-2021 10:00:30.0322 AM
[ReportManager] Element Action [getText] successfully performed. With the following test data [Automation123]. @14-02-2021 10:00:30.0429 AM
[ReportManager] Loaded Shared OpenCV @14-02-2021 10:00:30.0590 AM
[ReportManager] AssertElementAttribute PASSED; Expected [Value Should be 'Automation' for the 'text' attribute, element locator 'By.name: q'] and Actual [Automation123]. Comparison Type [CONTAINS]. Validation Type [POSITIVE]. @14-02-2021 10:00:30.0682 AM
[ReportManager] Successfully created attachment [Screenshot - 1613296830590_assertElementAttribute_true_containsComparison_expectedToPass_AssertElementAttribute_passed] @14-02-2021 10:00:30.0684 A
[ReportManager] Successfully created attachment [Selenium WebDriver Logs - server] @14-02-2021 10:00:30.0763 AM
[ReportManager] Successfully created attachment [Selenium WebDriver Logs - performance] @14-02-2021 10:00:30.0847 AM
[ReportManager] Successfully created attachment [Selenium WebDriver Logs - driver] @14-02-2021 10:00:30.0984 AM
[ReportManager] Browser Action [closeCurrentWindow] successfully performed. @14-02-2021 10:00:31.0045 AM
[ReportManager] Successfully created attachment [Browser Action Test Data - closeCurrentWindow - Actual Value] @14-02-2021 10:00:31.0046 A
[ReportManager] File Action [getAbsolutePath] successfully performed. With the following test data [Relative Folder Path: "target/downloadedFiles/"]. @14-02-2021 10:00:31.0048 AM
[ReportManager] Attempting to run remotely on: [Linux-64], [GoogleChrome], [http://localhost:4444/wd/hub], Headless Execution. @14-02-2021 10:00:31.0048 AM
[ReportManager] Successfully Opened [GoogleChrome]. @14-02-2021 10:00:31.0274 AM
[ReportManager] Target URL: [https://www.google.com/ncr], and after redirection: [www.google.com] @14-02-2021 10:00:31.0283 AM
[ReportManager] Initial URL: [data:,] @14-02-2021 10:00:31.0324 AM
[ReportManager] Browser Action [navigateToURL] successfully performed. With the following test data [https://www.google.com/ncr]. @14-02-2021 10:00:32.0189 A

################################################################################################################################################
Starting Execution:	[108 out of 134] test cases in the current suite
Test Method:		[unitTests.tests_validations_assertions.assertElementAttribute_true_literalComparison_expectedToFail]
################################################################################################################################################
[ReportManager] Element Action [type] successfully performed. With the following test data [Automation!@#$%^&*()_+{}[]\';/.,]. @14-02-2021 10:00:33.0489 AM
[ReportManager] Element Action [getText] successfully performed. With the following test data [Automation!@#$%^&*()_+{}[]\';/.,]. @14-02-2021 10:00:33.0602 AM
[ReportManager] Loaded Shared OpenCV @14-02-2021 10:00:33.0775 AM
[ReportManager] AssertElementAttribute FAILED; Expected [Value Should be 'Automation' for the 'text' attribute, element locator 'By.name: q'] and Actual [Automation!@#$%^&*()_+{}[]\';/.,]. Comparison Type [EQUALS]. Validation Type [POSITIVE]. @14-02-2021 10:00:33.0864 AM
[ReportManager] Successfully created attachment [Screenshot - 1613296833775_assertElementAttribute_true_literalComparison_expectedToFail_AssertElementAttribute_failed] @14-02-2021 10:00:33.0865 A
[ReportManager] Successfully created attachment [Selenium WebDriver Logs - server] @14-02-2021 10:00:33.0951 AM
[ReportManager] Successfully created attachment [Selenium WebDriver Logs - performance] @14-02-2021 10:00:34.0109 AM
[ReportManager] Successfully created attachment [Selenium WebDriver Logs - driver] @14-02-2021 10:00:34.0292 AM
[ReportManager] Browser Action [closeCurrentWindow] successfully performed. @14-02-2021 10:00:34.0348 AM
[ReportManager] Successfully created attachment [Browser Action Test Data - closeCurrentWindow - Actual Value] @14-02-2021 10:00:34.0349 A
[ReportManager] File Action [getAbsolutePath] successfully performed. With the following test data [Relative Folder Path: "target/downloadedFiles/"]. @14-02-2021 10:00:34.0354 AM
[ReportManager] Attempting to run remotely on: [Linux-64], [GoogleChrome], [http://localhost:4444/wd/hub], Headless Execution. @14-02-2021 10:00:34.0355 AM
[ReportManager] Successfully Opened [GoogleChrome]. @14-02-2021 10:00:34.0569 AM
[ReportManager] Target URL: [https://www.google.com/ncr], and after redirection: [www.google.com] @14-02-2021 10:00:34.0579 AM
[ReportManager] Initial URL: [data:,] @14-02-2021 10:00:34.0619 AM
[ReportManager] Browser Action [navigateToURL] successfully performed. With the following test data [https://www.google.com/ncr]. @14-02-2021 10:00:35.0450 A

################################################################################################################################################
Starting Execution:	[109 out of 134] test cases in the current suite
Test Method:		[unitTests.tests_validations_assertions.assertElementAttribute_true_literalComparison_expectedToPass]
################################################################################################################################################
[ReportManager] Element Action [type] successfully performed. With the following test data [Automation!@#$%^&*()_+{}[]\';/.,]. @14-02-2021 10:00:36.0787 AM
[ReportManager] Element Action [getText] successfully performed. With the following test data [Automation!@#$%^&*()_+{}[]\';/.,]. @14-02-2021 10:00:36.0921 AM
[ReportManager] Loaded Shared OpenCV @14-02-2021 10:00:37.0089 AM
[ReportManager] AssertElementAttribute PASSED; Expected [Value Should be 'Automation!@#$%^&*()_+{}[]\';/.,' for the 'text' attribute, element locator 'By.name: q'] and Actual [Automation!@#$%^&*()_+{}[]\';/.,]. Comparison Type [EQUALS]. Validation Type [POSITIVE]. @14-02-2021 10:00:37.0181 AM
[ReportManager] Successfully created attachment [Screenshot - 1613296837089_assertElementAttribute_true_literalComparison_expectedToPass_AssertElementAttribute_passed] @14-02-2021 10:00:37.0187 A
[ReportManager] Successfully created attachment [Selenium WebDriver Logs - server] @14-02-2021 10:00:37.0273 AM
[ReportManager] Successfully created attachment [Selenium WebDriver Logs - performance] @14-02-2021 10:00:37.0439 AM
[ReportManager] Successfully created attachment [Selenium WebDriver Logs - driver] @14-02-2021 10:00:37.0630 AM
[ReportManager] Browser Action [closeCurrentWindow] successfully performed. @14-02-2021 10:00:37.0687 AM
[ReportManager] Successfully created attachment [Browser Action Test Data - closeCurrentWindow - Actual Value] @14-02-2021 10:00:37.0688 A
[ReportManager] File Action [getAbsolutePath] successfully performed. With the following test data [Relative Folder Path: "target/downloadedFiles/"]. @14-02-2021 10:00:37.0691 AM
[ReportManager] Attempting to run remotely on: [Linux-64], [GoogleChrome], [http://localhost:4444/wd/hub], Headless Execution. @14-02-2021 10:00:37.0691 AM
[ReportManager] Successfully Opened [GoogleChrome]. @14-02-2021 10:00:37.0896 AM
[ReportManager] Target URL: [https://www.google.com/ncr], and after redirection: [www.google.com] @14-02-2021 10:00:37.0906 AM
[ReportManager] Initial URL: [data:,] @14-02-2021 10:00:37.0947 AM
[ReportManager] Browser Action [navigateToURL] successfully performed. With the following test data [https://www.google.com/ncr]. @14-02-2021 10:00:38.0750 A

################################################################################################################################################
Starting Execution:	[110 out of 134] test cases in the current suite
Test Method:		[unitTests.tests_validations_assertions.assertElementAttribute_true_regexComparison_expectedToFail]
################################################################################################################################################
[ReportManager] Element Action [type] successfully performed. With the following test data [Automation123]. @14-02-2021 10:00:39.0353 AM
[ReportManager] Element Action [getText] successfully performed. With the following test data [Automation123]. @14-02-2021 10:00:39.0479 AM
[ReportManager] Loaded Shared OpenCV @14-02-2021 10:00:39.0661 AM
[ReportManager] AssertElementAttribute FAILED; Expected [Value Should be 'Automation' for the 'text' attribute, element locator 'By.name: q'] and Actual [Automation123]. Comparison Type [MATCHES]. Validation Type [POSITIVE]. @14-02-2021 10:00:39.0755 AM
[ReportManager] Successfully created attachment [Screenshot - 1613296839661_assertElementAttribute_true_regexComparison_expectedToFail_AssertElementAttribute_failed] @14-02-2021 10:00:39.0756 A
[ReportManager] Successfully created attachment [Selenium WebDriver Logs - server] @14-02-2021 10:00:39.0851 AM
[ReportManager] Successfully created attachment [Selenium WebDriver Logs - performance] @14-02-2021 10:00:39.0949 AM
[ReportManager] Successfully created attachment [Selenium WebDriver Logs - driver] @14-02-2021 10:00:40.0076 AM
[ReportManager] Browser Action [closeCurrentWindow] successfully performed. @14-02-2021 10:00:40.0132 AM
[ReportManager] Successfully created attachment [Browser Action Test Data - closeCurrentWindow - Actual Value] @14-02-2021 10:00:40.0133 A
[ReportManager] File Action [getAbsolutePath] successfully performed. With the following test data [Relative Folder Path: "target/downloadedFiles/"]. @14-02-2021 10:00:40.0138 AM
[ReportManager] Attempting to run remotely on: [Linux-64], [GoogleChrome], [http://localhost:4444/wd/hub], Headless Execution. @14-02-2021 10:00:40.0138 AM
[ReportManager] Successfully Opened [GoogleChrome]. @14-02-2021 10:00:40.0346 AM
[ReportManager] Target URL: [https://www.google.com/ncr], and after redirection: [www.google.com] @14-02-2021 10:00:40.0359 AM
[ReportManager] Initial URL: [data:,] @14-02-2021 10:00:40.0414 AM
[ReportManager] Browser Action [navigateToURL] successfully performed. With the following test data [https://www.google.com/ncr]. @14-02-2021 10:00:41.0243 A

################################################################################################################################################
Starting Execution:	[111 out of 134] test cases in the current suite
Test Method:		[unitTests.tests_validations_assertions.assertElementAttribute_true_regexComparison_expectedToPass]
################################################################################################################################################
[ReportManager] Element Action [type] successfully performed. With the following test data [Automation123]. @14-02-2021 10:00:41.0863 AM
[ReportManager] Element Action [getText] successfully performed. With the following test data [Automation123]. @14-02-2021 10:00:42.0001 AM
[ReportManager] Loaded Shared OpenCV @14-02-2021 10:00:42.0170 AM
[ReportManager] AssertElementAttribute PASSED; Expected [Value Should be 'Automation.*' for the 'text' attribute, element locator 'By.name: q'] and Actual [Automation123]. Comparison Type [MATCHES]. Validation Type [POSITIVE]. @14-02-2021 10:00:42.0256 AM
[ReportManager] Successfully created attachment [Screenshot - 1613296842170_assertElementAttribute_true_regexComparison_expectedToPass_AssertElementAttribute_passed] @14-02-2021 10:00:42.0257 A
[ReportManager] Successfully created attachment [Selenium WebDriver Logs - server] @14-02-2021 10:00:42.0347 AM
[ReportManager] Successfully created attachment [Selenium WebDriver Logs - performance] @14-02-2021 10:00:42.0437 AM
[ReportManager] Successfully created attachment [Selenium WebDriver Logs - driver] @14-02-2021 10:00:42.0574 AM
[ReportManager] Browser Action [closeCurrentWindow] successfully performed. @14-02-2021 10:00:42.0630 AM
[ReportManager] Successfully created attachment [Browser Action Test Data - closeCurrentWindow - Actual Value] @14-02-2021 10:00:42.0631 A
[ReportManager] File Action [getAbsolutePath] successfully performed. With the following test data [Relative Folder Path: "target/downloadedFiles/"]. @14-02-2021 10:00:42.0635 AM
[ReportManager] Attempting to run remotely on: [Linux-64], [GoogleChrome], [http://localhost:4444/wd/hub], Headless Execution. @14-02-2021 10:00:42.0635 AM
[ReportManager] Successfully Opened [GoogleChrome]. @14-02-2021 10:00:42.0846 AM
[ReportManager] Target URL: [https://www.google.com/ncr], and after redirection: [www.google.com] @14-02-2021 10:00:42.0857 AM
[ReportManager] Initial URL: [data:,] @14-02-2021 10:00:42.0904 AM
[ReportManager] Browser Action [navigateToURL] successfully performed. With the following test data [https://www.google.com/ncr]. @14-02-2021 10:00:43.0700 A

################################################################################################################################################
Starting Execution:	[112 out of 134] test cases in the current suite
Test Method:		[unitTests.tests_validations_assertions.assertElementExists_false_expectedToFail]
################################################################################################################################################
[ReportManager] Loaded Shared OpenCV @14-02-2021 10:00:43.0941 AM
[ReportManager] AssertElementExists FAILED; Expected [Element Should not Exist, locator 'By.id: hplogo'] and Actual [Element Exists]. Comparison Type [EQUALS]. Validation Type [NEGATIVE]. @14-02-2021 10:00:44.0026 AM
[ReportManager] Successfully created attachment [Screenshot - 1613296843941_assertElementExists_false_expectedToFail_AssertElementExists_failed] @14-02-2021 10:00:44.0028 A
[ReportManager] Successfully created attachment [Selenium WebDriver Logs - server] @14-02-2021 10:00:44.0103 AM
[ReportManager] Successfully created attachment [Selenium WebDriver Logs - performance] @14-02-2021 10:00:44.0139 AM
[ReportManager] Successfully created attachment [Selenium WebDriver Logs - driver] @14-02-2021 10:00:44.0212 AM
[ReportManager] Browser Action [closeCurrentWindow] successfully performed. @14-02-2021 10:00:44.0269 AM
[ReportManager] Successfully created attachment [Browser Action Test Data - closeCurrentWindow - Actual Value] @14-02-2021 10:00:44.0270 A
[ReportManager] File Action [getAbsolutePath] successfully performed. With the following test data [Relative Folder Path: "target/downloadedFiles/"]. @14-02-2021 10:00:44.0276 AM
[ReportManager] Attempting to run remotely on: [Linux-64], [GoogleChrome], [http://localhost:4444/wd/hub], Headless Execution. @14-02-2021 10:00:44.0277 AM
[ReportManager] Successfully Opened [GoogleChrome]. @14-02-2021 10:00:44.0481 AM
[ReportManager] Target URL: [https://www.google.com/ncr], and after redirection: [www.google.com] @14-02-2021 10:00:44.0501 AM
[ReportManager] Initial URL: [data:,] @14-02-2021 10:00:44.0541 AM
[ReportManager] Browser Action [navigateToURL] successfully performed. With the following test data [https://www.google.com/ncr]. @14-02-2021 10:00:45.0384 A

################################################################################################################################################
Starting Execution:	[113 out of 134] test cases in the current suite
Test Method:		[unitTests.tests_validations_assertions.assertElementExists_false_expectedToPass]
################################################################################################################################################
[ReportManager] AssertElementExists PASSED; Expected [Element Should not Exist, locator 'By.id: fakeElement'] and Actual [Element Doesn't Exists]. Comparison Type [EQUALS]. Validation Type [NEGATIVE]. @14-02-2021 10:00:45.0692 AM
[ReportManager] Successfully created attachment [Screenshot - 1613296845613_assertElementExists_false_expectedToPass_AssertElementExists_passed] @14-02-2021 10:00:45.0693 A
[ReportManager] Successfully created attachment [Selenium WebDriver Logs - server] @14-02-2021 10:00:45.0771 AM
[ReportManager] Successfully created attachment [Selenium WebDriver Logs - performance] @14-02-2021 10:00:45.0803 AM
[ReportManager] Successfully created attachment [Selenium WebDriver Logs - driver] @14-02-2021 10:00:45.0873 AM
[ReportManager] Browser Action [closeCurrentWindow] successfully performed. @14-02-2021 10:00:45.0929 AM
[ReportManager] Successfully created attachment [Browser Action Test Data - closeCurrentWindow - Actual Value] @14-02-2021 10:00:45.0930 A
[ReportManager] File Action [getAbsolutePath] successfully performed. With the following test data [Relative Folder Path: "target/downloadedFiles/"]. @14-02-2021 10:00:45.0932 AM
[ReportManager] Attempting to run remotely on: [Linux-64], [GoogleChrome], [http://localhost:4444/wd/hub], Headless Execution. @14-02-2021 10:00:45.0932 AM
[ReportManager] Successfully Opened [GoogleChrome]. @14-02-2021 10:00:46.0152 AM
[ReportManager] Target URL: [https://www.google.com/ncr], and after redirection: [www.google.com] @14-02-2021 10:00:46.0162 AM
[ReportManager] Initial URL: [data:,] @14-02-2021 10:00:46.0201 AM
[ReportManager] Browser Action [navigateToURL] successfully performed. With the following test data [https://www.google.com/ncr]. @14-02-2021 10:00:46.0984 A

################################################################################################################################################
Starting Execution:	[114 out of 134] test cases in the current suite
Test Method:		[unitTests.tests_validations_assertions.assertElementExists_false_multipleElementsFound_expectedToFail]
################################################################################################################################################
[ReportManager] AssertElementExists FAILED; Expected [Element Should not Exist, locator 'By.xpath: //div'] and Actual [Element Exists but is not unique]. Comparison Type [EQUALS]. Validation Type [NEGATIVE]. @14-02-2021 10:00:47.0269 AM
[ReportManager] Successfully created attachment [Screenshot - 1613296847192_assertElementExists_false_multipleElementsFound_expectedToFail_AssertElementExists_failed] @14-02-2021 10:00:47.0270 A
[ReportManager] Successfully created attachment [Selenium WebDriver Logs - server] @14-02-2021 10:00:47.0354 AM
[ReportManager] Successfully created attachment [Selenium WebDriver Logs - performance] @14-02-2021 10:00:47.0391 AM
[ReportManager] Successfully created attachment [Selenium WebDriver Logs - driver] @14-02-2021 10:00:47.0461 AM
[ReportManager] Browser Action [closeCurrentWindow] successfully performed. @14-02-2021 10:00:47.0517 AM
[ReportManager] Successfully created attachment [Browser Action Test Data - closeCurrentWindow - Actual Value] @14-02-2021 10:00:47.0519 A
[ReportManager] File Action [getAbsolutePath] successfully performed. With the following test data [Relative Folder Path: "target/downloadedFiles/"]. @14-02-2021 10:00:47.0522 AM
[ReportManager] Attempting to run remotely on: [Linux-64], [GoogleChrome], [http://localhost:4444/wd/hub], Headless Execution. @14-02-2021 10:00:47.0522 AM
[ReportManager] Successfully Opened [GoogleChrome]. @14-02-2021 10:00:47.0718 AM
[ReportManager] Target URL: [https://www.google.com/ncr], and after redirection: [www.google.com] @14-02-2021 10:00:47.0727 AM
[ReportManager] Initial URL: [data:,] @14-02-2021 10:00:47.0772 AM
[ReportManager] Browser Action [navigateToURL] successfully performed. With the following test data [https://www.google.com/ncr]. @14-02-2021 10:00:48.0612 A

################################################################################################################################################
Starting Execution:	[115 out of 134] test cases in the current suite
Test Method:		[unitTests.tests_validations_assertions.assertElementExists_true_expectedToFail]
################################################################################################################################################
[ReportManager] AssertElementExists FAILED; Expected [Element Should Exist, locator 'By.id: fakeElement'] and Actual [Element Doesn't Exists]. Comparison Type [EQUALS]. Validation Type [POSITIVE]. @14-02-2021 10:00:48.0880 AM
[ReportManager] Successfully created attachment [Screenshot - 1613296848808_assertElementExists_true_expectedToFail_AssertElementExists_failed] @14-02-2021 10:00:48.0881 A
[ReportManager] Successfully created attachment [Selenium WebDriver Logs - server] @14-02-2021 10:00:48.0957 AM
[ReportManager] Successfully created attachment [Selenium WebDriver Logs - performance] @14-02-2021 10:00:48.0991 AM
[ReportManager] Successfully created attachment [Selenium WebDriver Logs - driver] @14-02-2021 10:00:49.0063 AM
[ReportManager] Browser Action [closeCurrentWindow] successfully performed. @14-02-2021 10:00:49.0121 AM
[ReportManager] Successfully created attachment [Browser Action Test Data - closeCurrentWindow - Actual Value] @14-02-2021 10:00:49.0122 A
[ReportManager] File Action [getAbsolutePath] successfully performed. With the following test data [Relative Folder Path: "target/downloadedFiles/"]. @14-02-2021 10:00:49.0129 AM
[ReportManager] Attempting to run remotely on: [Linux-64], [GoogleChrome], [http://localhost:4444/wd/hub], Headless Execution. @14-02-2021 10:00:49.0129 AM
[ReportManager] Successfully Opened [GoogleChrome]. @14-02-2021 10:00:49.0339 AM
[ReportManager] Target URL: [https://www.google.com/ncr], and after redirection: [www.google.com] @14-02-2021 10:00:49.0351 AM
[ReportManager] Initial URL: [data:,] @14-02-2021 10:00:49.0388 AM
[ReportManager] Browser Action [navigateToURL] successfully performed. With the following test data [https://www.google.com/ncr]. @14-02-2021 10:00:50.0210 A

################################################################################################################################################
Starting Execution:	[116 out of 134] test cases in the current suite
Test Method:		[unitTests.tests_validations_assertions.assertElementExists_true_expectedToPass]
################################################################################################################################################
[ReportManager] Loaded Shared OpenCV @14-02-2021 10:00:50.0457 AM
[ReportManager] AssertElementExists PASSED; Expected [Element Should Exist, locator 'By.id: hplogo'] and Actual [Element Exists]. Comparison Type [EQUALS]. Validation Type [POSITIVE]. @14-02-2021 10:00:50.0539 AM
[ReportManager] Successfully created attachment [Screenshot - 1613296850457_assertElementExists_true_expectedToPass_AssertElementExists_passed] @14-02-2021 10:00:50.0540 A
[ReportManager] Successfully created attachment [Selenium WebDriver Logs - server] @14-02-2021 10:00:50.0625 AM
[ReportManager] Successfully created attachment [Selenium WebDriver Logs - performance] @14-02-2021 10:00:50.0659 AM
[ReportManager] Successfully created attachment [Selenium WebDriver Logs - driver] @14-02-2021 10:00:50.0735 AM
[ReportManager] Browser Action [closeCurrentWindow] successfully performed. @14-02-2021 10:00:50.0791 AM
[ReportManager] Successfully created attachment [Browser Action Test Data - closeCurrentWindow - Actual Value] @14-02-2021 10:00:50.0792 A
[ReportManager] File Action [getAbsolutePath] successfully performed. With the following test data [Relative Folder Path: "target/downloadedFiles/"]. @14-02-2021 10:00:50.0798 AM
[ReportManager] Attempting to run remotely on: [Linux-64], [GoogleChrome], [http://localhost:4444/wd/hub], Headless Execution. @14-02-2021 10:00:50.0798 AM
[ReportManager] Successfully Opened [GoogleChrome]. @14-02-2021 10:00:51.0016 AM
[ReportManager] Target URL: [https://www.google.com/ncr], and after redirection: [www.google.com] @14-02-2021 10:00:51.0025 AM
[ReportManager] Initial URL: [data:,] @14-02-2021 10:00:51.0065 AM
[ReportManager] Browser Action [navigateToURL] successfully performed. With the following test data [https://www.google.com/ncr]. @14-02-2021 10:00:51.0848 A

################################################################################################################################################
Starting Execution:	[117 out of 134] test cases in the current suite
Test Method:		[unitTests.tests_validations_assertions.assertElementExists_true_multipleElementsFound_expectedToFail]
################################################################################################################################################
[ReportManager] AssertElementExists FAILED; Expected [Element Should Exist, locator 'By.xpath: //div'] and Actual [Element Exists but is not unique]. Comparison Type [EQUALS]. Validation Type [POSITIVE]. @14-02-2021 10:00:52.0169 AM
[ReportManager] Successfully created attachment [Screenshot - 1613296852098_assertElementExists_true_multipleElementsFound_expectedToFail_AssertElementExists_failed] @14-02-2021 10:00:52.0170 A
[ReportManager] Successfully created attachment [Selenium WebDriver Logs - server] @14-02-2021 10:00:52.0252 AM
[ReportManager] Successfully created attachment [Selenium WebDriver Logs - performance] @14-02-2021 10:00:52.0286 AM
[ReportManager] Successfully created attachment [Selenium WebDriver Logs - driver] @14-02-2021 10:00:52.0355 AM
[ReportManager] Browser Action [closeCurrentWindow] successfully performed. @14-02-2021 10:00:52.0411 AM
[ReportManager] Successfully created attachment [Browser Action Test Data - closeCurrentWindow - Actual Value] @14-02-2021 10:00:52.0411 A

################################################################################################################################################
Starting Execution:	[118 out of 134] test cases in the current suite
Test Method:		[unitTests.tests_validations_assertions.assertEquals_false_expectedToFail]
################################################################################################################################################
[ReportManager] AssertEquals FAILED; Expected [1] and Actual [1]. Comparison Type [EQUALS]. Validation Type [NEGATIVE]. @14-02-2021 10:00:52.0417 A

################################################################################################################################################
Starting Execution:	[119 out of 134] test cases in the current suite
Test Method:		[unitTests.tests_validations_assertions.assertEquals_false_expectedToPass]
################################################################################################################################################
[ReportManager] AssertEquals PASSED; Expected [1] and Actual [2]. Comparison Type [EQUALS]. Validation Type [NEGATIVE]. @14-02-2021 10:00:52.0421 A

################################################################################################################################################
Starting Execution:	[120 out of 134] test cases in the current suite
Test Method:		[unitTests.tests_validations_assertions.assertEquals_longCharacters]
################################################################################################################################################
[ReportManager] VerifyEquals PASSED; Expected and Actual values are attached. Comparison Type [EQUALS]. Validation Type [POSITIVE]. @14-02-2021 10:00:52.0426 AM
[ReportManager] Successfully created attachment [Validation Test Data - Expected Value] @14-02-2021 10:00:52.0426 AM
[ReportManager] Successfully created attachment [Validation Test Data - Actual Value] @14-02-2021 10:00:52.0426 AM
[ReportManager] AssertEquals PASSED; Expected and Actual values are attached. Comparison Type [EQUALS]. Validation Type [POSITIVE]. @14-02-2021 10:00:52.0426 AM
[ReportManager] Successfully created attachment [Validation Test Data - Expected Value] @14-02-2021 10:00:52.0426 AM
[ReportManager] Successfully created attachment [Validation Test Data - Actual Value] @14-02-2021 10:00:52.0426 A

################################################################################################################################################
Starting Execution:	[121 out of 134] test cases in the current suite
Test Method:		[unitTests.tests_validations_assertions.assertEquals_longCharacters_Discreet]
################################################################################################################################################
[ReportManager] AssertEquals PASSED; Expected [1LH5pROcDBjjQk0t0mCr0lXuzQu9lcGj28kY8R1H81X67eVAQJgWQhILiRWVPUgZ6uCtK5cnBkF55Jr9vYngjGO1Iyf0Mktv6lruDlL9T8MAUPcUZJGHZtji6nIeadujDSNmWMj5d6C8zlFqw0CRqBU0hO5adIasHgBSNoLotAjce3NGXoDwAlp3rYreeV16VIyZXROQY] and Actual [1LH5pROcDBjjQk0t0mCr0lXuzQu9lcGj28kY8R1H81X67eVAQJgWQhILiRWVPUgZ6uCtK5cnBkF55Jr9vYngjGO1Iyf0Mktv6lruDlL9T8MAUPcUZJGHZtji6nIeadujDSNmWMj5d6C8zlFqw0CRqBU0hO5adIasHgBSNoLotAjce3NGXoDwAlp3rYreeV16VIyZXROQY]. Comparison Type [EQUALS]. Validation Type [POSITIVE]. @14-02-2021 10:00:52.0432 A

################################################################################################################################################
Starting Execution:	[122 out of 134] test cases in the current suite
Test Method:		[unitTests.tests_validations_assertions.assertEquals_true_expectedToFail]
################################################################################################################################################
[ReportManager] AssertEquals FAILED; Expected [1] and Actual [2]. Comparison Type [EQUALS]. Validation Type [POSITIVE]. @14-02-2021 10:00:52.0436 A

################################################################################################################################################
Starting Execution:	[123 out of 134] test cases in the current suite
Test Method:		[unitTests.tests_validations_assertions.assertEquals_true_expectedToPass]
Test Description:	[Assert that assertEquals works as expected when the two values are equal.]
################################################################################################################################################
[ReportManager] VerifyEquals PASSED; Expected [1] and Actual [1]. Comparison Type [EQUALS]. Validation Type [POSITIVE]. @14-02-2021 10:00:52.0439 AM
[ReportManager] AssertEquals PASSED; Expected [1] and Actual [1]. Comparison Type [EQUALS]. Validation Type [POSITIVE]. @14-02-2021 10:00:52.0439 A

################################################################################################################################################
Starting Execution:	[124 out of 134] test cases in the current suite
Test Method:		[unitTests.tests_validations_assertions.assertEquals_true_expectedToPass__]
################################################################################################################################################
[ReportManager] AssertEquals PASSED; Expected [1] and Actual [1]. Comparison Type [EQUALS]. Validation Type [POSITIVE]. @14-02-2021 10:00:52.0441 A

################################################################################################################################################
Starting Execution:	[125 out of 134] test cases in the current suite
Test Method:		[unitTests.tests_validations_assertions.assertFileExists_false_expectedToFail]
################################################################################################################################################
[ReportManager] File Action [doesFileExist] successfully performed. With the following test data [File Path: "src/main/java/com/shaft/gui/element/ElementActions.java"]. @14-02-2021 10:00:52.0445 AM
[ReportManager] AssertFileExists FAILED; Expected [File 'src/main/java/com/shaft/gui/element/ElementActions.java' should not exist, after up to '1' retries] and Actual [File exists]. Validation Type [NEGATIVE]. @14-02-2021 10:00:52.0446 A

################################################################################################################################################
Starting Execution:	[126 out of 134] test cases in the current suite
Test Method:		[unitTests.tests_validations_assertions.assertFileExists_false_expectedToPass]
################################################################################################################################################
[ReportManager] File Action [doesFileExist] successfully performed. With the following test data [File Path: "src/main/java/com/shaft/gui/element/ElementActions.java_fail"]. @14-02-2021 10:00:52.0950 AM
[ReportManager] AssertFileExists PASSED; Expected [File 'src/main/java/com/shaft/gui/element/ElementActions.java_fail' should not exist, after up to '1' retries] and Actual [File does not exist]. Validation Type [NEGATIVE]. @14-02-2021 10:00:52.0951 A

################################################################################################################################################
Starting Execution:	[127 out of 134] test cases in the current suite
Test Method:		[unitTests.tests_validations_assertions.assertFileExists_true_expectedToFail]
################################################################################################################################################
[ReportManager] File Action [doesFileExist] successfully performed. With the following test data [File Path: "src/main/java/com/shaft/gui/element/ElementActions.java_fail"]. @14-02-2021 10:00:53.0458 AM
[ReportManager] AssertFileExists FAILED; Expected [File 'src/main/java/com/shaft/gui/element/ElementActions.java_fail' should exist, after up to '1' retries] and Actual [File does not exist]. Validation Type [POSITIVE]. @14-02-2021 10:00:53.0459 A

################################################################################################################################################
Starting Execution:	[128 out of 134] test cases in the current suite
Test Method:		[unitTests.tests_validations_assertions.assertFileExists_true_expectedToPass]
################################################################################################################################################
[ReportManager] File Action [doesFileExist] successfully performed. With the following test data [File Path: "src/main/java/com/shaft/gui/element/ElementActions.java"]. @14-02-2021 10:00:53.0467 AM
[ReportManager] AssertFileExists PASSED; Expected [File 'src/main/java/com/shaft/gui/element/ElementActions.java' should exist, after up to '1' retries] and Actual [File exists]. Validation Type [POSITIVE]. @14-02-2021 10:00:53.0467 A

################################################################################################################################################
Starting Execution:	[129 out of 134] test cases in the current suite
Test Method:		[unitTests.tests_validations_assertions.assertNull_false_expectedToFail]
################################################################################################################################################
[ReportManager] AssertNull FAILED; Expected [NULL] and Actual [NULL]. Comparison Type [EQUALS]. Validation Type [NEGATIVE]. @14-02-2021 10:00:53.0471 A

################################################################################################################################################
Starting Execution:	[130 out of 134] test cases in the current suite
Test Method:		[unitTests.tests_validations_assertions.assertNull_false_expectedToPass]
################################################################################################################################################
[ReportManager] AssertNull PASSED; Expected [NULL] and Actual [1]. Comparison Type [EQUALS]. Validation Type [NEGATIVE]. @14-02-2021 10:00:53.0473 A

################################################################################################################################################
Starting Execution:	[131 out of 134] test cases in the current suite
Test Method:		[unitTests.tests_validations_assertions.assertNull_true_expectedToFail]
################################################################################################################################################
[ReportManager] AssertNull FAILED; Expected [NULL] and Actual [1]. Comparison Type [EQUALS]. Validation Type [POSITIVE]. @14-02-2021 10:00:53.0474 A

################################################################################################################################################
Starting Execution:	[132 out of 134] test cases in the current suite
Test Method:		[unitTests.tests_validations_assertions.assertNull_true_expectedToPass]
################################################################################################################################################
[ReportManager] AssertNull PASSED; Expected [NULL] and Actual [NULL]. Comparison Type [EQUALS]. Validation Type [POSITIVE]. @14-02-2021 10:00:53.0476 A

################################################################################################################################################
Starting Execution:	[133 out of 134] test cases in the current suite
Test Method:		[unitTests.tests_restActions.getPostsAndAssertBodyForSpecificTitle]
################################################################################################################################################
[ReportManager] Response status code: [200], status line: [HTTP/1.1 200 OK] @14-02-2021 10:00:54.0644 AM
[ReportManager] Evaluating the actual response status code against the expected one...... @14-02-2021 10:00:54.0644 AM
[ReportManager] AssertEquals PASSED; Expected [200] and Actual [200]. Comparison Type [EQUALS]. Validation Type [POSITIVE]. @14-02-2021 10:00:54.0644 AM
[ReportManager] API Action [performRequest] successfully performed. With the following test data [Request Type: "GET" | Target Status Code: "200" | Service URL: "https://jsonplaceholder.typicode.com/posts" | Content Type: "*/*" | Response Time: "708ms"]. @14-02-2021 10:00:54.0818 AM
[ReportManager] Successfully created attachment [API Response - JSON Body] @14-02-2021 10:00:54.0819 AM
[ReportManager] API Action [getResponseJSONValueAsList] successfully performed. @14-02-2021 10:00:54.0837 AM
[ReportManager] API Action [getResponseJSONValue] successfully performed. With the following test data [title]. @14-02-2021 10:00:54.0850 AM
[ReportManager] API Action [getResponseJSONValue] successfully performed. With the following test data [title]. @14-02-2021 10:00:54.0867 AM
[ReportManager] API Action [getResponseJSONValue] successfully performed. With the following test data [body]. @14-02-2021 10:00:54.0881 AM
[ReportManager] AssertEquals PASSED; Expected [qui neque nisi nulla] and Actual [est rerum tempore vitae
sequi sint nihil reprehenderit dolor beatae ea dolores neque
fugiat blanditiis voluptate porro vel nihil molestiae ut reiciendis
qui aperiam non debitis possimus qui neque nisi nulla]. Comparison Type [CONTAINS]. Validation Type [POSITIVE]. @14-02-2021 10:00:54.0881 AM
[ReportManager] API Action [getResponseJSONValue] successfully performed. With the following test data [title]. @14-02-2021 10:00:54.0892 AM
[ReportManager] API Action [getResponseJSONValue] successfully performed. With the following test data [title]. @14-02-2021 10:00:54.0910 AM
[ReportManager] API Action [getResponseJSONValue] successfully performed. With the following test data [title]. @14-02-2021 10:00:54.0928 AM
[ReportManager] API Action [getResponseJSONValue] successfully performed. With the following test data [title]. @14-02-2021 10:00:54.0939 AM
[ReportManager] API Action [getResponseJSONValue] successfully performed. With the following test data [title]. @14-02-2021 10:00:54.0953 AM
[ReportManager] API Action [getResponseJSONValue] successfully performed. With the following test data [title]. @14-02-2021 10:00:54.0962 AM
[ReportManager] API Action [getResponseJSONValue] successfully performed. With the following test data [title]. @14-02-2021 10:00:54.0972 AM
[ReportManager] API Action [getResponseJSONValue] successfully performed. With the following test data [title]. @14-02-2021 10:00:54.0982 AM
[ReportManager] API Action [getResponseJSONValue] successfully performed. With the following test data [title]. @14-02-2021 10:00:54.0991 AM
[ReportManager] API Action [getResponseJSONValue] successfully performed. With the following test data [title]. @14-02-2021 10:00:55.0001 AM
[ReportManager] API Action [getResponseJSONValue] successfully performed. With the following test data [title]. @14-02-2021 10:00:55.0010 AM
[ReportManager] API Action [getResponseJSONValue] successfully performed. With the following test data [title]. @14-02-2021 10:00:55.0018 AM
[ReportManager] API Action [getResponseJSONValue] successfully performed. With the following test data [title]. @14-02-2021 10:00:55.0025 AM
[ReportManager] API Action [getResponseJSONValue] successfully performed. With the following test data [title]. @14-02-2021 10:00:55.0034 AM
[ReportManager] API Action [getResponseJSONValue] successfully performed. With the following test data [title]. @14-02-2021 10:00:55.0043 AM
[ReportManager] API Action [getResponseJSONValue] successfully performed. With the following test data [title]. @14-02-2021 10:00:55.0052 AM
[ReportManager] API Action [getResponseJSONValue] successfully performed. With the following test data [title]. @14-02-2021 10:00:55.0060 AM
[ReportManager] API Action [getResponseJSONValue] successfully performed. With the following test data [title]. @14-02-2021 10:00:55.0069 AM
[ReportManager] API Action [getResponseJSONValue] successfully performed. With the following test data [title]. @14-02-2021 10:00:55.0076 AM
[ReportManager] API Action [getResponseJSONValue] successfully performed. With the following test data [title]. @14-02-2021 10:00:55.0086 AM
[ReportManager] API Action [getResponseJSONValue] successfully performed. With the following test data [title]. @14-02-2021 10:00:55.0095 AM
[ReportManager] API Action [getResponseJSONValue] successfully performed. With the following test data [title]. @14-02-2021 10:00:55.0103 AM
[ReportManager] API Action [getResponseJSONValue] successfully performed. With the following test data [title]. @14-02-2021 10:00:55.0110 AM
[ReportManager] API Action [getResponseJSONValue] successfully performed. With the following test data [title]. @14-02-2021 10:00:55.0117 AM
[ReportManager] API Action [getResponseJSONValue] successfully performed. With the following test data [title]. @14-02-2021 10:00:55.0125 AM
[ReportManager] API Action [getResponseJSONValue] successfully performed. With the following test data [title]. @14-02-2021 10:00:55.0132 AM
[ReportManager] API Action [getResponseJSONValue] successfully performed. With the following test data [title]. @14-02-2021 10:00:55.0140 AM
[ReportManager] API Action [getResponseJSONValue] successfully performed. With the following test data [title]. @14-02-2021 10:00:55.0148 AM
[ReportManager] API Action [getResponseJSONValue] successfully performed. With the following test data [title]. @14-02-2021 10:00:55.0156 AM
[ReportManager] API Action [getResponseJSONValue] successfully performed. With the following test data [title]. @14-02-2021 10:00:55.0163 AM
[ReportManager] API Action [getResponseJSONValue] successfully performed. With the following test data [title]. @14-02-2021 10:00:55.0170 AM
[ReportManager] API Action [getResponseJSONValue] successfully performed. With the following test data [title]. @14-02-2021 10:00:55.0178 AM
[ReportManager] API Action [getResponseJSONValue] successfully performed. With the following test data [title]. @14-02-2021 10:00:55.0186 AM
[ReportManager] API Action [getResponseJSONValue] successfully performed. With the following test data [title]. @14-02-2021 10:00:55.0194 AM
[ReportManager] API Action [getResponseJSONValue] successfully performed. With the following test data [title]. @14-02-2021 10:00:55.0202 AM
[ReportManager] API Action [getResponseJSONValue] successfully performed. With the following test data [title]. @14-02-2021 10:00:55.0208 AM
[ReportManager] API Action [getResponseJSONValue] successfully performed. With the following test data [title]. @14-02-2021 10:00:55.0215 AM
[ReportManager] API Action [getResponseJSONValue] successfully performed. With the following test data [title]. @14-02-2021 10:00:55.0222 AM
[ReportManager] API Action [getResponseJSONValue] successfully performed. With the following test data [title]. @14-02-2021 10:00:55.0229 AM
[ReportManager] API Action [getResponseJSONValue] successfully performed. With the following test data [title]. @14-02-2021 10:00:55.0236 AM
[ReportManager] API Action [getResponseJSONValue] successfully performed. With the following test data [title]. @14-02-2021 10:00:55.0243 AM
[ReportManager] API Action [getResponseJSONValue] successfully performed. With the following test data [title]. @14-02-2021 10:00:55.0251 AM
[ReportManager] API Action [getResponseJSONValue] successfully performed. With the following test data [title]. @14-02-2021 10:00:55.0258 AM
[ReportManager] API Action [getResponseJSONValue] successfully performed. With the following test data [title]. @14-02-2021 10:00:55.0266 AM
[ReportManager] API Action [getResponseJSONValue] successfully performed. With the following test data [title]. @14-02-2021 10:00:55.0273 AM
[ReportManager] API Action [getResponseJSONValue] successfully performed. With the following test data [title]. @14-02-2021 10:00:55.0280 AM
[ReportManager] API Action [getResponseJSONValue] successfully performed. With the following test data [title]. @14-02-2021 10:00:55.0287 AM
[ReportManager] API Action [getResponseJSONValue] successfully performed. With the following test data [title]. @14-02-2021 10:00:55.0294 AM
[ReportManager] API Action [getResponseJSONValue] successfully performed. With the following test data [title]. @14-02-2021 10:00:55.0301 AM
[ReportManager] API Action [getResponseJSONValue] successfully performed. With the following test data [title]. @14-02-2021 10:00:55.0307 AM
[ReportManager] API Action [getResponseJSONValue] successfully performed. With the following test data [title]. @14-02-2021 10:00:55.0314 AM
[ReportManager] API Action [getResponseJSONValue] successfully performed. With the following test data [title]. @14-02-2021 10:00:55.0321 AM
[ReportManager] API Action [getResponseJSONValue] successfully performed. With the following test data [title]. @14-02-2021 10:00:55.0327 AM
[ReportManager] API Action [getResponseJSONValue] successfully performed. With the following test data [title]. @14-02-2021 10:00:55.0334 AM
[ReportManager] API Action [getResponseJSONValue] successfully performed. With the following test data [title]. @14-02-2021 10:00:55.0341 AM
[ReportManager] API Action [getResponseJSONValue] successfully performed. With the following test data [title]. @14-02-2021 10:00:55.0349 AM
[ReportManager] API Action [getResponseJSONValue] successfully performed. With the following test data [title]. @14-02-2021 10:00:55.0358 AM
[ReportManager] API Action [getResponseJSONValue] successfully performed. With the following test data [title]. @14-02-2021 10:00:55.0366 AM
[ReportManager] API Action [getResponseJSONValue] successfully performed. With the following test data [title]. @14-02-2021 10:00:55.0409 AM
[ReportManager] API Action [getResponseJSONValue] successfully performed. With the following test data [title]. @14-02-2021 10:00:55.0421 AM
[ReportManager] API Action [getResponseJSONValue] successfully performed. With the following test data [title]. @14-02-2021 10:00:55.0429 AM
[ReportManager] API Action [getResponseJSONValue] successfully performed. With the following test data [title]. @14-02-2021 10:00:55.0436 AM
[ReportManager] API Action [getResponseJSONValue] successfully performed. With the following test data [title]. @14-02-2021 10:00:55.0443 AM
[ReportManager] API Action [getResponseJSONValue] successfully performed. With the following test data [title]. @14-02-2021 10:00:55.0450 AM
[ReportManager] API Action [getResponseJSONValue] successfully performed. With the following test data [title]. @14-02-2021 10:00:55.0456 AM
[ReportManager] API Action [getResponseJSONValue] successfully performed. With the following test data [title]. @14-02-2021 10:00:55.0463 AM
[ReportManager] API Action [getResponseJSONValue] successfully performed. With the following test data [title]. @14-02-2021 10:00:55.0469 AM
[ReportManager] API Action [getResponseJSONValue] successfully performed. With the following test data [title]. @14-02-2021 10:00:55.0476 AM
[ReportManager] API Action [getResponseJSONValue] successfully performed. With the following test data [title]. @14-02-2021 10:00:55.0482 AM
[ReportManager] API Action [getResponseJSONValue] successfully performed. With the following test data [title]. @14-02-2021 10:00:55.0489 AM
[ReportManager] API Action [getResponseJSONValue] successfully performed. With the following test data [title]. @14-02-2021 10:00:55.0495 AM
[ReportManager] API Action [getResponseJSONValue] successfully performed. With the following test data [title]. @14-02-2021 10:00:55.0502 AM
[ReportManager] API Action [getResponseJSONValue] successfully performed. With the following test data [title]. @14-02-2021 10:00:55.0509 AM
[ReportManager] API Action [getResponseJSONValue] successfully performed. With the following test data [title]. @14-02-2021 10:00:55.0515 AM
[ReportManager] API Action [getResponseJSONValue] successfully performed. With the following test data [title]. @14-02-2021 10:00:55.0521 AM
[ReportManager] API Action [getResponseJSONValue] successfully performed. With the following test data [title]. @14-02-2021 10:00:55.0528 AM
[ReportManager] API Action [getResponseJSONValue] successfully performed. With the following test data [title]. @14-02-2021 10:00:55.0534 AM
[ReportManager] API Action [getResponseJSONValue] successfully performed. With the following test data [title]. @14-02-2021 10:00:55.0540 AM
[ReportManager] API Action [getResponseJSONValue] successfully performed. With the following test data [title]. @14-02-2021 10:00:55.0547 AM
[ReportManager] API Action [getResponseJSONValue] successfully performed. With the following test data [title]. @14-02-2021 10:00:55.0553 AM
[ReportManager] API Action [getResponseJSONValue] successfully performed. With the following test data [title]. @14-02-2021 10:00:55.0560 AM
[ReportManager] API Action [getResponseJSONValue] successfully performed. With the following test data [title]. @14-02-2021 10:00:55.0566 AM
[ReportManager] API Action [getResponseJSONValue] successfully performed. With the following test data [title]. @14-02-2021 10:00:55.0572 AM
[ReportManager] API Action [getResponseJSONValue] successfully performed. With the following test data [title]. @14-02-2021 10:00:55.0578 AM
[ReportManager] API Action [getResponseJSONValue] successfully performed. With the following test data [title]. @14-02-2021 10:00:55.0585 AM
[ReportManager] API Action [getResponseJSONValue] successfully performed. With the following test data [title]. @14-02-2021 10:00:55.0591 AM
[ReportManager] API Action [getResponseJSONValue] successfully performed. With the following test data [title]. @14-02-2021 10:00:55.0597 AM
[ReportManager] API Action [getResponseJSONValue] successfully performed. With the following test data [title]. @14-02-2021 10:00:55.0604 AM
[ReportManager] API Action [getResponseJSONValue] successfully performed. With the following test data [title]. @14-02-2021 10:00:55.0610 AM
[ReportManager] API Action [getResponseJSONValue] successfully performed. With the following test data [title]. @14-02-2021 10:00:55.0616 AM
[ReportManager] API Action [getResponseJSONValue] successfully performed. With the following test data [title]. @14-02-2021 10:00:55.0622 AM
[ReportManager] API Action [getResponseJSONValue] successfully performed. With the following test data [title]. @14-02-2021 10:00:55.0628 AM
[ReportManager] API Action [getResponseJSONValue] successfully performed. With the following test data [title]. @14-02-2021 10:00:55.0634 AM
[ReportManager] API Action [getResponseJSONValue] successfully performed. With the following test data [title]. @14-02-2021 10:00:55.0640 AM
[ReportManager] API Action [getResponseJSONValue] successfully performed. With the following test data [title]. @14-02-2021 10:00:55.0646 AM
[ReportManager] API Action [getResponseJSONValue] successfully performed. With the following test data [title]. @14-02-2021 10:00:55.0652 AM
[ReportManager] API Action [getResponseJSONValue] successfully performed. With the following test data [title]. @14-02-2021 10:00:55.0658 AM
[ReportManager] API Action [getResponseJSONValue] successfully performed. With the following test data [title]. @14-02-2021 10:00:55.0665 A

################################################################################################################################################
Starting Execution:	[134 out of 134] test cases in the current suite
Test Method:		[unitTests.tests_restActions.validateUserEmail]
################################################################################################################################################
[ReportManager] Response status code: [200], status line: [HTTP/1.1 200 OK] @14-02-2021 10:00:55.0751 AM
[ReportManager] Evaluating the actual response status code against the expected one...... @14-02-2021 10:00:55.0751 AM
[ReportManager] AssertEquals PASSED; Expected [200] and Actual [200]. Comparison Type [EQUALS]. Validation Type [POSITIVE]. @14-02-2021 10:00:55.0751 AM
[ReportManager] API Action [performRequest] successfully performed. With the following test data [Request Type: "GET" | Target Status Code: "200" | Service URL: "https://jsonplaceholder.typicode.com/users" | Content Type: "*/*" | Response Time: "79ms"]. @14-02-2021 10:00:55.0819 AM
[ReportManager] Successfully created attachment [API Response - JSON Body] @14-02-2021 10:00:55.0819 AM
[ReportManager] AssertEquals PASSED; Expected and Actual values are attached. Comparison Type [CONTAINS]. Validation Type [POSITIVE]. @14-02-2021 10:00:55.0820 AM
[ReportManager] Successfully created attachment [Validation Test Data - Expected Value] @14-02-2021 10:00:55.0820 AM
[ReportManager] Successfully created attachment [Validation Test Data - Actual Value] @14-02-2021 10:00:55.0820 AM
[ReportManager] API Action [getResponseJSONValueAsList] successfully performed. With the following test data [$]. @14-02-2021 10:00:55.0823 AM
[ReportManager] API Action [getResponseJSONValue] successfully performed. With the following test data [name]. @14-02-2021 10:00:55.0832 AM
[ReportManager] API Action [getResponseJSONValue] successfully performed. With the following test data [email]. @14-02-2021 10:00:55.0839 AM
[ReportManager] AssertEquals PASSED; Expected [Sincere@april.biz] and Actual [Sincere@april.biz]. Comparison Type [EQUALS]. Validation Type [POSITIVE]. @14-02-2021 10:00:55.0839 AM
[ReportManager] API Action [getResponseJSONValue] successfully performed. With the following test data [name]. @14-02-2021 10:00:55.0846 AM
[ReportManager] API Action [getResponseJSONValue] successfully performed. With the following test data [name]. @14-02-2021 10:00:55.0853 AM
[ReportManager] API Action [getResponseJSONValue] successfully performed. With the following test data [name]. @14-02-2021 10:00:55.0860 AM
[ReportManager] API Action [getResponseJSONValue] successfully performed. With the following test data [name]. @14-02-2021 10:00:55.0866 AM
[ReportManager] API Action [getResponseJSONValue] successfully performed. With the following test data [name]. @14-02-2021 10:00:55.0872 AM
[ReportManager] API Action [getResponseJSONValue] successfully performed. With the following test data [name]. @14-02-2021 10:00:55.0879 AM
[ReportManager] API Action [getResponseJSONValue] successfully performed. With the following test data [name]. @14-02-2021 10:00:55.0885 AM
[ReportManager] API Action [getResponseJSONValue] successfully performed. With the following test data [name]. @14-02-2021 10:00:55.0891 AM
[ReportManager] API Action [getResponseJSONValue] successfully performed. With the following test data [name]. @14-02-2021 10:00:55.0897 A

################################################################################################################################################
Test Closure Activities
################################################################################################################################################
[ReportManager] Successfully created attachment [SHAFT Engine Logs - Execution log] @14-02-2021 10:00:55.0927 AM

################################################################################################################################################
This test run was powered by SHAFT Engine Version: [SHAFT Engine v5.1]
SHAFT Engine is licensed under the MIT License: [https://github.com/MohabMohie/SHAFT_ENGINE/blob/master/LICENSE].
################################################################################################################################################