################################################################################################################################################
Detected SHAFT Engine Version: [SHAFT Engine v5.1]
################################################################################################################################################
[ReportManager] Successfully loaded the following test data file [src/test/resources/TestDataFiles/testSuite01/TestData.xlsx]. @15-02-2021 01:41:32.0653 AM
[ReportManager] Successfully created attachment [Test Data - Excel] @15-02-2021 01:41:32.0656 AM
[ReportManager] File Action [getAbsolutePath] successfully performed. With the following test data [Relative Folder Path: "target/downloadedFiles/"]. @15-02-2021 01:41:32.0661 AM
[ReportManager] Attempting to run remotely on: [Linux-64], [GoogleChrome], [http://localhost:4444/wd/hub], Headless Execution. @15-02-2021 01:41:32.0689 AM
[ReportManager] Successfully Opened [GoogleChrome]. @15-02-2021 01:41:34.0269 A

################################################################################################################################################
Starting Execution:	[1 out of 134] test cases in the current suite
Test Method:		[testPackage01.Test_google.navigateToURLandVerifyGoogleLogoIsDisplayed]
Test Description:	[TC001 - Navigate to URL and Verify Google Logo is Displayed]
################################################################################################################################################
[ReportManager] Target URL: [https://www.google.com/ncr], and after redirection: [https://www.google.com] @15-02-2021 01:41:34.0482 AM
[ReportManager] Initial URL: [data:,] @15-02-2021 01:41:34.0584 AM
[ReportManager] Browser Action [navigateToURL] successfully performed. With the following test data [https://www.google.com/ncr]. @15-02-2021 01:41:35.0856 AM
[ReportManager] Loaded Shared OpenCV @15-02-2021 01:41:36.0834 AM
[ReportManager] AssertElementExists PASSED; Expected [Element Should Exist, locator 'By.xpath: //img[@id='hplogo' or @alt='Google']'] and Actual [Element Exists]. Comparison Type [EQUALS]. Validation Type [POSITIVE]. @15-02-2021 01:41:37.0181 AM
[ReportManager] Successfully created attachment [Screenshot - 1613353296231_navigateToURLandVerifyGoogleLogoIsDisplayed_AssertElementExists_passed] @15-02-2021 01:41:37.0199 A

################################################################################################################################################
Starting Execution:	[2 out of 134] test cases in the current suite
Test Method:		[testPackage01.Test_google.searchForQueryandAssertResultsNumDisplayed]
Test Description:	[TC002 - Search for Query and Assert that the number of results is displayed]
################################################################################################################################################
[ReportManager] Element Action [type] successfully performed. With the following test data [SHAFT_Engine]. @15-02-2021 01:41:38.0096 AM
[ReportManager] Element Action [keyPress] successfully performed. With the following test data [Enter]. @15-02-2021 01:41:39.0435 AM
[ReportManager] Element Action [getText] successfully performed. With the following test data [About 6,250,000 results (0.68 seconds) ]. @15-02-2021 01:41:39.0587 AM
[ReportManager] Loaded Shared OpenCV @15-02-2021 01:41:39.0788 AM
[ReportManager] AssertElementAttribute PASSED; Expected [Value Should not be '' for the 'Text' attribute, element locator 'By.id: appbar'] and Actual [About 6,250,000 results (0.68 seconds) ]. Comparison Type [EQUALS]. Validation Type [NEGATIVE]. @15-02-2021 01:41:39.0931 AM
[ReportManager] Successfully created attachment [Screenshot - 1613353299788_searchForQueryandAssertResultsNumDisplayed_AssertElementAttribute_passed] @15-02-2021 01:41:39.0949 A

################################################################################################################################################
Starting Execution:	[3 out of 134] test cases in the current suite
Test Method:		[testPackage01.Test_google.clickNextThrice]
Test Description:	[TC003 - Clicks the next button to make sure that the framework can scroll element into view before clicking it]
################################################################################################################################################
[ReportManager] Element Action [click] successfully performed. With the following test data [Next]. @15-02-2021 01:41:41.0660 A
[ReportManager] Successfully created attachment [Selenium WebDriver Logs - server] @15-02-2021 01:41:41.0932 AM
[ReportManager] Successfully created attachment [Selenium WebDriver Logs - performance] @15-02-2021 01:41:42.0235 AM
[ReportManager] Successfully created attachment [Selenium WebDriver Logs - driver] @15-02-2021 01:41:42.0722 AM
[ReportManager] Browser Action [closeCurrentWindow] successfully performed. @15-02-2021 01:41:42.0809 AM
[ReportManager] Successfully created attachment [Browser Action Test Data - closeCurrentWindow - Actual Value] @15-02-2021 01:41:42.0815 A
[ReportManager] File Action [getAbsolutePath] successfully performed. With the following test data [Relative Folder Path: "target/downloadedFiles/"]. @15-02-2021 01:41:42.0816 AM
[ReportManager] Attempting to run remotely on: [Linux-64], [GoogleChrome], [http://localhost:4444/wd/hub], Headless Execution. @15-02-2021 01:41:42.0817 AM
[ReportManager] Successfully Opened [GoogleChrome]. @15-02-2021 01:41:43.0635 A

################################################################################################################################################
Starting Execution:	[4 out of 134] test cases in the current suite
Test Method:		[testPackage01.Test_verifyEquals.test_assertElementAttribute]
################################################################################################################################################
[ReportManager] Target URL: [https://www.google.com/ncr], and after redirection: [https://www.google.com] @15-02-2021 01:41:43.0686 AM
[ReportManager] Initial URL: [data:,] @15-02-2021 01:41:43.0752 AM
[ReportManager] Browser Action [navigateToURL] successfully performed. With the following test data [https://www.google.com/ncr]. @15-02-2021 01:41:44.0684 AM
[ReportManager] Element Action [type] successfully performed. With the following test data [INC_004010050:Another SCHEDULER with the same name [Duplicate Job Name] already exists.]. @15-02-2021 01:41:46.0977 AM
[ReportManager] Element Action [getText] successfully performed. With the following test data [INC_004010050:Another SCHEDULER with the same name [Duplicate Job Name] already exists.]. @15-02-2021 01:41:47.0185 AM
[ReportManager] Loaded Shared OpenCV @15-02-2021 01:41:47.0397 AM
[ReportManager] VerifyElementAttribute PASSED; Expected [Value Should be 'INC_004010050:Another SCHEDULER with the same name \[Duplicate Job Name\] already exists.' for the 'text' attribute, element locator 'By.name: q'] and Actual [INC_004010050:Another SCHEDULER with the same name [Duplicate Job Name] already exists.]. Comparison Type [MATCHES]. Validation Type [POSITIVE]. @15-02-2021 01:41:47.0488 AM
[ReportManager] Successfully created attachment [Screenshot - 1613353307397_test_assertElementAttribute_VerifyElementAttribute_passed] @15-02-2021 01:41:47.0490 A
[ReportManager] Successfully created attachment [Selenium WebDriver Logs - server] @15-02-2021 01:41:47.0614 AM
[ReportManager] Successfully created attachment [Selenium WebDriver Logs - performance] @15-02-2021 01:41:48.0089 AM
[ReportManager] Successfully created attachment [Selenium WebDriver Logs - driver] @15-02-2021 01:41:48.0618 AM
[ReportManager] Browser Action [closeCurrentWindow] successfully performed. @15-02-2021 01:41:48.0681 AM
[ReportManager] Successfully created attachment [Browser Action Test Data - closeCurrentWindow - Actual Value] @15-02-2021 01:41:48.0688 A
[ReportManager] File Action [getAbsolutePath] successfully performed. With the following test data [Relative Folder Path: "target/downloadedFiles/"]. @15-02-2021 01:41:48.0697 AM
[ReportManager] Attempting to run remotely on: [Linux-64], [GoogleChrome], [http://localhost:4444/wd/hub], Headless Execution. @15-02-2021 01:41:48.0698 AM
[ReportManager] Successfully Opened [GoogleChrome]. @15-02-2021 01:41:49.0321 A

################################################################################################################################################
Starting Execution:	[5 out of 134] test cases in the current suite
Test Method:		[testPackage01.Test_assertEquals.test_assertElementAttribute]
################################################################################################################################################
[ReportManager] Target URL: [https://www.google.com/ncr], and after redirection: [https://www.google.com] @15-02-2021 01:41:49.0388 AM
[ReportManager] Initial URL: [data:,] @15-02-2021 01:41:49.0454 AM
[ReportManager] Browser Action [navigateToURL] successfully performed. With the following test data [https://www.google.com/ncr]. @15-02-2021 01:41:50.0423 AM
[ReportManager] Element Action [type] successfully performed. With the following test data [INC_004010050:Another SCHEDULER with the same name [Duplicate Job Name] already exists.]. @15-02-2021 01:41:52.0613 AM
[ReportManager] Element Action [getText] successfully performed. With the following test data [INC_004010050:Another SCHEDULER with the same name [Duplicate Job Name] already exists.]. @15-02-2021 01:41:52.0777 AM
[ReportManager] Loaded Shared OpenCV @15-02-2021 01:41:52.0982 AM
[ReportManager] AssertElementAttribute PASSED; Expected [Value Should be 'INC_004010050:Another SCHEDULER with the same name \[Duplicate Job Name\] already exists.' for the 'text' attribute, element locator 'By.name: q'] and Actual [INC_004010050:Another SCHEDULER with the same name [Duplicate Job Name] already exists.]. Comparison Type [MATCHES]. Validation Type [POSITIVE]. @15-02-2021 01:41:53.0075 AM
[ReportManager] Successfully created attachment [Screenshot - 1613353312982_test_assertElementAttribute_AssertElementAttribute_passed] @15-02-2021 01:41:53.0076 A
[ReportManager] Successfully created attachment [Selenium WebDriver Logs - server] @15-02-2021 01:41:53.0199 AM
[ReportManager] Successfully created attachment [Selenium WebDriver Logs - performance] @15-02-2021 01:41:53.0611 AM
[ReportManager] Successfully created attachment [Selenium WebDriver Logs - driver] @15-02-2021 01:41:53.0934 AM
[ReportManager] Browser Action [closeCurrentWindow] successfully performed. @15-02-2021 01:41:53.0998 AM
[ReportManager] Successfully created attachment [Browser Action Test Data - closeCurrentWindow - Actual Value] @15-02-2021 01:41:54.0000 A

################################################################################################################################################
Starting Execution:	[6 out of 134] test cases in the current suite
Test Method:		[testPackage01.Test_SkipDueToIssue.doNotSkip]
################################################################################################################################################
[ReportManager] This should not be skipped. @15-02-2021 01:41:54.0006 A

################################################################################################################################################
Starting Execution:	[7 out of 134] test cases in the current suite
Test Method:		[testPackage01.Test_SkipDueToIssue.skip]
################################################################################################################################################
[ReportManager] This should be skipped. @15-02-2021 01:41:54.0024 A

################################################################################################################################################
Starting Execution:	[8 out of 134] test cases in the current suite
Test Method:		[testPackage01.Test_SkipDueToIssue.skip2]
################################################################################################################################################
[ReportManager] This should be skipped. @15-02-2021 01:41:54.0029 A
[ReportManager] File Action [getAbsolutePath] successfully performed. With the following test data [Relative Folder Path: "target/downloadedFiles/"]. @15-02-2021 01:41:54.0043 AM
[ReportManager] Attempting to run remotely on: [Linux-64], [GoogleChrome], [http://localhost:4444/wd/hub], Headless Execution. @15-02-2021 01:41:54.0043 AM
[ReportManager] Successfully Opened [GoogleChrome]. @15-02-2021 01:41:54.0741 A

################################################################################################################################################
Starting Execution:	[9 out of 134] test cases in the current suite
Test Method:		[testPackage01.Test_ShadowDOM.shadowdom]
################################################################################################################################################
[ReportManager] Target URL: [https://mdn.github.io/web-components-examples/popup-info-box-web-component/] @15-02-2021 01:41:54.0798 AM
[ReportManager] Initial URL: [data:,] @15-02-2021 01:41:54.0880 AM
[ReportManager] Browser Action [navigateToURL] successfully performed. With the following test data [https://mdn.github.io/web-components-examples/popup-info-box-web-component/]. @15-02-2021 01:41:55.0311 AM
[ReportManager] Element Action [type] successfully performed. With the following test data [Typing into SHADOW DOM...]. @15-02-2021 01:41:56.0075 AM
[ReportManager] Element Action [getText] successfully performed. With the following test data [Typing into SHADOW DOM...]. @15-02-2021 01:41:56.0237 AM
[ReportManager] Loaded Shared OpenCV @15-02-2021 01:41:56.0403 AM
[ReportManager] AssertElementAttribute PASSED; Expected [Value Should be 'Typing into SHADOW DOM...' for the 'Text' attribute, element locator 'By.id: cvc'] and Actual [Typing into SHADOW DOM...]. Comparison Type [EQUALS]. Validation Type [POSITIVE]. @15-02-2021 01:41:56.0481 AM
[ReportManager] Successfully created attachment [Screenshot - 1613353316403_shadowdom_AssertElementAttribute_passed] @15-02-2021 01:41:56.0482 A
[ReportManager] Successfully created attachment [Selenium WebDriver Logs - server] @15-02-2021 01:41:56.0552 AM
[ReportManager] Successfully created attachment [Selenium WebDriver Logs - performance] @15-02-2021 01:41:56.0571 AM
[ReportManager] Successfully created attachment [Selenium WebDriver Logs - browser] @15-02-2021 01:41:56.0586 AM
[ReportManager] Successfully created attachment [Selenium WebDriver Logs - driver] @15-02-2021 01:41:56.0672 AM
[ReportManager] Browser Action [closeCurrentWindow] successfully performed. @15-02-2021 01:41:56.0729 AM
[ReportManager] Successfully created attachment [Browser Action Test Data - closeCurrentWindow - Actual Value] @15-02-2021 01:41:56.0730 A

################################################################################################################################################
Starting Execution:	[10 out of 134] test cases in the current suite
Test Method:		[testPackage01.Test_NewValidationActions.f1]
################################################################################################################################################
[ReportManager] Checking valid user data... @15-02-2021 01:41:56.0744 AM
[ReportManager] AssertEquals PASSED; Expected and Actual values are attached. Comparison Type [EQUALS]. Validation Type [POSITIVE]. @15-02-2021 01:41:56.0745 AM
[ReportManager] Successfully created attachment [Validation Test Data - Expected Value] @15-02-2021 01:41:56.0745 AM
[ReportManager] Successfully created attachment [Validation Test Data - Actual Value] @15-02-2021 01:41:56.0745 A
[ReportManager] File Action [getAbsolutePath] successfully performed. With the following test data [Relative Folder Path: "target/downloadedFiles/"]. @15-02-2021 01:41:56.0757 AM
[ReportManager] Attempting to run remotely on: [Linux-64], [GoogleChrome], [http://localhost:4444/wd/hub], Headless Execution. @15-02-2021 01:41:56.0758 AM
[ReportManager] Successfully Opened [GoogleChrome]. @15-02-2021 01:41:57.0030 AM
[ReportManager] Target URL: [https://the-internet.herokuapp.com/] @15-02-2021 01:41:57.0066 AM
[ReportManager] Initial URL: [data:,] @15-02-2021 01:41:57.0122 AM
[ReportManager] Browser Action [navigateToURL] successfully performed. With the following test data [https://the-internet.herokuapp.com/]. @15-02-2021 01:41:57.0970 A

################################################################################################################################################
Starting Execution:	[11 out of 134] test cases in the current suite
Test Method:		[testPackage01.Test_NewValidationActions.f10]
################################################################################################################################################
[ReportManager] AssertElementExists FAILED; Expected [Element Should Exist, locator 'By.tagName: div'] and Actual [Element Exists but is not unique]. Comparison Type [EQUALS]. Validation Type [POSITIVE]. @15-02-2021 01:41:58.0274 AM
[ReportManager] Successfully created attachment [Screenshot - 1613353318166_f10_AssertElementExists_failed] @15-02-2021 01:41:58.0275 A
[ReportManager] Successfully created attachment [Selenium WebDriver Logs - server] @15-02-2021 01:41:58.0302 AM
[ReportManager] Successfully created attachment [Selenium WebDriver Logs - performance] @15-02-2021 01:41:58.0328 AM
[ReportManager] Successfully created attachment [Selenium WebDriver Logs - browser] @15-02-2021 01:41:58.0336 AM
[ReportManager] Successfully created attachment [Selenium WebDriver Logs - driver] @15-02-2021 01:41:58.0389 AM
[ReportManager] Successfully Closed All Browsers. @15-02-2021 01:41:58.0493 A
[ReportManager] File Action [getAbsolutePath] successfully performed. With the following test data [Relative Folder Path: "target/downloadedFiles/"]. @15-02-2021 01:41:58.0495 AM
[ReportManager] Attempting to run remotely on: [Linux-64], [GoogleChrome], [http://localhost:4444/wd/hub], Headless Execution. @15-02-2021 01:41:58.0496 AM
[ReportManager] Successfully Opened [GoogleChrome]. @15-02-2021 01:41:58.0773 AM
[ReportManager] Target URL: [https://the-internet.herokuapp.com/] @15-02-2021 01:41:58.0796 AM
[ReportManager] Initial URL: [data:,] @15-02-2021 01:41:58.0855 AM
[ReportManager] Browser Action [navigateToURL] successfully performed. With the following test data [https://the-internet.herokuapp.com/]. @15-02-2021 01:41:59.0644 A

################################################################################################################################################
Starting Execution:	[12 out of 134] test cases in the current suite
Test Method:		[testPackage01.Test_NewValidationActions.f11]
################################################################################################################################################
[ReportManager] Checking that false tag doesn't exist... @15-02-2021 01:41:59.0650 AM
[ReportManager] AssertElementExists PASSED; Expected [Element Should not Exist, locator 'By.tagName: h3'] and Actual [Element Doesn't Exists]. Comparison Type [EQUALS]. Validation Type [NEGATIVE]. @15-02-2021 01:41:59.0922 AM
[ReportManager] Successfully created attachment [Screenshot - 1613353319838_f11_AssertElementExists_passed] @15-02-2021 01:41:59.0923 A
[ReportManager] Successfully created attachment [Selenium WebDriver Logs - server] @15-02-2021 01:41:59.0943 AM
[ReportManager] Successfully created attachment [Selenium WebDriver Logs - performance] @15-02-2021 01:41:59.0964 AM
[ReportManager] Successfully created attachment [Selenium WebDriver Logs - browser] @15-02-2021 01:41:59.0972 AM
[ReportManager] Successfully created attachment [Selenium WebDriver Logs - driver] @15-02-2021 01:42:00.0031 AM
[ReportManager] Successfully Closed All Browsers. @15-02-2021 01:42:00.0117 A
[ReportManager] File Action [getAbsolutePath] successfully performed. With the following test data [Relative Folder Path: "target/downloadedFiles/"]. @15-02-2021 01:42:00.0121 AM
[ReportManager] Attempting to run remotely on: [Linux-64], [GoogleChrome], [http://localhost:4444/wd/hub], Headless Execution. @15-02-2021 01:42:00.0121 AM
[ReportManager] Successfully Opened [GoogleChrome]. @15-02-2021 01:42:00.0420 AM
[ReportManager] Target URL: [https://the-internet.herokuapp.com/] @15-02-2021 01:42:00.0448 AM
[ReportManager] Initial URL: [data:,] @15-02-2021 01:42:00.0508 AM
[ReportManager] Browser Action [navigateToURL] successfully performed. With the following test data [https://the-internet.herokuapp.com/]. @15-02-2021 01:42:01.0344 A

################################################################################################################################################
Starting Execution:	[13 out of 134] test cases in the current suite
Test Method:		[testPackage01.Test_NewValidationActions.f12]
################################################################################################################################################
[ReportManager] Loaded Shared OpenCV @15-02-2021 01:42:01.0618 AM
[ReportManager] AssertElementExists FAILED; Expected [Element Should not Exist, locator 'By.tagName: h1'] and Actual [Element Exists]. Comparison Type [EQUALS]. Validation Type [NEGATIVE]. @15-02-2021 01:42:01.0717 AM
[ReportManager] Successfully created attachment [Screenshot - 1613353321618_f12_AssertElementExists_failed] @15-02-2021 01:42:01.0721 A
[ReportManager] Successfully created attachment [Selenium WebDriver Logs - server] @15-02-2021 01:42:01.0739 AM
[ReportManager] Successfully created attachment [Selenium WebDriver Logs - performance] @15-02-2021 01:42:01.0761 AM
[ReportManager] Successfully created attachment [Selenium WebDriver Logs - browser] @15-02-2021 01:42:01.0775 AM
[ReportManager] Successfully created attachment [Selenium WebDriver Logs - driver] @15-02-2021 01:42:01.0837 AM
[ReportManager] Successfully Closed All Browsers. @15-02-2021 01:42:01.0923 A
[ReportManager] File Action [getAbsolutePath] successfully performed. With the following test data [Relative Folder Path: "target/downloadedFiles/"]. @15-02-2021 01:42:01.0925 AM
[ReportManager] Attempting to run remotely on: [Linux-64], [GoogleChrome], [http://localhost:4444/wd/hub], Headless Execution. @15-02-2021 01:42:01.0925 AM
[ReportManager] Successfully Opened [GoogleChrome]. @15-02-2021 01:42:02.0200 AM
[ReportManager] Target URL: [https://the-internet.herokuapp.com/] @15-02-2021 01:42:02.0214 AM
[ReportManager] Initial URL: [data:,] @15-02-2021 01:42:02.0264 AM
[ReportManager] Browser Action [navigateToURL] successfully performed. With the following test data [https://the-internet.herokuapp.com/]. @15-02-2021 01:42:03.0099 A

################################################################################################################################################
Starting Execution:	[14 out of 134] test cases in the current suite
Test Method:		[testPackage01.Test_NewValidationActions.f13]
################################################################################################################################################
[ReportManager] AssertElementExists FAILED; Expected [Element Should not Exist, locator 'By.tagName: div'] and Actual [Element Exists but is not unique]. Comparison Type [EQUALS]. Validation Type [NEGATIVE]. @15-02-2021 01:42:03.0411 AM
[ReportManager] Successfully created attachment [Screenshot - 1613353323338_f13_AssertElementExists_failed] @15-02-2021 01:42:03.0411 A
[ReportManager] Successfully created attachment [Selenium WebDriver Logs - server] @15-02-2021 01:42:03.0430 AM
[ReportManager] Successfully created attachment [Selenium WebDriver Logs - performance] @15-02-2021 01:42:03.0451 AM
[ReportManager] Successfully created attachment [Selenium WebDriver Logs - browser] @15-02-2021 01:42:03.0463 AM
[ReportManager] Successfully created attachment [Selenium WebDriver Logs - driver] @15-02-2021 01:42:03.0518 AM
[ReportManager] Successfully Closed All Browsers. @15-02-2021 01:42:03.0593 A
[ReportManager] File Action [getAbsolutePath] successfully performed. With the following test data [Relative Folder Path: "target/downloadedFiles/"]. @15-02-2021 01:42:03.0595 AM
[ReportManager] Attempting to run remotely on: [Linux-64], [GoogleChrome], [http://localhost:4444/wd/hub], Headless Execution. @15-02-2021 01:42:03.0595 AM
[ReportManager] Successfully Opened [GoogleChrome]. @15-02-2021 01:42:03.0844 AM
[ReportManager] Target URL: [https://the-internet.herokuapp.com/] @15-02-2021 01:42:03.0862 AM
[ReportManager] Initial URL: [data:,] @15-02-2021 01:42:03.0919 AM
[ReportManager] Browser Action [navigateToURL] successfully performed. With the following test data [https://the-internet.herokuapp.com/]. @15-02-2021 01:42:04.0727 A

################################################################################################################################################
Starting Execution:	[15 out of 134] test cases in the current suite
Test Method:		[testPackage01.Test_NewValidationActions.f14]
################################################################################################################################################
[ReportManager] Asserting that the header text is correct... @15-02-2021 01:42:04.0743 AM
[ReportManager] Element Action [getText] successfully performed. With the following test data [Welcome to the-internet]. @15-02-2021 01:42:04.0869 AM
[ReportManager] Loaded Shared OpenCV @15-02-2021 01:42:05.0043 AM
[ReportManager] AssertElementAttribute PASSED; Expected [Value Should be 'Welcome to the-internet' for the 'text' attribute, element locator 'By.tagName: h1'] and Actual [Welcome to the-internet]. Comparison Type [EQUALS]. Validation Type [POSITIVE]. @15-02-2021 01:42:05.0130 AM
[ReportManager] Successfully created attachment [Screenshot - 1613353325043_f14_AssertElementAttribute_passed] @15-02-2021 01:42:05.0131 A
[ReportManager] Successfully created attachment [Selenium WebDriver Logs - server] @15-02-2021 01:42:05.0151 AM
[ReportManager] Successfully created attachment [Selenium WebDriver Logs - performance] @15-02-2021 01:42:05.0172 AM
[ReportManager] Successfully created attachment [Selenium WebDriver Logs - browser] @15-02-2021 01:42:05.0182 AM
[ReportManager] Successfully created attachment [Selenium WebDriver Logs - driver] @15-02-2021 01:42:05.0244 AM
[ReportManager] Successfully Closed All Browsers. @15-02-2021 01:42:05.0317 A
[ReportManager] File Action [getAbsolutePath] successfully performed. With the following test data [Relative Folder Path: "target/downloadedFiles/"]. @15-02-2021 01:42:05.0319 AM
[ReportManager] Attempting to run remotely on: [Linux-64], [GoogleChrome], [http://localhost:4444/wd/hub], Headless Execution. @15-02-2021 01:42:05.0320 AM
[ReportManager] Successfully Opened [GoogleChrome]. @15-02-2021 01:42:05.0606 AM
[ReportManager] Target URL: [https://the-internet.herokuapp.com/] @15-02-2021 01:42:05.0622 AM
[ReportManager] Initial URL: [data:,] @15-02-2021 01:42:05.0681 AM
[ReportManager] Browser Action [navigateToURL] successfully performed. With the following test data [https://the-internet.herokuapp.com/]. @15-02-2021 01:42:06.0481 A

################################################################################################################################################
Starting Execution:	[16 out of 134] test cases in the current suite
Test Method:		[testPackage01.Test_NewValidationActions.f15]
################################################################################################################################################
[ReportManager] Element Action [getText] successfully performed. With the following test data [Welcome to the-internet]. @15-02-2021 01:42:06.0608 AM
[ReportManager] Loaded Shared OpenCV @15-02-2021 01:42:06.0775 AM
[ReportManager] AssertElementAttribute FAILED; Expected [Value Should not be 'Welcome' for the 'text' attribute, element locator 'By.tagName: h1'] and Actual [Welcome to the-internet]. Comparison Type [CONTAINS]. Validation Type [NEGATIVE]. @15-02-2021 01:42:06.0861 AM
[ReportManager] Successfully created attachment [Screenshot - 1613353326775_f15_AssertElementAttribute_failed] @15-02-2021 01:42:06.0862 A
[ReportManager] Successfully created attachment [Selenium WebDriver Logs - server] @15-02-2021 01:42:06.0887 AM
[ReportManager] Successfully created attachment [Selenium WebDriver Logs - performance] @15-02-2021 01:42:06.0911 AM
[ReportManager] Successfully created attachment [Selenium WebDriver Logs - browser] @15-02-2021 01:42:06.0919 AM
[ReportManager] Successfully created attachment [Selenium WebDriver Logs - driver] @15-02-2021 01:42:06.0977 AM
[ReportManager] Successfully Closed All Browsers. @15-02-2021 01:42:07.0054 A
[ReportManager] File Action [getAbsolutePath] successfully performed. With the following test data [Relative Folder Path: "target/downloadedFiles/"]. @15-02-2021 01:42:07.0056 AM
[ReportManager] Attempting to run remotely on: [Linux-64], [GoogleChrome], [http://localhost:4444/wd/hub], Headless Execution. @15-02-2021 01:42:07.0057 AM
[ReportManager] Successfully Opened [GoogleChrome]. @15-02-2021 01:42:07.0287 AM
[ReportManager] Target URL: [https://the-internet.herokuapp.com/] @15-02-2021 01:42:07.0316 AM
[ReportManager] Initial URL: [data:,] @15-02-2021 01:42:07.0363 AM
[ReportManager] Browser Action [navigateToURL] successfully performed. With the following test data [https://the-internet.herokuapp.com/]. @15-02-2021 01:42:08.0903 A

################################################################################################################################################
Starting Execution:	[17 out of 134] test cases in the current suite
Test Method:		[testPackage01.Test_NewValidationActions.f16]
################################################################################################################################################
[ReportManager] Element Action [identifyUniqueElement] failed. With the following test data [zero elements found matching this locator "By.tagName: h3".]. @15-02-2021 01:42:09.0127 AM
[ReportManager] Successfully created attachment [Screenshot - 1613353329052_f16_identifyUniqueElement_failed] @15-02-2021 01:42:09.0128 AM
[ReportManager] AssertElementAttribute FAILED; Expected [Value Should not be 'Welcome' for the 'text' attribute, element locator 'By.tagName: h3'] and Actual [Failed to read the desired element attribute]. Comparison Type [CONTAINS]. Validation Type [NEGATIVE]. @15-02-2021 01:42:09.0128 A
[ReportManager] Successfully created attachment [Selenium WebDriver Logs - server] @15-02-2021 01:42:09.0142 AM
[ReportManager] Successfully created attachment [Selenium WebDriver Logs - performance] @15-02-2021 01:42:09.0163 AM
[ReportManager] Successfully created attachment [Selenium WebDriver Logs - browser] @15-02-2021 01:42:09.0170 AM
[ReportManager] Successfully created attachment [Selenium WebDriver Logs - driver] @15-02-2021 01:42:09.0230 AM
[ReportManager] Successfully Closed All Browsers. @15-02-2021 01:42:09.0309 A
[ReportManager] File Action [getAbsolutePath] successfully performed. With the following test data [Relative Folder Path: "target/downloadedFiles/"]. @15-02-2021 01:42:09.0313 AM
[ReportManager] Attempting to run remotely on: [Linux-64], [GoogleChrome], [http://localhost:4444/wd/hub], Headless Execution. @15-02-2021 01:42:09.0313 AM
[ReportManager] Successfully Opened [GoogleChrome]. @15-02-2021 01:42:09.0545 AM
[ReportManager] Target URL: [https://the-internet.herokuapp.com/] @15-02-2021 01:42:09.0559 AM
[ReportManager] Initial URL: [data:,] @15-02-2021 01:42:09.0620 AM
[ReportManager] Browser Action [navigateToURL] successfully performed. With the following test data [https://the-internet.herokuapp.com/]. @15-02-2021 01:42:10.0480 A

################################################################################################################################################
Starting Execution:	[18 out of 134] test cases in the current suite
Test Method:		[testPackage01.Test_NewValidationActions.f17]
################################################################################################################################################
[ReportManager] Attempting to getAttribute [text2] from elementLocator [By.tagName: h1]. @15-02-2021 01:42:10.0489 AM
[ReportManager] Element Action [getAttribute] successfully performed. @15-02-2021 01:42:10.0592 AM
[ReportManager] Loaded Shared OpenCV @15-02-2021 01:42:10.0767 AM
[ReportManager] AssertElementAttribute PASSED; Expected [Value Should not be 'Welcome' for the 'text2' attribute, element locator 'By.tagName: h1'] and Actual [null]. Comparison Type [CONTAINS]. Validation Type [NEGATIVE]. @15-02-2021 01:42:10.0857 AM
[ReportManager] Successfully created attachment [Screenshot - 1613353330766_f17_AssertElementAttribute_passed] @15-02-2021 01:42:10.0858 A
[ReportManager] Successfully created attachment [Selenium WebDriver Logs - server] @15-02-2021 01:42:10.0876 AM
[ReportManager] Successfully created attachment [Selenium WebDriver Logs - performance] @15-02-2021 01:42:10.0901 AM
[ReportManager] Successfully created attachment [Selenium WebDriver Logs - browser] @15-02-2021 01:42:10.0908 AM
[ReportManager] Successfully created attachment [Selenium WebDriver Logs - driver] @15-02-2021 01:42:10.0970 AM
[ReportManager] Successfully Closed All Browsers. @15-02-2021 01:42:11.0050 A
[ReportManager] File Action [getAbsolutePath] successfully performed. With the following test data [Relative Folder Path: "target/downloadedFiles/"]. @15-02-2021 01:42:11.0052 AM
[ReportManager] Attempting to run remotely on: [Linux-64], [GoogleChrome], [http://localhost:4444/wd/hub], Headless Execution. @15-02-2021 01:42:11.0053 AM
[ReportManager] Successfully Opened [GoogleChrome]. @15-02-2021 01:42:11.0388 AM
[ReportManager] Target URL: [https://the-internet.herokuapp.com/] @15-02-2021 01:42:11.0403 AM
[ReportManager] Initial URL: [data:,] @15-02-2021 01:42:11.0454 AM
[ReportManager] Browser Action [navigateToURL] successfully performed. With the following test data [https://the-internet.herokuapp.com/]. @15-02-2021 01:42:12.0241 A

################################################################################################################################################
Starting Execution:	[19 out of 134] test cases in the current suite
Test Method:		[testPackage01.Test_NewValidationActions.f18]
################################################################################################################################################
[ReportManager] Element Action [getText] successfully performed. With the following test data [Welcome to the-internet]. @15-02-2021 01:42:12.0394 AM
[ReportManager] Loaded Shared OpenCV @15-02-2021 01:42:12.0568 AM
[ReportManager] AssertElementAttribute PASSED; Expected [Value Should not be 'no' for the 'text' attribute, element locator 'By.tagName: h1'] and Actual [Welcome to the-internet]. Comparison Type [CONTAINS]. Validation Type [NEGATIVE]. @15-02-2021 01:42:12.0654 AM
[ReportManager] Successfully created attachment [Screenshot - 1613353332568_f18_AssertElementAttribute_passed] @15-02-2021 01:42:12.0655 A
[ReportManager] Successfully created attachment [Selenium WebDriver Logs - server] @15-02-2021 01:42:12.0679 AM
[ReportManager] Successfully created attachment [Selenium WebDriver Logs - performance] @15-02-2021 01:42:12.0708 AM
[ReportManager] Successfully created attachment [Selenium WebDriver Logs - browser] @15-02-2021 01:42:12.0720 AM
[ReportManager] Successfully created attachment [Selenium WebDriver Logs - driver] @15-02-2021 01:42:12.0795 AM
[ReportManager] Successfully Closed All Browsers. @15-02-2021 01:42:12.0881 A
[ReportManager] File Action [getAbsolutePath] successfully performed. With the following test data [Relative Folder Path: "target/downloadedFiles/"]. @15-02-2021 01:42:12.0888 AM
[ReportManager] Attempting to run remotely on: [Linux-64], [GoogleChrome], [http://localhost:4444/wd/hub], Headless Execution. @15-02-2021 01:42:12.0892 AM
[ReportManager] Successfully Opened [GoogleChrome]. @15-02-2021 01:42:13.0152 AM
[ReportManager] Target URL: [https://the-internet.herokuapp.com/] @15-02-2021 01:42:13.0172 AM
[ReportManager] Initial URL: [data:,] @15-02-2021 01:42:13.0218 AM
[ReportManager] Browser Action [navigateToURL] successfully performed. With the following test data [https://the-internet.herokuapp.com/]. @15-02-2021 01:42:14.0085 A

################################################################################################################################################
Starting Execution:	[20 out of 134] test cases in the current suite
Test Method:		[testPackage01.Test_NewValidationActions.f19]
################################################################################################################################################
[ReportManager] Element Action [getTagName] successfully performed. With the following test data [h1]. @15-02-2021 01:42:14.0206 AM
[ReportManager] Loaded Shared OpenCV @15-02-2021 01:42:14.0398 AM
[ReportManager] AssertElementAttribute PASSED; Expected [Value Should be 'h' for the 'tagname' attribute, element locator 'By.tagName: h1'] and Actual [h1]. Comparison Type [CONTAINS]. Validation Type [POSITIVE]. @15-02-2021 01:42:14.0489 AM
[ReportManager] Successfully created attachment [Screenshot - 1613353334398_f19_AssertElementAttribute_passed] @15-02-2021 01:42:14.0490 A
[ReportManager] Successfully created attachment [Selenium WebDriver Logs - server] @15-02-2021 01:42:14.0511 AM
[ReportManager] Successfully created attachment [Selenium WebDriver Logs - performance] @15-02-2021 01:42:14.0535 AM
[ReportManager] Successfully created attachment [Selenium WebDriver Logs - browser] @15-02-2021 01:42:14.0543 AM
[ReportManager] Successfully created attachment [Selenium WebDriver Logs - driver] @15-02-2021 01:42:14.0600 AM
[ReportManager] Successfully Closed All Browsers. @15-02-2021 01:42:14.0677 A

################################################################################################################################################
Starting Execution:	[21 out of 134] test cases in the current suite
Test Method:		[testPackage01.Test_NewValidationActions.f2]
################################################################################################################################################
[ReportManager] Checking valid user data... @15-02-2021 01:42:14.0680 AM
[ReportManager] AssertEquals FAILED; Expected [1] and Actual [2]. Comparison Type [EQUALS]. Validation Type [POSITIVE]. @15-02-2021 01:42:14.0681 A
[ReportManager] File Action [getAbsolutePath] successfully performed. With the following test data [Relative Folder Path: "target/downloadedFiles/"]. @15-02-2021 01:42:14.0683 AM
[ReportManager] Attempting to run remotely on: [Linux-64], [GoogleChrome], [http://localhost:4444/wd/hub], Headless Execution. @15-02-2021 01:42:14.0683 AM
[ReportManager] Successfully Opened [GoogleChrome]. @15-02-2021 01:42:14.0931 AM
[ReportManager] Target URL: [https://the-internet.herokuapp.com/] @15-02-2021 01:42:14.0946 AM
[ReportManager] Initial URL: [data:,] @15-02-2021 01:42:14.0999 AM
[ReportManager] Browser Action [navigateToURL] successfully performed. With the following test data [https://the-internet.herokuapp.com/]. @15-02-2021 01:42:15.0785 A

################################################################################################################################################
Starting Execution:	[22 out of 134] test cases in the current suite
Test Method:		[testPackage01.Test_NewValidationActions.f20]
################################################################################################################################################
[ReportManager] Element Action [getSize] successfully performed. With the following test data [(755, 61)]. @15-02-2021 01:42:15.0909 AM
[ReportManager] Loaded Shared OpenCV @15-02-2021 01:42:16.0069 AM
[ReportManager] AssertElementAttribute PASSED; Expected [Value Should not be 'a' for the 'size' attribute, element locator 'By.tagName: h1'] and Actual [(755, 61)]. Comparison Type [CONTAINS]. Validation Type [NEGATIVE]. @15-02-2021 01:42:16.0159 AM
[ReportManager] Successfully created attachment [Screenshot - 1613353336068_f20_AssertElementAttribute_passed] @15-02-2021 01:42:16.0161 A
[ReportManager] Successfully created attachment [Selenium WebDriver Logs - server] @15-02-2021 01:42:16.0178 AM
[ReportManager] Successfully created attachment [Selenium WebDriver Logs - performance] @15-02-2021 01:42:16.0199 AM
[ReportManager] Successfully created attachment [Selenium WebDriver Logs - browser] @15-02-2021 01:42:16.0206 AM
[ReportManager] Successfully created attachment [Selenium WebDriver Logs - driver] @15-02-2021 01:42:16.0268 AM
[ReportManager] Successfully Closed All Browsers. @15-02-2021 01:42:16.0428 A
[ReportManager] File Action [getAbsolutePath] successfully performed. With the following test data [Relative Folder Path: "target/downloadedFiles/"]. @15-02-2021 01:42:16.0432 AM
[ReportManager] Attempting to run remotely on: [Linux-64], [GoogleChrome], [http://localhost:4444/wd/hub], Headless Execution. @15-02-2021 01:42:16.0432 AM
[ReportManager] Successfully Opened [GoogleChrome]. @15-02-2021 01:42:16.0672 AM
[ReportManager] Target URL: [https://the-internet.herokuapp.com/] @15-02-2021 01:42:16.0696 AM
[ReportManager] Initial URL: [data:,] @15-02-2021 01:42:16.0747 AM
[ReportManager] Browser Action [navigateToURL] successfully performed. With the following test data [https://the-internet.herokuapp.com/]. @15-02-2021 01:42:17.0587 A

################################################################################################################################################
Starting Execution:	[23 out of 134] test cases in the current suite
Test Method:		[testPackage01.Test_NewValidationActions.f21]
################################################################################################################################################
[ReportManager] Element Action [identifyUniqueElement] failed. With the following test data [zero elements found matching this locator "By.tagName: h3".]. @15-02-2021 01:42:17.0855 AM
[ReportManager] Successfully created attachment [Screenshot - 1613353337786_f21_identifyUniqueElement_failed] @15-02-2021 01:42:17.0856 AM
[ReportManager] AssertElementAttribute FAILED; Expected [Value Should be 'Welcome' for the 'text' attribute, element locator 'By.tagName: h3'] and Actual [Failed to read the desired element attribute]. Comparison Type [CONTAINS]. Validation Type [POSITIVE]. @15-02-2021 01:42:17.0856 A
[ReportManager] Successfully created attachment [Selenium WebDriver Logs - server] @15-02-2021 01:42:17.0871 AM
[ReportManager] Successfully created attachment [Selenium WebDriver Logs - performance] @15-02-2021 01:42:17.0895 AM
[ReportManager] Successfully created attachment [Selenium WebDriver Logs - browser] @15-02-2021 01:42:17.0902 AM
[ReportManager] Successfully created attachment [Selenium WebDriver Logs - driver] @15-02-2021 01:42:17.0957 AM
[ReportManager] Successfully Closed All Browsers. @15-02-2021 01:42:18.0037 A
[ReportManager] File Action [getAbsolutePath] successfully performed. With the following test data [Relative Folder Path: "target/downloadedFiles/"]. @15-02-2021 01:42:18.0040 AM
[ReportManager] Attempting to run remotely on: [Linux-64], [GoogleChrome], [http://localhost:4444/wd/hub], Headless Execution. @15-02-2021 01:42:18.0040 AM
[ReportManager] Successfully Opened [GoogleChrome]. @15-02-2021 01:42:18.0281 AM
[ReportManager] Target URL: [https://the-internet.herokuapp.com/] @15-02-2021 01:42:18.0294 AM
[ReportManager] Initial URL: [data:,] @15-02-2021 01:42:18.0340 AM
[ReportManager] Browser Action [navigateToURL] successfully performed. With the following test data [https://the-internet.herokuapp.com/]. @15-02-2021 01:42:19.0087 A

################################################################################################################################################
Starting Execution:	[24 out of 134] test cases in the current suite
Test Method:		[testPackage01.Test_NewValidationActions.f22]
################################################################################################################################################
[ReportManager] Element Action [getText] successfully performed. With the following test data [Welcome to the-internet]. @15-02-2021 01:42:19.0190 AM
[ReportManager] Loaded Shared OpenCV @15-02-2021 01:42:19.0352 AM
[ReportManager] AssertElementAttribute FAILED; Expected [Value Should be 'yyy' for the 'text' attribute, element locator 'By.tagName: h1'] and Actual [Welcome to the-internet]. Comparison Type [CONTAINS]. Validation Type [POSITIVE]. @15-02-2021 01:42:19.0439 AM
[ReportManager] Successfully created attachment [Screenshot - 1613353339352_f22_AssertElementAttribute_failed] @15-02-2021 01:42:19.0440 A
[ReportManager] Successfully created attachment [Selenium WebDriver Logs - server] @15-02-2021 01:42:19.0453 AM
[ReportManager] Successfully created attachment [Selenium WebDriver Logs - performance] @15-02-2021 01:42:19.0474 AM
[ReportManager] Successfully created attachment [Selenium WebDriver Logs - browser] @15-02-2021 01:42:19.0480 AM
[ReportManager] Successfully created attachment [Selenium WebDriver Logs - driver] @15-02-2021 01:42:19.0538 AM
[ReportManager] Successfully Closed All Browsers. @15-02-2021 01:42:19.0624 A

################################################################################################################################################
Starting Execution:	[25 out of 134] test cases in the current suite
Test Method:		[testPackage01.Test_NewValidationActions.f23]
################################################################################################################################################
[ReportManager] confirming that the actual is greater than or equal to the expected... @15-02-2021 01:42:19.0632 AM
[ReportManager] AssertComparativeRelation PASSED; Expected [1] and Actual [1]. Comparison Type [GREATER_THAN_OR_EQUALS]. Validation Type [POSITIVE]. @15-02-2021 01:42:19.0634 A

################################################################################################################################################
Starting Execution:	[26 out of 134] test cases in the current suite
Test Method:		[testPackage01.Test_NewValidationActions.f24]
################################################################################################################################################
[ReportManager] AssertComparativeRelation PASSED; Expected [1] and Actual [10]. Comparison Type [GREATER_THAN_OR_EQUALS]. Validation Type [POSITIVE]. @15-02-2021 01:42:19.0638 A

################################################################################################################################################
Starting Execution:	[27 out of 134] test cases in the current suite
Test Method:		[testPackage01.Test_NewValidationActions.f25]
################################################################################################################################################
[ReportManager] AssertComparativeRelation PASSED; Expected [1] and Actual [1]. Comparison Type [EQUALS]. Validation Type [POSITIVE]. @15-02-2021 01:42:19.0642 A

################################################################################################################################################
Starting Execution:	[28 out of 134] test cases in the current suite
Test Method:		[testPackage01.Test_NewValidationActions.f26]
################################################################################################################################################
[ReportManager] AssertComparativeRelation PASSED; Expected [1] and Actual [5]. Comparison Type [GREATER_THAN]. Validation Type [POSITIVE]. @15-02-2021 01:42:19.0646 A

################################################################################################################################################
Starting Execution:	[29 out of 134] test cases in the current suite
Test Method:		[testPackage01.Test_NewValidationActions.f27]
################################################################################################################################################
[ReportManager] AssertComparativeRelation PASSED; Expected [11] and Actual [5]. Comparison Type [LESS_THAN]. Validation Type [POSITIVE]. @15-02-2021 01:42:19.0650 A

################################################################################################################################################
Starting Execution:	[30 out of 134] test cases in the current suite
Test Method:		[testPackage01.Test_NewValidationActions.f28]
################################################################################################################################################
[ReportManager] AssertComparativeRelation PASSED; Expected [11] and Actual [5]. Comparison Type [LESS_THAN_OR_EQUALS]. Validation Type [POSITIVE]. @15-02-2021 01:42:19.0654 A

################################################################################################################################################
Starting Execution:	[31 out of 134] test cases in the current suite
Test Method:		[testPackage01.Test_NewValidationActions.f29]
################################################################################################################################################
[ReportManager] AssertComparativeRelation PASSED; Expected [11] and Actual [11]. Comparison Type [LESS_THAN_OR_EQUALS]. Validation Type [POSITIVE]. @15-02-2021 01:42:19.0657 A

################################################################################################################################################
Starting Execution:	[32 out of 134] test cases in the current suite
Test Method:		[testPackage01.Test_NewValidationActions.f3]
################################################################################################################################################
[ReportManager] AssertEquals PASSED; Expected [1] and Actual [2]. Comparison Type [EQUALS]. Validation Type [NEGATIVE]. @15-02-2021 01:42:19.0661 A

################################################################################################################################################
Starting Execution:	[33 out of 134] test cases in the current suite
Test Method:		[testPackage01.Test_NewValidationActions.f30]
################################################################################################################################################
[ReportManager] AssertComparativeRelation FAILED; Expected [-9] and Actual [11]. Comparison Type [LESS_THAN_OR_EQUALS]. Validation Type [POSITIVE]. @15-02-2021 01:42:19.0664 A

################################################################################################################################################
Starting Execution:	[34 out of 134] test cases in the current suite
Test Method:		[testPackage01.Test_NewValidationActions.f31]
################################################################################################################################################
[ReportManager] AssertTrue PASSED; Expected [TRUE] and Actual [TRUE]. Validation Type [POSITIVE]. @15-02-2021 01:42:19.0669 A

################################################################################################################################################
Starting Execution:	[35 out of 134] test cases in the current suite
Test Method:		[testPackage01.Test_NewValidationActions.f32]
################################################################################################################################################
[ReportManager] AssertTrue PASSED; Expected [FALSE] and Actual [FALSE]. Validation Type [NEGATIVE]. @15-02-2021 01:42:19.0672 A

################################################################################################################################################
Starting Execution:	[36 out of 134] test cases in the current suite
Test Method:		[testPackage01.Test_NewValidationActions.f33]
################################################################################################################################################
[ReportManager] AssertTrue FAILED; Expected [FALSE] and Actual [TRUE]. Validation Type [NEGATIVE]. @15-02-2021 01:42:19.0675 A

################################################################################################################################################
Starting Execution:	[37 out of 134] test cases in the current suite
Test Method:		[testPackage01.Test_NewValidationActions.f34]
################################################################################################################################################
[ReportManager] AssertTrue FAILED; Expected [TRUE] and Actual [FALSE]. Validation Type [POSITIVE]. @15-02-2021 01:42:19.0679 A

################################################################################################################################################
Starting Execution:	[38 out of 134] test cases in the current suite
Test Method:		[testPackage01.Test_NewValidationActions.f35]
################################################################################################################################################
[ReportManager] File Action [doesFileExist] successfully performed. With the following test data [File Path: "pom.xml"]. @15-02-2021 01:42:19.0683 AM
[ReportManager] AssertFileExists PASSED; Expected [File 'pom.xml' should exist, after up to '1' retries] and Actual [File exists]. Validation Type [POSITIVE]. @15-02-2021 01:42:19.0687 A

################################################################################################################################################
Starting Execution:	[39 out of 134] test cases in the current suite
Test Method:		[testPackage01.Test_NewValidationActions.f36]
################################################################################################################################################
[ReportManager] File Action [doesFileExist] successfully performed. With the following test data [File Path: "src/test/java/testPackage01/Test_NewValidationActions.java"]. @15-02-2021 01:42:19.0691 AM
[ReportManager] AssertFileExists PASSED; Expected [File 'src/test/java/testPackage01/Test_NewValidationActions.java' should exist, after up to '1' retries] and Actual [File exists]. Validation Type [POSITIVE]. @15-02-2021 01:42:19.0691 A

################################################################################################################################################
Starting Execution:	[40 out of 134] test cases in the current suite
Test Method:		[testPackage01.Test_NewValidationActions.f37]
################################################################################################################################################
[ReportManager] confirming that the file does't exist after 5 retries... @15-02-2021 01:42:19.0696 AM
[ReportManager] File Action [doesFileExist] successfully performed. With the following test data [File Path: "pom.xml"]. @15-02-2021 01:42:19.0696 AM
[ReportManager] AssertFileExists FAILED; Expected [File 'pom.xml' should not exist, after up to '5' retries] and Actual [File exists]. Validation Type [NEGATIVE]. @15-02-2021 01:42:19.0696 A

################################################################################################################################################
Starting Execution:	[41 out of 134] test cases in the current suite
Test Method:		[testPackage01.Test_NewValidationActions.f3_1]
################################################################################################################################################
[ReportManager] Checking valid user data... @15-02-2021 01:42:19.0700 AM
[ReportManager] AssertEquals PASSED; Expected [null] and Actual [null]. Comparison Type [EQUALS]. Validation Type [POSITIVE]. @15-02-2021 01:42:19.0701 A

################################################################################################################################################
Starting Execution:	[42 out of 134] test cases in the current suite
Test Method:		[testPackage01.Test_NewValidationActions.f4]
################################################################################################################################################
[ReportManager] AssertEquals PASSED; Expected [1] and Actual [123]. Comparison Type [CONTAINS]. Validation Type [POSITIVE]. @15-02-2021 01:42:19.0705 A

################################################################################################################################################
Starting Execution:	[43 out of 134] test cases in the current suite
Test Method:		[testPackage01.Test_NewValidationActions.f5]
################################################################################################################################################
[ReportManager] AssertNull PASSED; Expected [NULL] and Actual [1]. Comparison Type [EQUALS]. Validation Type [NEGATIVE]. @15-02-2021 01:42:19.0710 A

################################################################################################################################################
Starting Execution:	[44 out of 134] test cases in the current suite
Test Method:		[testPackage01.Test_NewValidationActions.f6]
################################################################################################################################################
[ReportManager] Making sure that null string is not equal to null object... @15-02-2021 01:42:19.0715 AM
[ReportManager] AssertNull FAILED; Expected [NULL] and Actual [NULL]. Comparison Type [EQUALS]. Validation Type [POSITIVE]. @15-02-2021 01:42:19.0715 A

################################################################################################################################################
Starting Execution:	[45 out of 134] test cases in the current suite
Test Method:		[testPackage01.Test_NewValidationActions.f6_1]
################################################################################################################################################
[ReportManager] AssertNull FAILED; Expected [NULL] and Actual [NULL]. Comparison Type [EQUALS]. Validation Type [NEGATIVE]. @15-02-2021 01:42:19.0720 A

################################################################################################################################################
Starting Execution:	[46 out of 134] test cases in the current suite
Test Method:		[testPackage01.Test_NewValidationActions.f6_2]
################################################################################################################################################
[ReportManager] Making sure that null string is not equal to null object... @15-02-2021 01:42:19.0724 AM
[ReportManager] AssertNull FAILED; Expected [NULL] and Actual [not null]. Comparison Type [EQUALS]. Validation Type [POSITIVE]. @15-02-2021 01:42:19.0724 A

################################################################################################################################################
Starting Execution:	[47 out of 134] test cases in the current suite
Test Method:		[testPackage01.Test_NewValidationActions.f7]
################################################################################################################################################
[ReportManager] AssertNull PASSED; Expected [NULL] and Actual [NULL]. Comparison Type [EQUALS]. Validation Type [POSITIVE]. @15-02-2021 01:42:19.0727 A
[ReportManager] File Action [getAbsolutePath] successfully performed. With the following test data [Relative Folder Path: "target/downloadedFiles/"]. @15-02-2021 01:42:19.0730 AM
[ReportManager] Attempting to run remotely on: [Linux-64], [GoogleChrome], [http://localhost:4444/wd/hub], Headless Execution. @15-02-2021 01:42:19.0731 AM
[ReportManager] Successfully Opened [GoogleChrome]. @15-02-2021 01:42:19.0973 AM
[ReportManager] Target URL: [https://the-internet.herokuapp.com/] @15-02-2021 01:42:19.0990 AM
[ReportManager] Initial URL: [data:,] @15-02-2021 01:42:20.0032 AM
[ReportManager] Browser Action [navigateToURL] successfully performed. With the following test data [https://the-internet.herokuapp.com/]. @15-02-2021 01:42:20.0861 A

################################################################################################################################################
Starting Execution:	[48 out of 134] test cases in the current suite
Test Method:		[testPackage01.Test_NewValidationActions.f8]
################################################################################################################################################
[ReportManager] Loaded Shared OpenCV @15-02-2021 01:42:21.0086 AM
[ReportManager] AssertElementExists PASSED; Expected [Element Should Exist, locator 'By.tagName: h1'] and Actual [Element Exists]. Comparison Type [EQUALS]. Validation Type [POSITIVE]. @15-02-2021 01:42:21.0176 AM
[ReportManager] Successfully created attachment [Screenshot - 1613353341086_f8_AssertElementExists_passed] @15-02-2021 01:42:21.0177 A
[ReportManager] Successfully created attachment [Selenium WebDriver Logs - server] @15-02-2021 01:42:21.0196 AM
[ReportManager] Successfully created attachment [Selenium WebDriver Logs - performance] @15-02-2021 01:42:21.0221 AM
[ReportManager] Successfully created attachment [Selenium WebDriver Logs - browser] @15-02-2021 01:42:21.0231 AM
[ReportManager] Successfully created attachment [Selenium WebDriver Logs - driver] @15-02-2021 01:42:21.0287 AM
[ReportManager] Successfully Closed All Browsers. @15-02-2021 01:42:21.0363 A
[ReportManager] File Action [getAbsolutePath] successfully performed. With the following test data [Relative Folder Path: "target/downloadedFiles/"]. @15-02-2021 01:42:21.0367 AM
[ReportManager] Attempting to run remotely on: [Linux-64], [GoogleChrome], [http://localhost:4444/wd/hub], Headless Execution. @15-02-2021 01:42:21.0367 AM
[ReportManager] Successfully Opened [GoogleChrome]. @15-02-2021 01:42:21.0599 AM
[ReportManager] Target URL: [https://the-internet.herokuapp.com/] @15-02-2021 01:42:21.0616 AM
[ReportManager] Initial URL: [data:,] @15-02-2021 01:42:21.0661 AM
[ReportManager] Browser Action [navigateToURL] successfully performed. With the following test data [https://the-internet.herokuapp.com/]. @15-02-2021 01:42:22.0394 A

################################################################################################################################################
Starting Execution:	[49 out of 134] test cases in the current suite
Test Method:		[testPackage01.Test_NewValidationActions.f9]
################################################################################################################################################
[ReportManager] AssertElementExists FAILED; Expected [Element Should Exist, locator 'By.tagName: h3'] and Actual [Element Doesn't Exists]. Comparison Type [EQUALS]. Validation Type [POSITIVE]. @15-02-2021 01:42:22.0659 AM
[ReportManager] Successfully created attachment [Screenshot - 1613353342584_f9_AssertElementExists_failed] @15-02-2021 01:42:22.0660 A
[ReportManager] Successfully created attachment [Selenium WebDriver Logs - server] @15-02-2021 01:42:22.0678 AM
[ReportManager] Successfully created attachment [Selenium WebDriver Logs - performance] @15-02-2021 01:42:22.0701 AM
[ReportManager] Successfully created attachment [Selenium WebDriver Logs - browser] @15-02-2021 01:42:22.0710 AM
[ReportManager] Successfully created attachment [Selenium WebDriver Logs - driver] @15-02-2021 01:42:22.0769 AM
[ReportManager] Successfully Closed All Browsers. @15-02-2021 01:42:22.0844 A

################################################################################################################################################
Starting Execution:	[50 out of 134] test cases in the current suite
Test Method:		[testPackage01.Test_NewValidationActions.forceFail]
################################################################################################################################################
[ReportManager] AssertFail FAILED; Expected [null] and Actual [null]. @15-02-2021 01:42:22.0889 A

################################################################################################################################################
Starting Execution:	[51 out of 134] test cases in the current suite
Test Method:		[testPackage01.Test_NewValidationActions.forceFail2]
################################################################################################################################################
[ReportManager] Custom Message... @15-02-2021 01:42:22.0901 AM
[ReportManager] AssertFail FAILED; Expected [null] and Actual [null]. @15-02-2021 01:42:22.0901 A
[ReportManager] File Action [getAbsolutePath] successfully performed. With the following test data [Relative Folder Path: "target/downloadedFiles/"]. @15-02-2021 01:42:22.0904 AM
[ReportManager] Attempting to run remotely on: [Linux-64], [GoogleChrome], [http://localhost:4444/wd/hub], Headless Execution. @15-02-2021 01:42:22.0904 AM
[ReportManager] Successfully Opened [GoogleChrome]. @15-02-2021 01:42:23.0151 A

################################################################################################################################################
Starting Execution:	[52 out of 134] test cases in the current suite
Test Method:		[testPackage01.Test_dragAndDrop.dragAndDropJquery]
################################################################################################################################################
[ReportManager] Target URL: [https://jqueryui.com/resources/demos/droppable/default.html] @15-02-2021 01:42:23.0174 AM
[ReportManager] Initial URL: [data:,] @15-02-2021 01:42:23.0234 AM
[ReportManager] Browser Action [navigateToURL] successfully performed. With the following test data [https://jqueryui.com/resources/demos/droppable/default.html]. @15-02-2021 01:42:23.0844 AM
[ReportManager] Element Action [getText] successfully performed. With the following test data [Drop here]. @15-02-2021 01:42:23.0969 AM
[ReportManager] Element Action [dragAndDrop] successfully performed. With the following test data [Start point: (8, 18), End point: (8, 18)]. @15-02-2021 01:42:25.0354 AM
[ReportManager] Element Action [getText] successfully performed. With the following test data [Dropped!]. @15-02-2021 01:42:25.0453 AM
[ReportManager] Checking to see if the text has changed after performing drag and drop... @15-02-2021 01:42:25.0453 AM
[ReportManager] AssertEquals PASSED; Expected [Drop here] and Actual [Dropped!]. Comparison Type [EQUALS]. Validation Type [NEGATIVE]. @15-02-2021 01:42:25.0453 A
[ReportManager] Successfully created attachment [Selenium WebDriver Logs - server] @15-02-2021 01:42:25.0515 AM
[ReportManager] Successfully created attachment [Selenium WebDriver Logs - performance] @15-02-2021 01:42:25.0530 AM
[ReportManager] Successfully created attachment [Selenium WebDriver Logs - driver] @15-02-2021 01:42:25.0608 AM
[ReportManager] Browser Action [closeCurrentWindow] successfully performed. @15-02-2021 01:42:25.0628 AM
[ReportManager] Successfully created attachment [Browser Action Test Data - closeCurrentWindow - Actual Value] @15-02-2021 01:42:25.0629 A
[ReportManager] File Action [getAbsolutePath] successfully performed. With the following test data [Relative Folder Path: "target/downloadedFiles/"]. @15-02-2021 01:42:25.0631 AM
[ReportManager] Attempting to run remotely on: [Linux-64], [GoogleChrome], [http://localhost:4444/wd/hub], Headless Execution. @15-02-2021 01:42:25.0631 AM
[ReportManager] Successfully Opened [GoogleChrome]. @15-02-2021 01:42:25.0836 A

################################################################################################################################################
Starting Execution:	[53 out of 134] test cases in the current suite
Test Method:		[testPackage01.Test_dragAndDrop.dragAndDrop]
Test Description:	[TC001 - Test Drag and Drop function.]
################################################################################################################################################
[ReportManager] Target URL: [http://the-internet.herokuapp.com/drag_and_drop] @15-02-2021 01:42:25.0861 AM
[ReportManager] Initial URL: [data:,] @15-02-2021 01:42:25.0914 AM
[ReportManager] Browser Action [navigateToURL] successfully performed. With the following test data [http://the-internet.herokuapp.com/drag_and_drop]. @15-02-2021 01:42:26.0520 AM
[ReportManager] Attempting Drag and Drop @15-02-2021 01:42:26.0521 AM
[ReportManager] Element Action [dragAndDrop] successfully performed. With the following test data [Start point: (32, 89), End point: (247, 89)]. @15-02-2021 01:42:27.0793 A
[ReportManager] Successfully created attachment [Selenium WebDriver Logs - server] @15-02-2021 01:42:27.0839 AM
[ReportManager] Successfully created attachment [Selenium WebDriver Logs - performance] @15-02-2021 01:42:27.0857 AM
[ReportManager] Successfully created attachment [Selenium WebDriver Logs - browser] @15-02-2021 01:42:27.0872 AM
[ReportManager] Successfully created attachment [Selenium WebDriver Logs - driver] @15-02-2021 01:42:27.0933 AM
[ReportManager] Browser Action [closeCurrentWindow] successfully performed. @15-02-2021 01:42:27.0990 AM
[ReportManager] Successfully created attachment [Browser Action Test Data - closeCurrentWindow - Actual Value] @15-02-2021 01:42:27.0990 A
[ReportManager] File Action [getAbsolutePath] successfully performed. With the following test data [Relative Folder Path: "target/downloadedFiles/"]. @15-02-2021 01:42:27.0992 AM
[ReportManager] Attempting to run remotely on: [Linux-64], [GoogleChrome], [http://localhost:4444/wd/hub], Headless Execution. @15-02-2021 01:42:27.0992 AM
[ReportManager] Successfully Opened [GoogleChrome]. @15-02-2021 01:42:28.0225 A

################################################################################################################################################
Starting Execution:	[54 out of 134] test cases in the current suite
Test Method:		[testPackage01.Test_dragAndDrop.dragAndDropByOffset]
Test Description:	[TC002 - Test Drag and Drop by offset function.]
################################################################################################################################################
[ReportManager] Target URL: [https://jqueryui.com/resources/demos/draggable/default.html] @15-02-2021 01:42:28.0251 AM
[ReportManager] Initial URL: [data:,] @15-02-2021 01:42:28.0297 AM
[ReportManager] Browser Action [navigateToURL] successfully performed. With the following test data [https://jqueryui.com/resources/demos/draggable/default.html]. @15-02-2021 01:42:28.0796 AM
[ReportManager] Element Action [dragAndDropByOffset] successfully performed. With the following test data [Start point: (8, 8), End point: (1008, 108)]. @15-02-2021 01:42:29.0031 A
[ReportManager] Successfully created attachment [Selenium WebDriver Logs - server] @15-02-2021 01:42:29.0092 AM
[ReportManager] Successfully created attachment [Selenium WebDriver Logs - performance] @15-02-2021 01:42:29.0105 AM
[ReportManager] Successfully created attachment [Selenium WebDriver Logs - driver] @15-02-2021 01:42:29.0178 AM
[ReportManager] Browser Action [closeCurrentWindow] successfully performed. @15-02-2021 01:42:29.0234 AM
[ReportManager] Successfully created attachment [Browser Action Test Data - closeCurrentWindow - Actual Value] @15-02-2021 01:42:29.0235 A

################################################################################################################################################
Starting Execution:	[55 out of 134] test cases in the current suite
Test Method:		[testPackage01.Test_SelectedValue.multipleSelect]
################################################################################################################################################
[ReportManager] File Action [getAbsolutePath] successfully performed. With the following test data [Relative Folder Path: "target/downloadedFiles/"]. @15-02-2021 01:42:29.0239 AM
[ReportManager] Attempting to run remotely on: [Linux-64], [GoogleChrome], [http://localhost:4444/wd/hub], Headless Execution. @15-02-2021 01:42:29.0239 AM
[ReportManager] Successfully Opened [GoogleChrome]. @15-02-2021 01:42:29.0501 AM
[ReportManager] Target URL: [https://mdn.mozillademos.org/en-US/docs/Web/HTML/Element/select$samples/Advanced_select_with_multiple_features?revision=1612304] @15-02-2021 01:42:29.0514 AM
[ReportManager] Initial URL: [data:,] @15-02-2021 01:42:29.0570 AM
[ReportManager] Browser Action [navigateToURL] successfully performed. With the following test data [https://mdn.mozillademos.org/en-US/docs/Web/HTML/Element/select$samples/Advanced_select_with_multiple_features?revision=1612304]. @15-02-2021 01:42:30.0250 AM
[ReportManager] Element Action [select] successfully performed. With the following test data [Dog]. @15-02-2021 01:42:30.0523 AM
[ReportManager] Element Action [select] successfully performed. With the following test data [Cat]. @15-02-2021 01:42:30.0777 AM
[ReportManager] Element Action [getSelectedText] successfully performed. With the following test data [DogCat]. @15-02-2021 01:42:30.0952 AM
[ReportManager] DogCat @15-02-2021 01:42:30.0952 AM
[ReportManager] Element Action [getSelectedText] successfully performed. With the following test data [DogCat]. @15-02-2021 01:42:31.0118 AM
[ReportManager] Loaded Shared OpenCV @15-02-2021 01:42:31.0228 AM
[ReportManager] AssertElementAttribute PASSED; Expected [Value Should be 'DogCat' for the 'selectedText' attribute, element locator 'By.tagName: select'] and Actual [DogCat]. Comparison Type [EQUALS]. Validation Type [POSITIVE]. @15-02-2021 01:42:31.0300 AM
[ReportManager] Successfully created attachment [Screenshot - 1613353351228_multipleSelect_AssertElementAttribute_passed] @15-02-2021 01:42:31.0300 AM
[ReportManager] Successfully created attachment [Selenium WebDriver Logs - server] @15-02-2021 01:42:31.0346 AM
[ReportManager] Successfully created attachment [Selenium WebDriver Logs - performance] @15-02-2021 01:42:31.0362 AM
[ReportManager] Successfully created attachment [Selenium WebDriver Logs - driver] @15-02-2021 01:42:31.0449 AM
[ReportManager] Browser Action [closeCurrentWindow] successfully performed. @15-02-2021 01:42:31.0506 AM
[ReportManager] Successfully created attachment [Browser Action Test Data - closeCurrentWindow - Actual Value] @15-02-2021 01:42:31.0506 A

################################################################################################################################################
Starting Execution:	[56 out of 134] test cases in the current suite
Test Method:		[testPackage01.Test_SelectedValue.simpleSelect]
################################################################################################################################################
[ReportManager] File Action [getAbsolutePath] successfully performed. With the following test data [Relative Folder Path: "target/downloadedFiles/"]. @15-02-2021 01:42:31.0510 AM
[ReportManager] Attempting to run remotely on: [Linux-64], [GoogleChrome], [http://localhost:4444/wd/hub], Headless Execution. @15-02-2021 01:42:31.0511 AM
[ReportManager] Successfully Opened [GoogleChrome]. @15-02-2021 01:42:31.0777 AM
[ReportManager] Target URL: [https://mdn.mozillademos.org/en-US/docs/Web/HTML/Element/select$samples/Basic_select?revision=1612304] @15-02-2021 01:42:31.0790 AM
[ReportManager] Initial URL: [data:,] @15-02-2021 01:42:31.0837 AM
[ReportManager] Browser Action [navigateToURL] successfully performed. With the following test data [https://mdn.mozillademos.org/en-US/docs/Web/HTML/Element/select$samples/Basic_select?revision=1612304]. @15-02-2021 01:42:32.0166 AM
[ReportManager] Element Action [select] successfully performed. With the following test data [Third Value]. @15-02-2021 01:42:32.0489 AM
[ReportManager] Element Action [getSelectedText] successfully performed. With the following test data [Third Value]. @15-02-2021 01:42:32.0633 AM
[ReportManager] Third Value @15-02-2021 01:42:32.0634 AM
[ReportManager] Element Action [getSelectedText] successfully performed. With the following test data [Third Value]. @15-02-2021 01:42:32.0769 AM
[ReportManager] Loaded Shared OpenCV @15-02-2021 01:42:32.0891 AM
[ReportManager] AssertElementAttribute PASSED; Expected [Value Should be 'Third Value' for the 'selectedText' attribute, element locator 'By.tagName: select'] and Actual [Third Value]. Comparison Type [EQUALS]. Validation Type [POSITIVE]. @15-02-2021 01:42:32.0962 AM
[ReportManager] Successfully created attachment [Screenshot - 1613353352891_simpleSelect_AssertElementAttribute_passed] @15-02-2021 01:42:32.0962 AM
[ReportManager] Successfully created attachment [Selenium WebDriver Logs - server] @15-02-2021 01:42:33.0006 AM
[ReportManager] Successfully created attachment [Selenium WebDriver Logs - performance] @15-02-2021 01:42:33.0016 AM
[ReportManager] Successfully created attachment [Selenium WebDriver Logs - driver] @15-02-2021 01:42:33.0085 AM
[ReportManager] Browser Action [closeCurrentWindow] successfully performed. @15-02-2021 01:42:33.0141 AM
[ReportManager] Successfully created attachment [Browser Action Test Data - closeCurrentWindow - Actual Value] @15-02-2021 01:42:33.0141 A

################################################################################################################################################
Starting Execution:	[57 out of 134] test cases in the current suite
Test Method:		[testPackage01.Test_JsonCompareWithSpecialCharacters.specialCharacters]
################################################################################################################################################
[ReportManager] File Action [getAbsolutePath] successfully performed. With the following test data [Relative Folder Path: "src/test/resources/TestJsonFiles/specialCharacters.json"]. @15-02-2021 01:42:33.0578 AM
[ReportManager] File Action [readFromFile] successfully performed. With the following test data [File Path: "/home/runner/work/SHAFT_ENGINE/SHAFT_ENGINE/src/test/resources/TestJsonFiles/specialCharacters.json"]. @15-02-2021 01:42:33.0579 AM
[ReportManager] Successfully created attachment [File Action Actual Result - Command Log] @15-02-2021 01:42:33.0580 AM
[ReportManager] Comparing the provided API response with the file at this path "src/test/resources/TestJsonFiles/specialCharacters.json", comparison type "EQUALS" @15-02-2021 01:42:33.0950 AM
[ReportManager] API Action [compareJSON] successfully performed. With the following test data [src/test/resources/TestJsonFiles/specialCharacters.json]. @15-02-2021 01:42:34.0144 AM
[ReportManager] File Action [getAbsolutePath] successfully performed. With the following test data [Relative Folder Path: "src/test/resources/TestJsonFiles/specialCharacters.json"]. @15-02-2021 01:42:34.0144 AM
[ReportManager] File Action [readFromFile] successfully performed. With the following test data [File Path: "/home/runner/work/SHAFT_ENGINE/SHAFT_ENGINE/src/test/resources/TestJsonFiles/specialCharacters.json"]. @15-02-2021 01:42:34.0145 AM
[ReportManager] VerifyJSONFileContent PASSED; Expected [Response data should match the JSON File in this path 'src/test/resources/TestJsonFiles/specialCharacters.json'] and Actual [TRUE]. Comparison Type [EQUALS]. Validation Type [POSITIVE]. @15-02-2021 01:42:34.0156 AM
[ReportManager] Successfully created attachment [Validation Test Data - Expected JSON Value] @15-02-2021 01:42:34.0470 AM
[ReportManager] Successfully created attachment [Validation Test Data - Actual JSON Value] @15-02-2021 01:42:34.0471 A

################################################################################################################################################
Starting Execution:	[58 out of 134] test cases in the current suite
Test Method:		[testPackage01.Test_JsonCompareWithSpecialCharacters.specialCharacters_assertion]
################################################################################################################################################
[ReportManager] File Action [getAbsolutePath] successfully performed. With the following test data [Relative Folder Path: "src/test/resources/TestJsonFiles/specialCharacters.json"]. @15-02-2021 01:42:34.0518 AM
[ReportManager] File Action [readFromFile] successfully performed. With the following test data [File Path: "/home/runner/work/SHAFT_ENGINE/SHAFT_ENGINE/src/test/resources/TestJsonFiles/specialCharacters.json"]. @15-02-2021 01:42:34.0520 AM
[ReportManager] Successfully created attachment [File Action Actual Result - Command Log] @15-02-2021 01:42:34.0520 AM
[ReportManager] trying out the log message... @15-02-2021 01:42:34.0521 AM
[ReportManager] Comparing the provided API response with the file at this path "src/test/resources/TestJsonFiles/specialCharacters.json", comparison type "CONTAINS" @15-02-2021 01:42:34.0521 AM
[ReportManager] API Action [compareJSON] successfully performed. With the following test data [src/test/resources/TestJsonFiles/specialCharacters.json]. @15-02-2021 01:42:34.0559 AM
[ReportManager] File Action [getAbsolutePath] successfully performed. With the following test data [Relative Folder Path: "src/test/resources/TestJsonFiles/specialCharacters.json"]. @15-02-2021 01:42:34.0559 AM
[ReportManager] File Action [readFromFile] successfully performed. With the following test data [File Path: "/home/runner/work/SHAFT_ENGINE/SHAFT_ENGINE/src/test/resources/TestJsonFiles/specialCharacters.json"]. @15-02-2021 01:42:34.0560 AM
[ReportManager] AssertJSONFileContent PASSED; Expected [Response data should match the JSON File in this path 'src/test/resources/TestJsonFiles/specialCharacters.json'] and Actual [TRUE]. Comparison Type [CONTAINS]. Validation Type [POSITIVE]. @15-02-2021 01:42:34.0565 AM
[ReportManager] Successfully created attachment [Validation Test Data - Expected JSON Value] @15-02-2021 01:42:34.0566 AM
[ReportManager] Successfully created attachment [Validation Test Data - Actual JSON Value] @15-02-2021 01:42:34.0566 A

################################################################################################################################################
Starting Execution:	[59 out of 134] test cases in the current suite
Test Method:		[testPackage01.Test_JSONFileManager.readStringFromJson]
################################################################################################################################################
[ReportManager] Successfully loaded the following test data file [src/test/resources/TestDataFiles/simpleJSON.json]. @15-02-2021 01:42:34.0581 AM
[ReportManager] Successfully created attachment [Test Data - JSON] @15-02-2021 01:42:34.0582 AM
[ReportManager] AssertEquals PASSED; Expected [Mohab Mohie] and Actual [Mohab Mohie]. Comparison Type [EQUALS]. Validation Type [POSITIVE]. @15-02-2021 01:42:35.0520 A

################################################################################################################################################
Starting Execution:	[60 out of 134] test cases in the current suite
Test Method:		[testPackage01.Test_testData.f]
################################################################################################################################################
[ReportManager] Successfully loaded the following test data file [src/test/resources/TestDataFiles/testSuite01/TestData.xlsx]. @15-02-2021 01:42:35.0586 AM
[ReportManager] Successfully created attachment [Test Data - Excel] @15-02-2021 01:42:35.0586 AM
[ReportManager] Last Column Number is: [3]. Zero-based. @15-02-2021 01:42:35.0587 A
[ReportManager] File Action [getAbsolutePath] successfully performed. With the following test data [Relative Folder Path: "target/downloadedFiles/"]. @15-02-2021 01:42:35.0596 AM
[ReportManager] Attempting to run remotely on: [Linux-64], [GoogleChrome], [http://localhost:4444/wd/hub], Headless Execution. @15-02-2021 01:42:35.0596 AM
[ReportManager] Successfully Opened [GoogleChrome]. @15-02-2021 01:42:35.0914 A

################################################################################################################################################
Starting Execution:	[61 out of 134] test cases in the current suite
Test Method:		[testPackage01.Test_uploadFile.uploadFile_invisibleUploadInput]
################################################################################################################################################
[ReportManager] Target URL: [https://fineuploader.com/demos.html#gallery-view] @15-02-2021 01:42:35.0959 AM
[ReportManager] Initial URL: [data:,] @15-02-2021 01:42:36.0019 AM
[ReportManager] Browser Action [navigateToURL] successfully performed. With the following test data [https://fineuploader.com/demos.html#gallery-view]. @15-02-2021 01:42:38.0098 AM
[ReportManager] File Action [getAbsolutePath] successfully performed. With the following test data [Relative File Path: "src/main/resources/images/shaft.png"]. @15-02-2021 01:42:38.0098 AM
[ReportManager] Successfully created attachment [File Action Actual Result - Command Log] @15-02-2021 01:42:38.0098 AM
[ReportManager] Element Action [typeFileLocationForUpload] successfully performed. With the following test data [/home/runner/work/SHAFT_ENGINE/SHAFT_ENGINE/src/main/resources/images/shaft.png]. @15-02-2021 01:42:38.0286 AM
[ReportManager] Attempting to getAttribute [src] from elementLocator [By.xpath: //div[@id='fine-uploader-gallery']//div[@class='qq-thumbnail-wrapper']/img]. @15-02-2021 01:42:38.0286 AM
[ReportManager] Element Action [getAttribute] successfully performed. @15-02-2021 01:42:38.0416 AM
[ReportManager] Successfully created attachment [Element Action Test Data - getAttribute - Actual Value] @15-02-2021 01:42:38.0417 AM
[ReportManager] Loaded Shared OpenCV @15-02-2021 01:42:38.0581 AM
[ReportManager] AssertElementAttribute PASSED; Expected and Actual values are attached. Comparison Type [CONTAINS]. Validation Type [POSITIVE]. @15-02-2021 01:42:38.0686 AM
[ReportManager] Successfully created attachment [Validation Test Data - Expected Value] @15-02-2021 01:42:38.0686 AM
[ReportManager] Successfully created attachment [Validation Test Data - Actual Value] @15-02-2021 01:42:38.0686 AM
[ReportManager] Successfully created attachment [Screenshot - 1613353358581_uploadFile_invisibleUploadInput_AssertElementAttribute_passed] @15-02-2021 01:42:38.0688 A
[ReportManager] Successfully created attachment [Selenium WebDriver Logs - server] @15-02-2021 01:42:38.0827 AM
[ReportManager] Successfully created attachment [Selenium WebDriver Logs - performance] @15-02-2021 01:42:38.0928 AM
[ReportManager] Successfully created attachment [Selenium WebDriver Logs - browser] @15-02-2021 01:42:38.0942 AM
[ReportManager] Successfully created attachment [Selenium WebDriver Logs - driver] @15-02-2021 01:42:39.0150 AM
[ReportManager] Browser Action [closeCurrentWindow] successfully performed. @15-02-2021 01:42:39.0210 AM
[ReportManager] Successfully created attachment [Browser Action Test Data - closeCurrentWindow - Actual Value] @15-02-2021 01:42:39.0211 A
[ReportManager] File Action [getAbsolutePath] successfully performed. With the following test data [Relative Folder Path: "target/downloadedFiles/"]. @15-02-2021 01:42:39.0243 AM
[ReportManager] Attempting to run remotely on: [Linux-64], [GoogleChrome], [http://localhost:4444/wd/hub], Headless Execution. @15-02-2021 01:42:39.0243 AM
[ReportManager] Successfully Opened [GoogleChrome]. @15-02-2021 01:42:39.0478 A

################################################################################################################################################
Starting Execution:	[62 out of 134] test cases in the current suite
Test Method:		[testPackage01.Test_uploadFile.uploadFile_visibleUploadInput]
################################################################################################################################################
[ReportManager] Target URL: [http://demo.guru99.com/test/upload/] @15-02-2021 01:42:39.0491 AM
[ReportManager] Initial URL: [data:,] @15-02-2021 01:42:39.0542 AM
[ReportManager] Browser Action [navigateToURL] successfully performed. With the following test data [http://demo.guru99.com/test/upload/]. @15-02-2021 01:42:41.0103 AM
[ReportManager] File Action [getAbsolutePath] successfully performed. With the following test data [Relative File Path: "src/main/resources/images/shaft.png"]. @15-02-2021 01:42:41.0104 AM
[ReportManager] Successfully created attachment [File Action Actual Result - Command Log] @15-02-2021 01:42:41.0104 AM
[ReportManager] Element Action [typeFileLocationForUpload] successfully performed. With the following test data [/home/runner/work/SHAFT_ENGINE/SHAFT_ENGINE/src/main/resources/images/shaft.png]. @15-02-2021 01:42:41.0299 AM
[ReportManager] Element Action [click] successfully performed. With the following test data [on]. @15-02-2021 01:42:41.0709 AM
[ReportManager] Element Action [click] successfully performed. With the following test data [Submit File]. @15-02-2021 01:42:42.0098 AM
[ReportManager] Element Action [getText] successfully performed. With the following test data [1 file
has been successfully uploaded.]. @15-02-2021 01:42:42.0748 AM
[ReportManager] Loaded Shared OpenCV @15-02-2021 01:42:42.0893 AM
[ReportManager] AssertElementAttribute PASSED; Expected [Value Should be '1 file' for the 'Text' attribute, element locator 'By.id: res'] and Actual [1 file
has been successfully uploaded.]. Comparison Type [CONTAINS]. Validation Type [POSITIVE]. @15-02-2021 01:42:42.0996 AM
[ReportManager] Successfully created attachment [Screenshot - 1613353362893_uploadFile_visibleUploadInput_AssertElementAttribute_passed] @15-02-2021 01:42:42.0997 A
[ReportManager] Successfully created attachment [Selenium WebDriver Logs - server] @15-02-2021 01:42:43.0078 AM
[ReportManager] Successfully created attachment [Selenium WebDriver Logs - performance] @15-02-2021 01:42:43.0212 AM
[ReportManager] Successfully created attachment [Selenium WebDriver Logs - browser] @15-02-2021 01:42:43.0219 AM
[ReportManager] Successfully created attachment [Selenium WebDriver Logs - driver] @15-02-2021 01:42:43.0418 AM
[ReportManager] Browser Action [closeCurrentWindow] successfully performed. @15-02-2021 01:42:43.0480 AM
[ReportManager] Successfully created attachment [Browser Action Test Data - closeCurrentWindow - Actual Value] @15-02-2021 01:42:43.0480 A

################################################################################################################################################
Starting Execution:	[63 out of 134] test cases in the current suite
Test Method:		[testPackage01.Test_chainableElementActions.chainElementActions]
################################################################################################################################################
[ReportManager] File Action [getAbsolutePath] successfully performed. With the following test data [Relative Folder Path: "target/downloadedFiles/"]. @15-02-2021 01:42:43.0494 AM
[ReportManager] Attempting to run remotely on: [Linux-64], [GoogleChrome], [http://localhost:4444/wd/hub], Headless Execution. @15-02-2021 01:42:43.0494 AM
[ReportManager] Successfully Opened [GoogleChrome]. @15-02-2021 01:42:43.0766 AM
[ReportManager] Target URL: [https://www.google.com/ncr], and after redirection: [https://www.google.com] @15-02-2021 01:42:43.0784 AM
[ReportManager] Initial URL: [data:,] @15-02-2021 01:42:43.0829 AM
[ReportManager] Browser Action [navigateToURL] successfully performed. With the following test data [https://www.google.com/ncr]. @15-02-2021 01:42:44.0682 AM
[ReportManager] Element Action [type] successfully performed. With the following test data [chained type 1]. @15-02-2021 01:42:45.0240 AM
[ReportManager] Element Action [type] successfully performed. With the following test data [chained type 2]. @15-02-2021 01:42:45.0801 AM
[ReportManager] Element Action [typeAppend] successfully performed. With the following test data [345]. @15-02-2021 01:42:45.0970 AM
[ReportManager] Element Action [getText] successfully performed. With the following test data [chained type 2345]. @15-02-2021 01:42:46.0113 AM
[ReportManager] Loaded Shared OpenCV @15-02-2021 01:42:46.0309 AM
[ReportManager] AssertElementAttribute PASSED; Expected [Value Should be 'chained type 2345' for the 'text' attribute, element locator 'By.name: q'] and Actual [chained type 2345]. Comparison Type [EQUALS]. Validation Type [POSITIVE]. @15-02-2021 01:42:46.0463 AM
[ReportManager] Successfully created attachment [Screenshot - 1613353366309_chainElementActions_AssertElementAttribute_passed] @15-02-2021 01:42:46.0464 AM
[ReportManager] Successfully created attachment [Selenium WebDriver Logs - server] @15-02-2021 01:42:46.0568 AM
[ReportManager] Successfully created attachment [Selenium WebDriver Logs - performance] @15-02-2021 01:42:46.0730 AM
[ReportManager] Successfully created attachment [Selenium WebDriver Logs - driver] @15-02-2021 01:42:46.0964 AM
[ReportManager] Browser Action [closeCurrentWindow] successfully performed. @15-02-2021 01:42:47.0024 AM
[ReportManager] Successfully created attachment [Browser Action Test Data - closeCurrentWindow - Actual Value] @15-02-2021 01:42:47.0025 A

################################################################################################################################################
Starting Execution:	[64 out of 134] test cases in the current suite
Test Method:		[testPackage01.Test_JsonActions.f]
###############################################################################################################################################

################################################################################################################################################
Starting Execution:	[65 out of 134] test cases in the current suite
Test Method:		[testPackage01.Test_JsonActions.f2]
###############################################################################################################################################
[ReportManager] File Action [getAbsolutePath] successfully performed. With the following test data [Relative Folder Path: "target/downloadedFiles/"]. @15-02-2021 01:42:47.0087 AM
[ReportManager] Attempting to run remotely on: [Linux-64], [GoogleChrome], [http://localhost:4444/wd/hub], Headless Execution. @15-02-2021 01:42:47.0087 AM
[ReportManager] Successfully Opened [GoogleChrome]. @15-02-2021 01:42:47.0351 A

################################################################################################################################################
Starting Execution:	[66 out of 134] test cases in the current suite
Test Method:		[testPackage01.Test_clipboardActions.typeTextAndCopyPaste]
################################################################################################################################################
[ReportManager] Target URL: [https://www.google.com/ncr], and after redirection: [https://www.google.com] @15-02-2021 01:42:47.0368 AM
[ReportManager] Initial URL: [data:,] @15-02-2021 01:42:47.0415 AM
[ReportManager] Browser Action [navigateToURL] successfully performed. With the following test data [https://www.google.com/ncr]. @15-02-2021 01:42:48.0252 AM
[ReportManager] Element Action [type] successfully performed. With the following test data [FIRST]. @15-02-2021 01:42:48.0778 AM
[ReportManager] Element Action [clipboardActions] successfully performed. With the following test data [select all]. @15-02-2021 01:42:48.0881 AM
[ReportManager] Element Action [clipboardActions] successfully performed. With the following test data [copy]. @15-02-2021 01:42:49.0038 AM
[ReportManager] Element Action [clipboardActions] successfully performed. With the following test data [unselect]. @15-02-2021 01:42:49.0112 AM
[ReportManager] Element Action [clipboardActions] successfully performed. With the following test data [paste]. @15-02-2021 01:42:49.0245 AM
[ReportManager] Element Action [clipboardActions] successfully performed. With the following test data [select all]. @15-02-2021 01:42:49.0382 AM
[ReportManager] Element Action [clipboardActions] successfully performed. With the following test data [cut]. @15-02-2021 01:42:49.0500 AM
[ReportManager] Element Action [clipboardActions] successfully performed. With the following test data [paste]. @15-02-2021 01:42:49.0609 AM
[ReportManager] Element Action [clipboardActions] successfully performed. With the following test data [paste]. @15-02-2021 01:42:49.0716 A
[ReportManager] Successfully created attachment [Selenium WebDriver Logs - server] @15-02-2021 01:42:49.0850 AM
[ReportManager] Successfully created attachment [Selenium WebDriver Logs - performance] @15-02-2021 01:42:49.0931 AM
[ReportManager] Successfully created attachment [Selenium WebDriver Logs - driver] @15-02-2021 01:42:50.0095 AM
[ReportManager] Browser Action [closeCurrentWindow] successfully performed. @15-02-2021 01:42:50.0151 AM
[ReportManager] Successfully created attachment [Browser Action Test Data - closeCurrentWindow - Actual Value] @15-02-2021 01:42:50.0155 A
[ReportManager] File Action [getAbsolutePath] successfully performed. With the following test data [Relative Folder Path: "target/downloadedFiles/"]. @15-02-2021 01:42:50.0159 AM
[ReportManager] Attempting to run remotely on: [Linux-64], [GoogleChrome], [http://localhost:4444/wd/hub], Headless Execution. @15-02-2021 01:42:50.0159 AM
[ReportManager] Successfully Opened [GoogleChrome]. @15-02-2021 01:42:50.0377 A

################################################################################################################################################
Starting Execution:	[67 out of 134] test cases in the current suite
Test Method:		[testPackage01.Test_IsElementClickable.testIsElementClickable]
################################################################################################################################################
[ReportManager] Target URL: [https://the-internet.herokuapp.com/] @15-02-2021 01:42:50.0436 AM
[ReportManager] Initial URL: [data:,] @15-02-2021 01:42:50.0476 AM
[ReportManager] Browser Action [navigateToURL] successfully performed. With the following test data [https://the-internet.herokuapp.com/]. @15-02-2021 01:42:51.0234 AM
[ReportManager] Element Action [isElementClickable] successfully performed. @15-02-2021 01:42:51.0413 AM
[ReportManager] AssertTrue PASSED; Expected [TRUE] and Actual [TRUE]. Validation Type [POSITIVE]. @15-02-2021 01:42:51.0413 A
[ReportManager] Successfully created attachment [Selenium WebDriver Logs - server] @15-02-2021 01:42:51.0470 AM
[ReportManager] Successfully created attachment [Selenium WebDriver Logs - performance] @15-02-2021 01:42:51.0490 AM
[ReportManager] Successfully created attachment [Selenium WebDriver Logs - browser] @15-02-2021 01:42:51.0496 AM
[ReportManager] Successfully created attachment [Selenium WebDriver Logs - driver] @15-02-2021 01:42:51.0550 AM
[ReportManager] Browser Action [closeCurrentWindow] successfully performed. @15-02-2021 01:42:51.0606 AM
[ReportManager] Successfully created attachment [Browser Action Test Data - closeCurrentWindow - Actual Value] @15-02-2021 01:42:51.0607 A
[ReportManager] File Action [getAbsolutePath] successfully performed. With the following test data [Relative Folder Path: "target/downloadedFiles/"]. @15-02-2021 01:42:51.0609 AM
[ReportManager] Attempting to run remotely on: [Linux-64], [GoogleChrome], [http://localhost:4444/wd/hub], Headless Execution. @15-02-2021 01:42:51.0609 AM
[ReportManager] Successfully Opened [GoogleChrome]. @15-02-2021 01:42:51.0861 AM
[ReportManager] Target URL: [https://duckduckgo.com] @15-02-2021 01:42:51.0872 AM
[ReportManager] Initial URL: [data:,] @15-02-2021 01:42:51.0920 AM
[ReportManager] Browser Action [navigateToURL] successfully performed. With the following test data [https://duckduckgo.com]. @15-02-2021 01:42:52.0621 A

################################################################################################################################################
Starting Execution:	[68 out of 134] test cases in the current suite
Test Method:		[unitTests.tests_browserActions.fullScreenWindow]
################################################################################################################################################
[ReportManager] Initial Windows Size: 800x600 @15-02-2021 01:42:52.0642 AM
[ReportManager] Initial window size: (800, 600) @15-02-2021 01:42:52.0644 AM
[ReportManager] Window size after Toolkit: (1920, 1080) @15-02-2021 01:42:52.0868 AM
[ReportManager] Browser Action [maximizeWindow] successfully performed. With the following test data [New screen size is now: (1920, 1080)]. @15-02-2021 01:42:52.0877 AM
[ReportManager] Current Windows Size after fullScreen: 1920x1080 @15-02-2021 01:42:52.0883 AM
[ReportManager] Browser Action [fullScreenWindow] successfully performed. @15-02-2021 01:42:52.0907 AM
[ReportManager] Successfully created attachment [Browser Action Test Data - fullScreenWindow - Actual Value] @15-02-2021 01:42:52.0907 A
[ReportManager] Target URL: [https://duckduckgo.com] @15-02-2021 01:42:52.0909 AM
[ReportManager] Initial URL: [https://duckduckgo.com] @15-02-2021 01:42:52.0969 AM
[ReportManager] Browser Action [navigateToURL] successfully performed. With the following test data [https://duckduckgo.com]. @15-02-2021 01:42:53.0347 AM
[ReportManager] Successfully created attachment [Selenium WebDriver Logs - server] @15-02-2021 01:42:53.0402 AM
[ReportManager] Successfully created attachment [Selenium WebDriver Logs - performance] @15-02-2021 01:42:53.0502 AM
[ReportManager] Successfully created attachment [Selenium WebDriver Logs - driver] @15-02-2021 01:42:53.0642 AM
[ReportManager] Browser Action [closeCurrentWindow] successfully performed. @15-02-2021 01:42:53.0706 AM
[ReportManager] Successfully created attachment [Browser Action Test Data - closeCurrentWindow - Actual Value] @15-02-2021 01:42:53.0707 A
[ReportManager] File Action [getAbsolutePath] successfully performed. With the following test data [Relative Folder Path: "target/downloadedFiles/"]. @15-02-2021 01:42:53.0709 AM
[ReportManager] Attempting to run remotely on: [Linux-64], [GoogleChrome], [http://localhost:4444/wd/hub], Headless Execution. @15-02-2021 01:42:53.0709 AM
[ReportManager] Successfully Opened [GoogleChrome]. @15-02-2021 01:42:53.0936 AM
[ReportManager] Target URL: [https://duckduckgo.com] @15-02-2021 01:42:53.0946 AM
[ReportManager] Initial URL: [data:,] @15-02-2021 01:42:53.0985 AM
[ReportManager] Browser Action [navigateToURL] successfully performed. With the following test data [https://duckduckgo.com]. @15-02-2021 01:42:54.0644 A

################################################################################################################################################
Starting Execution:	[69 out of 134] test cases in the current suite
Test Method:		[unitTests.tests_browserActions.getCurrentURL]
################################################################################################################################################
[ReportManager] Browser Action [getCurrentURL] successfully performed. With the following test data [https://duckduckgo.com/]. @15-02-2021 01:42:54.0689 A
[ReportManager] Target URL: [https://duckduckgo.com] @15-02-2021 01:42:54.0690 AM
[ReportManager] Initial URL: [https://duckduckgo.com] @15-02-2021 01:42:54.0753 AM
[ReportManager] Browser Action [navigateToURL] successfully performed. With the following test data [https://duckduckgo.com]. @15-02-2021 01:42:55.0122 AM
[ReportManager] Successfully created attachment [Selenium WebDriver Logs - server] @15-02-2021 01:42:55.0174 AM
[ReportManager] Successfully created attachment [Selenium WebDriver Logs - performance] @15-02-2021 01:42:55.0281 AM
[ReportManager] Successfully created attachment [Selenium WebDriver Logs - driver] @15-02-2021 01:42:55.0420 AM
[ReportManager] Browser Action [closeCurrentWindow] successfully performed. @15-02-2021 01:42:55.0477 AM
[ReportManager] Successfully created attachment [Browser Action Test Data - closeCurrentWindow - Actual Value] @15-02-2021 01:42:55.0478 A
[ReportManager] File Action [getAbsolutePath] successfully performed. With the following test data [Relative Folder Path: "target/downloadedFiles/"]. @15-02-2021 01:42:55.0481 AM
[ReportManager] Attempting to run remotely on: [Linux-64], [GoogleChrome], [http://localhost:4444/wd/hub], Headless Execution. @15-02-2021 01:42:55.0483 AM
[ReportManager] Successfully Opened [GoogleChrome]. @15-02-2021 01:42:55.0727 AM
[ReportManager] Target URL: [https://duckduckgo.com] @15-02-2021 01:42:55.0739 AM
[ReportManager] Initial URL: [data:,] @15-02-2021 01:42:55.0779 AM
[ReportManager] Browser Action [navigateToURL] successfully performed. With the following test data [https://duckduckgo.com]. @15-02-2021 01:42:56.0440 A

################################################################################################################################################
Starting Execution:	[70 out of 134] test cases in the current suite
Test Method:		[unitTests.tests_browserActions.getCurrentWindowTitle]
################################################################################################################################################
[ReportManager] Browser Action [getCurrentWindowTitle] successfully performed. With the following test data [DuckDuckGo  Privacy, simplified.]. @15-02-2021 01:42:56.0485 A
[ReportManager] Target URL: [https://duckduckgo.com] @15-02-2021 01:42:56.0492 AM
[ReportManager] Initial URL: [https://duckduckgo.com] @15-02-2021 01:42:56.0551 AM
[ReportManager] Browser Action [navigateToURL] successfully performed. With the following test data [https://duckduckgo.com]. @15-02-2021 01:42:56.0915 AM
[ReportManager] Successfully created attachment [Selenium WebDriver Logs - server] @15-02-2021 01:42:56.0978 AM
[ReportManager] Successfully created attachment [Selenium WebDriver Logs - performance] @15-02-2021 01:42:57.0085 AM
[ReportManager] Successfully created attachment [Selenium WebDriver Logs - driver] @15-02-2021 01:42:57.0259 AM
[ReportManager] Browser Action [closeCurrentWindow] successfully performed. @15-02-2021 01:42:57.0315 AM
[ReportManager] Successfully created attachment [Browser Action Test Data - closeCurrentWindow - Actual Value] @15-02-2021 01:42:57.0320 A
[ReportManager] File Action [getAbsolutePath] successfully performed. With the following test data [Relative Folder Path: "target/downloadedFiles/"]. @15-02-2021 01:42:57.0324 AM
[ReportManager] Attempting to run remotely on: [Linux-64], [GoogleChrome], [http://localhost:4444/wd/hub], Headless Execution. @15-02-2021 01:42:57.0324 AM
[ReportManager] Successfully Opened [GoogleChrome]. @15-02-2021 01:42:57.0557 AM
[ReportManager] Target URL: [https://duckduckgo.com] @15-02-2021 01:42:57.0567 AM
[ReportManager] Initial URL: [data:,] @15-02-2021 01:42:57.0609 AM
[ReportManager] Browser Action [navigateToURL] successfully performed. With the following test data [https://duckduckgo.com]. @15-02-2021 01:42:58.0268 A

################################################################################################################################################
Starting Execution:	[71 out of 134] test cases in the current suite
Test Method:		[unitTests.tests_browserActions.getPageSource]
################################################################################################################################################
[ReportManager] Browser Action [getPageSource] successfully performed. @15-02-2021 01:42:58.0326 AM
[ReportManager] Successfully created attachment [Browser Action Test Data - getPageSource - Actual Value] @15-02-2021 01:42:58.0327 A
[ReportManager] Target URL: [https://duckduckgo.com] @15-02-2021 01:42:58.0329 AM
[ReportManager] Initial URL: [https://duckduckgo.com] @15-02-2021 01:42:58.0382 AM
[ReportManager] Browser Action [navigateToURL] successfully performed. With the following test data [https://duckduckgo.com]. @15-02-2021 01:42:58.0751 AM
[ReportManager] Successfully created attachment [Selenium WebDriver Logs - server] @15-02-2021 01:42:58.0817 AM
[ReportManager] Successfully created attachment [Selenium WebDriver Logs - performance] @15-02-2021 01:42:58.0922 AM
[ReportManager] Successfully created attachment [Selenium WebDriver Logs - driver] @15-02-2021 01:42:59.0076 AM
[ReportManager] Browser Action [closeCurrentWindow] successfully performed. @15-02-2021 01:42:59.0139 AM
[ReportManager] Successfully created attachment [Browser Action Test Data - closeCurrentWindow - Actual Value] @15-02-2021 01:42:59.0139 A
[ReportManager] File Action [getAbsolutePath] successfully performed. With the following test data [Relative Folder Path: "target/downloadedFiles/"]. @15-02-2021 01:42:59.0142 AM
[ReportManager] Attempting to run remotely on: [Linux-64], [GoogleChrome], [http://localhost:4444/wd/hub], Headless Execution. @15-02-2021 01:42:59.0143 AM
[ReportManager] Successfully Opened [GoogleChrome]. @15-02-2021 01:42:59.0408 AM
[ReportManager] Target URL: [https://duckduckgo.com] @15-02-2021 01:42:59.0422 AM
[ReportManager] Initial URL: [data:,] @15-02-2021 01:42:59.0462 AM
[ReportManager] Browser Action [navigateToURL] successfully performed. With the following test data [https://duckduckgo.com]. @15-02-2021 01:43:00.0143 A

################################################################################################################################################
Starting Execution:	[72 out of 134] test cases in the current suite
Test Method:		[unitTests.tests_browserActions.getWindowHandle]
################################################################################################################################################
[ReportManager] Browser Action [getWindowHandle] successfully performed. With the following test data [CDwindow-A2B55C181D0B37D719F0988CCDF77B27]. @15-02-2021 01:43:00.0186 A
[ReportManager] Target URL: [https://duckduckgo.com] @15-02-2021 01:43:00.0189 AM
[ReportManager] Initial URL: [https://duckduckgo.com] @15-02-2021 01:43:00.0248 AM
[ReportManager] Browser Action [navigateToURL] successfully performed. With the following test data [https://duckduckgo.com]. @15-02-2021 01:43:00.0603 AM
[ReportManager] Successfully created attachment [Selenium WebDriver Logs - server] @15-02-2021 01:43:00.0655 AM
[ReportManager] Successfully created attachment [Selenium WebDriver Logs - performance] @15-02-2021 01:43:00.0755 AM
[ReportManager] Successfully created attachment [Selenium WebDriver Logs - driver] @15-02-2021 01:43:00.0901 AM
[ReportManager] Browser Action [closeCurrentWindow] successfully performed. @15-02-2021 01:43:00.0961 AM
[ReportManager] Successfully created attachment [Browser Action Test Data - closeCurrentWindow - Actual Value] @15-02-2021 01:43:00.0962 A
[ReportManager] File Action [getAbsolutePath] successfully performed. With the following test data [Relative Folder Path: "target/downloadedFiles/"]. @15-02-2021 01:43:00.0964 AM
[ReportManager] Attempting to run remotely on: [Linux-64], [GoogleChrome], [http://localhost:4444/wd/hub], Headless Execution. @15-02-2021 01:43:00.0964 AM
[ReportManager] Successfully Opened [GoogleChrome]. @15-02-2021 01:43:01.0214 AM
[ReportManager] Target URL: [https://duckduckgo.com] @15-02-2021 01:43:01.0227 AM
[ReportManager] Initial URL: [data:,] @15-02-2021 01:43:01.0265 AM
[ReportManager] Browser Action [navigateToURL] successfully performed. With the following test data [https://duckduckgo.com]. @15-02-2021 01:43:01.0901 A

################################################################################################################################################
Starting Execution:	[73 out of 134] test cases in the current suite
Test Method:		[unitTests.tests_browserActions.getWindowPosition]
################################################################################################################################################
[ReportManager] Browser Action [getWindowPosition] successfully performed. With the following test data [(0, 0)]. @15-02-2021 01:43:01.0956 A
[ReportManager] Target URL: [https://duckduckgo.com] @15-02-2021 01:43:01.0958 AM
[ReportManager] Initial URL: [https://duckduckgo.com] @15-02-2021 01:43:02.0014 AM
[ReportManager] Browser Action [navigateToURL] successfully performed. With the following test data [https://duckduckgo.com]. @15-02-2021 01:43:02.0373 AM
[ReportManager] Successfully created attachment [Selenium WebDriver Logs - server] @15-02-2021 01:43:02.0429 AM
[ReportManager] Successfully created attachment [Selenium WebDriver Logs - performance] @15-02-2021 01:43:02.0534 AM
[ReportManager] Successfully created attachment [Selenium WebDriver Logs - driver] @15-02-2021 01:43:02.0682 AM
[ReportManager] Browser Action [closeCurrentWindow] successfully performed. @15-02-2021 01:43:02.0738 AM
[ReportManager] Successfully created attachment [Browser Action Test Data - closeCurrentWindow - Actual Value] @15-02-2021 01:43:02.0739 A
[ReportManager] File Action [getAbsolutePath] successfully performed. With the following test data [Relative Folder Path: "target/downloadedFiles/"]. @15-02-2021 01:43:02.0748 AM
[ReportManager] Attempting to run remotely on: [Linux-64], [GoogleChrome], [http://localhost:4444/wd/hub], Headless Execution. @15-02-2021 01:43:02.0748 AM
[ReportManager] Successfully Opened [GoogleChrome]. @15-02-2021 01:43:02.0969 AM
[ReportManager] Target URL: [https://duckduckgo.com] @15-02-2021 01:43:02.0980 AM
[ReportManager] Initial URL: [data:,] @15-02-2021 01:43:03.0018 AM
[ReportManager] Browser Action [navigateToURL] successfully performed. With the following test data [https://duckduckgo.com]. @15-02-2021 01:43:03.0660 A

################################################################################################################################################
Starting Execution:	[74 out of 134] test cases in the current suite
Test Method:		[unitTests.tests_browserActions.getWindowSize]
################################################################################################################################################
[ReportManager] Browser Action [getWindowSize] successfully performed. With the following test data [(800, 600)]. @15-02-2021 01:43:03.0698 A
[ReportManager] Target URL: [https://duckduckgo.com] @15-02-2021 01:43:03.0700 AM
[ReportManager] Initial URL: [https://duckduckgo.com] @15-02-2021 01:43:03.0755 AM
[ReportManager] Browser Action [navigateToURL] successfully performed. With the following test data [https://duckduckgo.com]. @15-02-2021 01:43:04.0119 AM
[ReportManager] Successfully created attachment [Selenium WebDriver Logs - server] @15-02-2021 01:43:04.0181 AM
[ReportManager] Successfully created attachment [Selenium WebDriver Logs - performance] @15-02-2021 01:43:04.0281 AM
[ReportManager] Successfully created attachment [Selenium WebDriver Logs - driver] @15-02-2021 01:43:04.0430 AM
[ReportManager] Browser Action [closeCurrentWindow] successfully performed. @15-02-2021 01:43:04.0486 AM
[ReportManager] Successfully created attachment [Browser Action Test Data - closeCurrentWindow - Actual Value] @15-02-2021 01:43:04.0487 A
[ReportManager] File Action [getAbsolutePath] successfully performed. With the following test data [Relative Folder Path: "target/downloadedFiles/"]. @15-02-2021 01:43:04.0489 AM
[ReportManager] Attempting to run remotely on: [Linux-64], [GoogleChrome], [http://localhost:4444/wd/hub], Headless Execution. @15-02-2021 01:43:04.0489 AM
[ReportManager] Successfully Opened [GoogleChrome]. @15-02-2021 01:43:04.0737 AM
[ReportManager] Target URL: [https://duckduckgo.com] @15-02-2021 01:43:04.0749 AM
[ReportManager] Initial URL: [data:,] @15-02-2021 01:43:04.0790 AM
[ReportManager] Browser Action [navigateToURL] successfully performed. With the following test data [https://duckduckgo.com]. @15-02-2021 01:43:05.0416 A

################################################################################################################################################
Starting Execution:	[75 out of 134] test cases in the current suite
Test Method:		[unitTests.tests_browserActions.maximizeWindow]
################################################################################################################################################
[ReportManager] Initial window size: (800, 600) @15-02-2021 01:43:05.0426 AM
[ReportManager] Window size after Toolkit: (1920, 1080) @15-02-2021 01:43:05.0649 AM
[ReportManager] Browser Action [maximizeWindow] successfully performed. With the following test data [New screen size is now: (1920, 1080)]. @15-02-2021 01:43:05.0651 A
[ReportManager] Target URL: [https://duckduckgo.com] @15-02-2021 01:43:05.0653 AM
[ReportManager] Initial URL: [https://duckduckgo.com] @15-02-2021 01:43:05.0721 AM
[ReportManager] Browser Action [navigateToURL] successfully performed. With the following test data [https://duckduckgo.com]. @15-02-2021 01:43:06.0075 AM
[ReportManager] Successfully created attachment [Selenium WebDriver Logs - server] @15-02-2021 01:43:06.0121 AM
[ReportManager] Successfully created attachment [Selenium WebDriver Logs - performance] @15-02-2021 01:43:06.0235 AM
[ReportManager] Successfully created attachment [Selenium WebDriver Logs - driver] @15-02-2021 01:43:06.0370 AM
[ReportManager] Browser Action [closeCurrentWindow] successfully performed. @15-02-2021 01:43:06.0426 AM
[ReportManager] Successfully created attachment [Browser Action Test Data - closeCurrentWindow - Actual Value] @15-02-2021 01:43:06.0427 A
[ReportManager] File Action [getAbsolutePath] successfully performed. With the following test data [Relative Folder Path: "target/downloadedFiles/"]. @15-02-2021 01:43:06.0428 AM
[ReportManager] Attempting to run remotely on: [Linux-64], [GoogleChrome], [http://localhost:4444/wd/hub], Headless Execution. @15-02-2021 01:43:06.0429 AM
[ReportManager] Successfully Opened [GoogleChrome]. @15-02-2021 01:43:06.0645 AM
[ReportManager] Target URL: [https://duckduckgo.com] @15-02-2021 01:43:06.0658 AM
[ReportManager] Initial URL: [data:,] @15-02-2021 01:43:06.0705 AM
[ReportManager] Browser Action [navigateToURL] successfully performed. With the following test data [https://duckduckgo.com]. @15-02-2021 01:43:07.0331 A

################################################################################################################################################
Starting Execution:	[76 out of 134] test cases in the current suite
Test Method:		[unitTests.tests_browserActions.navigateBack]
################################################################################################################################################
[ReportManager] Target URL: [https://www.google.com/ncr], and after redirection: [https://www.google.com] @15-02-2021 01:43:07.0340 AM
[ReportManager] Initial URL: [https://duckduckgo.com] @15-02-2021 01:43:07.0405 AM
[ReportManager] Browser Action [navigateToURL] successfully performed. With the following test data [https://www.google.com/ncr]. @15-02-2021 01:43:08.0205 AM
[ReportManager] Browser Action [navigateBack] successfully performed. With the following test data [https://duckduckgo.com/]. @15-02-2021 01:43:08.0573 AM
[ReportManager] Confirming that navigating back was successful... @15-02-2021 01:43:08.0574 AM
[ReportManager] Browser Action [getCurrentURL] successfully performed. With the following test data [https://duckduckgo.com/]. @15-02-2021 01:43:08.0609 AM
[ReportManager] AssertBrowserAttribute PASSED; Expected [Value Should be 'https://duckduckgo.com' for the 'CurrentUrl' attribute] and Actual [https://duckduckgo.com/]. Comparison Type [CONTAINS]. Validation Type [POSITIVE]. @15-02-2021 01:43:08.0610 A
[ReportManager] Target URL: [https://duckduckgo.com] @15-02-2021 01:43:08.0611 AM
[ReportManager] Initial URL: [https://duckduckgo.com] @15-02-2021 01:43:08.0683 AM
[ReportManager] Browser Action [navigateToURL] successfully performed. With the following test data [https://duckduckgo.com]. @15-02-2021 01:43:09.0025 AM
[ReportManager] Successfully created attachment [Selenium WebDriver Logs - server] @15-02-2021 01:43:09.0090 AM
[ReportManager] Successfully created attachment [Selenium WebDriver Logs - performance] @15-02-2021 01:43:09.0251 AM
[ReportManager] Successfully created attachment [Selenium WebDriver Logs - driver] @15-02-2021 01:43:09.0493 AM
[ReportManager] Browser Action [closeCurrentWindow] successfully performed. @15-02-2021 01:43:09.0553 AM
[ReportManager] Successfully created attachment [Browser Action Test Data - closeCurrentWindow - Actual Value] @15-02-2021 01:43:09.0554 A
[ReportManager] File Action [getAbsolutePath] successfully performed. With the following test data [Relative Folder Path: "target/downloadedFiles/"]. @15-02-2021 01:43:09.0556 AM
[ReportManager] Attempting to run remotely on: [Linux-64], [GoogleChrome], [http://localhost:4444/wd/hub], Headless Execution. @15-02-2021 01:43:09.0557 AM
[ReportManager] Successfully Opened [GoogleChrome]. @15-02-2021 01:43:09.0814 AM
[ReportManager] Target URL: [https://duckduckgo.com] @15-02-2021 01:43:09.0825 AM
[ReportManager] Initial URL: [data:,] @15-02-2021 01:43:09.0866 AM
[ReportManager] Browser Action [navigateToURL] successfully performed. With the following test data [https://duckduckgo.com]. @15-02-2021 01:43:10.0556 A

################################################################################################################################################
Starting Execution:	[77 out of 134] test cases in the current suite
Test Method:		[unitTests.tests_browserActions.navigateForward]
################################################################################################################################################
[ReportManager] Target URL: [https://www.google.com/ncr], and after redirection: [https://www.google.com] @15-02-2021 01:43:10.0562 AM
[ReportManager] Initial URL: [https://duckduckgo.com] @15-02-2021 01:43:10.0616 AM
[ReportManager] Browser Action [navigateToURL] successfully performed. With the following test data [https://www.google.com/ncr]. @15-02-2021 01:43:11.0493 AM
[ReportManager] Browser Action [navigateBack] successfully performed. With the following test data [https://duckduckgo.com/]. @15-02-2021 01:43:11.0855 AM
[ReportManager] Browser Action [navigateForward] successfully performed. With the following test data [https://www.google.com/]. @15-02-2021 01:43:12.0260 A
[ReportManager] Target URL: [https://duckduckgo.com] @15-02-2021 01:43:12.0270 AM
[ReportManager] Initial URL: [https://www.google.com] @15-02-2021 01:43:12.0363 AM
[ReportManager] Browser Action [navigateToURL] successfully performed. With the following test data [https://duckduckgo.com]. @15-02-2021 01:43:12.0823 AM
[ReportManager] Successfully created attachment [Selenium WebDriver Logs - server] @15-02-2021 01:43:12.0872 AM
[ReportManager] Successfully created attachment [Selenium WebDriver Logs - performance] @15-02-2021 01:43:13.0027 AM
[ReportManager] Successfully created attachment [Selenium WebDriver Logs - driver] @15-02-2021 01:43:13.0287 AM
[ReportManager] Browser Action [closeCurrentWindow] successfully performed. @15-02-2021 01:43:13.0356 AM
[ReportManager] Successfully created attachment [Browser Action Test Data - closeCurrentWindow - Actual Value] @15-02-2021 01:43:13.0356 A
[ReportManager] File Action [getAbsolutePath] successfully performed. With the following test data [Relative Folder Path: "target/downloadedFiles/"]. @15-02-2021 01:43:13.0358 AM
[ReportManager] Attempting to run remotely on: [Linux-64], [GoogleChrome], [http://localhost:4444/wd/hub], Headless Execution. @15-02-2021 01:43:13.0358 AM
[ReportManager] Successfully Opened [GoogleChrome]. @15-02-2021 01:43:13.0656 AM
[ReportManager] Target URL: [https://duckduckgo.com] @15-02-2021 01:43:13.0666 AM
[ReportManager] Initial URL: [data:,] @15-02-2021 01:43:13.0704 AM
[ReportManager] Browser Action [navigateToURL] successfully performed. With the following test data [https://duckduckgo.com]. @15-02-2021 01:43:14.0362 A

################################################################################################################################################
Starting Execution:	[78 out of 134] test cases in the current suite
Test Method:		[unitTests.tests_browserActions.navigateToURL]
################################################################################################################################################
[ReportManager] Target URL: [https://duckduckgo.com] @15-02-2021 01:43:14.0371 AM
[ReportManager] Initial URL: [https://duckduckgo.com] @15-02-2021 01:43:14.0435 AM
[ReportManager] Browser Action [navigateToURL] successfully performed. With the following test data [https://duckduckgo.com]. @15-02-2021 01:43:14.0800 A
[ReportManager] Target URL: [https://duckduckgo.com] @15-02-2021 01:43:14.0802 AM
[ReportManager] Initial URL: [https://duckduckgo.com] @15-02-2021 01:43:14.0870 AM
[ReportManager] Browser Action [navigateToURL] successfully performed. With the following test data [https://duckduckgo.com]. @15-02-2021 01:43:15.0184 AM
[ReportManager] Successfully created attachment [Selenium WebDriver Logs - server] @15-02-2021 01:43:15.0233 AM
[ReportManager] Successfully created attachment [Selenium WebDriver Logs - performance] @15-02-2021 01:43:15.0397 AM
[ReportManager] Successfully created attachment [Selenium WebDriver Logs - driver] @15-02-2021 01:43:15.0598 AM
[ReportManager] Browser Action [closeCurrentWindow] successfully performed. @15-02-2021 01:43:15.0654 AM
[ReportManager] Successfully created attachment [Browser Action Test Data - closeCurrentWindow - Actual Value] @15-02-2021 01:43:15.0654 A
[ReportManager] File Action [getAbsolutePath] successfully performed. With the following test data [Relative Folder Path: "target/downloadedFiles/"]. @15-02-2021 01:43:15.0657 AM
[ReportManager] Attempting to run remotely on: [Linux-64], [GoogleChrome], [http://localhost:4444/wd/hub], Headless Execution. @15-02-2021 01:43:15.0657 AM
[ReportManager] Successfully Opened [GoogleChrome]. @15-02-2021 01:43:15.0873 AM
[ReportManager] Target URL: [https://duckduckgo.com] @15-02-2021 01:43:15.0883 AM
[ReportManager] Initial URL: [data:,] @15-02-2021 01:43:15.0923 AM
[ReportManager] Browser Action [navigateToURL] successfully performed. With the following test data [https://duckduckgo.com]. @15-02-2021 01:43:16.0599 A

################################################################################################################################################
Starting Execution:	[79 out of 134] test cases in the current suite
Test Method:		[unitTests.tests_browserActions.navigateToURLWithRedirection]
################################################################################################################################################
[ReportManager] Target URL: [https://www.google.com/ncr], and after redirection: [https://www.google.com] @15-02-2021 01:43:16.0601 AM
[ReportManager] Initial URL: [https://duckduckgo.com] @15-02-2021 01:43:16.0657 AM
[ReportManager] Browser Action [navigateToURL] successfully performed. With the following test data [https://www.google.com/ncr]. @15-02-2021 01:43:17.0501 A
[ReportManager] Target URL: [https://duckduckgo.com] @15-02-2021 01:43:17.0503 AM
[ReportManager] Initial URL: [https://www.google.com] @15-02-2021 01:43:17.0578 AM
[ReportManager] Browser Action [navigateToURL] successfully performed. With the following test data [https://duckduckgo.com]. @15-02-2021 01:43:18.0111 AM
[ReportManager] Successfully created attachment [Selenium WebDriver Logs - server] @15-02-2021 01:43:18.0179 AM
[ReportManager] Successfully created attachment [Selenium WebDriver Logs - performance] @15-02-2021 01:43:18.0293 AM
[ReportManager] Successfully created attachment [Selenium WebDriver Logs - driver] @15-02-2021 01:43:18.0457 AM
[ReportManager] Browser Action [closeCurrentWindow] successfully performed. @15-02-2021 01:43:18.0517 AM
[ReportManager] Successfully created attachment [Browser Action Test Data - closeCurrentWindow - Actual Value] @15-02-2021 01:43:18.0518 A
[ReportManager] File Action [getAbsolutePath] successfully performed. With the following test data [Relative Folder Path: "target/downloadedFiles/"]. @15-02-2021 01:43:18.0520 AM
[ReportManager] Attempting to run remotely on: [Linux-64], [GoogleChrome], [http://localhost:4444/wd/hub], Headless Execution. @15-02-2021 01:43:18.0520 AM
[ReportManager] Successfully Opened [GoogleChrome]. @15-02-2021 01:43:18.0740 AM
[ReportManager] Target URL: [https://duckduckgo.com] @15-02-2021 01:43:18.0750 AM
[ReportManager] Initial URL: [data:,] @15-02-2021 01:43:18.0789 AM
[ReportManager] Browser Action [navigateToURL] successfully performed. With the following test data [https://duckduckgo.com]. @15-02-2021 01:43:19.0440 A

################################################################################################################################################
Starting Execution:	[80 out of 134] test cases in the current suite
Test Method:		[unitTests.tests_browserActions.refreshCurrentPage]
################################################################################################################################################
[ReportManager] Browser Action [refreshCurrentPage] successfully performed. @15-02-2021 01:43:19.0696 AM
[ReportManager] Successfully created attachment [Browser Action Test Data - refreshCurrentPage - Actual Value] @15-02-2021 01:43:19.0696 A
[ReportManager] Target URL: [https://duckduckgo.com] @15-02-2021 01:43:19.0698 AM
[ReportManager] Initial URL: [https://duckduckgo.com] @15-02-2021 01:43:19.0758 AM
[ReportManager] Browser Action [navigateToURL] successfully performed. With the following test data [https://duckduckgo.com]. @15-02-2021 01:43:20.0085 AM
[ReportManager] Successfully created attachment [Selenium WebDriver Logs - server] @15-02-2021 01:43:20.0134 AM
[ReportManager] Successfully created attachment [Selenium WebDriver Logs - performance] @15-02-2021 01:43:20.0290 AM
[ReportManager] Successfully created attachment [Selenium WebDriver Logs - driver] @15-02-2021 01:43:20.0473 AM
[ReportManager] Browser Action [closeCurrentWindow] successfully performed. @15-02-2021 01:43:20.0530 AM
[ReportManager] Successfully created attachment [Browser Action Test Data - closeCurrentWindow - Actual Value] @15-02-2021 01:43:20.0531 A
[ReportManager] File Action [getAbsolutePath] successfully performed. With the following test data [Relative Folder Path: "target/downloadedFiles/"]. @15-02-2021 01:43:20.0533 AM
[ReportManager] Attempting to run remotely on: [Linux-64], [GoogleChrome], [http://localhost:4444/wd/hub], Headless Execution. @15-02-2021 01:43:20.0533 AM
[ReportManager] Successfully Opened [GoogleChrome]. @15-02-2021 01:43:20.0741 AM
[ReportManager] Target URL: [https://duckduckgo.com] @15-02-2021 01:43:20.0752 AM
[ReportManager] Initial URL: [data:,] @15-02-2021 01:43:20.0793 AM
[ReportManager] Browser Action [navigateToURL] successfully performed. With the following test data [https://duckduckgo.com]. @15-02-2021 01:43:21.0443 A

################################################################################################################################################
Starting Execution:	[81 out of 134] test cases in the current suite
Test Method:		[unitTests.tests_browserActions.setWindowSize]
################################################################################################################################################
[ReportManager] Initial window size: (800, 600) @15-02-2021 01:43:21.0453 AM
[ReportManager] Window size after SWD: (1280, 720) @15-02-2021 01:43:21.0675 AM
[ReportManager] Browser Action [setWindowSize] successfully performed. With the following test data [New screen size is now: (1280, 720)]. @15-02-2021 01:43:21.0675 A
[ReportManager] Target URL: [https://duckduckgo.com] @15-02-2021 01:43:21.0681 AM
[ReportManager] Initial URL: [https://duckduckgo.com] @15-02-2021 01:43:21.0750 AM
[ReportManager] Browser Action [navigateToURL] successfully performed. With the following test data [https://duckduckgo.com]. @15-02-2021 01:43:22.0128 AM
[ReportManager] Successfully created attachment [Selenium WebDriver Logs - server] @15-02-2021 01:43:22.0181 AM
[ReportManager] Successfully created attachment [Selenium WebDriver Logs - performance] @15-02-2021 01:43:22.0288 AM
[ReportManager] Successfully created attachment [Selenium WebDriver Logs - driver] @15-02-2021 01:43:22.0425 AM
[ReportManager] Browser Action [closeCurrentWindow] successfully performed. @15-02-2021 01:43:22.0440 AM
[ReportManager] Successfully created attachment [Browser Action Test Data - closeCurrentWindow - Actual Value] @15-02-2021 01:43:22.0441 A
[ReportManager] Successfully loaded the following test data file [src/test/resources/TestDataFiles/testSuite01/TestData.xlsx]. @15-02-2021 01:43:22.0474 AM
[ReportManager] Successfully created attachment [Test Data - Excel] @15-02-2021 01:43:22.0474 A

################################################################################################################################################
Starting Execution:	[82 out of 134] test cases in the current suite
Test Method:		[unitTests.tests_io_excelFileManager.getCellData_rowName_expectedToPass]
################################################################################################################################################
[ReportManager] testRowData. @15-02-2021 01:43:22.0480 A
[ReportManager] File Action [getAbsolutePath] successfully performed. With the following test data [Relative Folder Path: "target/downloadedFiles/"]. @15-02-2021 01:43:22.0483 AM
[ReportManager] Attempting to run remotely on: [Linux-64], [GoogleChrome], [http://localhost:4444/wd/hub], Headless Execution. @15-02-2021 01:43:22.0483 AM
[ReportManager] Successfully Opened [GoogleChrome]. @15-02-2021 01:43:22.0700 A

################################################################################################################################################
Starting Execution:	[83 out of 134] test cases in the current suite
Test Method:		[unitTests.tests_element_elementActions.waitForElementToBePresent_false_expectedToFail]
################################################################################################################################################
[ReportManager] Target URL: [https://www.google.com/ncr], and after redirection: [www.google.com] @15-02-2021 01:43:22.0714 AM
[ReportManager] Initial URL: [data:,] @15-02-2021 01:43:22.0754 AM
[ReportManager] Browser Action [navigateToURL] successfully performed. With the following test data [https://www.google.com/ncr]. @15-02-2021 01:43:23.0608 AM
[ReportManager] Waiting for element to be present; elementLocator [By.id: hplogo], numberOfTries[1], stateOfPresence[false]... @15-02-2021 01:43:23.0611 AM
[ReportManager] Element Action [waitForElementToBePresent] failed. With the following test data [waited up to (5) seconds, for the element's state of presence to be (false). Element locator (By.id: hplogo)]. @15-02-2021 01:43:23.0854 AM
[ReportManager] Successfully created attachment [Screenshot - 1613353403776_waitForElementToBePresent_false_expectedToFail_waitForElementToBePresent_failed] @15-02-2021 01:43:23.0855 A
[ReportManager] Successfully created attachment [Selenium WebDriver Logs - server] @15-02-2021 01:43:23.0928 AM
[ReportManager] Successfully created attachment [Selenium WebDriver Logs - performance] @15-02-2021 01:43:23.0961 AM
[ReportManager] Successfully created attachment [Selenium WebDriver Logs - driver] @15-02-2021 01:43:24.0032 AM
[ReportManager] Browser Action [closeCurrentWindow] successfully performed. @15-02-2021 01:43:24.0093 AM
[ReportManager] Successfully created attachment [Browser Action Test Data - closeCurrentWindow - Actual Value] @15-02-2021 01:43:24.0094 A
[ReportManager] File Action [getAbsolutePath] successfully performed. With the following test data [Relative Folder Path: "target/downloadedFiles/"]. @15-02-2021 01:43:24.0096 AM
[ReportManager] Attempting to run remotely on: [Linux-64], [GoogleChrome], [http://localhost:4444/wd/hub], Headless Execution. @15-02-2021 01:43:24.0096 AM
[ReportManager] Successfully Opened [GoogleChrome]. @15-02-2021 01:43:24.0318 A

################################################################################################################################################
Starting Execution:	[84 out of 134] test cases in the current suite
Test Method:		[unitTests.tests_element_elementActions.waitForElementToBePresent_false_expectedToPass]
################################################################################################################################################
[ReportManager] Target URL: [https://www.google.com/ncr], and after redirection: [www.google.com] @15-02-2021 01:43:24.0342 AM
[ReportManager] Initial URL: [data:,] @15-02-2021 01:43:24.0388 AM
[ReportManager] Browser Action [navigateToURL] successfully performed. With the following test data [https://www.google.com/ncr]. @15-02-2021 01:43:25.0264 AM
[ReportManager] Waiting for element to be present; elementLocator [By.id: bla], numberOfTries[1], stateOfPresence[false]... @15-02-2021 01:43:25.0264 AM
[ReportManager] Element Action [waitForElementToBePresent] successfully performed. With the following test data [waited up to (5) seconds, for the element's state of presence to be (false). Element locator (By.id: bla)]. @15-02-2021 01:43:25.0299 A
[ReportManager] Successfully created attachment [Selenium WebDriver Logs - server] @15-02-2021 01:43:25.0369 AM
[ReportManager] Successfully created attachment [Selenium WebDriver Logs - performance] @15-02-2021 01:43:25.0401 AM
[ReportManager] Successfully created attachment [Selenium WebDriver Logs - driver] @15-02-2021 01:43:25.0469 AM
[ReportManager] Browser Action [closeCurrentWindow] successfully performed. @15-02-2021 01:43:25.0526 AM
[ReportManager] Successfully created attachment [Browser Action Test Data - closeCurrentWindow - Actual Value] @15-02-2021 01:43:25.0527 A
[ReportManager] File Action [getAbsolutePath] successfully performed. With the following test data [Relative Folder Path: "target/downloadedFiles/"]. @15-02-2021 01:43:25.0529 AM
[ReportManager] Attempting to run remotely on: [Linux-64], [GoogleChrome], [http://localhost:4444/wd/hub], Headless Execution. @15-02-2021 01:43:25.0529 AM
[ReportManager] Successfully Opened [GoogleChrome]. @15-02-2021 01:43:25.0772 A

################################################################################################################################################
Starting Execution:	[85 out of 134] test cases in the current suite
Test Method:		[unitTests.tests_element_elementActions.waitForElementToBePresent_moreThanOneElement_expectedToFail]
################################################################################################################################################
[ReportManager] Target URL: [https://www.google.com/ncr], and after redirection: [www.google.com] @15-02-2021 01:43:25.0828 AM
[ReportManager] Initial URL: [data:,] @15-02-2021 01:43:25.0871 AM
[ReportManager] Browser Action [navigateToURL] successfully performed. With the following test data [https://www.google.com/ncr]. @15-02-2021 01:43:26.0720 AM
[ReportManager] Waiting for element to be present; elementLocator [By.xpath: //*], numberOfTries[1], stateOfPresence[false]... @15-02-2021 01:43:26.0720 AM
[ReportManager] Element Action [waitForElementToBePresent] failed. With the following test data [waited up to (5) seconds, for the element's state of presence to be (false). Element locator (By.xpath: //*)]. @15-02-2021 01:43:26.0969 AM
[ReportManager] Successfully created attachment [Screenshot - 1613353406894_waitForElementToBePresent_moreThanOneElement_expectedToFail_waitForElementToBePresent_failed] @15-02-2021 01:43:26.0970 A
[ReportManager] Successfully created attachment [Selenium WebDriver Logs - server] @15-02-2021 01:43:27.0050 AM
[ReportManager] Successfully created attachment [Selenium WebDriver Logs - performance] @15-02-2021 01:43:27.0083 AM
[ReportManager] Successfully created attachment [Selenium WebDriver Logs - driver] @15-02-2021 01:43:27.0157 AM
[ReportManager] Browser Action [closeCurrentWindow] successfully performed. @15-02-2021 01:43:27.0218 AM
[ReportManager] Successfully created attachment [Browser Action Test Data - closeCurrentWindow - Actual Value] @15-02-2021 01:43:27.0219 A
[ReportManager] File Action [getAbsolutePath] successfully performed. With the following test data [Relative Folder Path: "target/downloadedFiles/"]. @15-02-2021 01:43:27.0224 AM
[ReportManager] Attempting to run remotely on: [Linux-64], [GoogleChrome], [http://localhost:4444/wd/hub], Headless Execution. @15-02-2021 01:43:27.0225 AM
[ReportManager] Successfully Opened [GoogleChrome]. @15-02-2021 01:43:27.0453 A

################################################################################################################################################
Starting Execution:	[86 out of 134] test cases in the current suite
Test Method:		[unitTests.tests_element_elementActions.waitForElementToBePresent_true_expectedToFail]
################################################################################################################################################
[ReportManager] Target URL: [https://www.google.com/ncr], and after redirection: [www.google.com] @15-02-2021 01:43:27.0471 AM
[ReportManager] Initial URL: [data:,] @15-02-2021 01:43:27.0521 AM
[ReportManager] Browser Action [navigateToURL] successfully performed. With the following test data [https://www.google.com/ncr]. @15-02-2021 01:43:28.0356 AM
[ReportManager] Waiting for element to be present; elementLocator [By.id: bla], numberOfTries[1], stateOfPresence[true]... @15-02-2021 01:43:28.0356 AM
[ReportManager] Element Action [waitForElementToBePresent] failed. With the following test data [waited up to (5) seconds, for the element's state of presence to be (true). Element locator (By.id: bla)]. @15-02-2021 01:43:28.0618 AM
[ReportManager] Successfully created attachment [Screenshot - 1613353408517_waitForElementToBePresent_true_expectedToFail_waitForElementToBePresent_failed] @15-02-2021 01:43:28.0619 A
[ReportManager] Successfully created attachment [Selenium WebDriver Logs - server] @15-02-2021 01:43:28.0701 AM
[ReportManager] Successfully created attachment [Selenium WebDriver Logs - performance] @15-02-2021 01:43:28.0737 AM
[ReportManager] Successfully created attachment [Selenium WebDriver Logs - driver] @15-02-2021 01:43:28.0809 AM
[ReportManager] Browser Action [closeCurrentWindow] successfully performed. @15-02-2021 01:43:28.0865 AM
[ReportManager] Successfully created attachment [Browser Action Test Data - closeCurrentWindow - Actual Value] @15-02-2021 01:43:28.0866 A
[ReportManager] File Action [getAbsolutePath] successfully performed. With the following test data [Relative Folder Path: "target/downloadedFiles/"]. @15-02-2021 01:43:28.0868 AM
[ReportManager] Attempting to run remotely on: [Linux-64], [GoogleChrome], [http://localhost:4444/wd/hub], Headless Execution. @15-02-2021 01:43:28.0868 AM
[ReportManager] Successfully Opened [GoogleChrome]. @15-02-2021 01:43:29.0094 A

################################################################################################################################################
Starting Execution:	[87 out of 134] test cases in the current suite
Test Method:		[unitTests.tests_element_elementActions.waitForElementToBePresent_true_expectedToPass]
################################################################################################################################################
[ReportManager] Target URL: [https://www.google.com/ncr], and after redirection: [www.google.com] @15-02-2021 01:43:29.0111 AM
[ReportManager] Initial URL: [data:,] @15-02-2021 01:43:29.0178 AM
[ReportManager] Browser Action [navigateToURL] successfully performed. With the following test data [https://www.google.com/ncr]. @15-02-2021 01:43:30.0027 AM
[ReportManager] Waiting for element to be present; elementLocator [By.id: hplogo], numberOfTries[1], stateOfPresence[true]... @15-02-2021 01:43:30.0027 AM
[ReportManager] Element Action [waitForElementToBePresent] successfully performed. With the following test data [waited up to (5) seconds, for the element's state of presence to be (true). Element locator (By.id: hplogo)]. @15-02-2021 01:43:30.0066 AM
[ReportManager] Using Visual AI; OpenCV... @15-02-2021 01:43:30.0075 AM
[ReportManager] File Action [doesFileExist] successfully performed. With the following test data [File Path: "src/test/resources/DynamicObjectRepository/unitTests_tests_element_elementActions_waitForElementToBePresent_true_expectedToPass_By_id_hplogo.png"]. @15-02-2021 01:43:30.0076 AM
[ReportManager] File Action [doesFileExist] successfully performed. With the following test data [File Path: "src/test/resources/DynamicObjectRepository/unitTests_tests_element_elementActions_waitForElementToBePresent_true_expectedToPass_By_id_hplogo.png"]. @15-02-2021 01:43:30.0281 AM
[ReportManager] Passing the test and saving a reference image @15-02-2021 01:43:30.0281 AM
[ReportManager] File Action [getAbsolutePath] successfully performed. With the following test data [Relative File Path: "src/test/resources/DynamicObjectRepository/unitTests_tests_element_elementActions_waitForElementToBePresent_true_expectedToPass_By_id_hplogo.png"]. @15-02-2021 01:43:30.0281 AM
[ReportManager] File Action [writeToFile] successfully performed. With the following test data [Target File Path: "/home/runner/work/SHAFT_ENGINE/SHAFT_ENGINE/src/test/resources/DynamicObjectRepository/unitTests_tests_element_elementActions_waitForElementToBePresent_true_expectedToPass_By_id_hplogo.png"]. @15-02-2021 01:43:30.0288 AM
[ReportManager] AssertElementMatches PASSED; Expected [Element should match the reference screenshot] and Actual [TRUE]. Comparison Type [EXACT_OPENCV]. Validation Type [POSITIVE]. @15-02-2021 01:43:30.0288 AM
[ReportManager] Successfully created attachment [Validation Test Data - Actual Screenshot] @15-02-2021 01:43:30.0289 A
[ReportManager] Successfully created attachment [Selenium WebDriver Logs - server] @15-02-2021 01:43:30.0370 AM
[ReportManager] Successfully created attachment [Selenium WebDriver Logs - performance] @15-02-2021 01:43:30.0402 AM
[ReportManager] Successfully created attachment [Selenium WebDriver Logs - driver] @15-02-2021 01:43:30.0472 AM
[ReportManager] Browser Action [closeCurrentWindow] successfully performed. @15-02-2021 01:43:30.0534 AM
[ReportManager] Successfully created attachment [Browser Action Test Data - closeCurrentWindow - Actual Value] @15-02-2021 01:43:30.0534 A

################################################################################################################################################
Starting Execution:	[88 out of 134] test cases in the current suite
Test Method:		[unitTests.tests_validations_assertions.assertComparativeRelation_greaterThanOrEquals_false_equals_expectedToFail]
################################################################################################################################################
[ReportManager] AssertComparativeRelation FAILED; Expected [1] and Actual [1]. Comparison Type [GREATER_THAN_OR_EQUALS]. Validation Type [NEGATIVE]. @15-02-2021 01:43:30.0542 A

################################################################################################################################################
Starting Execution:	[89 out of 134] test cases in the current suite
Test Method:		[unitTests.tests_validations_assertions.assertComparativeRelation_greaterThanOrEquals_false_equals_expectedToPass]
################################################################################################################################################
[ReportManager] AssertComparativeRelation PASSED; Expected [2] and Actual [1]. Comparison Type [GREATER_THAN_OR_EQUALS]. Validation Type [NEGATIVE]. @15-02-2021 01:43:30.0546 A

################################################################################################################################################
Starting Execution:	[90 out of 134] test cases in the current suite
Test Method:		[unitTests.tests_validations_assertions.assertComparativeRelation_greaterThanOrEquals_false_greaterThan_expectedToFail]
################################################################################################################################################
[ReportManager] AssertComparativeRelation FAILED; Expected [1] and Actual [2]. Comparison Type [GREATER_THAN_OR_EQUALS]. Validation Type [NEGATIVE]. @15-02-2021 01:43:30.0556 A

################################################################################################################################################
Starting Execution:	[91 out of 134] test cases in the current suite
Test Method:		[unitTests.tests_validations_assertions.assertComparativeRelation_greaterThanOrEquals_false_greaterThan_expectedToPass]
################################################################################################################################################
[ReportManager] AssertComparativeRelation PASSED; Expected [2] and Actual [1]. Comparison Type [GREATER_THAN_OR_EQUALS]. Validation Type [NEGATIVE]. @15-02-2021 01:43:30.0560 A

################################################################################################################################################
Starting Execution:	[92 out of 134] test cases in the current suite
Test Method:		[unitTests.tests_validations_assertions.assertComparativeRelation_greaterThanOrEquals_true_equals_expectedToFail]
################################################################################################################################################
[ReportManager] AssertComparativeRelation FAILED; Expected [1] and Actual [0]. Comparison Type [GREATER_THAN_OR_EQUALS]. Validation Type [POSITIVE]. @15-02-2021 01:43:30.0568 A

################################################################################################################################################
Starting Execution:	[93 out of 134] test cases in the current suite
Test Method:		[unitTests.tests_validations_assertions.assertComparativeRelation_greaterThanOrEquals_true_equals_expectedToPass]
################################################################################################################################################
[ReportManager] AssertComparativeRelation PASSED; Expected [1] and Actual [1]. Comparison Type [GREATER_THAN_OR_EQUALS]. Validation Type [POSITIVE]. @15-02-2021 01:43:30.0572 A

################################################################################################################################################
Starting Execution:	[94 out of 134] test cases in the current suite
Test Method:		[unitTests.tests_validations_assertions.assertComparativeRelation_greaterThanOrEquals_true_greaterThan_expectedToFail]
################################################################################################################################################
[ReportManager] AssertComparativeRelation FAILED; Expected [2] and Actual [1]. Comparison Type [GREATER_THAN_OR_EQUALS]. Validation Type [POSITIVE]. @15-02-2021 01:43:30.0575 A

################################################################################################################################################
Starting Execution:	[95 out of 134] test cases in the current suite
Test Method:		[unitTests.tests_validations_assertions.assertComparativeRelation_greaterThanOrEquals_true_greaterThan_expectedToPass]
################################################################################################################################################
[ReportManager] AssertComparativeRelation PASSED; Expected [1] and Actual [2]. Comparison Type [GREATER_THAN_OR_EQUALS]. Validation Type [POSITIVE]. @15-02-2021 01:43:30.0578 A
[ReportManager] File Action [getAbsolutePath] successfully performed. With the following test data [Relative Folder Path: "target/downloadedFiles/"]. @15-02-2021 01:43:30.0581 AM
[ReportManager] Attempting to run remotely on: [Linux-64], [GoogleChrome], [http://localhost:4444/wd/hub], Headless Execution. @15-02-2021 01:43:30.0581 AM
[ReportManager] Successfully Opened [GoogleChrome]. @15-02-2021 01:43:30.0796 AM
[ReportManager] Target URL: [https://www.google.com/ncr], and after redirection: [www.google.com] @15-02-2021 01:43:30.0806 AM
[ReportManager] Initial URL: [data:,] @15-02-2021 01:43:30.0844 AM
[ReportManager] Browser Action [navigateToURL] successfully performed. With the following test data [https://www.google.com/ncr]. @15-02-2021 01:43:31.0715 A

################################################################################################################################################
Starting Execution:	[96 out of 134] test cases in the current suite
Test Method:		[unitTests.tests_validations_assertions.assertElementAttribute_false_caseInsensitiveComparison_expectedToFail]
################################################################################################################################################
[ReportManager] Element Action [type] successfully performed. With the following test data [AUTOMATION]. @15-02-2021 01:43:32.0279 AM
[ReportManager] Element Action [getText] successfully performed. With the following test data [AUTOMATION]. @15-02-2021 01:43:32.0404 AM
[ReportManager] Loaded Shared OpenCV @15-02-2021 01:43:32.0602 AM
[ReportManager] AssertElementAttribute FAILED; Expected [Value Should not be 'AutomaTion' for the 'text' attribute, element locator 'By.name: q'] and Actual [AUTOMATION]. Comparison Type [CASE_INSENSITIVE]. Validation Type [NEGATIVE]. @15-02-2021 01:43:32.0691 AM
[ReportManager] Successfully created attachment [Screenshot - 1613353412602_assertElementAttribute_false_caseInsensitiveComparison_expectedToFail_AssertElementAttribute_failed] @15-02-2021 01:43:32.0692 A
[ReportManager] Successfully created attachment [Selenium WebDriver Logs - server] @15-02-2021 01:43:32.0787 AM
[ReportManager] Successfully created attachment [Selenium WebDriver Logs - performance] @15-02-2021 01:43:32.0871 AM
[ReportManager] Successfully created attachment [Selenium WebDriver Logs - driver] @15-02-2021 01:43:32.0989 AM
[ReportManager] Browser Action [closeCurrentWindow] successfully performed. @15-02-2021 01:43:33.0045 AM
[ReportManager] Successfully created attachment [Browser Action Test Data - closeCurrentWindow - Actual Value] @15-02-2021 01:43:33.0046 A
[ReportManager] File Action [getAbsolutePath] successfully performed. With the following test data [Relative Folder Path: "target/downloadedFiles/"]. @15-02-2021 01:43:33.0051 AM
[ReportManager] Attempting to run remotely on: [Linux-64], [GoogleChrome], [http://localhost:4444/wd/hub], Headless Execution. @15-02-2021 01:43:33.0052 AM
[ReportManager] Successfully Opened [GoogleChrome]. @15-02-2021 01:43:33.0284 AM
[ReportManager] Target URL: [https://www.google.com/ncr], and after redirection: [www.google.com] @15-02-2021 01:43:33.0294 AM
[ReportManager] Initial URL: [data:,] @15-02-2021 01:43:33.0335 AM
[ReportManager] Browser Action [navigateToURL] successfully performed. With the following test data [https://www.google.com/ncr]. @15-02-2021 01:43:34.0211 A

################################################################################################################################################
Starting Execution:	[97 out of 134] test cases in the current suite
Test Method:		[unitTests.tests_validations_assertions.assertElementAttribute_false_caseInsensitiveComparison_expectedToPass]
################################################################################################################################################
[ReportManager] Element Action [type] successfully performed. With the following test data [AUTOMATION]. @15-02-2021 01:43:34.0765 AM
[ReportManager] Element Action [getText] successfully performed. With the following test data [AUTOMATION]. @15-02-2021 01:43:34.0898 AM
[ReportManager] Loaded Shared OpenCV @15-02-2021 01:43:35.0090 AM
[ReportManager] AssertElementAttribute PASSED; Expected [Value Should not be 'AutomaTion123' for the 'text' attribute, element locator 'By.name: q'] and Actual [AUTOMATION]. Comparison Type [CASE_INSENSITIVE]. Validation Type [NEGATIVE]. @15-02-2021 01:43:35.0182 AM
[ReportManager] Successfully created attachment [Screenshot - 1613353415090_assertElementAttribute_false_caseInsensitiveComparison_expectedToPass_AssertElementAttribute_passed] @15-02-2021 01:43:35.0184 A
[ReportManager] Successfully created attachment [Selenium WebDriver Logs - server] @15-02-2021 01:43:35.0267 AM
[ReportManager] Successfully created attachment [Selenium WebDriver Logs - performance] @15-02-2021 01:43:35.0354 AM
[ReportManager] Successfully created attachment [Selenium WebDriver Logs - driver] @15-02-2021 01:43:35.0488 AM
[ReportManager] Browser Action [closeCurrentWindow] successfully performed. @15-02-2021 01:43:35.0548 AM
[ReportManager] Successfully created attachment [Browser Action Test Data - closeCurrentWindow - Actual Value] @15-02-2021 01:43:35.0549 A
[ReportManager] File Action [getAbsolutePath] successfully performed. With the following test data [Relative Folder Path: "target/downloadedFiles/"]. @15-02-2021 01:43:35.0552 AM
[ReportManager] Attempting to run remotely on: [Linux-64], [GoogleChrome], [http://localhost:4444/wd/hub], Headless Execution. @15-02-2021 01:43:35.0552 AM
[ReportManager] Successfully Opened [GoogleChrome]. @15-02-2021 01:43:35.0759 AM
[ReportManager] Target URL: [https://www.google.com/ncr], and after redirection: [www.google.com] @15-02-2021 01:43:35.0770 AM
[ReportManager] Initial URL: [data:,] @15-02-2021 01:43:35.0810 AM
[ReportManager] Browser Action [navigateToURL] successfully performed. With the following test data [https://www.google.com/ncr]. @15-02-2021 01:43:36.0651 A

################################################################################################################################################
Starting Execution:	[98 out of 134] test cases in the current suite
Test Method:		[unitTests.tests_validations_assertions.assertElementAttribute_false_containsComparison_expectedToFail]
################################################################################################################################################
[ReportManager] Element Action [type] successfully performed. With the following test data [Automation123]. @15-02-2021 01:43:37.0212 AM
[ReportManager] Element Action [getText] successfully performed. With the following test data [Automation123]. @15-02-2021 01:43:37.0361 AM
[ReportManager] Loaded Shared OpenCV @15-02-2021 01:43:37.0587 AM
[ReportManager] AssertElementAttribute FAILED; Expected [Value Should not be 'Automation' for the 'text' attribute, element locator 'By.name: q'] and Actual [Automation123]. Comparison Type [CONTAINS]. Validation Type [NEGATIVE]. @15-02-2021 01:43:37.0691 AM
[ReportManager] Successfully created attachment [Screenshot - 1613353417587_assertElementAttribute_false_containsComparison_expectedToFail_AssertElementAttribute_failed] @15-02-2021 01:43:37.0692 A
[ReportManager] Successfully created attachment [Selenium WebDriver Logs - server] @15-02-2021 01:43:37.0813 AM
[ReportManager] Successfully created attachment [Selenium WebDriver Logs - performance] @15-02-2021 01:43:37.0926 AM
[ReportManager] Successfully created attachment [Selenium WebDriver Logs - driver] @15-02-2021 01:43:38.0073 AM
[ReportManager] Browser Action [closeCurrentWindow] successfully performed. @15-02-2021 01:43:38.0129 AM
[ReportManager] Successfully created attachment [Browser Action Test Data - closeCurrentWindow - Actual Value] @15-02-2021 01:43:38.0131 A
[ReportManager] File Action [getAbsolutePath] successfully performed. With the following test data [Relative Folder Path: "target/downloadedFiles/"]. @15-02-2021 01:43:38.0135 AM
[ReportManager] Attempting to run remotely on: [Linux-64], [GoogleChrome], [http://localhost:4444/wd/hub], Headless Execution. @15-02-2021 01:43:38.0135 AM
[ReportManager] Successfully Opened [GoogleChrome]. @15-02-2021 01:43:38.0362 AM
[ReportManager] Target URL: [https://www.google.com/ncr], and after redirection: [www.google.com] @15-02-2021 01:43:38.0396 AM
[ReportManager] Initial URL: [data:,] @15-02-2021 01:43:38.0435 AM
[ReportManager] Browser Action [navigateToURL] successfully performed. With the following test data [https://www.google.com/ncr]. @15-02-2021 01:43:39.0267 A

################################################################################################################################################
Starting Execution:	[99 out of 134] test cases in the current suite
Test Method:		[unitTests.tests_validations_assertions.assertElementAttribute_false_containsComparison_expectedToPass]
################################################################################################################################################
[ReportManager] Element Action [type] successfully performed. With the following test data [Automation123]. @15-02-2021 01:43:39.0887 AM
[ReportManager] Element Action [getText] successfully performed. With the following test data [Automation123]. @15-02-2021 01:43:40.0016 AM
[ReportManager] Loaded Shared OpenCV @15-02-2021 01:43:40.0196 AM
[ReportManager] AssertElementAttribute PASSED; Expected [Value Should not be 'Automation1234' for the 'text' attribute, element locator 'By.name: q'] and Actual [Automation123]. Comparison Type [CONTAINS]. Validation Type [NEGATIVE]. @15-02-2021 01:43:40.0281 AM
[ReportManager] Successfully created attachment [Screenshot - 1613353420196_assertElementAttribute_false_containsComparison_expectedToPass_AssertElementAttribute_passed] @15-02-2021 01:43:40.0283 A
[ReportManager] Successfully created attachment [Selenium WebDriver Logs - server] @15-02-2021 01:43:40.0366 AM
[ReportManager] Successfully created attachment [Selenium WebDriver Logs - performance] @15-02-2021 01:43:40.0444 AM
[ReportManager] Successfully created attachment [Selenium WebDriver Logs - driver] @15-02-2021 01:43:40.0567 AM
[ReportManager] Browser Action [closeCurrentWindow] successfully performed. @15-02-2021 01:43:40.0623 AM
[ReportManager] Successfully created attachment [Browser Action Test Data - closeCurrentWindow - Actual Value] @15-02-2021 01:43:40.0624 A
[ReportManager] File Action [getAbsolutePath] successfully performed. With the following test data [Relative Folder Path: "target/downloadedFiles/"]. @15-02-2021 01:43:40.0627 AM
[ReportManager] Attempting to run remotely on: [Linux-64], [GoogleChrome], [http://localhost:4444/wd/hub], Headless Execution. @15-02-2021 01:43:40.0628 AM
[ReportManager] Successfully Opened [GoogleChrome]. @15-02-2021 01:43:40.0839 AM
[ReportManager] Target URL: [https://www.google.com/ncr], and after redirection: [www.google.com] @15-02-2021 01:43:40.0850 AM
[ReportManager] Initial URL: [data:,] @15-02-2021 01:43:40.0888 AM
[ReportManager] Browser Action [navigateToURL] successfully performed. With the following test data [https://www.google.com/ncr]. @15-02-2021 01:43:41.0777 A

################################################################################################################################################
Starting Execution:	[100 out of 134] test cases in the current suite
Test Method:		[unitTests.tests_validations_assertions.assertElementAttribute_false_literalComparison_expectedToFail]
################################################################################################################################################
[ReportManager] Element Action [type] successfully performed. With the following test data [Automation!@#$%^&*()_+{}[]\';/.,]. @15-02-2021 01:43:43.0032 AM
[ReportManager] Element Action [getText] successfully performed. With the following test data [Automation!@#$%^&*()_+{}[]\';/.,]. @15-02-2021 01:43:43.0164 AM
[ReportManager] Loaded Shared OpenCV @15-02-2021 01:43:43.0348 AM
[ReportManager] AssertElementAttribute PASSED; Expected [Value Should not be 'Automation!@#$%^&*()_+{}[]\\';/.,' for the 'text' attribute, element locator 'By.name: q'] and Actual [Automation!@#$%^&*()_+{}[]\';/.,]. Comparison Type [EQUALS]. Validation Type [NEGATIVE]. @15-02-2021 01:43:43.0443 AM
[ReportManager] Successfully created attachment [Screenshot - 1613353423348_assertElementAttribute_false_literalComparison_expectedToFail_AssertElementAttribute_passed] @15-02-2021 01:43:43.0445 A
[ReportManager] Successfully created attachment [Selenium WebDriver Logs - server] @15-02-2021 01:43:43.0526 AM
[ReportManager] Successfully created attachment [Selenium WebDriver Logs - performance] @15-02-2021 01:43:43.0672 AM
[ReportManager] Successfully created attachment [Selenium WebDriver Logs - driver] @15-02-2021 01:43:43.0846 AM
[ReportManager] Browser Action [closeCurrentWindow] successfully performed. @15-02-2021 01:43:43.0903 AM
[ReportManager] Successfully created attachment [Browser Action Test Data - closeCurrentWindow - Actual Value] @15-02-2021 01:43:43.0904 A
[ReportManager] File Action [getAbsolutePath] successfully performed. With the following test data [Relative Folder Path: "target/downloadedFiles/"]. @15-02-2021 01:43:43.0908 AM
[ReportManager] Attempting to run remotely on: [Linux-64], [GoogleChrome], [http://localhost:4444/wd/hub], Headless Execution. @15-02-2021 01:43:43.0908 AM
[ReportManager] Successfully Opened [GoogleChrome]. @15-02-2021 01:43:44.0129 AM
[ReportManager] Target URL: [https://www.google.com/ncr], and after redirection: [www.google.com] @15-02-2021 01:43:44.0143 AM
[ReportManager] Initial URL: [data:,] @15-02-2021 01:43:44.0182 AM
[ReportManager] Browser Action [navigateToURL] successfully performed. With the following test data [https://www.google.com/ncr]. @15-02-2021 01:43:45.0033 A

################################################################################################################################################
Starting Execution:	[101 out of 134] test cases in the current suite
Test Method:		[unitTests.tests_validations_assertions.assertElementAttribute_false_literalComparison_expectedToPass]
################################################################################################################################################
[ReportManager] Element Action [type] successfully performed. With the following test data [Automation!@#$%^&*()_+{}[]\';/.,]. @15-02-2021 01:43:46.0235 AM
[ReportManager] Element Action [getText] successfully performed. With the following test data [Automation!@#$%^&*()_+{}[]\';/.,]. @15-02-2021 01:43:46.0348 AM
[ReportManager] Loaded Shared OpenCV @15-02-2021 01:43:46.0540 AM
[ReportManager] AssertElementAttribute PASSED; Expected [Value Should not be 'Automation' for the 'text' attribute, element locator 'By.name: q'] and Actual [Automation!@#$%^&*()_+{}[]\';/.,]. Comparison Type [EQUALS]. Validation Type [NEGATIVE]. @15-02-2021 01:43:46.0630 AM
[ReportManager] Successfully created attachment [Screenshot - 1613353426540_assertElementAttribute_false_literalComparison_expectedToPass_AssertElementAttribute_passed] @15-02-2021 01:43:46.0632 A
[ReportManager] Successfully created attachment [Selenium WebDriver Logs - server] @15-02-2021 01:43:46.0712 AM
[ReportManager] Successfully created attachment [Selenium WebDriver Logs - performance] @15-02-2021 01:43:46.0856 AM
[ReportManager] Successfully created attachment [Selenium WebDriver Logs - driver] @15-02-2021 01:43:47.0028 AM
[ReportManager] Browser Action [closeCurrentWindow] successfully performed. @15-02-2021 01:43:47.0086 AM
[ReportManager] Successfully created attachment [Browser Action Test Data - closeCurrentWindow - Actual Value] @15-02-2021 01:43:47.0087 A
[ReportManager] File Action [getAbsolutePath] successfully performed. With the following test data [Relative Folder Path: "target/downloadedFiles/"]. @15-02-2021 01:43:47.0089 AM
[ReportManager] Attempting to run remotely on: [Linux-64], [GoogleChrome], [http://localhost:4444/wd/hub], Headless Execution. @15-02-2021 01:43:47.0090 AM
[ReportManager] Successfully Opened [GoogleChrome]. @15-02-2021 01:43:47.0298 AM
[ReportManager] Target URL: [https://www.google.com/ncr], and after redirection: [www.google.com] @15-02-2021 01:43:47.0310 AM
[ReportManager] Initial URL: [data:,] @15-02-2021 01:43:47.0359 AM
[ReportManager] Browser Action [navigateToURL] successfully performed. With the following test data [https://www.google.com/ncr]. @15-02-2021 01:43:48.0209 A

################################################################################################################################################
Starting Execution:	[102 out of 134] test cases in the current suite
Test Method:		[unitTests.tests_validations_assertions.assertElementAttribute_false_regexComparison_expectedToFail]
################################################################################################################################################
[ReportManager] Element Action [type] successfully performed. With the following test data [Automation123]. @15-02-2021 01:43:48.0779 AM
[ReportManager] Element Action [getText] successfully performed. With the following test data [Automation123]. @15-02-2021 01:43:48.0893 AM
[ReportManager] Loaded Shared OpenCV @15-02-2021 01:43:49.0074 AM
[ReportManager] AssertElementAttribute FAILED; Expected [Value Should not be 'Automation.*' for the 'text' attribute, element locator 'By.name: q'] and Actual [Automation123]. Comparison Type [MATCHES]. Validation Type [NEGATIVE]. @15-02-2021 01:43:49.0166 AM
[ReportManager] Successfully created attachment [Screenshot - 1613353429074_assertElementAttribute_false_regexComparison_expectedToFail_AssertElementAttribute_failed] @15-02-2021 01:43:49.0167 A
[ReportManager] Successfully created attachment [Selenium WebDriver Logs - server] @15-02-2021 01:43:49.0243 AM
[ReportManager] Successfully created attachment [Selenium WebDriver Logs - performance] @15-02-2021 01:43:49.0322 AM
[ReportManager] Successfully created attachment [Selenium WebDriver Logs - driver] @15-02-2021 01:43:49.0441 AM
[ReportManager] Browser Action [closeCurrentWindow] successfully performed. @15-02-2021 01:43:49.0498 AM
[ReportManager] Successfully created attachment [Browser Action Test Data - closeCurrentWindow - Actual Value] @15-02-2021 01:43:49.0499 A
[ReportManager] File Action [getAbsolutePath] successfully performed. With the following test data [Relative Folder Path: "target/downloadedFiles/"]. @15-02-2021 01:43:49.0502 AM
[ReportManager] Attempting to run remotely on: [Linux-64], [GoogleChrome], [http://localhost:4444/wd/hub], Headless Execution. @15-02-2021 01:43:49.0502 AM
[ReportManager] Successfully Opened [GoogleChrome]. @15-02-2021 01:43:49.0722 AM
[ReportManager] Target URL: [https://www.google.com/ncr], and after redirection: [www.google.com] @15-02-2021 01:43:49.0732 AM
[ReportManager] Initial URL: [data:,] @15-02-2021 01:43:49.0776 AM
[ReportManager] Browser Action [navigateToURL] successfully performed. With the following test data [https://www.google.com/ncr]. @15-02-2021 01:43:50.0621 A

################################################################################################################################################
Starting Execution:	[103 out of 134] test cases in the current suite
Test Method:		[unitTests.tests_validations_assertions.assertElementAttribute_false_regexComparison_expectedToPass]
################################################################################################################################################
[ReportManager] Element Action [type] successfully performed. With the following test data [Automation123]. @15-02-2021 01:43:51.0182 AM
[ReportManager] Element Action [getText] successfully performed. With the following test data [Automation123]. @15-02-2021 01:43:51.0295 AM
[ReportManager] Loaded Shared OpenCV @15-02-2021 01:43:51.0486 AM
[ReportManager] AssertElementAttribute PASSED; Expected [Value Should not be 'Automation' for the 'text' attribute, element locator 'By.name: q'] and Actual [Automation123]. Comparison Type [MATCHES]. Validation Type [NEGATIVE]. @15-02-2021 01:43:51.0575 AM
[ReportManager] Successfully created attachment [Screenshot - 1613353431486_assertElementAttribute_false_regexComparison_expectedToPass_AssertElementAttribute_passed] @15-02-2021 01:43:51.0576 A
[ReportManager] Successfully created attachment [Selenium WebDriver Logs - server] @15-02-2021 01:43:51.0651 AM
[ReportManager] Successfully created attachment [Selenium WebDriver Logs - performance] @15-02-2021 01:43:51.0736 AM
[ReportManager] Successfully created attachment [Selenium WebDriver Logs - driver] @15-02-2021 01:43:51.0870 AM
[ReportManager] Browser Action [closeCurrentWindow] successfully performed. @15-02-2021 01:43:51.0926 AM
[ReportManager] Successfully created attachment [Browser Action Test Data - closeCurrentWindow - Actual Value] @15-02-2021 01:43:51.0927 A
[ReportManager] File Action [getAbsolutePath] successfully performed. With the following test data [Relative Folder Path: "target/downloadedFiles/"]. @15-02-2021 01:43:51.0931 AM
[ReportManager] Attempting to run remotely on: [Linux-64], [GoogleChrome], [http://localhost:4444/wd/hub], Headless Execution. @15-02-2021 01:43:51.0932 AM
[ReportManager] Successfully Opened [GoogleChrome]. @15-02-2021 01:43:52.0131 AM
[ReportManager] Target URL: [https://www.google.com/ncr], and after redirection: [www.google.com] @15-02-2021 01:43:52.0141 AM
[ReportManager] Initial URL: [data:,] @15-02-2021 01:43:52.0180 AM
[ReportManager] Browser Action [navigateToURL] successfully performed. With the following test data [https://www.google.com/ncr]. @15-02-2021 01:43:53.0037 A

################################################################################################################################################
Starting Execution:	[104 out of 134] test cases in the current suite
Test Method:		[unitTests.tests_validations_assertions.assertElementAttribute_true_caseInsensitiveComparison_expectedToFail]
################################################################################################################################################
[ReportManager] Element Action [type] successfully performed. With the following test data [AUTOMATION]. @15-02-2021 01:43:53.0586 AM
[ReportManager] Element Action [getText] successfully performed. With the following test data [AUTOMATION]. @15-02-2021 01:43:53.0698 AM
[ReportManager] Loaded Shared OpenCV @15-02-2021 01:43:53.0888 AM
[ReportManager] AssertElementAttribute FAILED; Expected [Value Should be 'AutomaTion123' for the 'text' attribute, element locator 'By.name: q'] and Actual [AUTOMATION]. Comparison Type [CASE_INSENSITIVE]. Validation Type [POSITIVE]. @15-02-2021 01:43:53.0985 AM
[ReportManager] Successfully created attachment [Screenshot - 1613353433888_assertElementAttribute_true_caseInsensitiveComparison_expectedToFail_AssertElementAttribute_failed] @15-02-2021 01:43:53.0986 A
[ReportManager] Successfully created attachment [Selenium WebDriver Logs - server] @15-02-2021 01:43:54.0059 AM
[ReportManager] Successfully created attachment [Selenium WebDriver Logs - performance] @15-02-2021 01:43:54.0131 AM
[ReportManager] Successfully created attachment [Selenium WebDriver Logs - driver] @15-02-2021 01:43:54.0246 AM
[ReportManager] Browser Action [closeCurrentWindow] successfully performed. @15-02-2021 01:43:54.0265 AM
[ReportManager] Successfully created attachment [Browser Action Test Data - closeCurrentWindow - Actual Value] @15-02-2021 01:43:54.0266 A
[ReportManager] File Action [getAbsolutePath] successfully performed. With the following test data [Relative Folder Path: "target/downloadedFiles/"]. @15-02-2021 01:43:54.0269 AM
[ReportManager] Attempting to run remotely on: [Linux-64], [GoogleChrome], [http://localhost:4444/wd/hub], Headless Execution. @15-02-2021 01:43:54.0270 AM
[ReportManager] Successfully Opened [GoogleChrome]. @15-02-2021 01:43:54.0473 AM
[ReportManager] Target URL: [https://www.google.com/ncr], and after redirection: [www.google.com] @15-02-2021 01:43:54.0492 AM
[ReportManager] Initial URL: [data:,] @15-02-2021 01:43:54.0530 AM
[ReportManager] Browser Action [navigateToURL] successfully performed. With the following test data [https://www.google.com/ncr]. @15-02-2021 01:43:55.0349 A

################################################################################################################################################
Starting Execution:	[105 out of 134] test cases in the current suite
Test Method:		[unitTests.tests_validations_assertions.assertElementAttribute_true_caseInsensitiveComparison_expectedToPass]
################################################################################################################################################
[ReportManager] Element Action [type] successfully performed. With the following test data [AUTOMATION]. @15-02-2021 01:43:55.0883 AM
[ReportManager] Element Action [getText] successfully performed. With the following test data [AUTOMATION]. @15-02-2021 01:43:55.0991 AM
[ReportManager] Loaded Shared OpenCV @15-02-2021 01:43:56.0200 AM
[ReportManager] AssertElementAttribute PASSED; Expected [Value Should be 'AutomaTion' for the 'text' attribute, element locator 'By.name: q'] and Actual [AUTOMATION]. Comparison Type [CASE_INSENSITIVE]. Validation Type [POSITIVE]. @15-02-2021 01:43:56.0288 AM
[ReportManager] Successfully created attachment [Screenshot - 1613353436200_assertElementAttribute_true_caseInsensitiveComparison_expectedToPass_AssertElementAttribute_passed] @15-02-2021 01:43:56.0290 A
[ReportManager] Successfully created attachment [Selenium WebDriver Logs - server] @15-02-2021 01:43:56.0362 AM
[ReportManager] Successfully created attachment [Selenium WebDriver Logs - performance] @15-02-2021 01:43:56.0447 AM
[ReportManager] Successfully created attachment [Selenium WebDriver Logs - driver] @15-02-2021 01:43:56.0565 AM
[ReportManager] Browser Action [closeCurrentWindow] successfully performed. @15-02-2021 01:43:56.0626 AM
[ReportManager] Successfully created attachment [Browser Action Test Data - closeCurrentWindow - Actual Value] @15-02-2021 01:43:56.0628 A
[ReportManager] File Action [getAbsolutePath] successfully performed. With the following test data [Relative Folder Path: "target/downloadedFiles/"]. @15-02-2021 01:43:56.0632 AM
[ReportManager] Attempting to run remotely on: [Linux-64], [GoogleChrome], [http://localhost:4444/wd/hub], Headless Execution. @15-02-2021 01:43:56.0632 AM
[ReportManager] Successfully Opened [GoogleChrome]. @15-02-2021 01:43:56.0853 AM
[ReportManager] Target URL: [https://www.google.com/ncr], and after redirection: [www.google.com] @15-02-2021 01:43:56.0865 AM
[ReportManager] Initial URL: [data:,] @15-02-2021 01:43:56.0903 AM
[ReportManager] Browser Action [navigateToURL] successfully performed. With the following test data [https://www.google.com/ncr]. @15-02-2021 01:43:57.0751 A

################################################################################################################################################
Starting Execution:	[106 out of 134] test cases in the current suite
Test Method:		[unitTests.tests_validations_assertions.assertElementAttribute_true_containsComparison_expectedToFail]
################################################################################################################################################
[ReportManager] Element Action [type] successfully performed. With the following test data [Automation123]. @15-02-2021 01:43:58.0354 AM
[ReportManager] Element Action [getText] successfully performed. With the following test data [Automation123]. @15-02-2021 01:43:58.0470 AM
[ReportManager] Loaded Shared OpenCV @15-02-2021 01:43:58.0638 AM
[ReportManager] AssertElementAttribute FAILED; Expected [Value Should be 'Automation1234' for the 'text' attribute, element locator 'By.name: q'] and Actual [Automation123]. Comparison Type [CONTAINS]. Validation Type [POSITIVE]. @15-02-2021 01:43:58.0724 AM
[ReportManager] Successfully created attachment [Screenshot - 1613353438638_assertElementAttribute_true_containsComparison_expectedToFail_AssertElementAttribute_failed] @15-02-2021 01:43:58.0726 A
[ReportManager] Successfully created attachment [Selenium WebDriver Logs - server] @15-02-2021 01:43:58.0812 AM
[ReportManager] Successfully created attachment [Selenium WebDriver Logs - performance] @15-02-2021 01:43:58.0894 AM
[ReportManager] Successfully created attachment [Selenium WebDriver Logs - driver] @15-02-2021 01:43:59.0024 AM
[ReportManager] Browser Action [closeCurrentWindow] successfully performed. @15-02-2021 01:43:59.0081 AM
[ReportManager] Successfully created attachment [Browser Action Test Data - closeCurrentWindow - Actual Value] @15-02-2021 01:43:59.0082 A
[ReportManager] File Action [getAbsolutePath] successfully performed. With the following test data [Relative Folder Path: "target/downloadedFiles/"]. @15-02-2021 01:43:59.0085 AM
[ReportManager] Attempting to run remotely on: [Linux-64], [GoogleChrome], [http://localhost:4444/wd/hub], Headless Execution. @15-02-2021 01:43:59.0085 AM
[ReportManager] Successfully Opened [GoogleChrome]. @15-02-2021 01:43:59.0286 AM
[ReportManager] Target URL: [https://www.google.com/ncr], and after redirection: [www.google.com] @15-02-2021 01:43:59.0303 AM
[ReportManager] Initial URL: [data:,] @15-02-2021 01:43:59.0350 AM
[ReportManager] Browser Action [navigateToURL] successfully performed. With the following test data [https://www.google.com/ncr]. @15-02-2021 01:44:00.0181 A

################################################################################################################################################
Starting Execution:	[107 out of 134] test cases in the current suite
Test Method:		[unitTests.tests_validations_assertions.assertElementAttribute_true_containsComparison_expectedToPass]
################################################################################################################################################
[ReportManager] Element Action [type] successfully performed. With the following test data [Automation123]. @15-02-2021 01:44:00.0738 AM
[ReportManager] Element Action [getText] successfully performed. With the following test data [Automation123]. @15-02-2021 01:44:00.0850 AM
[ReportManager] Loaded Shared OpenCV @15-02-2021 01:44:01.0027 AM
[ReportManager] AssertElementAttribute PASSED; Expected [Value Should be 'Automation' for the 'text' attribute, element locator 'By.name: q'] and Actual [Automation123]. Comparison Type [CONTAINS]. Validation Type [POSITIVE]. @15-02-2021 01:44:01.0113 AM
[ReportManager] Successfully created attachment [Screenshot - 1613353441027_assertElementAttribute_true_containsComparison_expectedToPass_AssertElementAttribute_passed] @15-02-2021 01:44:01.0114 A
[ReportManager] Successfully created attachment [Selenium WebDriver Logs - server] @15-02-2021 01:44:01.0189 AM
[ReportManager] Successfully created attachment [Selenium WebDriver Logs - performance] @15-02-2021 01:44:01.0270 AM
[ReportManager] Successfully created attachment [Selenium WebDriver Logs - driver] @15-02-2021 01:44:01.0399 AM
[ReportManager] Browser Action [closeCurrentWindow] successfully performed. @15-02-2021 01:44:01.0455 AM
[ReportManager] Successfully created attachment [Browser Action Test Data - closeCurrentWindow - Actual Value] @15-02-2021 01:44:01.0456 A
[ReportManager] File Action [getAbsolutePath] successfully performed. With the following test data [Relative Folder Path: "target/downloadedFiles/"]. @15-02-2021 01:44:01.0459 AM
[ReportManager] Attempting to run remotely on: [Linux-64], [GoogleChrome], [http://localhost:4444/wd/hub], Headless Execution. @15-02-2021 01:44:01.0460 AM
[ReportManager] Successfully Opened [GoogleChrome]. @15-02-2021 01:44:01.0683 AM
[ReportManager] Target URL: [https://www.google.com/ncr], and after redirection: [www.google.com] @15-02-2021 01:44:01.0697 AM
[ReportManager] Initial URL: [data:,] @15-02-2021 01:44:01.0736 AM
[ReportManager] Browser Action [navigateToURL] successfully performed. With the following test data [https://www.google.com/ncr]. @15-02-2021 01:44:02.0553 A

################################################################################################################################################
Starting Execution:	[108 out of 134] test cases in the current suite
Test Method:		[unitTests.tests_validations_assertions.assertElementAttribute_true_literalComparison_expectedToFail]
################################################################################################################################################
[ReportManager] Element Action [type] successfully performed. With the following test data [Automation!@#$%^&*()_+{}[]\';/.,]. @15-02-2021 01:44:03.0737 AM
[ReportManager] Element Action [getText] successfully performed. With the following test data [Automation!@#$%^&*()_+{}[]\';/.,]. @15-02-2021 01:44:03.0865 AM
[ReportManager] Loaded Shared OpenCV @15-02-2021 01:44:04.0067 AM
[ReportManager] AssertElementAttribute FAILED; Expected [Value Should be 'Automation' for the 'text' attribute, element locator 'By.name: q'] and Actual [Automation!@#$%^&*()_+{}[]\';/.,]. Comparison Type [EQUALS]. Validation Type [POSITIVE]. @15-02-2021 01:44:04.0158 AM
[ReportManager] Successfully created attachment [Screenshot - 1613353444067_assertElementAttribute_true_literalComparison_expectedToFail_AssertElementAttribute_failed] @15-02-2021 01:44:04.0159 A
[ReportManager] Successfully created attachment [Selenium WebDriver Logs - server] @15-02-2021 01:44:04.0255 AM
[ReportManager] Successfully created attachment [Selenium WebDriver Logs - performance] @15-02-2021 01:44:04.0418 AM
[ReportManager] Successfully created attachment [Selenium WebDriver Logs - driver] @15-02-2021 01:44:04.0597 AM
[ReportManager] Browser Action [closeCurrentWindow] successfully performed. @15-02-2021 01:44:04.0653 AM
[ReportManager] Successfully created attachment [Browser Action Test Data - closeCurrentWindow - Actual Value] @15-02-2021 01:44:04.0653 A
[ReportManager] File Action [getAbsolutePath] successfully performed. With the following test data [Relative Folder Path: "target/downloadedFiles/"]. @15-02-2021 01:44:04.0656 AM
[ReportManager] Attempting to run remotely on: [Linux-64], [GoogleChrome], [http://localhost:4444/wd/hub], Headless Execution. @15-02-2021 01:44:04.0656 AM
[ReportManager] Successfully Opened [GoogleChrome]. @15-02-2021 01:44:04.0871 AM
[ReportManager] Target URL: [https://www.google.com/ncr], and after redirection: [www.google.com] @15-02-2021 01:44:04.0885 AM
[ReportManager] Initial URL: [data:,] @15-02-2021 01:44:04.0937 AM
[ReportManager] Browser Action [navigateToURL] successfully performed. With the following test data [https://www.google.com/ncr]. @15-02-2021 01:44:05.0776 A

################################################################################################################################################
Starting Execution:	[109 out of 134] test cases in the current suite
Test Method:		[unitTests.tests_validations_assertions.assertElementAttribute_true_literalComparison_expectedToPass]
################################################################################################################################################
[ReportManager] Element Action [type] successfully performed. With the following test data [Automation!@#$%^&*()_+{}[]\';/.,]. @15-02-2021 01:44:06.0996 AM
[ReportManager] Element Action [getText] successfully performed. With the following test data [Automation!@#$%^&*()_+{}[]\';/.,]. @15-02-2021 01:44:07.0133 AM
[ReportManager] Loaded Shared OpenCV @15-02-2021 01:44:07.0311 AM
[ReportManager] AssertElementAttribute PASSED; Expected [Value Should be 'Automation!@#$%^&*()_+{}[]\';/.,' for the 'text' attribute, element locator 'By.name: q'] and Actual [Automation!@#$%^&*()_+{}[]\';/.,]. Comparison Type [EQUALS]. Validation Type [POSITIVE]. @15-02-2021 01:44:07.0403 AM
[ReportManager] Successfully created attachment [Screenshot - 1613353447311_assertElementAttribute_true_literalComparison_expectedToPass_AssertElementAttribute_passed] @15-02-2021 01:44:07.0404 A
[ReportManager] Successfully created attachment [Selenium WebDriver Logs - server] @15-02-2021 01:44:07.0488 AM
[ReportManager] Successfully created attachment [Selenium WebDriver Logs - performance] @15-02-2021 01:44:07.0634 AM
[ReportManager] Successfully created attachment [Selenium WebDriver Logs - driver] @15-02-2021 01:44:07.0803 AM
[ReportManager] Browser Action [closeCurrentWindow] successfully performed. @15-02-2021 01:44:07.0860 AM
[ReportManager] Successfully created attachment [Browser Action Test Data - closeCurrentWindow - Actual Value] @15-02-2021 01:44:07.0861 A
[ReportManager] File Action [getAbsolutePath] successfully performed. With the following test data [Relative Folder Path: "target/downloadedFiles/"]. @15-02-2021 01:44:07.0863 AM
[ReportManager] Attempting to run remotely on: [Linux-64], [GoogleChrome], [http://localhost:4444/wd/hub], Headless Execution. @15-02-2021 01:44:07.0863 AM
[ReportManager] Successfully Opened [GoogleChrome]. @15-02-2021 01:44:08.0072 AM
[ReportManager] Target URL: [https://www.google.com/ncr], and after redirection: [www.google.com] @15-02-2021 01:44:08.0082 AM
[ReportManager] Initial URL: [data:,] @15-02-2021 01:44:08.0123 AM
[ReportManager] Browser Action [navigateToURL] successfully performed. With the following test data [https://www.google.com/ncr]. @15-02-2021 01:44:08.0945 A

################################################################################################################################################
Starting Execution:	[110 out of 134] test cases in the current suite
Test Method:		[unitTests.tests_validations_assertions.assertElementAttribute_true_regexComparison_expectedToFail]
################################################################################################################################################
[ReportManager] Element Action [type] successfully performed. With the following test data [Automation123]. @15-02-2021 01:44:09.0499 AM
[ReportManager] Element Action [getText] successfully performed. With the following test data [Automation123]. @15-02-2021 01:44:09.0617 AM
[ReportManager] Loaded Shared OpenCV @15-02-2021 01:44:09.0792 AM
[ReportManager] AssertElementAttribute FAILED; Expected [Value Should be 'Automation' for the 'text' attribute, element locator 'By.name: q'] and Actual [Automation123]. Comparison Type [MATCHES]. Validation Type [POSITIVE]. @15-02-2021 01:44:09.0879 AM
[ReportManager] Successfully created attachment [Screenshot - 1613353449792_assertElementAttribute_true_regexComparison_expectedToFail_AssertElementAttribute_failed] @15-02-2021 01:44:09.0880 A
[ReportManager] Successfully created attachment [Selenium WebDriver Logs - server] @15-02-2021 01:44:09.0970 AM
[ReportManager] Successfully created attachment [Selenium WebDriver Logs - performance] @15-02-2021 01:44:10.0050 AM
[ReportManager] Successfully created attachment [Selenium WebDriver Logs - driver] @15-02-2021 01:44:10.0183 AM
[ReportManager] Browser Action [closeCurrentWindow] successfully performed. @15-02-2021 01:44:10.0239 AM
[ReportManager] Successfully created attachment [Browser Action Test Data - closeCurrentWindow - Actual Value] @15-02-2021 01:44:10.0242 A
[ReportManager] File Action [getAbsolutePath] successfully performed. With the following test data [Relative Folder Path: "target/downloadedFiles/"]. @15-02-2021 01:44:10.0248 AM
[ReportManager] Attempting to run remotely on: [Linux-64], [GoogleChrome], [http://localhost:4444/wd/hub], Headless Execution. @15-02-2021 01:44:10.0248 AM
[ReportManager] Successfully Opened [GoogleChrome]. @15-02-2021 01:44:10.0461 AM
[ReportManager] Target URL: [https://www.google.com/ncr], and after redirection: [www.google.com] @15-02-2021 01:44:10.0476 AM
[ReportManager] Initial URL: [data:,] @15-02-2021 01:44:10.0516 AM
[ReportManager] Browser Action [navigateToURL] successfully performed. With the following test data [https://www.google.com/ncr]. @15-02-2021 01:44:11.0338 A

################################################################################################################################################
Starting Execution:	[111 out of 134] test cases in the current suite
Test Method:		[unitTests.tests_validations_assertions.assertElementAttribute_true_regexComparison_expectedToPass]
################################################################################################################################################
[ReportManager] Element Action [type] successfully performed. With the following test data [Automation123]. @15-02-2021 01:44:12.0049 AM
[ReportManager] Element Action [getText] successfully performed. With the following test data [Automation123]. @15-02-2021 01:44:12.0175 AM
[ReportManager] Loaded Shared OpenCV @15-02-2021 01:44:12.0337 AM
[ReportManager] AssertElementAttribute PASSED; Expected [Value Should be 'Automation.*' for the 'text' attribute, element locator 'By.name: q'] and Actual [Automation123]. Comparison Type [MATCHES]. Validation Type [POSITIVE]. @15-02-2021 01:44:12.0431 AM
[ReportManager] Successfully created attachment [Screenshot - 1613353452337_assertElementAttribute_true_regexComparison_expectedToPass_AssertElementAttribute_passed] @15-02-2021 01:44:12.0432 A
[ReportManager] Successfully created attachment [Selenium WebDriver Logs - server] @15-02-2021 01:44:12.0519 AM
[ReportManager] Successfully created attachment [Selenium WebDriver Logs - performance] @15-02-2021 01:44:12.0612 AM
[ReportManager] Successfully created attachment [Selenium WebDriver Logs - driver] @15-02-2021 01:44:12.0736 AM
[ReportManager] Browser Action [closeCurrentWindow] successfully performed. @15-02-2021 01:44:12.0754 AM
[ReportManager] Successfully created attachment [Browser Action Test Data - closeCurrentWindow - Actual Value] @15-02-2021 01:44:12.0755 A
[ReportManager] File Action [getAbsolutePath] successfully performed. With the following test data [Relative Folder Path: "target/downloadedFiles/"]. @15-02-2021 01:44:12.0758 AM
[ReportManager] Attempting to run remotely on: [Linux-64], [GoogleChrome], [http://localhost:4444/wd/hub], Headless Execution. @15-02-2021 01:44:12.0758 AM
[ReportManager] Successfully Opened [GoogleChrome]. @15-02-2021 01:44:12.0966 AM
[ReportManager] Target URL: [https://www.google.com/ncr], and after redirection: [www.google.com] @15-02-2021 01:44:12.0975 AM
[ReportManager] Initial URL: [data:,] @15-02-2021 01:44:13.0016 AM
[ReportManager] Browser Action [navigateToURL] successfully performed. With the following test data [https://www.google.com/ncr]. @15-02-2021 01:44:13.0843 A

################################################################################################################################################
Starting Execution:	[112 out of 134] test cases in the current suite
Test Method:		[unitTests.tests_validations_assertions.assertElementExists_false_expectedToFail]
################################################################################################################################################
[ReportManager] Loaded Shared OpenCV @15-02-2021 01:44:14.0061 AM
[ReportManager] AssertElementExists FAILED; Expected [Element Should not Exist, locator 'By.id: hplogo'] and Actual [Element Exists]. Comparison Type [EQUALS]. Validation Type [NEGATIVE]. @15-02-2021 01:44:14.0147 AM
[ReportManager] Successfully created attachment [Screenshot - 1613353454061_assertElementExists_false_expectedToFail_AssertElementExists_failed] @15-02-2021 01:44:14.0149 A
[ReportManager] Successfully created attachment [Selenium WebDriver Logs - server] @15-02-2021 01:44:14.0223 AM
[ReportManager] Successfully created attachment [Selenium WebDriver Logs - performance] @15-02-2021 01:44:14.0256 AM
[ReportManager] Successfully created attachment [Selenium WebDriver Logs - driver] @15-02-2021 01:44:14.0328 AM
[ReportManager] Browser Action [closeCurrentWindow] successfully performed. @15-02-2021 01:44:14.0385 AM
[ReportManager] Successfully created attachment [Browser Action Test Data - closeCurrentWindow - Actual Value] @15-02-2021 01:44:14.0386 A
[ReportManager] File Action [getAbsolutePath] successfully performed. With the following test data [Relative Folder Path: "target/downloadedFiles/"]. @15-02-2021 01:44:14.0392 AM
[ReportManager] Attempting to run remotely on: [Linux-64], [GoogleChrome], [http://localhost:4444/wd/hub], Headless Execution. @15-02-2021 01:44:14.0393 AM
[ReportManager] Successfully Opened [GoogleChrome]. @15-02-2021 01:44:14.0588 AM
[ReportManager] Target URL: [https://www.google.com/ncr], and after redirection: [www.google.com] @15-02-2021 01:44:14.0598 AM
[ReportManager] Initial URL: [data:,] @15-02-2021 01:44:14.0641 AM
[ReportManager] Browser Action [navigateToURL] successfully performed. With the following test data [https://www.google.com/ncr]. @15-02-2021 01:44:15.0512 A

################################################################################################################################################
Starting Execution:	[113 out of 134] test cases in the current suite
Test Method:		[unitTests.tests_validations_assertions.assertElementExists_false_expectedToPass]
################################################################################################################################################
[ReportManager] AssertElementExists PASSED; Expected [Element Should not Exist, locator 'By.id: fakeElement'] and Actual [Element Doesn't Exists]. Comparison Type [EQUALS]. Validation Type [NEGATIVE]. @15-02-2021 01:44:15.0783 AM
[ReportManager] Successfully created attachment [Screenshot - 1613353455708_assertElementExists_false_expectedToPass_AssertElementExists_passed] @15-02-2021 01:44:15.0784 A
[ReportManager] Successfully created attachment [Selenium WebDriver Logs - server] @15-02-2021 01:44:15.0868 AM
[ReportManager] Successfully created attachment [Selenium WebDriver Logs - performance] @15-02-2021 01:44:15.0901 AM
[ReportManager] Successfully created attachment [Selenium WebDriver Logs - driver] @15-02-2021 01:44:15.0971 AM
[ReportManager] Browser Action [closeCurrentWindow] successfully performed. @15-02-2021 01:44:16.0032 AM
[ReportManager] Successfully created attachment [Browser Action Test Data - closeCurrentWindow - Actual Value] @15-02-2021 01:44:16.0033 A
[ReportManager] File Action [getAbsolutePath] successfully performed. With the following test data [Relative Folder Path: "target/downloadedFiles/"]. @15-02-2021 01:44:16.0035 AM
[ReportManager] Attempting to run remotely on: [Linux-64], [GoogleChrome], [http://localhost:4444/wd/hub], Headless Execution. @15-02-2021 01:44:16.0036 AM
[ReportManager] Successfully Opened [GoogleChrome]. @15-02-2021 01:44:16.0230 AM
[ReportManager] Target URL: [https://www.google.com/ncr], and after redirection: [www.google.com] @15-02-2021 01:44:16.0239 AM
[ReportManager] Initial URL: [data:,] @15-02-2021 01:44:16.0281 AM
[ReportManager] Browser Action [navigateToURL] successfully performed. With the following test data [https://www.google.com/ncr]. @15-02-2021 01:44:17.0121 A

################################################################################################################################################
Starting Execution:	[114 out of 134] test cases in the current suite
Test Method:		[unitTests.tests_validations_assertions.assertElementExists_false_multipleElementsFound_expectedToFail]
################################################################################################################################################
[ReportManager] AssertElementExists FAILED; Expected [Element Should not Exist, locator 'By.xpath: //div'] and Actual [Element Exists but is not unique]. Comparison Type [EQUALS]. Validation Type [NEGATIVE]. @15-02-2021 01:44:17.0401 AM
[ReportManager] Successfully created attachment [Screenshot - 1613353457328_assertElementExists_false_multipleElementsFound_expectedToFail_AssertElementExists_failed] @15-02-2021 01:44:17.0402 A
[ReportManager] Successfully created attachment [Selenium WebDriver Logs - server] @15-02-2021 01:44:17.0474 AM
[ReportManager] Successfully created attachment [Selenium WebDriver Logs - performance] @15-02-2021 01:44:17.0505 AM
[ReportManager] Successfully created attachment [Selenium WebDriver Logs - driver] @15-02-2021 01:44:17.0582 AM
[ReportManager] Browser Action [closeCurrentWindow] successfully performed. @15-02-2021 01:44:17.0648 AM
[ReportManager] Successfully created attachment [Browser Action Test Data - closeCurrentWindow - Actual Value] @15-02-2021 01:44:17.0648 A
[ReportManager] File Action [getAbsolutePath] successfully performed. With the following test data [Relative Folder Path: "target/downloadedFiles/"]. @15-02-2021 01:44:17.0651 AM
[ReportManager] Attempting to run remotely on: [Linux-64], [GoogleChrome], [http://localhost:4444/wd/hub], Headless Execution. @15-02-2021 01:44:17.0651 AM
[ReportManager] Successfully Opened [GoogleChrome]. @15-02-2021 01:44:17.0845 AM
[ReportManager] Target URL: [https://www.google.com/ncr], and after redirection: [www.google.com] @15-02-2021 01:44:17.0855 AM
[ReportManager] Initial URL: [data:,] @15-02-2021 01:44:17.0897 AM
[ReportManager] Browser Action [navigateToURL] successfully performed. With the following test data [https://www.google.com/ncr]. @15-02-2021 01:44:18.0719 A

################################################################################################################################################
Starting Execution:	[115 out of 134] test cases in the current suite
Test Method:		[unitTests.tests_validations_assertions.assertElementExists_true_expectedToFail]
################################################################################################################################################
[ReportManager] AssertElementExists FAILED; Expected [Element Should Exist, locator 'By.id: fakeElement'] and Actual [Element Doesn't Exists]. Comparison Type [EQUALS]. Validation Type [POSITIVE]. @15-02-2021 01:44:18.0984 AM
[ReportManager] Successfully created attachment [Screenshot - 1613353458909_assertElementExists_true_expectedToFail_AssertElementExists_failed] @15-02-2021 01:44:18.0985 A
[ReportManager] Successfully created attachment [Selenium WebDriver Logs - server] @15-02-2021 01:44:19.0057 AM
[ReportManager] Successfully created attachment [Selenium WebDriver Logs - performance] @15-02-2021 01:44:19.0088 AM
[ReportManager] Successfully created attachment [Selenium WebDriver Logs - driver] @15-02-2021 01:44:19.0154 AM
[ReportManager] Browser Action [closeCurrentWindow] successfully performed. @15-02-2021 01:44:19.0209 AM
[ReportManager] Successfully created attachment [Browser Action Test Data - closeCurrentWindow - Actual Value] @15-02-2021 01:44:19.0210 A
[ReportManager] File Action [getAbsolutePath] successfully performed. With the following test data [Relative Folder Path: "target/downloadedFiles/"]. @15-02-2021 01:44:19.0212 AM
[ReportManager] Attempting to run remotely on: [Linux-64], [GoogleChrome], [http://localhost:4444/wd/hub], Headless Execution. @15-02-2021 01:44:19.0212 AM
[ReportManager] Successfully Opened [GoogleChrome]. @15-02-2021 01:44:19.0421 AM
[ReportManager] Target URL: [https://www.google.com/ncr], and after redirection: [www.google.com] @15-02-2021 01:44:19.0431 AM
[ReportManager] Initial URL: [data:,] @15-02-2021 01:44:19.0473 AM
[ReportManager] Browser Action [navigateToURL] successfully performed. With the following test data [https://www.google.com/ncr]. @15-02-2021 01:44:20.0346 A

################################################################################################################################################
Starting Execution:	[116 out of 134] test cases in the current suite
Test Method:		[unitTests.tests_validations_assertions.assertElementExists_true_expectedToPass]
################################################################################################################################################
[ReportManager] Loaded Shared OpenCV @15-02-2021 01:44:20.0578 AM
[ReportManager] AssertElementExists PASSED; Expected [Element Should Exist, locator 'By.id: hplogo'] and Actual [Element Exists]. Comparison Type [EQUALS]. Validation Type [POSITIVE]. @15-02-2021 01:44:20.0666 AM
[ReportManager] Successfully created attachment [Screenshot - 1613353460578_assertElementExists_true_expectedToPass_AssertElementExists_passed] @15-02-2021 01:44:20.0667 A
[ReportManager] Successfully created attachment [Selenium WebDriver Logs - server] @15-02-2021 01:44:20.0739 AM
[ReportManager] Successfully created attachment [Selenium WebDriver Logs - performance] @15-02-2021 01:44:20.0771 AM
[ReportManager] Successfully created attachment [Selenium WebDriver Logs - driver] @15-02-2021 01:44:20.0840 AM
[ReportManager] Browser Action [closeCurrentWindow] successfully performed. @15-02-2021 01:44:20.0896 AM
[ReportManager] Successfully created attachment [Browser Action Test Data - closeCurrentWindow - Actual Value] @15-02-2021 01:44:20.0897 A
[ReportManager] File Action [getAbsolutePath] successfully performed. With the following test data [Relative Folder Path: "target/downloadedFiles/"]. @15-02-2021 01:44:20.0899 AM
[ReportManager] Attempting to run remotely on: [Linux-64], [GoogleChrome], [http://localhost:4444/wd/hub], Headless Execution. @15-02-2021 01:44:20.0899 AM
[ReportManager] Successfully Opened [GoogleChrome]. @15-02-2021 01:44:21.0098 AM
[ReportManager] Target URL: [https://www.google.com/ncr], and after redirection: [www.google.com] @15-02-2021 01:44:21.0108 AM
[ReportManager] Initial URL: [data:,] @15-02-2021 01:44:21.0155 AM
[ReportManager] Browser Action [navigateToURL] successfully performed. With the following test data [https://www.google.com/ncr]. @15-02-2021 01:44:22.0000 A

################################################################################################################################################
Starting Execution:	[117 out of 134] test cases in the current suite
Test Method:		[unitTests.tests_validations_assertions.assertElementExists_true_multipleElementsFound_expectedToFail]
################################################################################################################################################
[ReportManager] AssertElementExists FAILED; Expected [Element Should Exist, locator 'By.xpath: //div'] and Actual [Element Exists but is not unique]. Comparison Type [EQUALS]. Validation Type [POSITIVE]. @15-02-2021 01:44:22.0294 AM
[ReportManager] Successfully created attachment [Screenshot - 1613353462212_assertElementExists_true_multipleElementsFound_expectedToFail_AssertElementExists_failed] @15-02-2021 01:44:22.0295 A
[ReportManager] Successfully created attachment [Selenium WebDriver Logs - server] @15-02-2021 01:44:22.0376 AM
[ReportManager] Successfully created attachment [Selenium WebDriver Logs - performance] @15-02-2021 01:44:22.0407 AM
[ReportManager] Successfully created attachment [Selenium WebDriver Logs - driver] @15-02-2021 01:44:22.0479 AM
[ReportManager] Browser Action [closeCurrentWindow] successfully performed. @15-02-2021 01:44:22.0535 AM
[ReportManager] Successfully created attachment [Browser Action Test Data - closeCurrentWindow - Actual Value] @15-02-2021 01:44:22.0536 A

################################################################################################################################################
Starting Execution:	[118 out of 134] test cases in the current suite
Test Method:		[unitTests.tests_validations_assertions.assertEquals_false_expectedToFail]
################################################################################################################################################
[ReportManager] AssertEquals FAILED; Expected [1] and Actual [1]. Comparison Type [EQUALS]. Validation Type [NEGATIVE]. @15-02-2021 01:44:22.0548 A

################################################################################################################################################
Starting Execution:	[119 out of 134] test cases in the current suite
Test Method:		[unitTests.tests_validations_assertions.assertEquals_false_expectedToPass]
################################################################################################################################################
[ReportManager] AssertEquals PASSED; Expected [1] and Actual [2]. Comparison Type [EQUALS]. Validation Type [NEGATIVE]. @15-02-2021 01:44:22.0551 A

################################################################################################################################################
Starting Execution:	[120 out of 134] test cases in the current suite
Test Method:		[unitTests.tests_validations_assertions.assertEquals_longCharacters]
################################################################################################################################################
[ReportManager] VerifyEquals PASSED; Expected and Actual values are attached. Comparison Type [EQUALS]. Validation Type [POSITIVE]. @15-02-2021 01:44:22.0555 AM
[ReportManager] Successfully created attachment [Validation Test Data - Expected Value] @15-02-2021 01:44:22.0555 AM
[ReportManager] Successfully created attachment [Validation Test Data - Actual Value] @15-02-2021 01:44:22.0555 AM
[ReportManager] AssertEquals PASSED; Expected and Actual values are attached. Comparison Type [EQUALS]. Validation Type [POSITIVE]. @15-02-2021 01:44:22.0555 AM
[ReportManager] Successfully created attachment [Validation Test Data - Expected Value] @15-02-2021 01:44:22.0556 AM
[ReportManager] Successfully created attachment [Validation Test Data - Actual Value] @15-02-2021 01:44:22.0556 A

################################################################################################################################################
Starting Execution:	[121 out of 134] test cases in the current suite
Test Method:		[unitTests.tests_validations_assertions.assertEquals_longCharacters_Discreet]
################################################################################################################################################
[ReportManager] AssertEquals PASSED; Expected [1LH5pROcDBjjQk0t0mCr0lXuzQu9lcGj28kY8R1H81X67eVAQJgWQhILiRWVPUgZ6uCtK5cnBkF55Jr9vYngjGO1Iyf0Mktv6lruDlL9T8MAUPcUZJGHZtji6nIeadujDSNmWMj5d6C8zlFqw0CRqBU0hO5adIasHgBSNoLotAjce3NGXoDwAlp3rYreeV16VIyZXROQY] and Actual [1LH5pROcDBjjQk0t0mCr0lXuzQu9lcGj28kY8R1H81X67eVAQJgWQhILiRWVPUgZ6uCtK5cnBkF55Jr9vYngjGO1Iyf0Mktv6lruDlL9T8MAUPcUZJGHZtji6nIeadujDSNmWMj5d6C8zlFqw0CRqBU0hO5adIasHgBSNoLotAjce3NGXoDwAlp3rYreeV16VIyZXROQY]. Comparison Type [EQUALS]. Validation Type [POSITIVE]. @15-02-2021 01:44:22.0558 A

################################################################################################################################################
Starting Execution:	[122 out of 134] test cases in the current suite
Test Method:		[unitTests.tests_validations_assertions.assertEquals_true_expectedToFail]
################################################################################################################################################
[ReportManager] AssertEquals FAILED; Expected [1] and Actual [2]. Comparison Type [EQUALS]. Validation Type [POSITIVE]. @15-02-2021 01:44:22.0561 A

################################################################################################################################################
Starting Execution:	[123 out of 134] test cases in the current suite
Test Method:		[unitTests.tests_validations_assertions.assertEquals_true_expectedToPass]
Test Description:	[Assert that assertEquals works as expected when the two values are equal.]
################################################################################################################################################
[ReportManager] VerifyEquals PASSED; Expected [1] and Actual [1]. Comparison Type [EQUALS]. Validation Type [POSITIVE]. @15-02-2021 01:44:22.0562 AM
[ReportManager] AssertEquals PASSED; Expected [1] and Actual [1]. Comparison Type [EQUALS]. Validation Type [POSITIVE]. @15-02-2021 01:44:22.0563 A

################################################################################################################################################
Starting Execution:	[124 out of 134] test cases in the current suite
Test Method:		[unitTests.tests_validations_assertions.assertEquals_true_expectedToPass__]
################################################################################################################################################
[ReportManager] AssertEquals PASSED; Expected [1] and Actual [1]. Comparison Type [EQUALS]. Validation Type [POSITIVE]. @15-02-2021 01:44:22.0566 A

################################################################################################################################################
Starting Execution:	[125 out of 134] test cases in the current suite
Test Method:		[unitTests.tests_validations_assertions.assertFileExists_false_expectedToFail]
################################################################################################################################################
[ReportManager] File Action [doesFileExist] successfully performed. With the following test data [File Path: "src/main/java/com/shaft/gui/element/ElementActions.java"]. @15-02-2021 01:44:22.0568 AM
[ReportManager] AssertFileExists FAILED; Expected [File 'src/main/java/com/shaft/gui/element/ElementActions.java' should not exist, after up to '1' retries] and Actual [File exists]. Validation Type [NEGATIVE]. @15-02-2021 01:44:22.0568 A

################################################################################################################################################
Starting Execution:	[126 out of 134] test cases in the current suite
Test Method:		[unitTests.tests_validations_assertions.assertFileExists_false_expectedToPass]
################################################################################################################################################
[ReportManager] File Action [doesFileExist] successfully performed. With the following test data [File Path: "src/main/java/com/shaft/gui/element/ElementActions.java_fail"]. @15-02-2021 01:44:23.0070 AM
[ReportManager] AssertFileExists PASSED; Expected [File 'src/main/java/com/shaft/gui/element/ElementActions.java_fail' should not exist, after up to '1' retries] and Actual [File does not exist]. Validation Type [NEGATIVE]. @15-02-2021 01:44:23.0070 A

################################################################################################################################################
Starting Execution:	[127 out of 134] test cases in the current suite
Test Method:		[unitTests.tests_validations_assertions.assertFileExists_true_expectedToFail]
################################################################################################################################################
[ReportManager] File Action [doesFileExist] successfully performed. With the following test data [File Path: "src/main/java/com/shaft/gui/element/ElementActions.java_fail"]. @15-02-2021 01:44:23.0573 AM
[ReportManager] AssertFileExists FAILED; Expected [File 'src/main/java/com/shaft/gui/element/ElementActions.java_fail' should exist, after up to '1' retries] and Actual [File does not exist]. Validation Type [POSITIVE]. @15-02-2021 01:44:23.0573 A

################################################################################################################################################
Starting Execution:	[128 out of 134] test cases in the current suite
Test Method:		[unitTests.tests_validations_assertions.assertFileExists_true_expectedToPass]
################################################################################################################################################
[ReportManager] File Action [doesFileExist] successfully performed. With the following test data [File Path: "src/main/java/com/shaft/gui/element/ElementActions.java"]. @15-02-2021 01:44:23.0578 AM
[ReportManager] AssertFileExists PASSED; Expected [File 'src/main/java/com/shaft/gui/element/ElementActions.java' should exist, after up to '1' retries] and Actual [File exists]. Validation Type [POSITIVE]. @15-02-2021 01:44:23.0578 A

################################################################################################################################################
Starting Execution:	[129 out of 134] test cases in the current suite
Test Method:		[unitTests.tests_validations_assertions.assertNull_false_expectedToFail]
################################################################################################################################################
[ReportManager] AssertNull FAILED; Expected [NULL] and Actual [NULL]. Comparison Type [EQUALS]. Validation Type [NEGATIVE]. @15-02-2021 01:44:23.0582 A

################################################################################################################################################
Starting Execution:	[130 out of 134] test cases in the current suite
Test Method:		[unitTests.tests_validations_assertions.assertNull_false_expectedToPass]
################################################################################################################################################
[ReportManager] AssertNull PASSED; Expected [NULL] and Actual [1]. Comparison Type [EQUALS]. Validation Type [NEGATIVE]. @15-02-2021 01:44:23.0585 A

################################################################################################################################################
Starting Execution:	[131 out of 134] test cases in the current suite
Test Method:		[unitTests.tests_validations_assertions.assertNull_true_expectedToFail]
################################################################################################################################################
[ReportManager] AssertNull FAILED; Expected [NULL] and Actual [1]. Comparison Type [EQUALS]. Validation Type [POSITIVE]. @15-02-2021 01:44:23.0589 A

################################################################################################################################################
Starting Execution:	[132 out of 134] test cases in the current suite
Test Method:		[unitTests.tests_validations_assertions.assertNull_true_expectedToPass]
################################################################################################################################################
[ReportManager] AssertNull PASSED; Expected [NULL] and Actual [NULL]. Comparison Type [EQUALS]. Validation Type [POSITIVE]. @15-02-2021 01:44:23.0592 A

################################################################################################################################################
Starting Execution:	[133 out of 134] test cases in the current suite
Test Method:		[unitTests.tests_restActions.getPostsAndAssertBodyForSpecificTitle]
################################################################################################################################################
[ReportManager] Response status code: [200], status line: [HTTP/1.1 200 OK] @15-02-2021 01:44:24.0865 AM
[ReportManager] Evaluating the actual response status code against the expected one...... @15-02-2021 01:44:24.0866 AM
[ReportManager] AssertEquals PASSED; Expected [200] and Actual [200]. Comparison Type [EQUALS]. Validation Type [POSITIVE]. @15-02-2021 01:44:24.0866 AM
[ReportManager] API Action [performRequest] successfully performed. With the following test data [Request Type: "GET" | Target Status Code: "200" | Service URL: "https://jsonplaceholder.typicode.com/posts" | Content Type: "*/*" | Response Time: "791ms"]. @15-02-2021 01:44:25.0004 AM
[ReportManager] Successfully created attachment [API Response - JSON Body] @15-02-2021 01:44:25.0005 AM
[ReportManager] API Action [getResponseJSONValueAsList] successfully performed. @15-02-2021 01:44:25.0030 AM
[ReportManager] API Action [getResponseJSONValue] successfully performed. With the following test data [title]. @15-02-2021 01:44:25.0043 AM
[ReportManager] API Action [getResponseJSONValue] successfully performed. With the following test data [title]. @15-02-2021 01:44:25.0054 AM
[ReportManager] API Action [getResponseJSONValue] successfully performed. With the following test data [body]. @15-02-2021 01:44:25.0064 AM
[ReportManager] AssertEquals PASSED; Expected [qui neque nisi nulla] and Actual [est rerum tempore vitae
sequi sint nihil reprehenderit dolor beatae ea dolores neque
fugiat blanditiis voluptate porro vel nihil molestiae ut reiciendis
qui aperiam non debitis possimus qui neque nisi nulla]. Comparison Type [CONTAINS]. Validation Type [POSITIVE]. @15-02-2021 01:44:25.0064 AM
[ReportManager] API Action [getResponseJSONValue] successfully performed. With the following test data [title]. @15-02-2021 01:44:25.0074 AM
[ReportManager] API Action [getResponseJSONValue] successfully performed. With the following test data [title]. @15-02-2021 01:44:25.0083 AM
[ReportManager] API Action [getResponseJSONValue] successfully performed. With the following test data [title]. @15-02-2021 01:44:25.0092 AM
[ReportManager] API Action [getResponseJSONValue] successfully performed. With the following test data [title]. @15-02-2021 01:44:25.0101 AM
[ReportManager] API Action [getResponseJSONValue] successfully performed. With the following test data [title]. @15-02-2021 01:44:25.0110 AM
[ReportManager] API Action [getResponseJSONValue] successfully performed. With the following test data [title]. @15-02-2021 01:44:25.0119 AM
[ReportManager] API Action [getResponseJSONValue] successfully performed. With the following test data [title]. @15-02-2021 01:44:25.0128 AM
[ReportManager] API Action [getResponseJSONValue] successfully performed. With the following test data [title]. @15-02-2021 01:44:25.0136 AM
[ReportManager] API Action [getResponseJSONValue] successfully performed. With the following test data [title]. @15-02-2021 01:44:25.0145 AM
[ReportManager] API Action [getResponseJSONValue] successfully performed. With the following test data [title]. @15-02-2021 01:44:25.0154 AM
[ReportManager] API Action [getResponseJSONValue] successfully performed. With the following test data [title]. @15-02-2021 01:44:25.0168 AM
[ReportManager] API Action [getResponseJSONValue] successfully performed. With the following test data [title]. @15-02-2021 01:44:25.0183 AM
[ReportManager] API Action [getResponseJSONValue] successfully performed. With the following test data [title]. @15-02-2021 01:44:25.0202 AM
[ReportManager] API Action [getResponseJSONValue] successfully performed. With the following test data [title]. @15-02-2021 01:44:25.0223 AM
[ReportManager] API Action [getResponseJSONValue] successfully performed. With the following test data [title]. @15-02-2021 01:44:25.0242 AM
[ReportManager] API Action [getResponseJSONValue] successfully performed. With the following test data [title]. @15-02-2021 01:44:25.0258 AM
[ReportManager] API Action [getResponseJSONValue] successfully performed. With the following test data [title]. @15-02-2021 01:44:25.0276 AM
[ReportManager] API Action [getResponseJSONValue] successfully performed. With the following test data [title]. @15-02-2021 01:44:25.0289 AM
[ReportManager] API Action [getResponseJSONValue] successfully performed. With the following test data [title]. @15-02-2021 01:44:25.0314 AM
[ReportManager] API Action [getResponseJSONValue] successfully performed. With the following test data [title]. @15-02-2021 01:44:25.0326 AM
[ReportManager] API Action [getResponseJSONValue] successfully performed. With the following test data [title]. @15-02-2021 01:44:25.0345 AM
[ReportManager] API Action [getResponseJSONValue] successfully performed. With the following test data [title]. @15-02-2021 01:44:25.0360 AM
[ReportManager] API Action [getResponseJSONValue] successfully performed. With the following test data [title]. @15-02-2021 01:44:25.0372 AM
[ReportManager] API Action [getResponseJSONValue] successfully performed. With the following test data [title]. @15-02-2021 01:44:25.0384 AM
[ReportManager] API Action [getResponseJSONValue] successfully performed. With the following test data [title]. @15-02-2021 01:44:25.0395 AM
[ReportManager] API Action [getResponseJSONValue] successfully performed. With the following test data [title]. @15-02-2021 01:44:25.0404 AM
[ReportManager] API Action [getResponseJSONValue] successfully performed. With the following test data [title]. @15-02-2021 01:44:25.0417 AM
[ReportManager] API Action [getResponseJSONValue] successfully performed. With the following test data [title]. @15-02-2021 01:44:25.0427 AM
[ReportManager] API Action [getResponseJSONValue] successfully performed. With the following test data [title]. @15-02-2021 01:44:25.0436 AM
[ReportManager] API Action [getResponseJSONValue] successfully performed. With the following test data [title]. @15-02-2021 01:44:25.0444 AM
[ReportManager] API Action [getResponseJSONValue] successfully performed. With the following test data [title]. @15-02-2021 01:44:25.0453 AM
[ReportManager] API Action [getResponseJSONValue] successfully performed. With the following test data [title]. @15-02-2021 01:44:25.0467 AM
[ReportManager] API Action [getResponseJSONValue] successfully performed. With the following test data [title]. @15-02-2021 01:44:25.0477 AM
[ReportManager] API Action [getResponseJSONValue] successfully performed. With the following test data [title]. @15-02-2021 01:44:25.0489 AM
[ReportManager] API Action [getResponseJSONValue] successfully performed. With the following test data [title]. @15-02-2021 01:44:25.0499 AM
[ReportManager] API Action [getResponseJSONValue] successfully performed. With the following test data [title]. @15-02-2021 01:44:25.0507 AM
[ReportManager] API Action [getResponseJSONValue] successfully performed. With the following test data [title]. @15-02-2021 01:44:25.0519 AM
[ReportManager] API Action [getResponseJSONValue] successfully performed. With the following test data [title]. @15-02-2021 01:44:25.0538 AM
[ReportManager] API Action [getResponseJSONValue] successfully performed. With the following test data [title]. @15-02-2021 01:44:25.0545 AM
[ReportManager] API Action [getResponseJSONValue] successfully performed. With the following test data [title]. @15-02-2021 01:44:25.0553 AM
[ReportManager] API Action [getResponseJSONValue] successfully performed. With the following test data [title]. @15-02-2021 01:44:25.0563 AM
[ReportManager] API Action [getResponseJSONValue] successfully performed. With the following test data [title]. @15-02-2021 01:44:25.0571 AM
[ReportManager] API Action [getResponseJSONValue] successfully performed. With the following test data [title]. @15-02-2021 01:44:25.0585 AM
[ReportManager] API Action [getResponseJSONValue] successfully performed. With the following test data [title]. @15-02-2021 01:44:25.0594 AM
[ReportManager] API Action [getResponseJSONValue] successfully performed. With the following test data [title]. @15-02-2021 01:44:25.0604 AM
[ReportManager] API Action [getResponseJSONValue] successfully performed. With the following test data [title]. @15-02-2021 01:44:25.0615 AM
[ReportManager] API Action [getResponseJSONValue] successfully performed. With the following test data [title]. @15-02-2021 01:44:25.0630 AM
[ReportManager] API Action [getResponseJSONValue] successfully performed. With the following test data [title]. @15-02-2021 01:44:25.0640 AM
[ReportManager] API Action [getResponseJSONValue] successfully performed. With the following test data [title]. @15-02-2021 01:44:25.0651 AM
[ReportManager] API Action [getResponseJSONValue] successfully performed. With the following test data [title]. @15-02-2021 01:44:25.0659 AM
[ReportManager] API Action [getResponseJSONValue] successfully performed. With the following test data [title]. @15-02-2021 01:44:25.0666 AM
[ReportManager] API Action [getResponseJSONValue] successfully performed. With the following test data [title]. @15-02-2021 01:44:25.0681 AM
[ReportManager] API Action [getResponseJSONValue] successfully performed. With the following test data [title]. @15-02-2021 01:44:25.0689 AM
[ReportManager] API Action [getResponseJSONValue] successfully performed. With the following test data [title]. @15-02-2021 01:44:25.0704 AM
[ReportManager] API Action [getResponseJSONValue] successfully performed. With the following test data [title]. @15-02-2021 01:44:25.0718 AM
[ReportManager] API Action [getResponseJSONValue] successfully performed. With the following test data [title]. @15-02-2021 01:44:25.0728 AM
[ReportManager] API Action [getResponseJSONValue] successfully performed. With the following test data [title]. @15-02-2021 01:44:25.0737 AM
[ReportManager] API Action [getResponseJSONValue] successfully performed. With the following test data [title]. @15-02-2021 01:44:25.0748 AM
[ReportManager] API Action [getResponseJSONValue] successfully performed. With the following test data [title]. @15-02-2021 01:44:25.0793 AM
[ReportManager] API Action [getResponseJSONValue] successfully performed. With the following test data [title]. @15-02-2021 01:44:25.0802 AM
[ReportManager] API Action [getResponseJSONValue] successfully performed. With the following test data [title]. @15-02-2021 01:44:25.0812 AM
[ReportManager] API Action [getResponseJSONValue] successfully performed. With the following test data [title]. @15-02-2021 01:44:25.0826 AM
[ReportManager] API Action [getResponseJSONValue] successfully performed. With the following test data [title]. @15-02-2021 01:44:25.0833 AM
[ReportManager] API Action [getResponseJSONValue] successfully performed. With the following test data [title]. @15-02-2021 01:44:25.0844 AM
[ReportManager] API Action [getResponseJSONValue] successfully performed. With the following test data [title]. @15-02-2021 01:44:25.0852 AM
[ReportManager] API Action [getResponseJSONValue] successfully performed. With the following test data [title]. @15-02-2021 01:44:25.0859 AM
[ReportManager] API Action [getResponseJSONValue] successfully performed. With the following test data [title]. @15-02-2021 01:44:25.0866 AM
[ReportManager] API Action [getResponseJSONValue] successfully performed. With the following test data [title]. @15-02-2021 01:44:25.0877 AM
[ReportManager] API Action [getResponseJSONValue] successfully performed. With the following test data [title]. @15-02-2021 01:44:25.0883 AM
[ReportManager] API Action [getResponseJSONValue] successfully performed. With the following test data [title]. @15-02-2021 01:44:25.0890 AM
[ReportManager] API Action [getResponseJSONValue] successfully performed. With the following test data [title]. @15-02-2021 01:44:25.0898 AM
[ReportManager] API Action [getResponseJSONValue] successfully performed. With the following test data [title]. @15-02-2021 01:44:25.0915 AM
[ReportManager] API Action [getResponseJSONValue] successfully performed. With the following test data [title]. @15-02-2021 01:44:25.0923 AM
[ReportManager] API Action [getResponseJSONValue] successfully performed. With the following test data [title]. @15-02-2021 01:44:25.0933 AM
[ReportManager] API Action [getResponseJSONValue] successfully performed. With the following test data [title]. @15-02-2021 01:44:25.0943 AM
[ReportManager] API Action [getResponseJSONValue] successfully performed. With the following test data [title]. @15-02-2021 01:44:25.0951 AM
[ReportManager] API Action [getResponseJSONValue] successfully performed. With the following test data [title]. @15-02-2021 01:44:25.0964 AM
[ReportManager] API Action [getResponseJSONValue] successfully performed. With the following test data [title]. @15-02-2021 01:44:25.0972 AM
[ReportManager] API Action [getResponseJSONValue] successfully performed. With the following test data [title]. @15-02-2021 01:44:25.0980 AM
[ReportManager] API Action [getResponseJSONValue] successfully performed. With the following test data [title]. @15-02-2021 01:44:25.0993 AM
[ReportManager] API Action [getResponseJSONValue] successfully performed. With the following test data [title]. @15-02-2021 01:44:26.0001 AM
[ReportManager] API Action [getResponseJSONValue] successfully performed. With the following test data [title]. @15-02-2021 01:44:26.0008 AM
[ReportManager] API Action [getResponseJSONValue] successfully performed. With the following test data [title]. @15-02-2021 01:44:26.0014 AM
[ReportManager] API Action [getResponseJSONValue] successfully performed. With the following test data [title]. @15-02-2021 01:44:26.0020 AM
[ReportManager] API Action [getResponseJSONValue] successfully performed. With the following test data [title]. @15-02-2021 01:44:26.0027 AM
[ReportManager] API Action [getResponseJSONValue] successfully performed. With the following test data [title]. @15-02-2021 01:44:26.0034 AM
[ReportManager] API Action [getResponseJSONValue] successfully performed. With the following test data [title]. @15-02-2021 01:44:26.0041 AM
[ReportManager] API Action [getResponseJSONValue] successfully performed. With the following test data [title]. @15-02-2021 01:44:26.0047 AM
[ReportManager] API Action [getResponseJSONValue] successfully performed. With the following test data [title]. @15-02-2021 01:44:26.0054 AM
[ReportManager] API Action [getResponseJSONValue] successfully performed. With the following test data [title]. @15-02-2021 01:44:26.0060 AM
[ReportManager] API Action [getResponseJSONValue] successfully performed. With the following test data [title]. @15-02-2021 01:44:26.0066 AM
[ReportManager] API Action [getResponseJSONValue] successfully performed. With the following test data [title]. @15-02-2021 01:44:26.0073 AM
[ReportManager] API Action [getResponseJSONValue] successfully performed. With the following test data [title]. @15-02-2021 01:44:26.0079 AM
[ReportManager] API Action [getResponseJSONValue] successfully performed. With the following test data [title]. @15-02-2021 01:44:26.0085 AM
[ReportManager] API Action [getResponseJSONValue] successfully performed. With the following test data [title]. @15-02-2021 01:44:26.0091 AM
[ReportManager] API Action [getResponseJSONValue] successfully performed. With the following test data [title]. @15-02-2021 01:44:26.0097 AM
[ReportManager] API Action [getResponseJSONValue] successfully performed. With the following test data [title]. @15-02-2021 01:44:26.0103 AM
[ReportManager] API Action [getResponseJSONValue] successfully performed. With the following test data [title]. @15-02-2021 01:44:26.0109 A

################################################################################################################################################
Starting Execution:	[134 out of 134] test cases in the current suite
Test Method:		[unitTests.tests_restActions.validateUserEmail]
################################################################################################################################################
[ReportManager] Response status code: [200], status line: [HTTP/1.1 200 OK] @15-02-2021 01:44:26.0258 AM
[ReportManager] Evaluating the actual response status code against the expected one...... @15-02-2021 01:44:26.0258 AM
[ReportManager] AssertEquals PASSED; Expected [200] and Actual [200]. Comparison Type [EQUALS]. Validation Type [POSITIVE]. @15-02-2021 01:44:26.0258 AM
[ReportManager] API Action [performRequest] successfully performed. With the following test data [Request Type: "GET" | Target Status Code: "200" | Service URL: "https://jsonplaceholder.typicode.com/users" | Content Type: "*/*" | Response Time: "136ms"]. @15-02-2021 01:44:26.0278 AM
[ReportManager] Successfully created attachment [API Response - JSON Body] @15-02-2021 01:44:26.0278 AM
[ReportManager] AssertEquals PASSED; Expected and Actual values are attached. Comparison Type [CONTAINS]. Validation Type [POSITIVE]. @15-02-2021 01:44:26.0279 AM
[ReportManager] Successfully created attachment [Validation Test Data - Expected Value] @15-02-2021 01:44:26.0279 AM
[ReportManager] Successfully created attachment [Validation Test Data - Actual Value] @15-02-2021 01:44:26.0279 AM
[ReportManager] API Action [getResponseJSONValueAsList] successfully performed. With the following test data [$]. @15-02-2021 01:44:26.0284 AM
[ReportManager] API Action [getResponseJSONValue] successfully performed. With the following test data [name]. @15-02-2021 01:44:26.0293 AM
[ReportManager] API Action [getResponseJSONValue] successfully performed. With the following test data [email]. @15-02-2021 01:44:26.0301 AM
[ReportManager] AssertEquals PASSED; Expected [Sincere@april.biz] and Actual [Sincere@april.biz]. Comparison Type [EQUALS]. Validation Type [POSITIVE]. @15-02-2021 01:44:26.0302 AM
[ReportManager] API Action [getResponseJSONValue] successfully performed. With the following test data [name]. @15-02-2021 01:44:26.0311 AM
[ReportManager] API Action [getResponseJSONValue] successfully performed. With the following test data [name]. @15-02-2021 01:44:26.0325 AM
[ReportManager] API Action [getResponseJSONValue] successfully performed. With the following test data [name]. @15-02-2021 01:44:26.0335 AM
[ReportManager] API Action [getResponseJSONValue] successfully performed. With the following test data [name]. @15-02-2021 01:44:26.0343 AM
[ReportManager] API Action [getResponseJSONValue] successfully performed. With the following test data [name]. @15-02-2021 01:44:26.0352 AM
[ReportManager] API Action [getResponseJSONValue] successfully performed. With the following test data [name]. @15-02-2021 01:44:26.0361 AM
[ReportManager] API Action [getResponseJSONValue] successfully performed. With the following test data [name]. @15-02-2021 01:44:26.0368 AM
[ReportManager] API Action [getResponseJSONValue] successfully performed. With the following test data [name]. @15-02-2021 01:44:26.0377 AM
[ReportManager] API Action [getResponseJSONValue] successfully performed. With the following test data [name]. @15-02-2021 01:44:26.0387 A

################################################################################################################################################
Test Closure Activities
################################################################################################################################################
[ReportManager] Successfully created attachment [SHAFT Engine Logs - Execution log] @15-02-2021 01:44:26.0443 AM

################################################################################################################################################
This test run was powered by SHAFT Engine Version: [SHAFT Engine v5.1]
SHAFT Engine is licensed under the MIT License: [https://github.com/MohabMohie/SHAFT_ENGINE/blob/master/LICENSE].
################################################################################################################################################